Log file open, 12/22/17 11:32:44
LogWindows: Failed to load 'aqProf.dll' (GetLastError=126)
LogWindows: File 'aqProf.dll' does not exist
LogWindows: Failed to load 'VSPerf140.dll' (GetLastError=126)
LogWindows: File 'VSPerf140.dll' does not exist
LogWindows: Failed to load 'VtuneApi.dll' (GetLastError=126)
LogWindows: File 'VtuneApi.dll' does not exist
LogWindows: Failed to load 'VtuneApi32e.dll' (GetLastError=126)
LogWindows: File 'VtuneApi32e.dll' does not exist
LogInit: Display: Running engine for game: brickDestroyer
LogPlatformFile: Not using cached read wrapper
LogInit: Display: RandInit(769335187) SRandInit(769335187).
LogInit: Read version file with build ID '3709383'
LogInit: Overriding engine version to CL 3794801, compatible CL 3709383
LogInit: Registered custom module enumerator with build ID '3709383'
LogTaskGraph: Started task graph with 5 named threads and 11 total threads with 3 sets of task threads.
LogStats: Stats thread started at 0.183367
LogD3D11RHI: Aftermath initialized
LogModuleManager: Display: Found up-to-date module file ../../../Engine/Plugins/2D/Paper2D/Binaries/Win64/UE4Editor-Paper2D.dll (API version 3709383).
LogModuleManager: Display: Found up-to-date module file ../../../Engine/Plugins/2D/Paper2D/Binaries/Win64/UE4Editor-Paper2DEditor.dll (API version 3709383).
LogModuleManager: Display: Found up-to-date module file ../../../Engine/Plugins/2D/Paper2D/Binaries/Win64/UE4Editor-PaperSpriteSheetImporter.dll (API version 3709383).
LogModuleManager: Display: Found up-to-date module file ../../../Engine/Plugins/2D/Paper2D/Binaries/Win64/UE4Editor-PaperTiledImporter.dll (API version 3709383).
LogModuleManager: Display: Found up-to-date module file ../../../Engine/Plugins/2D/Paper2D/Binaries/Win64/UE4Editor-SmartSnapping.dll (API version 3709383).
LogModuleManager: Display: Found up-to-date module file ../../../Engine/Plugins/Blendables/LightPropagationVolume/Binaries/Win64/UE4Editor-LightPropagationVolumeRuntime.dll (API version 3709383).
LogModuleManager: Display: Found up-to-date module file ../../../Engine/Plugins/Blendables/LightPropagationVolume/Binaries/Win64/UE4Editor-LightPropagationVolumeEditor.dll (API version 3709383).
LogModuleManager: Display: Found up-to-date module file ../../../Engine/Plugins/Developer/GitSourceControl/Binaries/Win64/UE4Editor-GitSourceControl.dll (API version 3709383).
LogModuleManager: Display: Found up-to-date module file ../../../Engine/Plugins/Developer/PerforceSourceControl/Binaries/Win64/UE4Editor-PerforceSourceControl.dll (API version 3709383).
LogModuleManager: Display: Found up-to-date module file ../../../Engine/Plugins/Developer/SubversionSourceControl/Binaries/Win64/UE4Editor-SubversionSourceControl.dll (API version 3709383).
LogModuleManager: Display: Found up-to-date module file ../../../Engine/Plugins/Developer/UObjectPlugin/Binaries/Win64/UE4Editor-UObjectPlugin.dll (API version 3709383).
LogModuleManager: Display: Found up-to-date module file ../../../Engine/Plugins/Developer/VisualStudioCodeSourceCodeAccess/Binaries/Win64/UE4Editor-VisualStudioCodeSourceCodeAccess.dll (API version 3709383).
LogModuleManager: Display: Found up-to-date module file ../../../Engine/Plugins/Developer/VisualStudioSourceCodeAccess/Binaries/Win64/UE4Editor-VisualStudioSourceCodeAccess.dll (API version 3709383).
LogModuleManager: Display: Found up-to-date module file ../../../Engine/Plugins/Editor/AssetManagerEditor/Binaries/Win64/UE4Editor-AssetManagerEditor.dll (API version 3709383).
LogModuleManager: Display: Found up-to-date module file ../../../Engine/Plugins/Editor/AudioCapture/Binaries/Win64/UE4Editor-AudioCapture.dll (API version 3709383).
LogModuleManager: Display: Found up-to-date module file ../../../Engine/Plugins/Editor/FacialAnimation/Binaries/Win64/UE4Editor-FacialAnimation.dll (API version 3709383).
LogModuleManager: Display: Found up-to-date module file ../../../Engine/Plugins/Editor/FacialAnimation/Binaries/Win64/UE4Editor-FacialAnimationEditor.dll (API version 3709383).
LogModuleManager: Display: Found up-to-date module file ../../../Engine/Plugins/Editor/GameplayTagsEditor/Binaries/Win64/UE4Editor-GameplayTagsEditor.dll (API version 3709383).
LogModuleManager: Display: Found up-to-date module file ../../../Engine/Plugins/Editor/MobileLauncherProfileWizard/Binaries/Win64/UE4Editor-MobileLauncherProfileWizard.dll (API version 3709383).
LogModuleManager: Display: Found up-to-date module file ../../../Engine/Plugins/Editor/PluginBrowser/Binaries/Win64/UE4Editor-PluginBrowser.dll (API version 3709383).
LogModuleManager: Display: Found up-to-date module file ../../../Engine/Plugins/Editor/SpeedTreeImporter/Binaries/Win64/UE4Editor-SpeedTreeImporter.dll (API version 3709383).
LogModuleManager: Display: Found up-to-date module file ../../../Engine/Plugins/Experimental/AlembicImporter/Binaries/Win64/UE4Editor-AlembicImporter.dll (API version 3709383).
LogModuleManager: Display: Found up-to-date module file ../../../Engine/Plugins/Experimental/AlembicImporter/Binaries/Win64/UE4Editor-AlembicLibrary.dll (API version 3709383).
LogModuleManager: Display: Found up-to-date module file ../../../Engine/Plugins/Experimental/CharacterAI/Binaries/Win64/UE4Editor-CharacterAI.dll (API version 3709383).
LogModuleManager: Display: Found up-to-date module file ../../../Engine/Plugins/Experimental/HTML5Networking/Binaries/Win64/UE4Editor-HTML5Networking.dll (API version 3709383).
LogModuleManager: Display: Found up-to-date module file ../../../Engine/Plugins/Media/AndroidMedia/Binaries/Win64/UE4Editor-AndroidMediaEditor.dll (API version 3709383).
LogModuleManager: Display: Found up-to-date module file ../../../Engine/Plugins/Media/AndroidMedia/Binaries/Win64/UE4Editor-AndroidMediaFactory.dll (API version 3709383).
LogModuleManager: Display: Found up-to-date module file ../../../Engine/Plugins/Media/AvfMedia/Binaries/Win64/UE4Editor-AvfMediaEditor.dll (API version 3709383).
LogModuleManager: Display: Found up-to-date module file ../../../Engine/Plugins/Media/AvfMedia/Binaries/Win64/UE4Editor-AvfMediaFactory.dll (API version 3709383).
LogModuleManager: Display: Found up-to-date module file ../../../Engine/Plugins/Media/AvfMedia/Binaries/Win64/UE4Editor-AvfMediaFactory.dll (API version 3709383).
LogModuleManager: Display: Found up-to-date module file ../../../Engine/Plugins/Media/ImgMedia/Binaries/Win64/UE4Editor-ImgMedia.dll (API version 3709383).
LogModuleManager: Display: Found up-to-date module file ../../../Engine/Plugins/Media/ImgMedia/Binaries/Win64/UE4Editor-ImgMediaEditor.dll (API version 3709383).
LogModuleManager: Display: Found up-to-date module file ../../../Engine/Plugins/Media/ImgMedia/Binaries/Win64/UE4Editor-ImgMediaFactory.dll (API version 3709383).
LogModuleManager: Display: Found up-to-date module file ../../../Engine/Plugins/Media/ImgMedia/Binaries/Win64/UE4Editor-ImgMediaFactory.dll (API version 3709383).
LogModuleManager: Display: Found up-to-date module file ../../../Engine/Plugins/Media/ImgMedia/Binaries/Win64/UE4Editor-OpenExrWrapper.dll (API version 3709383).
LogModuleManager: Display: Found up-to-date module file ../../../Engine/Plugins/Media/MediaCompositing/Binaries/Win64/UE4Editor-MediaCompositing.dll (API version 3709383).
LogModuleManager: Display: Found up-to-date module file ../../../Engine/Plugins/Media/MediaCompositing/Binaries/Win64/UE4Editor-MediaCompositingEditor.dll (API version 3709383).
LogModuleManager: Display: Found up-to-date module file ../../../Engine/Plugins/Media/MediaPlayerEditor/Binaries/Win64/UE4Editor-MediaPlayerEditor.dll (API version 3709383).
LogModuleManager: Display: Found up-to-date module file ../../../Engine/Plugins/Media/WmfMedia/Binaries/Win64/UE4Editor-WmfMedia.dll (API version 3709383).
LogModuleManager: Display: Found up-to-date module file ../../../Engine/Plugins/Media/WmfMedia/Binaries/Win64/UE4Editor-WmfMediaEditor.dll (API version 3709383).
LogModuleManager: Display: Found up-to-date module file ../../../Engine/Plugins/Media/WmfMedia/Binaries/Win64/UE4Editor-WmfMediaFactory.dll (API version 3709383).
LogModuleManager: Display: Found up-to-date module file ../../../Engine/Plugins/Media/WmfMedia/Binaries/Win64/UE4Editor-WmfMediaFactory.dll (API version 3709383).
LogModuleManager: Display: Found up-to-date module file ../../../Engine/Plugins/Messaging/TcpMessaging/Binaries/Win64/UE4Editor-TcpMessaging.dll (API version 3709383).
LogModuleManager: Display: Found up-to-date module file ../../../Engine/Plugins/Messaging/UdpMessaging/Binaries/Win64/UE4Editor-UdpMessaging.dll (API version 3709383).
LogModuleManager: Display: Found up-to-date module file ../../../Engine/Plugins/MovieScene/ActorSequence/Binaries/Win64/UE4Editor-ActorSequence.dll (API version 3709383).
LogModuleManager: Display: Found up-to-date module file ../../../Engine/Plugins/MovieScene/LevelSequenceEditor/Binaries/Win64/UE4Editor-LevelSequenceEditor.dll (API version 3709383).
LogModuleManager: Display: Found up-to-date module file ../../../Engine/Plugins/MovieScene/MatineeToLevelSequence/Binaries/Win64/UE4Editor-MatineeToLevelSequence.dll (API version 3709383).
LogModuleManager: Display: Found up-to-date module file ../../../Engine/Plugins/Online/OnlineSubsystem/Binaries/Win64/UE4Editor-OnlineSubsystem.dll (API version 3709383).
LogModuleManager: Display: Found up-to-date module file ../../../Engine/Plugins/Runtime/AndroidPermission/Binaries/Win64/UE4Editor-AndroidPermission.dll (API version 3709383).
LogModuleManager: Display: Found up-to-date module file ../../../Engine/Plugins/Online/OnlineSubsystemNull/Binaries/Win64/UE4Editor-OnlineSubsystemNull.dll (API version 3709383).
LogModuleManager: Display: Found up-to-date module file ../../../Engine/Plugins/Online/OnlineSubsystemUtils/Binaries/Win64/UE4Editor-OnlineSubsystemUtils.dll (API version 3709383).
LogModuleManager: Display: Found up-to-date module file ../../../Engine/Plugins/Online/OnlineSubsystemUtils/Binaries/Win64/UE4Editor-OnlineBlueprintSupport.dll (API version 3709383).
LogModuleManager: Display: Found up-to-date module file ../../../Engine/Plugins/Runtime/AndroidDeviceProfileSelector/Binaries/Win64/UE4Editor-AndroidDeviceProfileSelector.dll (API version 3709383).
LogModuleManager: Display: Found up-to-date module file ../../../Engine/Plugins/Runtime/AppleARKit/Binaries/Win64/UE4Editor-AppleARKit.dll (API version 3709383).
LogModuleManager: Display: Found up-to-date module file ../../../Engine/Plugins/Runtime/ArchVisCharacter/Binaries/Win64/UE4Editor-ArchVisCharacter.dll (API version 3709383).
LogModuleManager: Display: Found up-to-date module file ../../../Engine/Plugins/Runtime/CableComponent/Binaries/Win64/UE4Editor-CableComponent.dll (API version 3709383).
LogModuleManager: Display: Found up-to-date module file ../../../Engine/Plugins/Runtime/CustomMeshComponent/Binaries/Win64/UE4Editor-CustomMeshComponent.dll (API version 3709383).
LogModuleManager: Display: Found up-to-date module file ../../../Engine/Plugins/Runtime/ExampleDeviceProfileSelector/Binaries/Win64/UE4Editor-ExampleDeviceProfileSelector.dll (API version 3709383).
LogModuleManager: Display: Found up-to-date module file ../../../Engine/Plugins/Runtime/ImmediatePhysics/Binaries/Win64/UE4Editor-ImmediatePhysics.dll (API version 3709383).
LogModuleManager: Display: Found up-to-date module file ../../../Engine/Plugins/Runtime/ImmediatePhysics/Binaries/Win64/UE4Editor-ImmediatePhysicsEditor.dll (API version 3709383).
LogModuleManager: Display: Found up-to-date module file ../../../Engine/Plugins/Runtime/LocationServicesBPLibrary/Binaries/Win64/UE4Editor-LocationServicesBPLibrary.dll (API version 3709383).
LogModuleManager: Display: Found up-to-date module file ../../../Engine/Plugins/Runtime/MobilePatchingUtils/Binaries/Win64/UE4Editor-MobilePatchingUtils.dll (API version 3709383).
LogModuleManager: Display: Found up-to-date module file ../../../Engine/Plugins/Runtime/Oculus/OculusVR/Binaries/Win64/UE4Editor-OculusHMD.dll (API version 3709383).
LogModuleManager: Display: Found up-to-date module file ../../../Engine/Plugins/Runtime/Oculus/OculusVR/Binaries/Win64/UE4Editor-OculusInput.dll (API version 3709383).
LogModuleManager: Display: Found up-to-date module file ../../../Engine/Plugins/Runtime/Oculus/OculusVR/Binaries/Win64/UE4Editor-OculusEditor.dll (API version 3709383).
LogModuleManager: Display: Found up-to-date module file ../../../Engine/Plugins/Runtime/PhysXVehicles/Binaries/Win64/UE4Editor-PhysXVehicles.dll (API version 3709383).
LogModuleManager: Display: Found up-to-date module file ../../../Engine/Plugins/Runtime/PhysXVehicles/Binaries/Win64/UE4Editor-PhysXVehiclesEditor.dll (API version 3709383).
LogModuleManager: Display: Found up-to-date module file ../../../Engine/Plugins/Runtime/ProceduralMeshComponent/Binaries/Win64/UE4Editor-ProceduralMeshComponent.dll (API version 3709383).
LogModuleManager: Display: Found up-to-date module file ../../../Engine/Plugins/Runtime/ProceduralMeshComponent/Binaries/Win64/UE4Editor-ProceduralMeshComponentEditor.dll (API version 3709383).
LogModuleManager: Display: Found up-to-date module file ../../../Engine/Plugins/Runtime/RuntimePhysXCooking/Binaries/Win64/UE4Editor-RuntimePhysXCooking.dll (API version 3709383).
LogModuleManager: Display: Found up-to-date module file ../../../Engine/Plugins/Runtime/Steam/SteamVR/Binaries/Win64/UE4Editor-SteamVR.dll (API version 3709383).
LogModuleManager: Display: Found up-to-date module file ../../../Engine/Plugins/Runtime/Steam/SteamVR/Binaries/Win64/UE4Editor-SteamVRController.dll (API version 3709383).
LogModuleManager: Display: Found up-to-date module file ../../../Engine/Plugins/Runtime/WindowsMoviePlayer/Binaries/Win64/UE4Editor-WindowsMoviePlayer.dll (API version 3709383).
LogPluginManager: Mounting plugin Paper2D
LogPluginManager: Mounting plugin LightPropagationVolume
LogPluginManager: Mounting plugin CodeLiteSourceCodeAccess
LogPluginManager: Mounting plugin GitSourceControl
LogPluginManager: Mounting plugin KDevelopSourceCodeAccess
LogPluginManager: Mounting plugin NullSourceCodeAccess
LogPluginManager: Mounting plugin PerforceSourceControl
LogPluginManager: Mounting plugin SubversionSourceControl
LogPluginManager: Mounting plugin UObjectPlugin
LogPluginManager: Mounting plugin VisualStudioCodeSourceCodeAccess
LogPluginManager: Mounting plugin VisualStudioSourceCodeAccess
LogPluginManager: Mounting plugin XCodeSourceCodeAccess
LogPluginManager: Mounting plugin AssetManagerEditor
LogPluginManager: Mounting plugin AudioCapture
LogPluginManager: Mounting plugin FacialAnimation
LogPluginManager: Mounting plugin GameplayTagsEditor
LogPluginManager: Mounting plugin MobileLauncherProfileWizard
LogPluginManager: Mounting plugin PluginBrowser
LogPluginManager: Mounting plugin SpeedTreeImporter
LogPluginManager: Mounting plugin AlembicImporter
LogPluginManager: Mounting plugin CharacterAI
LogPluginManager: Mounting plugin HTML5Networking
LogPluginManager: Mounting plugin AndroidMedia
LogPluginManager: Mounting plugin AvfMedia
LogPluginManager: Mounting plugin ImgMedia
LogPluginManager: Mounting plugin MediaCompositing
LogPluginManager: Mounting plugin MediaPlayerEditor
LogPluginManager: Mounting plugin WmfMedia
LogPluginManager: Mounting plugin TcpMessaging
LogPluginManager: Mounting plugin UdpMessaging
LogPluginManager: Mounting plugin ActorSequence
LogPluginManager: Mounting plugin LevelSequenceEditor
LogPluginManager: Mounting plugin MatineeToLevelSequence
LogPluginManager: Mounting plugin OnlineSubsystemGooglePlay
LogPluginManager: Mounting plugin OnlineSubsystemIOS
LogPluginManager: Mounting plugin OnlineSubsystem
LogPluginManager: Mounting plugin OnlineSubsystemNull
LogPluginManager: Mounting plugin OnlineSubsystemUtils
LogPluginManager: Mounting plugin AndroidDeviceProfileSelector
LogPluginManager: Mounting plugin AndroidMoviePlayer
LogPluginManager: Mounting plugin AndroidPermission
LogPluginManager: Mounting plugin AppleARKit
LogPluginManager: Mounting plugin AppleMoviePlayer
LogPluginManager: Mounting plugin ArchVisCharacter
LogPluginManager: Mounting plugin CableComponent
LogPluginManager: Mounting plugin CustomMeshComponent
LogPluginManager: Mounting plugin ExampleDeviceProfileSelector
LogPluginManager: Mounting plugin GoogleCloudMessaging
LogPluginManager: Mounting plugin ImmediatePhysics
LogPluginManager: Mounting plugin IOSDeviceProfileSelector
LogPluginManager: Mounting plugin LinuxDeviceProfileSelector
LogPluginManager: Mounting plugin LocationServicesBPLibrary
LogPluginManager: Mounting plugin MobilePatchingUtils
LogPluginManager: Mounting plugin OculusVR
LogPluginManager: Plugin shader directory ../../../Engine/Plugins/Runtime/Oculus/OculusVR/Shaders found
LogPluginManager: Mapping shader source directory ../../../Engine/Plugins/Runtime/Oculus/OculusVR/Shaders to virtual directory /Plugin/OculusVR
LogPluginManager: Mounting plugin PhysXVehicles
LogPluginManager: Mounting plugin ProceduralMeshComponent
LogPluginManager: Mounting plugin RuntimePhysXCooking
LogPluginManager: Mounting plugin SteamVR
LogPluginManager: Mounting plugin WindowsMoviePlayer
LogInit: Using libcurl 7.47.1
LogInit:  - built for x86_64-pc-win32
LogInit:  - supports SSL with OpenSSL/1.0.2g
LogInit:  - supports HTTP deflate (compression) using libz 1.2.8
LogInit:  - other features:
LogInit:      CURL_VERSION_SSL
LogInit:      CURL_VERSION_LIBZ
LogInit:      CURL_VERSION_IPV6
LogInit:      CURL_VERSION_ASYNCHDNS
LogInit:      CURL_VERSION_LARGEFILE
LogInit:      CURL_VERSION_IDN
LogInit:  CurlRequestOptions (configurable via config and command line):
LogInit:  - bVerifyPeer = false  - Libcurl will NOT verify peer certificate
LogInit:  - bUseHttpProxy = false  - Libcurl will NOT use HTTP proxy
LogInit:  - bDontReuseConnections = false  - Libcurl will reuse connections
LogInit:  - CertBundlePath = nullptr  - Libcurl will use whatever was configured at build time.
LogInit: Build: ++UE4+Release-4.18-CL-3794801
LogInit: Engine Version: 4.18.2-3794801+++UE4+Release-4.18
LogInit: Compatible Engine Version: 4.18.0-3709383+++UE4+Release-4.18
LogInit: Net CL: 3709383
LogDevObjectVersion: Number of dev versions registered: 16
LogDevObjectVersion:   Dev-Blueprints (B0D832E4-1F89-4F0D-ACCF-7EB736FD4AA2): 10
LogDevObjectVersion:   Dev-Build (E1C64328-A22C-4D53-A36C-8E866417BD8C): 0
LogDevObjectVersion:   Dev-Core (375EC13C-06E4-48FB-B500-84F0262A717E): 2
LogDevObjectVersion:   Dev-Editor (E4B068ED-F494-42E9-A231-DA0B2E46BB41): 20
LogDevObjectVersion:   Dev-Framework (CFFC743F-43B0-4480-9391-14DF171D2073): 30
LogDevObjectVersion:   Dev-Mobile (B02B49B5-BB20-44E9-A304-32B752E40360): 0
LogDevObjectVersion:   Dev-Networking (A4E4105C-59A1-49B5-A7C5-40C4547EDFEE): 0
LogDevObjectVersion:   Dev-Online (39C831C9-5AE6-47DC-9A44-9C173E1C8E7C): 0
LogDevObjectVersion:   Dev-Physics (78F01B33-EBEA-4F98-B9B4-84EACCB95AA2): 0
LogDevObjectVersion:   Dev-Platform (6631380F-2D4D-43E0-8009-CF276956A95A): 0
LogDevObjectVersion:   Dev-Rendering (12F88B9F-8875-4AFC-A67C-D90C383ABD29): 20
LogDevObjectVersion:   Dev-Sequencer (7B5AE74C-D270-4C10-A958-57980B212A5A): 4
LogDevObjectVersion:   Dev-VR (D7296918-1DD6-4BDD-9DE2-64A83CC13884): 0
LogDevObjectVersion:   Dev-LoadTimes (C2A15278-BFE7-4AFE-6C17-90FF531DF755): 1
LogDevObjectVersion:   Private-Geometry (6EACA3D4-40EC-4CC1-B786-8BED09428FC5): 1
LogDevObjectVersion:   Dev-AnimPhys (29E575DD-E0A3-4627-9D10-D276232CDCEA): 12
LogInit: Compiled (64-bit): Dec  8 2017 02:04:53
LogInit: Compiled with Visual C++: 19.00.24215.01
LogInit: Build Configuration: Development
LogInit: Branch Name: ++UE4+Release-4.18
LogInit: Command line: -EpicPortal 
LogInit: Base directory: C:/Program Files/Epic Games/UE_4.18/Engine/Binaries/Win64/
LogInit: Installed Engine Build: 1
LogInit: Presizing for max 8388607 objects, including 0 objects not considered by GC, pre-allocating 0 bytes for permanent pool.
LogInit: Object subsystem initialized
[2017.12.22-18.32.46:860][  0]LogInit: Selected Device Profile: [Windows]
[2017.12.22-18.32.46:860][  0]LogInit: Applying CVar settings loaded from the selected device profile: [Windows]
[2017.12.22-18.32.46:917][  0]LogInit: Computer: DESKTOP-2NSGK8G
[2017.12.22-18.32.46:917][  0]LogInit: User: iking
[2017.12.22-18.32.46:917][  0]LogInit: CPU Page size=4096, Cores=3
[2017.12.22-18.32.46:917][  0]LogInit: High frequency timer resolution =3.433597 MHz
[2017.12.22-18.32.46:918][  0]LogMemory: Memory total: Physical=16.0GB (16GB approx)
[2017.12.22-18.32.46:918][  0]LogMemory: Platform Memory Stats for Windows
[2017.12.22-18.32.46:918][  0]LogMemory: Process Physical Memory: 272.92 MB used, 272.92 MB peak
[2017.12.22-18.32.46:918][  0]LogMemory: Process Virtual Memory: 270.29 MB used, 270.29 MB peak
[2017.12.22-18.32.46:918][  0]LogMemory: Physical Memory: 4226.87 MB used,  12121.75 MB free, 16348.62 MB total
[2017.12.22-18.32.46:918][  0]LogMemory: Virtual Memory: 643.23 MB used,  12121.75 MB free, 134217728.00 MB total
[2017.12.22-18.32.47:256][  0]LogInit: Using OS detected language (en-US).
[2017.12.22-18.32.47:256][  0]LogInit: Using OS detected locale (en-US).
[2017.12.22-18.32.47:261][  0]LogTextLocalizationManager: No specific localization for 'en-US' exists, so the 'en' localization will be used.
[2017.12.22-18.32.47:799][  0]LogInit: Setting process to per monitor DPI aware
[2017.12.22-18.32.48:175][  0]LogD3D11RHI: D3D11 adapters:
[2017.12.22-18.32.48:210][  0]LogD3D11RHI:    0. 'AMD Radeon R9 200 Series' (Feature Level 11_0)
[2017.12.22-18.32.48:210][  0]LogD3D11RHI:       3052/0/8174 MB DedicatedVideo/DedicatedSystem/SharedSystem, Outputs:2, VendorId:0x1002
[2017.12.22-18.32.48:211][  0]LogD3D11RHI:    1. 'Microsoft Basic Render Driver' (Feature Level 11_0)
[2017.12.22-18.32.48:211][  0]LogD3D11RHI:       0/0/8174 MB DedicatedVideo/DedicatedSystem/SharedSystem, Outputs:0, VendorId:0x1414
[2017.12.22-18.32.48:211][  0]LogD3D11RHI: Chosen D3D11 Adapter: 0
[2017.12.22-18.32.48:218][  0]LogD3D11RHI: Creating new Direct3DDevice
[2017.12.22-18.32.48:219][  0]LogD3D11RHI:     GPU DeviceId: 0x6798 (for the marketing name, search the web for "GPU Device Id")
[2017.12.22-18.32.48:219][  0]LogWindows: EnumDisplayDevices:
[2017.12.22-18.32.48:219][  0]LogWindows:    0. 'AMD Radeon R9 200 Series' (P:1 D:1)
[2017.12.22-18.32.48:219][  0]LogWindows:    1. 'AMD Radeon R9 200 Series' (P:0 D:1)
[2017.12.22-18.32.48:220][  0]LogWindows:    2. 'AMD Radeon R9 200 Series' (P:0 D:0)
[2017.12.22-18.32.48:220][  0]LogWindows:    3. 'AMD Radeon R9 200 Series' (P:0 D:0)
[2017.12.22-18.32.48:220][  0]LogWindows:    4. 'AMD Radeon R9 200 Series' (P:0 D:0)
[2017.12.22-18.32.48:220][  0]LogWindows:    5. 'AMD Radeon R9 200 Series' (P:0 D:0)
[2017.12.22-18.32.48:221][  0]LogWindows: DebugString: FoundDriverCount:6 
[2017.12.22-18.32.48:221][  0]LogD3D11RHI:     Adapter Name: AMD Radeon R9 200 Series
[2017.12.22-18.32.48:221][  0]LogD3D11RHI:   Driver Version: Crimson ReLive 17.7.2 (internal:22.19.662.4, unified:22.19.662.4)
[2017.12.22-18.32.48:221][  0]LogD3D11RHI:      Driver Date: 7-20-2017
[2017.12.22-18.32.48:221][  0]LogRHI: Texture pool is 2136 MB (70% of 3052 MB)
[2017.12.22-18.32.48:252][  0]LogD3D11RHI: Async texture creation enabled
[2017.12.22-18.32.48:265][  0]LogD3D11RHI: GPU Timing Frequency: 27.000000 (Debug: 2 1)
[2017.12.22-18.32.48:508][  0]LogShaderCompilers: Guid format shader working directory is -45 characters bigger than the processId version (../../../../../../Users/iking/Documents/Unreal Projects/Masked Entertainment/BrickDestroyer/Intermediate/Shaders/WorkingDirectory/5944/).
[2017.12.22-18.32.48:508][  0]LogShaderCompilers: Cleaned the shader compiler working directory 'C:/Users/iking/AppData/Local/Temp/UnrealShaderWorkingDir/951377A347B1E63CF67EC1B99D3491CF/'.
[2017.12.22-18.32.48:508][  0]LogShaderCompilers: Display: Using Local Shader Compiler.
[2017.12.22-18.32.50:319][  0]LogTemp: Display: Loaded TP AllDesktopTargetPlatform
[2017.12.22-18.32.50:412][  0]LogTemp: Display: Loaded TP MacClientTargetPlatform
[2017.12.22-18.32.50:507][  0]LogTemp: Display: Loaded TP MacNoEditorTargetPlatform
[2017.12.22-18.32.50:601][  0]LogTemp: Display: Loaded TP MacServerTargetPlatform
[2017.12.22-18.32.50:697][  0]LogTemp: Display: Loaded TP MacTargetPlatform
[2017.12.22-18.32.50:789][  0]LogTemp: Display: Loaded TP WindowsClientTargetPlatform
[2017.12.22-18.32.50:890][  0]LogTemp: Display: Loaded TP WindowsNoEditorTargetPlatform
[2017.12.22-18.32.50:988][  0]LogTemp: Display: Loaded TP WindowsServerTargetPlatform
[2017.12.22-18.32.51:095][  0]LogTemp: Display: Loaded TP WindowsTargetPlatform
[2017.12.22-18.32.51:196][  0]LogTemp: Display: Loaded TP Android_ASTCTargetPlatform
[2017.12.22-18.32.51:290][  0]LogTemp: Display: Loaded TP Android_ATCTargetPlatform
[2017.12.22-18.32.51:388][  0]LogTemp: Display: Loaded TP Android_DXTTargetPlatform
[2017.12.22-18.32.51:491][  0]LogTemp: Display: Loaded TP Android_ETC1TargetPlatform
[2017.12.22-18.32.51:589][  0]LogTemp: Display: Loaded TP Android_ETC2TargetPlatform
[2017.12.22-18.32.51:775][  0]LogTemp: Display: Loaded TP Android_MultiTargetPlatform
[2017.12.22-18.32.51:775][  0]LogTemp: Display: Loaded TP Android_PVRTCTargetPlatform
[2017.12.22-18.32.51:869][  0]LogTemp: Display: Loaded TP AndroidTargetPlatform
[2017.12.22-18.32.51:946][  0]LogTemp: Display: Loaded TP HTML5TargetPlatform
[2017.12.22-18.32.52:095][  0]LogTemp: Display: Loaded TP IOSTargetPlatform
[2017.12.22-18.32.52:144][  0]LogTemp: Display: Loaded TP TVOSTargetPlatform
[2017.12.22-18.32.52:233][  0]LogTemp: Display: Loaded TP LinuxClientTargetPlatform
[2017.12.22-18.32.52:322][  0]LogTemp: Display: Loaded TP LinuxNoEditorTargetPlatform
[2017.12.22-18.32.52:413][  0]LogTemp: Display: Loaded TP LinuxServerTargetPlatform
[2017.12.22-18.32.52:506][  0]LogTemp: Display: Loaded TP LinuxTargetPlatform
[2017.12.22-18.32.52:506][  0]LogTargetPlatformManager: Display: Building Assets For Windows
[2017.12.22-18.32.53:390][  0]LogDerivedDataCache: Display: Max Cache Size: 512 MB
[2017.12.22-18.32.53:580][  0]LogDerivedDataCache: Loaded boot cache 0.19s 92MB C:/Users/iking/AppData/Local/UnrealEngine/4.18/DerivedDataCache/Boot.ddc.
[2017.12.22-18.32.53:580][  0]LogDerivedDataCache: Display: Loaded Boot cache: C:/Users/iking/AppData/Local/UnrealEngine/4.18/DerivedDataCache/Boot.ddc
[2017.12.22-18.32.53:580][  0]LogDerivedDataCache: FDerivedDataBackendGraph:  Pak pak cache file ../../../../../../Users/iking/Documents/Unreal Projects/Masked Entertainment/BrickDestroyer/DerivedDataCache/DDC.ddp not found, will not use a pak cache.
[2017.12.22-18.32.53:580][  0]LogDerivedDataCache: Unable to find inner node Pak for hierarchical cache Hierarchy.
[2017.12.22-18.32.53:580][  0]LogDerivedDataCache: FDerivedDataBackendGraph:  CompressedPak pak cache file ../../../../../../Users/iking/Documents/Unreal Projects/Masked Entertainment/BrickDestroyer/DerivedDataCache/Compressed.ddp not found, will not use a pak cache.
[2017.12.22-18.32.53:580][  0]LogDerivedDataCache: Unable to find inner node CompressedPak for hierarchical cache Hierarchy.
[2017.12.22-18.32.53:605][  0]LogDerivedDataCache: Display: Pak cache opened for reading ../../../Engine/DerivedDataCache/Compressed.ddp.
[2017.12.22-18.32.53:640][  0]LogDerivedDataCache: Using Local data cache path C:/Users/iking/AppData/Local/UnrealEngine/Common/DerivedDataCache: Writable
[2017.12.22-18.32.53:656][  0]LogMaterial: Verifying Global Shaders for PCD3D_SM5
[2017.12.22-18.32.53:657][  0]LogSlate: Using Freetype 2.6.0
[2017.12.22-18.32.53:657][  0]LogSlate: SlateFontCache - WITH_FREETYPE: 1, WITH_HARFBUZZ: 1
[2017.12.22-18.32.53:658][  0]LogSlate: SlateFontCache - WITH_FREETYPE: 1, WITH_HARFBUZZ: 1
[2017.12.22-18.32.54:229][  0]LogInit: Selected Device Profile: [Windows]
[2017.12.22-18.32.54:794][  0]LogSimplygon: Simplygon DLL not present - disabling.
[2017.12.22-18.32.54:876][  0]LogMeshReduction: Using SimplygonSwarm for distributed automatic mesh merging
[2017.12.22-18.32.54:876][  0]LogMeshReduction: Using QuadricMeshReduction for automatic static mesh reduction
[2017.12.22-18.32.54:876][  0]LogMeshReduction: No automatic skeletal mesh reduction module available
[2017.12.22-18.32.54:876][  0]LogMeshReduction: No automatic mesh merging module available
[2017.12.22-18.32.54:876][  0]LogMeshMerging: No automatic mesh merging module available
[2017.12.22-18.32.54:926][  0]LogNetVersion: brickDestroyer , NetCL: 3709383, EngineNetVer: 2, GameNetVer: 0 (Checksum: 1742795680)
[2017.12.22-18.32.55:176][  0]LogAssetRegistry: FAssetRegistry took 0.0285 seconds to start up
[2017.12.22-18.32.57:550][  0]LogPackageLocalizationCache: Processed 7 localized package path(s) for 2 prioritized culture(s) in 1.566504 seconds
[2017.12.22-18.32.57:557][  0]LogUObjectArray: 35900 objects as part of root set at end of initial load.
[2017.12.22-18.32.57:557][  0]LogUObjectAllocator: 7372016 out of 0 bytes used by permanent object pool.
[2017.12.22-18.32.57:557][  0]LogUObjectArray: CloseDisregardForGC: 0/0 objects in disregard for GC pool
[2017.12.22-18.32.57:665][  0]LogInit: WinSock: version 1.1 (2.2), MaxSocks=32767, MaxUdp=65467
[2017.12.22-18.33.02:413][  0]LogTcpMessaging: Initializing TcpMessaging bridge
[2017.12.22-18.33.02:485][  0]LogUdpMessaging: Initializing bridge on interface 0.0.0.0:0 to multicast group 230.0.0.1:6666.
[2017.12.22-18.33.03:825][  0]LogMaterial: Uniform references updated for custom material expression Custom.
[2017.12.22-18.33.04:542][  0]SourceControl: Source control is disabled
[2017.12.22-18.33.04:543][  0]SourceControl: Source control is disabled
[2017.12.22-18.33.04:639][  0]SourceControl: Source control is disabled
[2017.12.22-18.33.04:746][  0]SourceControl: Source control is disabled
[2017.12.22-18.33.06:440][  0]LogAndroidPermission: UAndroidPermissionCallbackProxy::GetInstance
[2017.12.22-18.33.06:992][  0]LogOcInput: OculusInput pre-init called
[2017.12.22-18.33.07:497][  0]LogEngine: Initializing Engine...
[2017.12.22-18.33.07:570][  0]LogHMD: Failed to initialize OpenVR with code 126
[2017.12.22-18.33.07:963][  0]LogStats: UGameplayTagsManager::ConstructGameplayTagTree: Construct from data asset -  0.000 s
[2017.12.22-18.33.07:964][  0]LogStats: UGameplayTagsManager::ConstructGameplayTagTree: GameplayTagTreeChangedEvent.Broadcast -  0.000 s
[2017.12.22-18.33.08:196][  0]LogAIModule: Creating AISystem for world Untitled
[2017.12.22-18.33.08:231][  0]LogInit: XAudio2 using 'Speakers (Realtek High Definition Audio)' : 2 channels at 48 kHz using 32 bits per sample (channel mask 0x3)
[2017.12.22-18.33.08:284][  0]LogInit: FAudioDevice initialized.
[2017.12.22-18.33.08:854][  0]LogDerivedDataCache: Saved boot cache 0.57s 92MB C:/Users/iking/AppData/Local/UnrealEngine/4.18/DerivedDataCache/Boot.ddc.
[2017.12.22-18.33.08:885][  0]LogInit: Texture streaming: Enabled
[2017.12.22-18.33.09:075][  0]LogEngineSessionManager: EngineSessionManager initialized
[2017.12.22-18.33.09:311][  0]LogInit: Transaction tracking system initialized
[2017.12.22-18.33.09:898][  0]BlueprintLog: New page: Editor Load
[2017.12.22-18.33.11:617][  0]LocalizationService: Localization service is disabled
[2017.12.22-18.33.13:001][  0]LogConsoleResponse: Display: 
[2017.12.22-18.33.14:362][  0]LogCook: Display: Max memory allowance for cook 16384mb min free memory 0mb
[2017.12.22-18.33.14:362][  0]LogCook: Display: Mobile HDR setting 1
[2017.12.22-18.33.14:362][  0]LogGameplayTags: Display: UGameplayTagsManager::DoneAddingNativeTags. DelegateIsBound: 0
[2017.12.22-18.33.15:189][  0]LogFileCache: Scanning file cache for directory 'C:/Users/iking/Documents/Unreal Projects/Masked Entertainment/BrickDestroyer/Content/' took 0.02s
[2017.12.22-18.33.16:689][  0]SourceControl: Source control is disabled
[2017.12.22-18.33.16:689][  0]Cmd: MAP LOAD FILE="../../../../../../Users/iking/Documents/Unreal Projects/Masked Entertainment/BrickDestroyer/Content/blockBreaker.umap" TEMPLATE=0 SHOWPROGRESS=1 FEATURELEVEL=3
[2017.12.22-18.33.16:689][  0]LightingResults: New page: Lighting Build
[2017.12.22-18.33.16:775][  0]MapCheck: New page: Map Check
[2017.12.22-18.33.16:775][  0]LightingResults: New page: Lighting Build
[2017.12.22-18.33.20:363][  0]LogAIModule: Creating AISystem for world blockBreaker
[2017.12.22-18.33.20:395][  0]LogEditorServer: Finished looking for orphan Actors (0.000 secs)
[2017.12.22-18.33.20:456][  0]Cmd: MAP CHECKDEP NOCLEARLOG
[2017.12.22-18.33.20:557][  0]MapCheck: Map check complete: 0 Error(s), 0 Warning(s), took 101.004ms to complete.
[2017.12.22-18.33.20:557][  0]LogFileHelpers: Loading map 'blockBreaker' took 3.868
[2017.12.22-18.33.21:910][  0]LogCollectionManager: Loaded 0 collections in 0.002732 seconds
[2017.12.22-18.33.22:124][  0]LogFileCache: Scanning file cache for directory 'C:/Users/iking/Documents/Unreal Projects/Masked Entertainment/BrickDestroyer/Saved/Collections/' took 0.01s
[2017.12.22-18.33.22:124][  0]LogFileCache: Scanning file cache for directory 'C:/Users/iking/Documents/Unreal Projects/Masked Entertainment/BrickDestroyer/Content/Developers/iking/Collections/' took 0.01s
[2017.12.22-18.33.22:124][  0]LogFileCache: Scanning file cache for directory 'C:/Users/iking/Documents/Unreal Projects/Masked Entertainment/BrickDestroyer/Content/Collections/' took 0.01s
[2017.12.22-18.33.22:124][  0]LogCollectionManager: Rebuilt the GUID cache for 0 collections in 0.000000 seconds
[2017.12.22-18.33.22:144][  0]LogContentBrowser: Native class hierarchy populated in 0.0145 seconds. Added 2363 classes and 519 folders.
[2017.12.22-18.33.22:379][  0]LogContentBrowser: Native class hierarchy updated for 'WidgetCarousel' in 0.0003 seconds. Added 0 classes and 0 folders.
[2017.12.22-18.33.23:917][  0]LogContentBrowser: Native class hierarchy updated for 'AddContentDialog' in 0.0004 seconds. Added 0 classes and 0 folders.
[2017.12.22-18.33.24:163][  0]LogContentBrowser: Native class hierarchy updated for 'SceneOutliner' in 0.0003 seconds. Added 1 classes and 2 folders.
[2017.12.22-18.33.24:587][  0]LogSlate: Took 0.000334 seconds to synchronously load lazily loaded font '../../../Engine/Content/Slate/Fonts/Roboto-Regular.ttf' (155K)
[2017.12.22-18.33.24:598][  0]LogSlate: Took 0.000244 seconds to synchronously load lazily loaded font '../../../Engine/Content/Slate/Fonts/Roboto-Bold.ttf' (160K)
[2017.12.22-18.33.24:623][  0]LogSlate: Took 0.021650 seconds to synchronously load lazily loaded font '../../../Engine/Content/Editor/Slate/Fonts/FontAwesome.ttf' (139K)
[2017.12.22-18.33.24:970][  0]LogRenderer: Reallocating scene render targets to support 1036x376 Format 26 NumSamples 1 (Frame:1).
[2017.12.22-18.33.25:279][  0]LogSlate: Took 0.008969 seconds to synchronously load lazily loaded font '../../../Engine/Content/Slate/Fonts/Roboto-Light.ttf' (159K)
[2017.12.22-18.33.25:660][  0]LogContentBrowser: Native class hierarchy updated for 'HierarchicalLODOutliner' in 0.0004 seconds. Added 1 classes and 2 folders.
[2017.12.22-18.33.25:661][  0]LogLoad: (Engine Initialization) Total time: 46.30 seconds
[2017.12.22-18.33.25:661][  0]LogLoad: (Engine Initialization) Total Blueprint compile time: 0.00 seconds
[2017.12.22-18.33.25:661][  0]LogExternalProfiler: No external profilers were discovered.  External profiling features will not be available.
[2017.12.22-18.33.25:671][  0]LogWindowsTextInputMethodSystem: Display: IME system now deactivated.
[2017.12.22-18.33.25:741][  0]LogContentStreaming: Texture pool size now 1000 MB
[2017.12.22-18.33.25:974][  1]LogAssetRegistry: Asset discovery search completed in 30.8205 seconds
[2017.12.22-18.33.25:976][  1]LogCollectionManager: Rebuilt the object cache for 0 collections in 0.000000 seconds (found 0 objects)
[2017.12.22-18.33.25:976][  1]LogCollectionManager: Fixed up redirectors for 0 collections in 0.000061 seconds (updated 0 objects)
[2017.12.22-18.33.26:716][ 66]LogSlate: Took 0.000366 seconds to synchronously load lazily loaded font '../../../Engine/Content/Slate/Fonts/Roboto-Light.ttf' (159K)
[2017.12.22-18.33.31:908][650]LogTemp: Repeating last play command: Selected Viewport
[2017.12.22-18.33.32:276][650]LogBlueprintUserMessages: Early PlayInEditor Detection: Level '/Game/blockBreaker.blockBreaker:PersistentLevel' has LevelScriptBlueprint '/Game/blockBreaker.blockBreaker:PersistentLevel.blockBreaker' with GeneratedClass '/Game/blockBreaker.blockBreaker_C' with ClassGeneratedBy '/Game/blockBreaker.blockBreaker:PersistentLevel.blockBreaker'
[2017.12.22-18.33.32:306][650]LogPlayLevel: PlayLevel: No blueprints needed recompiling
[2017.12.22-18.33.32:331][650]PIE: New page: PIE session: blockBreaker (Dec 22, 2017, 4:33:32 AM)
[2017.12.22-18.33.32:331][650]LogPlayLevel: Creating play world package: /Game/UEDPIE_0_blockBreaker
[2017.12.22-18.33.32:365][650]LogPlayLevel: PIE: StaticDuplicateObject took: (0.033679s)
[2017.12.22-18.33.32:366][650]LogAIModule: Creating AISystem for world blockBreaker
[2017.12.22-18.33.32:366][650]LogPlayLevel: PIE: World Init took: (0.001128s)
[2017.12.22-18.33.32:366][650]LogPlayLevel: PIE: Created PIE world by copying editor world from /Game/blockBreaker.blockBreaker to /Game/UEDPIE_0_blockBreaker.blockBreaker (0.035282s)
[2017.12.22-18.33.32:443][650]LogInit: XAudio2 using 'Speakers (Realtek High Definition Audio)' : 2 channels at 48 kHz using 32 bits per sample (channel mask 0x3)
[2017.12.22-18.33.32:468][650]LogInit: FAudioDevice initialized.
[2017.12.22-18.33.32:559][650]LogLoad: Game class is 'BP_brickBreakerGame_C'
[2017.12.22-18.33.32:614][650]LogWorld: Bringing World /Game/UEDPIE_0_blockBreaker.blockBreaker up for play (max tick rate 0) at 2017.12.22-11.33.32
[2017.12.22-18.33.32:614][650]LogWorld: Bringing up level for play took: 0.016364
[2017.12.22-18.33.32:787][650]LogContentBrowser: Native class hierarchy updated for 'MovieSceneCapture' in 0.0004 seconds. Added 11 classes and 0 folders.
[2017.12.22-18.33.32:833][650]PIE: Play in editor start time for /Game/UEDPIE_0_blockBreaker 0.913
[2017.12.22-18.33.32:833][650]LogBlueprintUserMessages: Late PlayInEditor Detection: Level '/Game/blockBreaker.blockBreaker:PersistentLevel' has LevelScriptBlueprint '/Game/blockBreaker.blockBreaker:PersistentLevel.blockBreaker' with GeneratedClass '/Game/blockBreaker.blockBreaker_C' with ClassGeneratedBy '/Game/blockBreaker.blockBreaker:PersistentLevel.blockBreaker'
[2017.12.22-18.33.36:043][979]LogBlueprintUserMessages: [BP_breakingBrick3_345] goes thru
[2017.12.22-18.33.36:044][979]LogBlueprintUserMessages: [BP_breakingBrick3_345] 0
[2017.12.22-18.33.55:448][302]LogBlueprintUserMessages: Early EndPlayMap Detection: Level '/Game/blockBreaker.blockBreaker:PersistentLevel' has LevelScriptBlueprint '/Game/blockBreaker.blockBreaker:PersistentLevel.blockBreaker' with GeneratedClass '/Game/blockBreaker.blockBreaker_C' with ClassGeneratedBy '/Game/blockBreaker.blockBreaker:PersistentLevel.blockBreaker'
[2017.12.22-18.33.55:522][302]LogBlueprintUserMessages: Late EndPlayMap Detection: Level '/Game/blockBreaker.blockBreaker:PersistentLevel' has LevelScriptBlueprint '/Game/blockBreaker.blockBreaker:PersistentLevel.blockBreaker' with GeneratedClass '/Game/blockBreaker.blockBreaker_C' with ClassGeneratedBy '/Game/blockBreaker.blockBreaker:PersistentLevel.blockBreaker'
[2017.12.22-18.33.56:584][395]LogTemp: Repeating last play command: Selected Viewport
[2017.12.22-18.33.56:613][395]LogBlueprintUserMessages: Early PlayInEditor Detection: Level '/Game/blockBreaker.blockBreaker:PersistentLevel' has LevelScriptBlueprint '/Game/blockBreaker.blockBreaker:PersistentLevel.blockBreaker' with GeneratedClass '/Game/blockBreaker.blockBreaker_C' with ClassGeneratedBy '/Game/blockBreaker.blockBreaker:PersistentLevel.blockBreaker'
[2017.12.22-18.33.56:613][395]LogPlayLevel: PlayLevel: No blueprints needed recompiling
[2017.12.22-18.33.56:613][395]PIE: New page: PIE session: blockBreaker (Dec 22, 2017, 4:33:56 AM)
[2017.12.22-18.33.56:613][395]LogPlayLevel: Creating play world package: /Game/UEDPIE_0_blockBreaker
[2017.12.22-18.33.56:620][395]LogPlayLevel: PIE: StaticDuplicateObject took: (0.006927s)
[2017.12.22-18.33.56:621][395]LogAIModule: Creating AISystem for world blockBreaker
[2017.12.22-18.33.56:621][395]LogPlayLevel: PIE: World Init took: (0.001333s)
[2017.12.22-18.33.56:622][395]LogPlayLevel: PIE: Created PIE world by copying editor world from /Game/blockBreaker.blockBreaker to /Game/UEDPIE_0_blockBreaker.blockBreaker (0.008719s)
[2017.12.22-18.33.56:704][395]LogInit: XAudio2 using 'Speakers (Realtek High Definition Audio)' : 2 channels at 48 kHz using 32 bits per sample (channel mask 0x3)
[2017.12.22-18.33.56:736][395]LogInit: FAudioDevice initialized.
[2017.12.22-18.33.56:795][395]LogLoad: Game class is 'BP_brickBreakerGame_C'
[2017.12.22-18.33.56:797][395]LogWorld: Bringing World /Game/UEDPIE_0_blockBreaker.blockBreaker up for play (max tick rate 0) at 2017.12.22-11.33.56
[2017.12.22-18.33.56:797][395]LogWorld: Bringing up level for play took: 0.001283
[2017.12.22-18.33.56:799][395]PIE: Play in editor start time for /Game/UEDPIE_0_blockBreaker 0.879
[2017.12.22-18.33.56:799][395]LogBlueprintUserMessages: Late PlayInEditor Detection: Level '/Game/blockBreaker.blockBreaker:PersistentLevel' has LevelScriptBlueprint '/Game/blockBreaker.blockBreaker:PersistentLevel.blockBreaker' with GeneratedClass '/Game/blockBreaker.blockBreaker_C' with ClassGeneratedBy '/Game/blockBreaker.blockBreaker:PersistentLevel.blockBreaker'
[2017.12.22-18.33.58:677][615]LogBlueprintUserMessages: [BP_breakingBrick3_345] goes thru
[2017.12.22-18.33.58:677][615]LogBlueprintUserMessages: [BP_breakingBrick3_345] -1
[2017.12.22-18.34.00:968][890]LogBlueprintUserMessages: [BP_breakingBrick5] goes thru
[2017.12.22-18.34.00:968][890]LogBlueprintUserMessages: [BP_breakingBrick5] -1
[2017.12.22-18.34.01:426][945]LogBlueprintUserMessages: [BP_breakingBrick5] goes thru
[2017.12.22-18.34.01:427][945]LogBlueprintUserMessages: [BP_breakingBrick5] -64
[2017.12.22-18.34.09:853][956]LogBlueprintUserMessages: Early EndPlayMap Detection: Level '/Game/blockBreaker.blockBreaker:PersistentLevel' has LevelScriptBlueprint '/Game/blockBreaker.blockBreaker:PersistentLevel.blockBreaker' with GeneratedClass '/Game/blockBreaker.blockBreaker_C' with ClassGeneratedBy '/Game/blockBreaker.blockBreaker:PersistentLevel.blockBreaker'
[2017.12.22-18.34.09:884][956]LogBlueprintUserMessages: Late EndPlayMap Detection: Level '/Game/blockBreaker.blockBreaker:PersistentLevel' has LevelScriptBlueprint '/Game/blockBreaker.blockBreaker:PersistentLevel.blockBreaker' with GeneratedClass '/Game/blockBreaker.blockBreaker_C' with ClassGeneratedBy '/Game/blockBreaker.blockBreaker:PersistentLevel.blockBreaker'
[2017.12.22-18.34.14:307][460]LogSlate: Took 0.004962 seconds to synchronously load lazily loaded font '../../../Engine/Content/Slate/Fonts/Roboto-Light.ttf' (159K)
[2017.12.22-18.34.14:977][460]LogSlate: Took 0.004566 seconds to synchronously load lazily loaded font '../../../Engine/Content/Slate/Fonts/Roboto-Regular.ttf' (155K)
[2017.12.22-18.34.15:608][460]LogContentBrowser: Native class hierarchy updated for 'BlueprintGraph' in 0.0011 seconds. Added 116 classes and 0 folders.
[2017.12.22-18.34.17:804][460]LogSlate: Took 0.022344 seconds to synchronously load lazily loaded font '../../../Engine/Content/Editor/Slate/Fonts/Roboto-BoldCondensed.ttf' (158K)
[2017.12.22-18.34.18:487][461]LogSlate: Took 0.024158 seconds to synchronously load lazily loaded font '../../../Engine/Content/Editor/Slate/Fonts/Roboto-Italic.ttf' (157K)
[2017.12.22-18.35.46:566][539]LogSlate: Took 0.024532 seconds to synchronously load lazily loaded font '../../../Engine/Content/Editor/Slate/Fonts/Roboto-BoldCondensedItalic.ttf' (160K)
[2017.12.22-18.37.04:490][770]BlueprintLog: New page: Compile BP_breakingBrick_Parent
[2017.12.22-18.37.06:935][821]LogSavePackage: Save=254.01ms
[2017.12.22-18.37.06:935][821]LogSavePackage: Moving '../../../../../../Users/iking/Documents/Unreal Projects/Masked Entertainment/BrickDestroyer/Saved/BP_breakingBrick_Parent6DCAA0D840BEDF95DB8DCFA2B7BBF6FD.tmp' to '../../../../../../Users/iking/Documents/Unreal Projects/Masked Entertainment/BrickDestroyer/Content/Blueprints/Blocks/BP_breakingBrick_Parent.uasset'
[2017.12.22-18.37.06:944][821]LogSavePackage: Display: Finished SavePackage ../../../../../../Users/iking/Documents/Unreal Projects/Masked Entertainment/BrickDestroyer/Content/Blueprints/Blocks/BP_breakingBrick_Parent.uasset
[2017.12.22-18.37.45:397][380]LogEditorTransaction: Undo Delete current selection
[2017.12.22-18.37.46:195][444]LogEditorTransaction: Undo Function Dropped on Graph
[2017.12.22-18.37.46:802][496]LogEditorTransaction: Undo Delete current selection
[2017.12.22-18.37.47:519][565]LogEditorTransaction: Undo Delete current selection
