Log file open, 12/09/17 12:27:52
LogWindows: Failed to load 'aqProf.dll' (GetLastError=126)
LogWindows: File 'aqProf.dll' does not exist
LogWindows: Failed to load 'VSPerf140.dll' (GetLastError=126)
LogWindows: File 'VSPerf140.dll' does not exist
LogWindows: Failed to load 'VtuneApi.dll' (GetLastError=126)
LogWindows: File 'VtuneApi.dll' does not exist
LogWindows: Failed to load 'VtuneApi32e.dll' (GetLastError=126)
LogWindows: File 'VtuneApi32e.dll' does not exist
LogInit: Display: Running engine for game: brickDestroyer
LogPlatformFile: Not using cached read wrapper
LogInit: Display: RandInit(-703451890) SRandInit(-703451890).
LogInit: Read version file with build ID '3709383'
LogInit: Overriding engine version to CL 3754814, compatible CL 3709383
LogInit: Registered custom module enumerator with build ID '3709383'
LogTaskGraph: Started task graph with 5 named threads and 14 total threads with 3 sets of task threads.
LogStats: Stats thread started at 0.197592
LogD3D11RHI: Aftermath initialized
LogModuleManager: Display: Found up-to-date module file ../../../Engine/Plugins/2D/Paper2D/Binaries/Win64/UE4Editor-Paper2D.dll (API version 3709383).
LogModuleManager: Display: Found up-to-date module file ../../../Engine/Plugins/2D/Paper2D/Binaries/Win64/UE4Editor-Paper2DEditor.dll (API version 3709383).
LogModuleManager: Display: Found up-to-date module file ../../../Engine/Plugins/2D/Paper2D/Binaries/Win64/UE4Editor-PaperSpriteSheetImporter.dll (API version 3709383).
LogModuleManager: Display: Found up-to-date module file ../../../Engine/Plugins/2D/Paper2D/Binaries/Win64/UE4Editor-PaperTiledImporter.dll (API version 3709383).
LogModuleManager: Display: Found up-to-date module file ../../../Engine/Plugins/2D/Paper2D/Binaries/Win64/UE4Editor-SmartSnapping.dll (API version 3709383).
LogModuleManager: Display: Found up-to-date module file ../../../Engine/Plugins/Blendables/LightPropagationVolume/Binaries/Win64/UE4Editor-LightPropagationVolumeRuntime.dll (API version 3709383).
LogModuleManager: Display: Found up-to-date module file ../../../Engine/Plugins/Blendables/LightPropagationVolume/Binaries/Win64/UE4Editor-LightPropagationVolumeEditor.dll (API version 3709383).
LogModuleManager: Display: Found up-to-date module file ../../../Engine/Plugins/Developer/GitSourceControl/Binaries/Win64/UE4Editor-GitSourceControl.dll (API version 3709383).
LogModuleManager: Display: Found up-to-date module file ../../../Engine/Plugins/Developer/PerforceSourceControl/Binaries/Win64/UE4Editor-PerforceSourceControl.dll (API version 3709383).
LogModuleManager: Display: Found up-to-date module file ../../../Engine/Plugins/Developer/SubversionSourceControl/Binaries/Win64/UE4Editor-SubversionSourceControl.dll (API version 3709383).
LogModuleManager: Display: Found up-to-date module file ../../../Engine/Plugins/Developer/UObjectPlugin/Binaries/Win64/UE4Editor-UObjectPlugin.dll (API version 3709383).
LogModuleManager: Display: Found up-to-date module file ../../../Engine/Plugins/Developer/VisualStudioCodeSourceCodeAccess/Binaries/Win64/UE4Editor-VisualStudioCodeSourceCodeAccess.dll (API version 3709383).
LogModuleManager: Display: Found up-to-date module file ../../../Engine/Plugins/Developer/VisualStudioSourceCodeAccess/Binaries/Win64/UE4Editor-VisualStudioSourceCodeAccess.dll (API version 3709383).
LogModuleManager: Display: Found up-to-date module file ../../../Engine/Plugins/Editor/AssetManagerEditor/Binaries/Win64/UE4Editor-AssetManagerEditor.dll (API version 3709383).
LogModuleManager: Display: Found up-to-date module file ../../../Engine/Plugins/Editor/AudioCapture/Binaries/Win64/UE4Editor-AudioCapture.dll (API version 3709383).
LogModuleManager: Display: Found up-to-date module file ../../../Engine/Plugins/Editor/FacialAnimation/Binaries/Win64/UE4Editor-FacialAnimation.dll (API version 3709383).
LogModuleManager: Display: Found up-to-date module file ../../../Engine/Plugins/Editor/FacialAnimation/Binaries/Win64/UE4Editor-FacialAnimationEditor.dll (API version 3709383).
LogModuleManager: Display: Found up-to-date module file ../../../Engine/Plugins/Editor/GameplayTagsEditor/Binaries/Win64/UE4Editor-GameplayTagsEditor.dll (API version 3709383).
LogModuleManager: Display: Found up-to-date module file ../../../Engine/Plugins/Editor/MobileLauncherProfileWizard/Binaries/Win64/UE4Editor-MobileLauncherProfileWizard.dll (API version 3709383).
LogModuleManager: Display: Found up-to-date module file ../../../Engine/Plugins/Editor/PluginBrowser/Binaries/Win64/UE4Editor-PluginBrowser.dll (API version 3709383).
LogModuleManager: Display: Found up-to-date module file ../../../Engine/Plugins/Editor/SpeedTreeImporter/Binaries/Win64/UE4Editor-SpeedTreeImporter.dll (API version 3709383).
LogModuleManager: Display: Found up-to-date module file ../../../Engine/Plugins/Experimental/AlembicImporter/Binaries/Win64/UE4Editor-AlembicImporter.dll (API version 3709383).
LogModuleManager: Display: Found up-to-date module file ../../../Engine/Plugins/Experimental/AlembicImporter/Binaries/Win64/UE4Editor-AlembicLibrary.dll (API version 3709383).
LogModuleManager: Display: Found up-to-date module file ../../../Engine/Plugins/Experimental/CharacterAI/Binaries/Win64/UE4Editor-CharacterAI.dll (API version 3709383).
LogModuleManager: Display: Found up-to-date module file ../../../Engine/Plugins/Experimental/HTML5Networking/Binaries/Win64/UE4Editor-HTML5Networking.dll (API version 3709383).
LogModuleManager: Display: Found up-to-date module file ../../../Engine/Plugins/Media/AndroidMedia/Binaries/Win64/UE4Editor-AndroidMediaEditor.dll (API version 3709383).
LogModuleManager: Display: Found up-to-date module file ../../../Engine/Plugins/Media/AndroidMedia/Binaries/Win64/UE4Editor-AndroidMediaFactory.dll (API version 3709383).
LogModuleManager: Display: Found up-to-date module file ../../../Engine/Plugins/Media/AvfMedia/Binaries/Win64/UE4Editor-AvfMediaEditor.dll (API version 3709383).
LogModuleManager: Display: Found up-to-date module file ../../../Engine/Plugins/Media/AvfMedia/Binaries/Win64/UE4Editor-AvfMediaFactory.dll (API version 3709383).
LogModuleManager: Display: Found up-to-date module file ../../../Engine/Plugins/Media/AvfMedia/Binaries/Win64/UE4Editor-AvfMediaFactory.dll (API version 3709383).
LogModuleManager: Display: Found up-to-date module file ../../../Engine/Plugins/Media/ImgMedia/Binaries/Win64/UE4Editor-ImgMedia.dll (API version 3709383).
LogModuleManager: Display: Found up-to-date module file ../../../Engine/Plugins/Media/ImgMedia/Binaries/Win64/UE4Editor-ImgMediaEditor.dll (API version 3709383).
LogModuleManager: Display: Found up-to-date module file ../../../Engine/Plugins/Media/ImgMedia/Binaries/Win64/UE4Editor-ImgMediaFactory.dll (API version 3709383).
LogModuleManager: Display: Found up-to-date module file ../../../Engine/Plugins/Media/ImgMedia/Binaries/Win64/UE4Editor-ImgMediaFactory.dll (API version 3709383).
LogModuleManager: Display: Found up-to-date module file ../../../Engine/Plugins/Media/ImgMedia/Binaries/Win64/UE4Editor-OpenExrWrapper.dll (API version 3709383).
LogModuleManager: Display: Found up-to-date module file ../../../Engine/Plugins/Media/MediaCompositing/Binaries/Win64/UE4Editor-MediaCompositing.dll (API version 3709383).
LogModuleManager: Display: Found up-to-date module file ../../../Engine/Plugins/Media/MediaCompositing/Binaries/Win64/UE4Editor-MediaCompositingEditor.dll (API version 3709383).
LogModuleManager: Display: Found up-to-date module file ../../../Engine/Plugins/Media/MediaPlayerEditor/Binaries/Win64/UE4Editor-MediaPlayerEditor.dll (API version 3709383).
LogModuleManager: Display: Found up-to-date module file ../../../Engine/Plugins/Media/WmfMedia/Binaries/Win64/UE4Editor-WmfMedia.dll (API version 3709383).
LogModuleManager: Display: Found up-to-date module file ../../../Engine/Plugins/Media/WmfMedia/Binaries/Win64/UE4Editor-WmfMediaEditor.dll (API version 3709383).
LogModuleManager: Display: Found up-to-date module file ../../../Engine/Plugins/Media/WmfMedia/Binaries/Win64/UE4Editor-WmfMediaFactory.dll (API version 3709383).
LogModuleManager: Display: Found up-to-date module file ../../../Engine/Plugins/Media/WmfMedia/Binaries/Win64/UE4Editor-WmfMediaFactory.dll (API version 3709383).
LogModuleManager: Display: Found up-to-date module file ../../../Engine/Plugins/Messaging/TcpMessaging/Binaries/Win64/UE4Editor-TcpMessaging.dll (API version 3709383).
LogModuleManager: Display: Found up-to-date module file ../../../Engine/Plugins/Messaging/UdpMessaging/Binaries/Win64/UE4Editor-UdpMessaging.dll (API version 3709383).
LogModuleManager: Display: Found up-to-date module file ../../../Engine/Plugins/MovieScene/ActorSequence/Binaries/Win64/UE4Editor-ActorSequence.dll (API version 3709383).
LogModuleManager: Display: Found up-to-date module file ../../../Engine/Plugins/MovieScene/LevelSequenceEditor/Binaries/Win64/UE4Editor-LevelSequenceEditor.dll (API version 3709383).
LogModuleManager: Display: Found up-to-date module file ../../../Engine/Plugins/MovieScene/MatineeToLevelSequence/Binaries/Win64/UE4Editor-MatineeToLevelSequence.dll (API version 3709383).
LogModuleManager: Display: Found up-to-date module file ../../../Engine/Plugins/Online/OnlineSubsystem/Binaries/Win64/UE4Editor-OnlineSubsystem.dll (API version 3709383).
LogModuleManager: Display: Found up-to-date module file ../../../Engine/Plugins/Runtime/AndroidPermission/Binaries/Win64/UE4Editor-AndroidPermission.dll (API version 3709383).
LogModuleManager: Display: Found up-to-date module file ../../../Engine/Plugins/Online/OnlineSubsystemNull/Binaries/Win64/UE4Editor-OnlineSubsystemNull.dll (API version 3709383).
LogModuleManager: Display: Found up-to-date module file ../../../Engine/Plugins/Online/OnlineSubsystemUtils/Binaries/Win64/UE4Editor-OnlineSubsystemUtils.dll (API version 3709383).
LogModuleManager: Display: Found up-to-date module file ../../../Engine/Plugins/Online/OnlineSubsystemUtils/Binaries/Win64/UE4Editor-OnlineBlueprintSupport.dll (API version 3709383).
LogModuleManager: Display: Found up-to-date module file ../../../Engine/Plugins/Runtime/AndroidDeviceProfileSelector/Binaries/Win64/UE4Editor-AndroidDeviceProfileSelector.dll (API version 3709383).
LogModuleManager: Display: Found up-to-date module file ../../../Engine/Plugins/Runtime/AppleARKit/Binaries/Win64/UE4Editor-AppleARKit.dll (API version 3709383).
LogModuleManager: Display: Found up-to-date module file ../../../Engine/Plugins/Runtime/ArchVisCharacter/Binaries/Win64/UE4Editor-ArchVisCharacter.dll (API version 3709383).
LogModuleManager: Display: Found up-to-date module file ../../../Engine/Plugins/Runtime/CableComponent/Binaries/Win64/UE4Editor-CableComponent.dll (API version 3709383).
LogModuleManager: Display: Found up-to-date module file ../../../Engine/Plugins/Runtime/CustomMeshComponent/Binaries/Win64/UE4Editor-CustomMeshComponent.dll (API version 3709383).
LogModuleManager: Display: Found up-to-date module file ../../../Engine/Plugins/Runtime/ExampleDeviceProfileSelector/Binaries/Win64/UE4Editor-ExampleDeviceProfileSelector.dll (API version 3709383).
LogModuleManager: Display: Found up-to-date module file ../../../Engine/Plugins/Runtime/ImmediatePhysics/Binaries/Win64/UE4Editor-ImmediatePhysics.dll (API version 3709383).
LogModuleManager: Display: Found up-to-date module file ../../../Engine/Plugins/Runtime/ImmediatePhysics/Binaries/Win64/UE4Editor-ImmediatePhysicsEditor.dll (API version 3709383).
LogModuleManager: Display: Found up-to-date module file ../../../Engine/Plugins/Runtime/LocationServicesBPLibrary/Binaries/Win64/UE4Editor-LocationServicesBPLibrary.dll (API version 3709383).
LogModuleManager: Display: Found up-to-date module file ../../../Engine/Plugins/Runtime/MobilePatchingUtils/Binaries/Win64/UE4Editor-MobilePatchingUtils.dll (API version 3709383).
LogModuleManager: Display: Found up-to-date module file ../../../Engine/Plugins/Runtime/Oculus/OculusVR/Binaries/Win64/UE4Editor-OculusHMD.dll (API version 3709383).
LogModuleManager: Display: Found up-to-date module file ../../../Engine/Plugins/Runtime/Oculus/OculusVR/Binaries/Win64/UE4Editor-OculusInput.dll (API version 3709383).
LogModuleManager: Display: Found up-to-date module file ../../../Engine/Plugins/Runtime/Oculus/OculusVR/Binaries/Win64/UE4Editor-OculusEditor.dll (API version 3709383).
LogModuleManager: Display: Found up-to-date module file ../../../Engine/Plugins/Runtime/PhysXVehicles/Binaries/Win64/UE4Editor-PhysXVehicles.dll (API version 3709383).
LogModuleManager: Display: Found up-to-date module file ../../../Engine/Plugins/Runtime/PhysXVehicles/Binaries/Win64/UE4Editor-PhysXVehiclesEditor.dll (API version 3709383).
LogModuleManager: Display: Found up-to-date module file ../../../Engine/Plugins/Runtime/ProceduralMeshComponent/Binaries/Win64/UE4Editor-ProceduralMeshComponent.dll (API version 3709383).
LogModuleManager: Display: Found up-to-date module file ../../../Engine/Plugins/Runtime/ProceduralMeshComponent/Binaries/Win64/UE4Editor-ProceduralMeshComponentEditor.dll (API version 3709383).
LogModuleManager: Display: Found up-to-date module file ../../../Engine/Plugins/Runtime/RuntimePhysXCooking/Binaries/Win64/UE4Editor-RuntimePhysXCooking.dll (API version 3709383).
LogModuleManager: Display: Found up-to-date module file ../../../Engine/Plugins/Runtime/Steam/SteamVR/Binaries/Win64/UE4Editor-SteamVR.dll (API version 3709383).
LogModuleManager: Display: Found up-to-date module file ../../../Engine/Plugins/Runtime/Steam/SteamVR/Binaries/Win64/UE4Editor-SteamVRController.dll (API version 3709383).
LogModuleManager: Display: Found up-to-date module file ../../../Engine/Plugins/Runtime/WindowsMoviePlayer/Binaries/Win64/UE4Editor-WindowsMoviePlayer.dll (API version 3709383).
LogPluginManager: Mounting plugin Paper2D
LogPluginManager: Mounting plugin LightPropagationVolume
LogPluginManager: Mounting plugin CodeLiteSourceCodeAccess
LogPluginManager: Mounting plugin GitSourceControl
LogPluginManager: Mounting plugin KDevelopSourceCodeAccess
LogPluginManager: Mounting plugin NullSourceCodeAccess
LogPluginManager: Mounting plugin PerforceSourceControl
LogPluginManager: Mounting plugin SubversionSourceControl
LogPluginManager: Mounting plugin UObjectPlugin
LogPluginManager: Mounting plugin VisualStudioCodeSourceCodeAccess
LogPluginManager: Mounting plugin VisualStudioSourceCodeAccess
LogPluginManager: Mounting plugin XCodeSourceCodeAccess
LogPluginManager: Mounting plugin AssetManagerEditor
LogPluginManager: Mounting plugin AudioCapture
LogPluginManager: Mounting plugin FacialAnimation
LogPluginManager: Mounting plugin GameplayTagsEditor
LogPluginManager: Mounting plugin MobileLauncherProfileWizard
LogPluginManager: Mounting plugin PluginBrowser
LogPluginManager: Mounting plugin SpeedTreeImporter
LogPluginManager: Mounting plugin AlembicImporter
LogPluginManager: Mounting plugin CharacterAI
LogPluginManager: Mounting plugin HTML5Networking
LogPluginManager: Mounting plugin AndroidMedia
LogPluginManager: Mounting plugin AvfMedia
LogPluginManager: Mounting plugin ImgMedia
LogPluginManager: Mounting plugin MediaCompositing
LogPluginManager: Mounting plugin MediaPlayerEditor
LogPluginManager: Mounting plugin WmfMedia
LogPluginManager: Mounting plugin TcpMessaging
LogPluginManager: Mounting plugin UdpMessaging
LogPluginManager: Mounting plugin ActorSequence
LogPluginManager: Mounting plugin LevelSequenceEditor
LogPluginManager: Mounting plugin MatineeToLevelSequence
LogPluginManager: Mounting plugin OnlineSubsystemGooglePlay
LogPluginManager: Mounting plugin OnlineSubsystemIOS
LogPluginManager: Mounting plugin OnlineSubsystem
LogPluginManager: Mounting plugin OnlineSubsystemNull
LogPluginManager: Mounting plugin OnlineSubsystemUtils
LogPluginManager: Mounting plugin AndroidDeviceProfileSelector
LogPluginManager: Mounting plugin AndroidMoviePlayer
LogPluginManager: Mounting plugin AndroidPermission
LogPluginManager: Mounting plugin AppleARKit
LogPluginManager: Mounting plugin AppleMoviePlayer
LogPluginManager: Mounting plugin ArchVisCharacter
LogPluginManager: Mounting plugin CableComponent
LogPluginManager: Mounting plugin CustomMeshComponent
LogPluginManager: Mounting plugin ExampleDeviceProfileSelector
LogPluginManager: Mounting plugin GoogleCloudMessaging
LogPluginManager: Mounting plugin ImmediatePhysics
LogPluginManager: Mounting plugin IOSDeviceProfileSelector
LogPluginManager: Mounting plugin LinuxDeviceProfileSelector
LogPluginManager: Mounting plugin LocationServicesBPLibrary
LogPluginManager: Mounting plugin MobilePatchingUtils
LogPluginManager: Mounting plugin OculusVR
LogPluginManager: Plugin shader directory ../../../Engine/Plugins/Runtime/Oculus/OculusVR/Shaders found
LogPluginManager: Mapping shader source directory ../../../Engine/Plugins/Runtime/Oculus/OculusVR/Shaders to virtual directory /Plugin/OculusVR
LogPluginManager: Mounting plugin PhysXVehicles
LogPluginManager: Mounting plugin ProceduralMeshComponent
LogPluginManager: Mounting plugin RuntimePhysXCooking
LogPluginManager: Mounting plugin SteamVR
LogPluginManager: Mounting plugin WindowsMoviePlayer
LogInit: Using libcurl 7.47.1
LogInit:  - built for x86_64-pc-win32
LogInit:  - supports SSL with OpenSSL/1.0.2g
LogInit:  - supports HTTP deflate (compression) using libz 1.2.8
LogInit:  - other features:
LogInit:      CURL_VERSION_SSL
LogInit:      CURL_VERSION_LIBZ
LogInit:      CURL_VERSION_IPV6
LogInit:      CURL_VERSION_ASYNCHDNS
LogInit:      CURL_VERSION_LARGEFILE
LogInit:      CURL_VERSION_IDN
LogInit:  CurlRequestOptions (configurable via config and command line):
LogInit:  - bVerifyPeer = false  - Libcurl will NOT verify peer certificate
LogInit:  - bUseHttpProxy = false  - Libcurl will NOT use HTTP proxy
LogInit:  - bDontReuseConnections = false  - Libcurl will reuse connections
LogInit:  - CertBundlePath = nullptr  - Libcurl will use whatever was configured at build time.
LogInit: Build: ++UE4+Release-4.18-CL-3754814
LogInit: Engine Version: 4.18.1-3754814+++UE4+Release-4.18
LogInit: Compatible Engine Version: 4.18.0-3709383+++UE4+Release-4.18
LogInit: Net CL: 3709383
LogDevObjectVersion: Number of dev versions registered: 16
LogDevObjectVersion:   Dev-Blueprints (B0D832E4-1F89-4F0D-ACCF-7EB736FD4AA2): 10
LogDevObjectVersion:   Dev-Build (E1C64328-A22C-4D53-A36C-8E866417BD8C): 0
LogDevObjectVersion:   Dev-Core (375EC13C-06E4-48FB-B500-84F0262A717E): 2
LogDevObjectVersion:   Dev-Editor (E4B068ED-F494-42E9-A231-DA0B2E46BB41): 20
LogDevObjectVersion:   Dev-Framework (CFFC743F-43B0-4480-9391-14DF171D2073): 30
LogDevObjectVersion:   Dev-Mobile (B02B49B5-BB20-44E9-A304-32B752E40360): 0
LogDevObjectVersion:   Dev-Networking (A4E4105C-59A1-49B5-A7C5-40C4547EDFEE): 0
LogDevObjectVersion:   Dev-Online (39C831C9-5AE6-47DC-9A44-9C173E1C8E7C): 0
LogDevObjectVersion:   Dev-Physics (78F01B33-EBEA-4F98-B9B4-84EACCB95AA2): 0
LogDevObjectVersion:   Dev-Platform (6631380F-2D4D-43E0-8009-CF276956A95A): 0
LogDevObjectVersion:   Dev-Rendering (12F88B9F-8875-4AFC-A67C-D90C383ABD29): 20
LogDevObjectVersion:   Dev-Sequencer (7B5AE74C-D270-4C10-A958-57980B212A5A): 4
LogDevObjectVersion:   Dev-VR (D7296918-1DD6-4BDD-9DE2-64A83CC13884): 0
LogDevObjectVersion:   Dev-LoadTimes (C2A15278-BFE7-4AFE-6C17-90FF531DF755): 1
LogDevObjectVersion:   Private-Geometry (6EACA3D4-40EC-4CC1-B786-8BED09428FC5): 1
LogDevObjectVersion:   Dev-AnimPhys (29E575DD-E0A3-4627-9D10-D276232CDCEA): 12
LogInit: Compiled (64-bit): Nov 14 2017 02:05:55
LogInit: Compiled with Visual C++: 19.00.24215.01
LogInit: Build Configuration: Development
LogInit: Branch Name: ++UE4+Release-4.18
LogInit: Command line: -EpicPortal 
LogInit: Base directory: C:/Program Files/Epic Games/UE_4.18/Engine/Binaries/Win64/
LogInit: Installed Engine Build: 1
LogInit: Presizing for max 8388607 objects, including 0 objects not considered by GC, pre-allocating 0 bytes for permanent pool.
LogInit: Object subsystem initialized
[2017.12.09-19.27.54:384][  0]LogInit: Selected Device Profile: [Windows]
[2017.12.09-19.27.54:384][  0]LogInit: Applying CVar settings loaded from the selected device profile: [Windows]
[2017.12.09-19.27.54:424][  0]LogInit: Computer: DESKTOP-PHUVTA3
[2017.12.09-19.27.54:424][  0]LogInit: User: iking
[2017.12.09-19.27.54:424][  0]LogInit: CPU Page size=4096, Cores=4
[2017.12.09-19.27.54:424][  0]LogInit: High frequency timer resolution =3.342714 MHz
[2017.12.09-19.27.54:424][  0]LogMemory: Memory total: Physical=16.0GB (16GB approx)
[2017.12.09-19.27.54:424][  0]LogMemory: Platform Memory Stats for Windows
[2017.12.09-19.27.54:424][  0]LogMemory: Process Physical Memory: 272.75 MB used, 272.75 MB peak
[2017.12.09-19.27.54:424][  0]LogMemory: Process Virtual Memory: 271.68 MB used, 271.68 MB peak
[2017.12.09-19.27.54:424][  0]LogMemory: Physical Memory: 4885.77 MB used,  11495.46 MB free, 16381.24 MB total
[2017.12.09-19.27.54:424][  0]LogMemory: Virtual Memory: 645.18 MB used,  11495.46 MB free, 134217728.00 MB total
[2017.12.09-19.27.54:653][  0]LogInit: Using OS detected language (en-US).
[2017.12.09-19.27.54:653][  0]LogInit: Using OS detected locale (en-US).
[2017.12.09-19.27.54:658][  0]LogTextLocalizationManager: No specific localization for 'en-US' exists, so the 'en' localization will be used.
[2017.12.09-19.27.55:199][  0]LogInit: Setting process to per monitor DPI aware
[2017.12.09-19.27.55:547][  0]LogD3D11RHI: D3D11 adapters:
[2017.12.09-19.27.55:565][  0]LogD3D11RHI:    0. 'AMD Radeon R9 200 Series' (Feature Level 11_0)
[2017.12.09-19.27.55:565][  0]LogD3D11RHI:       3053/0/8190 MB DedicatedVideo/DedicatedSystem/SharedSystem, Outputs:2, VendorId:0x1002
[2017.12.09-19.27.55:567][  0]LogD3D11RHI:    1. 'Microsoft Basic Render Driver' (Feature Level 11_0)
[2017.12.09-19.27.55:567][  0]LogD3D11RHI:       0/0/8190 MB DedicatedVideo/DedicatedSystem/SharedSystem, Outputs:0, VendorId:0x1414
[2017.12.09-19.27.55:567][  0]LogD3D11RHI: Chosen D3D11 Adapter: 0
[2017.12.09-19.27.55:574][  0]LogD3D11RHI: Creating new Direct3DDevice
[2017.12.09-19.27.55:574][  0]LogD3D11RHI:     GPU DeviceId: 0x6798 (for the marketing name, search the web for "GPU Device Id")
[2017.12.09-19.27.55:574][  0]LogWindows: EnumDisplayDevices:
[2017.12.09-19.27.55:574][  0]LogWindows:    0. 'AMD Radeon R9 200 Series' (P:0 D:1)
[2017.12.09-19.27.55:574][  0]LogWindows:    1. 'AMD Radeon R9 200 Series' (P:1 D:1)
[2017.12.09-19.27.55:575][  0]LogWindows:    2. 'AMD Radeon R9 200 Series' (P:0 D:0)
[2017.12.09-19.27.55:575][  0]LogWindows:    3. 'AMD Radeon R9 200 Series' (P:0 D:0)
[2017.12.09-19.27.55:575][  0]LogWindows:    4. 'AMD Radeon R9 200 Series' (P:0 D:0)
[2017.12.09-19.27.55:575][  0]LogWindows:    5. 'AMD Radeon R9 200 Series' (P:0 D:0)
[2017.12.09-19.27.55:576][  0]LogWindows: DebugString: FoundDriverCount:6 
[2017.12.09-19.27.55:576][  0]LogD3D11RHI:     Adapter Name: AMD Radeon R9 200 Series
[2017.12.09-19.27.55:576][  0]LogD3D11RHI:   Driver Version: Crimson ReLive 17.1.1 (internal:22.19.162.4, unified:22.19.162.4)
[2017.12.09-19.27.55:576][  0]LogD3D11RHI:      Driver Date: 4-24-2017
[2017.12.09-19.27.55:576][  0]LogRHI: Texture pool is 2137 MB (70% of 3053 MB)
[2017.12.09-19.27.55:632][  0]LogD3D11RHI: Async texture creation enabled
[2017.12.09-19.27.55:644][  0]LogD3D11RHI: GPU Timing Frequency: 27.000000 (Debug: 2 1)
[2017.12.09-19.27.55:645][  0]LogShaderCompilers: Guid format shader working directory is -25 characters bigger than the processId version (../../../../../../Users/iking/Documents/Unreal Projects/brickDestroyer/Intermediate/Shaders/WorkingDirectory/36456/).
[2017.12.09-19.27.55:645][  0]LogShaderCompilers: Cleaned the shader compiler working directory 'C:/Users/iking/AppData/Local/Temp/UnrealShaderWorkingDir/5023AE3B4EEEC3299A2FEA8494BF524E/'.
[2017.12.09-19.27.55:645][  0]LogShaderCompilers: Display: Using Local Shader Compiler.
[2017.12.09-19.27.57:486][  0]LogTemp: Display: Loaded TP AllDesktopTargetPlatform
[2017.12.09-19.27.57:565][  0]LogTemp: Display: Loaded TP MacClientTargetPlatform
[2017.12.09-19.27.57:644][  0]LogTemp: Display: Loaded TP MacNoEditorTargetPlatform
[2017.12.09-19.27.57:722][  0]LogTemp: Display: Loaded TP MacServerTargetPlatform
[2017.12.09-19.27.57:801][  0]LogTemp: Display: Loaded TP MacTargetPlatform
[2017.12.09-19.27.57:878][  0]LogTemp: Display: Loaded TP WindowsClientTargetPlatform
[2017.12.09-19.27.57:957][  0]LogTemp: Display: Loaded TP WindowsNoEditorTargetPlatform
[2017.12.09-19.27.58:036][  0]LogTemp: Display: Loaded TP WindowsServerTargetPlatform
[2017.12.09-19.27.58:104][  0]LogTemp: Display: Loaded TP WindowsTargetPlatform
[2017.12.09-19.27.58:182][  0]LogTemp: Display: Loaded TP Android_ASTCTargetPlatform
[2017.12.09-19.27.58:259][  0]LogTemp: Display: Loaded TP Android_ATCTargetPlatform
[2017.12.09-19.27.58:336][  0]LogTemp: Display: Loaded TP Android_DXTTargetPlatform
[2017.12.09-19.27.58:413][  0]LogTemp: Display: Loaded TP Android_ETC1TargetPlatform
[2017.12.09-19.27.58:490][  0]LogTemp: Display: Loaded TP Android_ETC2TargetPlatform
[2017.12.09-19.27.58:643][  0]LogTemp: Display: Loaded TP Android_MultiTargetPlatform
[2017.12.09-19.27.58:643][  0]LogTemp: Display: Loaded TP Android_PVRTCTargetPlatform
[2017.12.09-19.27.58:720][  0]LogTemp: Display: Loaded TP AndroidTargetPlatform
[2017.12.09-19.27.58:779][  0]LogTemp: Display: Loaded TP HTML5TargetPlatform
[2017.12.09-19.27.58:907][  0]LogTemp: Display: Loaded TP IOSTargetPlatform
[2017.12.09-19.27.58:950][  0]LogTemp: Display: Loaded TP TVOSTargetPlatform
[2017.12.09-19.27.59:026][  0]LogTemp: Display: Loaded TP LinuxClientTargetPlatform
[2017.12.09-19.27.59:103][  0]LogTemp: Display: Loaded TP LinuxNoEditorTargetPlatform
[2017.12.09-19.27.59:179][  0]LogTemp: Display: Loaded TP LinuxServerTargetPlatform
[2017.12.09-19.27.59:257][  0]LogTemp: Display: Loaded TP LinuxTargetPlatform
[2017.12.09-19.27.59:257][  0]LogTargetPlatformManager: Display: Building Assets For Windows
[2017.12.09-19.27.59:974][  0]LogDerivedDataCache: Display: Max Cache Size: 512 MB
[2017.12.09-19.28.00:151][  0]LogDerivedDataCache: Loaded boot cache 0.18s 87MB C:/Users/iking/AppData/Local/UnrealEngine/4.18/DerivedDataCache/Boot.ddc.
[2017.12.09-19.28.00:152][  0]LogDerivedDataCache: Display: Loaded Boot cache: C:/Users/iking/AppData/Local/UnrealEngine/4.18/DerivedDataCache/Boot.ddc
[2017.12.09-19.28.00:152][  0]LogDerivedDataCache: FDerivedDataBackendGraph:  Pak pak cache file ../../../../../../Users/iking/Documents/Unreal Projects/brickDestroyer/DerivedDataCache/DDC.ddp not found, will not use a pak cache.
[2017.12.09-19.28.00:152][  0]LogDerivedDataCache: Unable to find inner node Pak for hierarchical cache Hierarchy.
[2017.12.09-19.28.00:152][  0]LogDerivedDataCache: FDerivedDataBackendGraph:  CompressedPak pak cache file ../../../../../../Users/iking/Documents/Unreal Projects/brickDestroyer/DerivedDataCache/Compressed.ddp not found, will not use a pak cache.
[2017.12.09-19.28.00:152][  0]LogDerivedDataCache: Unable to find inner node CompressedPak for hierarchical cache Hierarchy.
[2017.12.09-19.28.00:178][  0]LogDerivedDataCache: Display: Pak cache opened for reading ../../../Engine/DerivedDataCache/Compressed.ddp.
[2017.12.09-19.28.00:190][  0]LogDerivedDataCache: Using Local data cache path C:/Users/iking/AppData/Local/UnrealEngine/Common/DerivedDataCache: Writable
[2017.12.09-19.28.00:208][  0]LogMaterial: Verifying Global Shaders for PCD3D_SM5
[2017.12.09-19.28.00:208][  0]LogSlate: Using Freetype 2.6.0
[2017.12.09-19.28.00:209][  0]LogSlate: SlateFontCache - WITH_FREETYPE: 1, WITH_HARFBUZZ: 1
[2017.12.09-19.28.00:209][  0]LogSlate: SlateFontCache - WITH_FREETYPE: 1, WITH_HARFBUZZ: 1
[2017.12.09-19.28.00:791][  0]LogInit: Selected Device Profile: [Windows]
[2017.12.09-19.28.01:289][  0]LogSimplygon: Simplygon DLL not present - disabling.
[2017.12.09-19.28.01:351][  0]LogMeshReduction: Using SimplygonSwarm for distributed automatic mesh merging
[2017.12.09-19.28.01:351][  0]LogMeshReduction: Using QuadricMeshReduction for automatic static mesh reduction
[2017.12.09-19.28.01:351][  0]LogMeshReduction: No automatic skeletal mesh reduction module available
[2017.12.09-19.28.01:351][  0]LogMeshReduction: No automatic mesh merging module available
[2017.12.09-19.28.01:351][  0]LogMeshMerging: No automatic mesh merging module available
[2017.12.09-19.28.01:393][  0]LogNetVersion: brickDestroyer , NetCL: 3709383, EngineNetVer: 2, GameNetVer: 0 (Checksum: 1742795680)
[2017.12.09-19.28.01:621][  0]LogAssetRegistry: FAssetRegistry took 0.0285 seconds to start up
[2017.12.09-19.28.02:421][  0]LogPackageLocalizationCache: Processed 7 localized package path(s) for 2 prioritized culture(s) in 0.103846 seconds
[2017.12.09-19.28.02:430][  0]LogUObjectArray: 35900 objects as part of root set at end of initial load.
[2017.12.09-19.28.02:430][  0]LogUObjectAllocator: 7372016 out of 0 bytes used by permanent object pool.
[2017.12.09-19.28.02:431][  0]LogUObjectArray: CloseDisregardForGC: 0/0 objects in disregard for GC pool
[2017.12.09-19.28.02:514][  0]LogInit: WinSock: version 1.1 (2.2), MaxSocks=32767, MaxUdp=65467
[2017.12.09-19.28.06:569][  0]LogTcpMessaging: Initializing TcpMessaging bridge
[2017.12.09-19.28.06:631][  0]LogUdpMessaging: Initializing bridge on interface 0.0.0.0:0 to multicast group 230.0.0.1:6666.
[2017.12.09-19.28.07:626][  0]LogMaterial: Uniform references updated for custom material expression Custom.
[2017.12.09-19.28.08:274][  0]SourceControl: Source control is disabled
[2017.12.09-19.28.08:274][  0]SourceControl: Source control is disabled
[2017.12.09-19.28.08:356][  0]SourceControl: Source control is disabled
[2017.12.09-19.28.08:437][  0]SourceControl: Source control is disabled
[2017.12.09-19.28.09:705][  0]LogAndroidPermission: UAndroidPermissionCallbackProxy::GetInstance
[2017.12.09-19.28.10:130][  0]LogOcInput: OculusInput pre-init called
[2017.12.09-19.28.10:574][  0]LogEngine: Initializing Engine...
[2017.12.09-19.28.10:577][  0]LogHMD: Failed to initialize OpenVR with code 110
[2017.12.09-19.28.11:383][  0]LogStats: UGameplayTagsManager::ConstructGameplayTagTree: Construct from data asset -  0.000 s
[2017.12.09-19.28.11:383][  0]LogStats: UGameplayTagsManager::ConstructGameplayTagTree: GameplayTagTreeChangedEvent.Broadcast -  0.000 s
[2017.12.09-19.28.11:575][  0]LogAIModule: Creating AISystem for world Untitled
[2017.12.09-19.28.11:594][  0]LogInit: XAudio2 using 'Headphone (VIA HD Audio)' : 2 channels at 48 kHz using 32 bits per sample (channel mask 0x3)
[2017.12.09-19.28.11:632][  0]LogInit: FAudioDevice initialized.
[2017.12.09-19.28.11:851][  0]LogDerivedDataCache: Saved boot cache 0.22s 92MB C:/Users/iking/AppData/Local/UnrealEngine/4.18/DerivedDataCache/Boot.ddc.
[2017.12.09-19.28.11:895][  0]LogInit: Texture streaming: Enabled
[2017.12.09-19.28.12:051][  0]LogEngineSessionManager: EngineSessionManager initialized
[2017.12.09-19.28.12:249][  0]LogInit: Transaction tracking system initialized
[2017.12.09-19.28.12:720][  0]BlueprintLog: New page: Editor Load
[2017.12.09-19.28.14:071][  0]LocalizationService: Localization service is disabled
[2017.12.09-19.28.15:195][  0]LogConsoleResponse: Display: 
[2017.12.09-19.28.15:914][  0]LogCook: Display: Max memory allowance for cook 16384mb min free memory 0mb
[2017.12.09-19.28.15:914][  0]LogCook: Display: Mobile HDR setting 1
[2017.12.09-19.28.15:914][  0]LogGameplayTags: Display: UGameplayTagsManager::DoneAddingNativeTags. DelegateIsBound: 0
[2017.12.09-19.28.16:153][  0]LogFileCache: Scanning file cache for directory 'C:/Users/iking/Documents/Unreal Projects/brickDestroyer/Content/' took 0.02s
[2017.12.09-19.28.17:755][  0]SourceControl: Source control is disabled
[2017.12.09-19.28.17:875][  0]LogWindowsTextInputMethodSystem: Display: IME system now deactivated.
[2017.12.09-19.28.17:877][  0]LogSlate: Took 0.000335 seconds to synchronously load lazily loaded font '../../../Engine/Content/Slate/Fonts/Roboto-Regular.ttf' (155K)
[2017.12.09-19.28.42:688][  0]LogWindowsTextInputMethodSystem: Display: IME system now deactivated.
[2017.12.09-19.28.42:689][  0]LogWindowsTextInputMethodSystem: Display: IME system now deactivated.
[2017.12.09-19.28.45:308][  0]LogWindowsTextInputMethodSystem: Display: IME system now deactivated.
[2017.12.09-19.28.45:309][  0]LogWindowsTextInputMethodSystem: Display: IME system now deactivated.
[2017.12.09-19.28.45:626][  0]Cmd: MAP LOAD FILE="../../../../../../Users/iking/Documents/Unreal Projects/brickDestroyer/Content/blockBreaker.umap" TEMPLATE=0 SHOWPROGRESS=1 FEATURELEVEL=3
[2017.12.09-19.28.45:626][  0]LightingResults: New page: Lighting Build
[2017.12.09-19.28.45:694][  0]MapCheck: New page: Map Check
[2017.12.09-19.28.45:694][  0]LightingResults: New page: Lighting Build
[2017.12.09-19.28.46:067][  0]LogAIModule: Creating AISystem for world blockBreaker
[2017.12.09-19.28.46:078][  0]LogEditorServer: Finished looking for orphan Actors (0.000 secs)
[2017.12.09-19.28.46:110][  0]Cmd: MAP CHECKDEP NOCLEARLOG
[2017.12.09-19.28.46:189][  0]MapCheck: Map check complete: 0 Error(s), 0 Warning(s), took 79.031ms to complete.
[2017.12.09-19.28.46:189][  0]LogFileHelpers: Loading map 'blockBreaker' took 0.564
[2017.12.09-19.28.46:669][  0]LogStats: Warning: MetaData mismatch. Did you assign a stat to two groups? New //STATGROUP_Threads//SplashScreenThread///Thread_333c_0///####STATCAT_Advanced#### old //STATGROUP_Threads//SplashScreenThread///Thread_1568_0///####STATCAT_Advanced####
[2017.12.09-19.28.46:669][  0]LogCollectionManager: Loaded 0 collections in 0.003789 seconds
[2017.12.09-19.28.46:883][  0]LogFileCache: Scanning file cache for directory 'C:/Users/iking/Documents/Unreal Projects/brickDestroyer/Saved/Collections/' took 0.01s
[2017.12.09-19.28.46:884][  0]LogFileCache: Scanning file cache for directory 'C:/Users/iking/Documents/Unreal Projects/brickDestroyer/Content/Developers/iking/Collections/' took 0.01s
[2017.12.09-19.28.46:884][  0]LogFileCache: Scanning file cache for directory 'C:/Users/iking/Documents/Unreal Projects/brickDestroyer/Content/Collections/' took 0.01s
[2017.12.09-19.28.46:884][  0]LogCollectionManager: Rebuilt the GUID cache for 0 collections in 0.000001 seconds
[2017.12.09-19.28.46:922][  0]LogContentBrowser: Native class hierarchy populated in 0.0348 seconds. Added 2363 classes and 519 folders.
[2017.12.09-19.28.47:062][  0]LogContentBrowser: Native class hierarchy updated for 'WidgetCarousel' in 0.0004 seconds. Added 0 classes and 0 folders.
[2017.12.09-19.28.48:483][  0]LogContentBrowser: Native class hierarchy updated for 'AddContentDialog' in 0.0005 seconds. Added 0 classes and 0 folders.
[2017.12.09-19.28.48:612][  0]LogContentBrowser: Native class hierarchy updated for 'SceneOutliner' in 0.0004 seconds. Added 1 classes and 2 folders.
[2017.12.09-19.28.52:368][  0]LogSlate: Only BGRA pngs, bmps or icos are supported in by External Image Picker
[2017.12.09-19.28.52:447][  0]LogSlate: Took 0.000309 seconds to synchronously load lazily loaded font '../../../Engine/Content/Slate/Fonts/Roboto-Bold.ttf' (160K)
[2017.12.09-19.28.52:505][  0]LogSlate: Took 0.024056 seconds to synchronously load lazily loaded font '../../../Engine/Content/Editor/Slate/Fonts/FontAwesome.ttf' (139K)
[2017.12.09-19.28.53:062][  0]LogTemp: Executing iPhonePackager certificates Engine -bundlename com.YourCompany.brickDestroyer
[2017.12.09-19.28.53:062][  0]LogTemp: CWD: C:\Program Files\Epic Games\UE_4.18\Engine\Binaries\DotNET\IOS
[2017.12.09-19.28.53:062][  0]LogTemp: Initial Dir: C:\Program Files\Epic Games\UE_4.18
[2017.12.09-19.28.53:062][  0]LogTemp: Env CWD: C:\Program Files\Epic Games\UE_4.18\Engine\Binaries\DotNET\IOS
[2017.12.09-19.28.53:062][  0]LogTemp: BranchPath = DESKTOP-PHUVTA3/C/Program Files/Epic Games/UE_4.18/Engine/Binaries --- GameBranchPath = DESKTOP-PHUVTA3/C/Program Files/Epic Games/UE_4.18/Engine/Binaries
[2017.12.09-19.28.53:062][  0]LogTemp: IPP ERROR: Could not find provision directory 'C:\Users\iking\AppData\Local/Apple Computer/MobileDevice/Provisioning Profiles/'.
[2017.12.09-19.28.53:062][  0]LogRenderer: Reallocating scene render targets to support 1208x576 Format 26 NumSamples 1 (Frame:1).
[2017.12.09-19.28.53:299][  0]LogSlate: Took 0.013219 seconds to synchronously load lazily loaded font '../../../Engine/Content/Slate/Fonts/Roboto-Light.ttf' (159K)
[2017.12.09-19.28.53:671][  0]LogContentBrowser: Native class hierarchy updated for 'HierarchicalLODOutliner' in 0.0004 seconds. Added 1 classes and 2 folders.
[2017.12.09-19.28.53:671][  0]LogLoad: (Engine Initialization) Total time: 63.26 seconds
[2017.12.09-19.28.53:671][  0]LogLoad: (Engine Initialization) Total Blueprint compile time: 0.00 seconds
[2017.12.09-19.28.53:671][  0]LogExternalProfiler: No external profilers were discovered.  External profiling features will not be available.
[2017.12.09-19.28.53:734][  0]LogContentStreaming: Texture pool size now 1000 MB
[2017.12.09-19.28.53:829][  1]LogAssetRegistry: Asset discovery search completed in 52.2301 seconds
[2017.12.09-19.28.53:832][  1]LogCollectionManager: Rebuilt the object cache for 0 collections in 0.000001 seconds (found 0 objects)
[2017.12.09-19.28.53:832][  1]LogCollectionManager: Fixed up redirectors for 0 collections in 0.000118 seconds (updated 0 objects)
[2017.12.09-19.28.54:712][ 80]LogSlate: Took 0.000397 seconds to synchronously load lazily loaded font '../../../Engine/Content/Slate/Fonts/Roboto-Light.ttf' (159K)
[2017.12.09-19.29.01:916][894]LogSlate: Took 0.000350 seconds to synchronously load lazily loaded font '../../../Engine/Content/Slate/Fonts/Roboto-Light.ttf' (159K)
[2017.12.09-19.29.02:001][894]LogContentBrowser: Native class hierarchy updated for 'MaterialEditor' in 0.0004 seconds. Added 1 classes and 0 folders.
[2017.12.09-19.29.02:016][894]LogMaterial: Missing cached shader map for material baseMaterial, compiling. 
[2017.12.09-19.29.03:034][894]LogMaterial: Missing cached shader map for material baseMaterial, compiling. 
[2017.12.09-19.29.03:092][894]LogMaterial: Missing cached shader map for material FMatExpressionPreview MaterialExpressionVectorParameter_0, compiling. 
[2017.12.09-19.29.03:183][894]LogSlate: Took 0.068557 seconds to synchronously load lazily loaded font '../../../Engine/Content/Editor/Slate/Fonts/Roboto-BoldCondensed.ttf' (158K)
[2017.12.09-19.29.03:932][897]LogSlate: Took 0.015430 seconds to synchronously load lazily loaded font '../../../Engine/Content/Editor/Slate/Fonts/Roboto-Italic.ttf' (157K)
[2017.12.09-19.29.35:350][160]LogMaterial: Missing cached shader map for material PreviewMaterial_0, compiling. 
[2017.12.09-19.29.35:469][160]LogMaterial: Missing cached shader map for material PreviewMaterial_0, compiling. 
[2017.12.09-19.29.35:500][160]LogMaterial: Missing cached shader map for material PreviewMaterial_0, compiling. 
[2017.12.09-19.29.35:556][160]LogMaterial: Missing cached shader map for material FMatExpressionPreview MaterialExpressionVectorParameter_0, compiling. 
[2017.12.09-19.29.39:940][429]LogMaterial: Missing cached shader map for material PreviewMaterial_0, compiling. 
[2017.12.09-19.29.41:759][541]LogMaterialEditor: Saving and Compiling material baseMaterial
[2017.12.09-19.29.42:892][541]LogMaterial: Missing cached shader map for material PreviewMaterial_0, compiling. 
[2017.12.09-19.29.42:982][541]LogMaterial: Missing cached shader map for material baseMaterial, compiling. 
[2017.12.09-19.29.43:060][541]LogMaterial: Missing cached shader map for material baseMaterial, compiling. 
[2017.12.09-19.29.43:135][541]LogMaterial: Missing cached shader map for material FDebugViewModeMaterialProxy baseMaterial, compiling. 
[2017.12.09-19.29.45:572][541]TextureStreamingBuild: Display: Compiling optional shaders took 2.446 seconds.
[2017.12.09-19.29.50:020][541]LogSlate: Took 0.000407 seconds to synchronously load lazily loaded font '../../../Engine/Content/Slate/Fonts/Roboto-Regular.ttf' (155K)
[2017.12.09-19.29.50:081][541]Cmd: OBJ SAVEPACKAGE PACKAGE="/Game/Materials/baseMaterial" FILE="../../../../../../Users/iking/Documents/Unreal Projects/brickDestroyer/Content/Materials/baseMaterial.uasset" SILENT=true
[2017.12.09-19.29.50:151][541]LogSavePackage: Save=49.79ms
[2017.12.09-19.29.50:152][541]LogSavePackage: Moving '../../../../../../Users/iking/Documents/Unreal Projects/brickDestroyer/Saved/baseMaterialA52E53324780BDD0E903A39F7D2B3F91.tmp' to '../../../../../../Users/iking/Documents/Unreal Projects/brickDestroyer/Content/Materials/baseMaterial.uasset'
[2017.12.09-19.29.50:161][541]LogSavePackage: Display: Finished SavePackage ../../../../../../Users/iking/Documents/Unreal Projects/brickDestroyer/Content/Materials/baseMaterial.uasset
[2017.12.09-19.29.50:175][541]MaterialEditorStats: Base pass shader: 152 instructions
[2017.12.09-19.29.50:175][541]MaterialEditorStats: Base pass shader with Surface Lightmap: 169 instructions
[2017.12.09-19.29.50:175][541]MaterialEditorStats: Base pass shader with Volumetric Lightmap: 226 instructions
[2017.12.09-19.29.50:175][541]MaterialEditorStats: Vertex shader: 85 instructions
[2017.12.09-19.29.50:175][541]MaterialEditorStats: Texture samplers: 3/16
[2017.12.09-19.30.14:744][789]LogContentBrowser: Native class hierarchy updated for 'BlueprintGraph' in 0.0011 seconds. Added 116 classes and 0 folders.
[2017.12.09-19.30.15:861][789]LogMaterial: Missing cached shader map for material PersonaFloorMat, compiling. 
[2017.12.09-19.32.10:697][897]LogRenderer: Reallocating scene render targets to support 1208x712 Format 26 NumSamples 1 (Frame:1).
[2017.12.09-19.32.52:469][463]LogEditorViewport: Clicking on Actor (LMB): BP_Sky_Sphere_C (Sky Sphere)
[2017.12.09-19.33.02:237][318]LogEditorViewport: Clicking on Actor (LMB): BP_Sky_Sphere_C (Sky Sphere)
[2017.12.09-19.33.07:280][815]LogEditorViewport: Clicking on Actor (LMB): BP_Sky_Sphere_C (Sky Sphere)
[2017.12.09-19.33.09:383][989]Cmd: DELETE
[2017.12.09-19.33.09:383][989]Cmd: ACTOR DELETE
[2017.12.09-19.33.09:467][989]LogEditorActor: Deleted Actor: Brush
[2017.12.09-19.33.09:521][989]LogEditorActor: Deleted 1 Actors (0.105 secs)
[2017.12.09-19.33.12:882][352]Cmd: TRANSACTION UNDO
[2017.12.09-19.33.12:882][352]LogEditorTransaction: Undo Delete Actors
[2017.12.09-19.33.13:019][352]LogMaterial: Missing cached shader map for material PreviewMaterial_0, compiling. 
[2017.12.09-19.33.19:288][820]MaterialEditorStats: Base pass shader: 152 instructions
[2017.12.09-19.33.19:288][820]MaterialEditorStats: Base pass shader with Surface Lightmap: 169 instructions
[2017.12.09-19.33.19:288][820]MaterialEditorStats: Base pass shader with Volumetric Lightmap: 226 instructions
[2017.12.09-19.33.19:288][820]MaterialEditorStats: Vertex shader: 85 instructions
[2017.12.09-19.33.19:288][820]MaterialEditorStats: Texture samplers: 3/16
[2017.12.09-19.33.25:467][369]LogEditorViewport: Clicking on Actor (LMB): BP_Sky_Sphere_C (Sky Sphere)
[2017.12.09-19.33.49:430][226]LogEditorViewport: Clicking on Actor (LMB): BP_Sky_Sphere_C (Sky Sphere)
[2017.12.09-19.33.54:594][671]LogEditorViewport: Clicking on Actor (LMB): BP_Sky_Sphere_C (Sky Sphere)
[2017.12.09-19.33.56:337][811]Cmd: DELETE
[2017.12.09-19.33.56:337][811]Cmd: ACTOR DELETE
[2017.12.09-19.33.56:340][811]LogEditorActor: Deleted Actor: Brush
[2017.12.09-19.33.56:369][811]LogEditorActor: Deleted 1 Actors (0.031 secs)
[2017.12.09-19.35.50:486][252]LogFactory: FactoryCreateFile: StaticMesh with FbxFactory (0 0 C:\Users\iking\Desktop\untitled.obj)
[2017.12.09-19.35.50:691][252]LogFbx: Loading FBX Scene from C:\Users\iking\Desktop\untitled.obj
[2017.12.09-19.35.53:079][252]LogFbx: FBX Scene Loaded Succesfully
[2017.12.09-19.35.57:624][252]LogFbx: Loading FBX Scene from C:\Users\iking\Desktop\untitled.obj
[2017.12.09-19.35.59:959][252]LogFbx: FBX Scene Loaded Succesfully
[2017.12.09-19.35.59:992][252]LogLinker: Can't find file '/Game/Geometry/Meshes/Material_003'
[2017.12.09-19.35.59:992][252]LogLinker: Can't find file '/Game/Geometry/Meshes/Material_003'
[2017.12.09-19.36.00:002][252]LogMaterial: Missing cached shader map for material Material_003, compiling. 
[2017.12.09-19.36.00:034][252]LogLinker: Can't find file '/Game/Geometry/Meshes/Material_002'
[2017.12.09-19.36.00:034][252]LogLinker: Can't find file '/Game/Geometry/Meshes/Material_002'
[2017.12.09-19.36.00:042][252]LogMaterial: Missing cached shader map for material Material_002, compiling. 
[2017.12.09-19.36.00:073][252]LogLinker: Can't find file '/Game/Geometry/Meshes/Material_001'
[2017.12.09-19.36.00:074][252]LogLinker: Can't find file '/Game/Geometry/Meshes/Material_001'
[2017.12.09-19.36.00:081][252]LogMaterial: Missing cached shader map for material Material_001, compiling. 
[2017.12.09-19.36.00:113][252]LogLinker: Can't find file '/Game/Geometry/Meshes/White'
[2017.12.09-19.36.00:113][252]LogLinker: Can't find file '/Game/Geometry/Meshes/White'
[2017.12.09-19.36.00:121][252]LogMaterial: Missing cached shader map for material White, compiling. 
[2017.12.09-19.36.00:155][252]LogLinker: Can't find file '/Game/Geometry/Meshes/Black'
[2017.12.09-19.36.00:155][252]LogLinker: Can't find file '/Game/Geometry/Meshes/Black'
[2017.12.09-19.36.00:163][252]LogMaterial: Missing cached shader map for material Black, compiling. 
[2017.12.09-19.36.00:196][252]LogFbx: Warning: Triangulating static mesh default
[2017.12.09-19.36.07:277][252]LogStaticMesh: Building static mesh untitled...
