Log file open, 12/26/17 14:57:39
LogWindows: Failed to load 'aqProf.dll' (GetLastError=126)
LogWindows: File 'aqProf.dll' does not exist
LogWindows: Failed to load 'VSPerf140.dll' (GetLastError=126)
LogWindows: File 'VSPerf140.dll' does not exist
LogWindows: Failed to load 'VtuneApi.dll' (GetLastError=126)
LogWindows: File 'VtuneApi.dll' does not exist
LogWindows: Failed to load 'VtuneApi32e.dll' (GetLastError=126)
LogWindows: File 'VtuneApi32e.dll' does not exist
LogInit: Display: Running engine for game: brickDestroyer
LogPlatformFile: Not using cached read wrapper
LogInit: Display: RandInit(-947725707) SRandInit(-947725707).
LogInit: Read version file with build ID '3709383'
LogInit: Overriding engine version to CL 3794801, compatible CL 3709383
LogInit: Registered custom module enumerator with build ID '3709383'
LogTaskGraph: Started task graph with 5 named threads and 11 total threads with 3 sets of task threads.
LogStats: Stats thread started at 0.179823
LogD3D11RHI: Aftermath initialized
LogModuleManager: Display: Found up-to-date module file ../../../Engine/Plugins/2D/Paper2D/Binaries/Win64/UE4Editor-Paper2D.dll (API version 3709383).
LogModuleManager: Display: Found up-to-date module file ../../../Engine/Plugins/2D/Paper2D/Binaries/Win64/UE4Editor-Paper2DEditor.dll (API version 3709383).
LogModuleManager: Display: Found up-to-date module file ../../../Engine/Plugins/2D/Paper2D/Binaries/Win64/UE4Editor-PaperSpriteSheetImporter.dll (API version 3709383).
LogModuleManager: Display: Found up-to-date module file ../../../Engine/Plugins/2D/Paper2D/Binaries/Win64/UE4Editor-PaperTiledImporter.dll (API version 3709383).
LogModuleManager: Display: Found up-to-date module file ../../../Engine/Plugins/2D/Paper2D/Binaries/Win64/UE4Editor-SmartSnapping.dll (API version 3709383).
LogModuleManager: Display: Found up-to-date module file ../../../Engine/Plugins/Blendables/LightPropagationVolume/Binaries/Win64/UE4Editor-LightPropagationVolumeRuntime.dll (API version 3709383).
LogModuleManager: Display: Found up-to-date module file ../../../Engine/Plugins/Blendables/LightPropagationVolume/Binaries/Win64/UE4Editor-LightPropagationVolumeEditor.dll (API version 3709383).
LogModuleManager: Display: Found up-to-date module file ../../../Engine/Plugins/Developer/GitSourceControl/Binaries/Win64/UE4Editor-GitSourceControl.dll (API version 3709383).
LogModuleManager: Display: Found up-to-date module file ../../../Engine/Plugins/Developer/PerforceSourceControl/Binaries/Win64/UE4Editor-PerforceSourceControl.dll (API version 3709383).
LogModuleManager: Display: Found up-to-date module file ../../../Engine/Plugins/Developer/SubversionSourceControl/Binaries/Win64/UE4Editor-SubversionSourceControl.dll (API version 3709383).
LogModuleManager: Display: Found up-to-date module file ../../../Engine/Plugins/Developer/UObjectPlugin/Binaries/Win64/UE4Editor-UObjectPlugin.dll (API version 3709383).
LogModuleManager: Display: Found up-to-date module file ../../../Engine/Plugins/Developer/VisualStudioCodeSourceCodeAccess/Binaries/Win64/UE4Editor-VisualStudioCodeSourceCodeAccess.dll (API version 3709383).
LogModuleManager: Display: Found up-to-date module file ../../../Engine/Plugins/Developer/VisualStudioSourceCodeAccess/Binaries/Win64/UE4Editor-VisualStudioSourceCodeAccess.dll (API version 3709383).
LogModuleManager: Display: Found up-to-date module file ../../../Engine/Plugins/Editor/AssetManagerEditor/Binaries/Win64/UE4Editor-AssetManagerEditor.dll (API version 3709383).
LogModuleManager: Display: Found up-to-date module file ../../../Engine/Plugins/Editor/AudioCapture/Binaries/Win64/UE4Editor-AudioCapture.dll (API version 3709383).
LogModuleManager: Display: Found up-to-date module file ../../../Engine/Plugins/Editor/FacialAnimation/Binaries/Win64/UE4Editor-FacialAnimation.dll (API version 3709383).
LogModuleManager: Display: Found up-to-date module file ../../../Engine/Plugins/Editor/FacialAnimation/Binaries/Win64/UE4Editor-FacialAnimationEditor.dll (API version 3709383).
LogModuleManager: Display: Found up-to-date module file ../../../Engine/Plugins/Editor/GameplayTagsEditor/Binaries/Win64/UE4Editor-GameplayTagsEditor.dll (API version 3709383).
LogModuleManager: Display: Found up-to-date module file ../../../Engine/Plugins/Editor/MobileLauncherProfileWizard/Binaries/Win64/UE4Editor-MobileLauncherProfileWizard.dll (API version 3709383).
LogModuleManager: Display: Found up-to-date module file ../../../Engine/Plugins/Editor/PluginBrowser/Binaries/Win64/UE4Editor-PluginBrowser.dll (API version 3709383).
LogModuleManager: Display: Found up-to-date module file ../../../Engine/Plugins/Editor/SpeedTreeImporter/Binaries/Win64/UE4Editor-SpeedTreeImporter.dll (API version 3709383).
LogModuleManager: Display: Found up-to-date module file ../../../Engine/Plugins/Experimental/AlembicImporter/Binaries/Win64/UE4Editor-AlembicImporter.dll (API version 3709383).
LogModuleManager: Display: Found up-to-date module file ../../../Engine/Plugins/Experimental/AlembicImporter/Binaries/Win64/UE4Editor-AlembicLibrary.dll (API version 3709383).
LogModuleManager: Display: Found up-to-date module file ../../../Engine/Plugins/Experimental/CharacterAI/Binaries/Win64/UE4Editor-CharacterAI.dll (API version 3709383).
LogModuleManager: Display: Found up-to-date module file ../../../Engine/Plugins/Experimental/HTML5Networking/Binaries/Win64/UE4Editor-HTML5Networking.dll (API version 3709383).
LogModuleManager: Display: Found up-to-date module file ../../../Engine/Plugins/Media/AndroidMedia/Binaries/Win64/UE4Editor-AndroidMediaEditor.dll (API version 3709383).
LogModuleManager: Display: Found up-to-date module file ../../../Engine/Plugins/Media/AndroidMedia/Binaries/Win64/UE4Editor-AndroidMediaFactory.dll (API version 3709383).
LogModuleManager: Display: Found up-to-date module file ../../../Engine/Plugins/Media/AvfMedia/Binaries/Win64/UE4Editor-AvfMediaEditor.dll (API version 3709383).
LogModuleManager: Display: Found up-to-date module file ../../../Engine/Plugins/Media/AvfMedia/Binaries/Win64/UE4Editor-AvfMediaFactory.dll (API version 3709383).
LogModuleManager: Display: Found up-to-date module file ../../../Engine/Plugins/Media/AvfMedia/Binaries/Win64/UE4Editor-AvfMediaFactory.dll (API version 3709383).
LogModuleManager: Display: Found up-to-date module file ../../../Engine/Plugins/Media/ImgMedia/Binaries/Win64/UE4Editor-ImgMedia.dll (API version 3709383).
LogModuleManager: Display: Found up-to-date module file ../../../Engine/Plugins/Media/ImgMedia/Binaries/Win64/UE4Editor-ImgMediaEditor.dll (API version 3709383).
LogModuleManager: Display: Found up-to-date module file ../../../Engine/Plugins/Media/ImgMedia/Binaries/Win64/UE4Editor-ImgMediaFactory.dll (API version 3709383).
LogModuleManager: Display: Found up-to-date module file ../../../Engine/Plugins/Media/ImgMedia/Binaries/Win64/UE4Editor-ImgMediaFactory.dll (API version 3709383).
LogModuleManager: Display: Found up-to-date module file ../../../Engine/Plugins/Media/ImgMedia/Binaries/Win64/UE4Editor-OpenExrWrapper.dll (API version 3709383).
LogModuleManager: Display: Found up-to-date module file ../../../Engine/Plugins/Media/MediaCompositing/Binaries/Win64/UE4Editor-MediaCompositing.dll (API version 3709383).
LogModuleManager: Display: Found up-to-date module file ../../../Engine/Plugins/Media/MediaCompositing/Binaries/Win64/UE4Editor-MediaCompositingEditor.dll (API version 3709383).
LogModuleManager: Display: Found up-to-date module file ../../../Engine/Plugins/Media/MediaPlayerEditor/Binaries/Win64/UE4Editor-MediaPlayerEditor.dll (API version 3709383).
LogModuleManager: Display: Found up-to-date module file ../../../Engine/Plugins/Media/WmfMedia/Binaries/Win64/UE4Editor-WmfMedia.dll (API version 3709383).
LogModuleManager: Display: Found up-to-date module file ../../../Engine/Plugins/Media/WmfMedia/Binaries/Win64/UE4Editor-WmfMediaEditor.dll (API version 3709383).
LogModuleManager: Display: Found up-to-date module file ../../../Engine/Plugins/Media/WmfMedia/Binaries/Win64/UE4Editor-WmfMediaFactory.dll (API version 3709383).
LogModuleManager: Display: Found up-to-date module file ../../../Engine/Plugins/Media/WmfMedia/Binaries/Win64/UE4Editor-WmfMediaFactory.dll (API version 3709383).
LogModuleManager: Display: Found up-to-date module file ../../../Engine/Plugins/Messaging/TcpMessaging/Binaries/Win64/UE4Editor-TcpMessaging.dll (API version 3709383).
LogModuleManager: Display: Found up-to-date module file ../../../Engine/Plugins/Messaging/UdpMessaging/Binaries/Win64/UE4Editor-UdpMessaging.dll (API version 3709383).
LogModuleManager: Display: Found up-to-date module file ../../../Engine/Plugins/MovieScene/ActorSequence/Binaries/Win64/UE4Editor-ActorSequence.dll (API version 3709383).
LogModuleManager: Display: Found up-to-date module file ../../../Engine/Plugins/MovieScene/LevelSequenceEditor/Binaries/Win64/UE4Editor-LevelSequenceEditor.dll (API version 3709383).
LogModuleManager: Display: Found up-to-date module file ../../../Engine/Plugins/MovieScene/MatineeToLevelSequence/Binaries/Win64/UE4Editor-MatineeToLevelSequence.dll (API version 3709383).
LogModuleManager: Display: Found up-to-date module file ../../../Engine/Plugins/Online/OnlineSubsystem/Binaries/Win64/UE4Editor-OnlineSubsystem.dll (API version 3709383).
LogModuleManager: Display: Found up-to-date module file ../../../Engine/Plugins/Runtime/AndroidPermission/Binaries/Win64/UE4Editor-AndroidPermission.dll (API version 3709383).
LogModuleManager: Display: Found up-to-date module file ../../../Engine/Plugins/Online/OnlineSubsystemNull/Binaries/Win64/UE4Editor-OnlineSubsystemNull.dll (API version 3709383).
LogModuleManager: Display: Found up-to-date module file ../../../Engine/Plugins/Online/OnlineSubsystemUtils/Binaries/Win64/UE4Editor-OnlineSubsystemUtils.dll (API version 3709383).
LogModuleManager: Display: Found up-to-date module file ../../../Engine/Plugins/Online/OnlineSubsystemUtils/Binaries/Win64/UE4Editor-OnlineBlueprintSupport.dll (API version 3709383).
LogModuleManager: Display: Found up-to-date module file ../../../Engine/Plugins/Runtime/AndroidDeviceProfileSelector/Binaries/Win64/UE4Editor-AndroidDeviceProfileSelector.dll (API version 3709383).
LogModuleManager: Display: Found up-to-date module file ../../../Engine/Plugins/Runtime/AppleARKit/Binaries/Win64/UE4Editor-AppleARKit.dll (API version 3709383).
LogModuleManager: Display: Found up-to-date module file ../../../Engine/Plugins/Runtime/ArchVisCharacter/Binaries/Win64/UE4Editor-ArchVisCharacter.dll (API version 3709383).
LogModuleManager: Display: Found up-to-date module file ../../../Engine/Plugins/Runtime/CableComponent/Binaries/Win64/UE4Editor-CableComponent.dll (API version 3709383).
LogModuleManager: Display: Found up-to-date module file ../../../Engine/Plugins/Runtime/CustomMeshComponent/Binaries/Win64/UE4Editor-CustomMeshComponent.dll (API version 3709383).
LogModuleManager: Display: Found up-to-date module file ../../../Engine/Plugins/Runtime/ExampleDeviceProfileSelector/Binaries/Win64/UE4Editor-ExampleDeviceProfileSelector.dll (API version 3709383).
LogModuleManager: Display: Found up-to-date module file ../../../Engine/Plugins/Runtime/ImmediatePhysics/Binaries/Win64/UE4Editor-ImmediatePhysics.dll (API version 3709383).
LogModuleManager: Display: Found up-to-date module file ../../../Engine/Plugins/Runtime/ImmediatePhysics/Binaries/Win64/UE4Editor-ImmediatePhysicsEditor.dll (API version 3709383).
LogModuleManager: Display: Found up-to-date module file ../../../Engine/Plugins/Runtime/LocationServicesBPLibrary/Binaries/Win64/UE4Editor-LocationServicesBPLibrary.dll (API version 3709383).
LogModuleManager: Display: Found up-to-date module file ../../../Engine/Plugins/Runtime/MobilePatchingUtils/Binaries/Win64/UE4Editor-MobilePatchingUtils.dll (API version 3709383).
LogModuleManager: Display: Found up-to-date module file ../../../Engine/Plugins/Runtime/Oculus/OculusVR/Binaries/Win64/UE4Editor-OculusHMD.dll (API version 3709383).
LogModuleManager: Display: Found up-to-date module file ../../../Engine/Plugins/Runtime/Oculus/OculusVR/Binaries/Win64/UE4Editor-OculusInput.dll (API version 3709383).
LogModuleManager: Display: Found up-to-date module file ../../../Engine/Plugins/Runtime/Oculus/OculusVR/Binaries/Win64/UE4Editor-OculusEditor.dll (API version 3709383).
LogModuleManager: Display: Found up-to-date module file ../../../Engine/Plugins/Runtime/PhysXVehicles/Binaries/Win64/UE4Editor-PhysXVehicles.dll (API version 3709383).
LogModuleManager: Display: Found up-to-date module file ../../../Engine/Plugins/Runtime/PhysXVehicles/Binaries/Win64/UE4Editor-PhysXVehiclesEditor.dll (API version 3709383).
LogModuleManager: Display: Found up-to-date module file ../../../Engine/Plugins/Runtime/ProceduralMeshComponent/Binaries/Win64/UE4Editor-ProceduralMeshComponent.dll (API version 3709383).
LogModuleManager: Display: Found up-to-date module file ../../../Engine/Plugins/Runtime/ProceduralMeshComponent/Binaries/Win64/UE4Editor-ProceduralMeshComponentEditor.dll (API version 3709383).
LogModuleManager: Display: Found up-to-date module file ../../../Engine/Plugins/Runtime/RuntimePhysXCooking/Binaries/Win64/UE4Editor-RuntimePhysXCooking.dll (API version 3709383).
LogModuleManager: Display: Found up-to-date module file ../../../Engine/Plugins/Runtime/Steam/SteamVR/Binaries/Win64/UE4Editor-SteamVR.dll (API version 3709383).
LogModuleManager: Display: Found up-to-date module file ../../../Engine/Plugins/Runtime/Steam/SteamVR/Binaries/Win64/UE4Editor-SteamVRController.dll (API version 3709383).
LogModuleManager: Display: Found up-to-date module file ../../../Engine/Plugins/Runtime/WindowsMoviePlayer/Binaries/Win64/UE4Editor-WindowsMoviePlayer.dll (API version 3709383).
LogPluginManager: Mounting plugin Paper2D
LogPluginManager: Mounting plugin LightPropagationVolume
LogPluginManager: Mounting plugin CodeLiteSourceCodeAccess
LogPluginManager: Mounting plugin GitSourceControl
LogPluginManager: Mounting plugin KDevelopSourceCodeAccess
LogPluginManager: Mounting plugin NullSourceCodeAccess
LogPluginManager: Mounting plugin PerforceSourceControl
LogPluginManager: Mounting plugin SubversionSourceControl
LogPluginManager: Mounting plugin UObjectPlugin
LogPluginManager: Mounting plugin VisualStudioCodeSourceCodeAccess
LogPluginManager: Mounting plugin VisualStudioSourceCodeAccess
LogPluginManager: Mounting plugin XCodeSourceCodeAccess
LogPluginManager: Mounting plugin AssetManagerEditor
LogPluginManager: Mounting plugin AudioCapture
LogPluginManager: Mounting plugin FacialAnimation
LogPluginManager: Mounting plugin GameplayTagsEditor
LogPluginManager: Mounting plugin MobileLauncherProfileWizard
LogPluginManager: Mounting plugin PluginBrowser
LogPluginManager: Mounting plugin SpeedTreeImporter
LogPluginManager: Mounting plugin AlembicImporter
LogPluginManager: Mounting plugin CharacterAI
LogPluginManager: Mounting plugin HTML5Networking
LogPluginManager: Mounting plugin AndroidMedia
LogPluginManager: Mounting plugin AvfMedia
LogPluginManager: Mounting plugin ImgMedia
LogPluginManager: Mounting plugin MediaCompositing
LogPluginManager: Mounting plugin MediaPlayerEditor
LogPluginManager: Mounting plugin WmfMedia
LogPluginManager: Mounting plugin TcpMessaging
LogPluginManager: Mounting plugin UdpMessaging
LogPluginManager: Mounting plugin ActorSequence
LogPluginManager: Mounting plugin LevelSequenceEditor
LogPluginManager: Mounting plugin MatineeToLevelSequence
LogPluginManager: Mounting plugin OnlineSubsystemGooglePlay
LogPluginManager: Mounting plugin OnlineSubsystemIOS
LogPluginManager: Mounting plugin OnlineSubsystem
LogPluginManager: Mounting plugin OnlineSubsystemNull
LogPluginManager: Mounting plugin OnlineSubsystemUtils
LogPluginManager: Mounting plugin AndroidDeviceProfileSelector
LogPluginManager: Mounting plugin AndroidMoviePlayer
LogPluginManager: Mounting plugin AndroidPermission
LogPluginManager: Mounting plugin AppleARKit
LogPluginManager: Mounting plugin AppleMoviePlayer
LogPluginManager: Mounting plugin ArchVisCharacter
LogPluginManager: Mounting plugin CableComponent
LogPluginManager: Mounting plugin CustomMeshComponent
LogPluginManager: Mounting plugin ExampleDeviceProfileSelector
LogPluginManager: Mounting plugin GoogleCloudMessaging
LogPluginManager: Mounting plugin ImmediatePhysics
LogPluginManager: Mounting plugin IOSDeviceProfileSelector
LogPluginManager: Mounting plugin LinuxDeviceProfileSelector
LogPluginManager: Mounting plugin LocationServicesBPLibrary
LogPluginManager: Mounting plugin MobilePatchingUtils
LogPluginManager: Mounting plugin OculusVR
LogPluginManager: Plugin shader directory ../../../Engine/Plugins/Runtime/Oculus/OculusVR/Shaders found
LogPluginManager: Mapping shader source directory ../../../Engine/Plugins/Runtime/Oculus/OculusVR/Shaders to virtual directory /Plugin/OculusVR
LogPluginManager: Mounting plugin PhysXVehicles
LogPluginManager: Mounting plugin ProceduralMeshComponent
LogPluginManager: Mounting plugin RuntimePhysXCooking
LogPluginManager: Mounting plugin SteamVR
LogPluginManager: Mounting plugin WindowsMoviePlayer
LogInit: Using libcurl 7.47.1
LogInit:  - built for x86_64-pc-win32
LogInit:  - supports SSL with OpenSSL/1.0.2g
LogInit:  - supports HTTP deflate (compression) using libz 1.2.8
LogInit:  - other features:
LogInit:      CURL_VERSION_SSL
LogInit:      CURL_VERSION_LIBZ
LogInit:      CURL_VERSION_IPV6
LogInit:      CURL_VERSION_ASYNCHDNS
LogInit:      CURL_VERSION_LARGEFILE
LogInit:      CURL_VERSION_IDN
LogInit:  CurlRequestOptions (configurable via config and command line):
LogInit:  - bVerifyPeer = false  - Libcurl will NOT verify peer certificate
LogInit:  - bUseHttpProxy = false  - Libcurl will NOT use HTTP proxy
LogInit:  - bDontReuseConnections = false  - Libcurl will reuse connections
LogInit:  - CertBundlePath = nullptr  - Libcurl will use whatever was configured at build time.
LogInit: Build: ++UE4+Release-4.18-CL-3794801
LogInit: Engine Version: 4.18.2-3794801+++UE4+Release-4.18
LogInit: Compatible Engine Version: 4.18.0-3709383+++UE4+Release-4.18
LogInit: Net CL: 3709383
LogDevObjectVersion: Number of dev versions registered: 16
LogDevObjectVersion:   Dev-Blueprints (B0D832E4-1F89-4F0D-ACCF-7EB736FD4AA2): 10
LogDevObjectVersion:   Dev-Build (E1C64328-A22C-4D53-A36C-8E866417BD8C): 0
LogDevObjectVersion:   Dev-Core (375EC13C-06E4-48FB-B500-84F0262A717E): 2
LogDevObjectVersion:   Dev-Editor (E4B068ED-F494-42E9-A231-DA0B2E46BB41): 20
LogDevObjectVersion:   Dev-Framework (CFFC743F-43B0-4480-9391-14DF171D2073): 30
LogDevObjectVersion:   Dev-Mobile (B02B49B5-BB20-44E9-A304-32B752E40360): 0
LogDevObjectVersion:   Dev-Networking (A4E4105C-59A1-49B5-A7C5-40C4547EDFEE): 0
LogDevObjectVersion:   Dev-Online (39C831C9-5AE6-47DC-9A44-9C173E1C8E7C): 0
LogDevObjectVersion:   Dev-Physics (78F01B33-EBEA-4F98-B9B4-84EACCB95AA2): 0
LogDevObjectVersion:   Dev-Platform (6631380F-2D4D-43E0-8009-CF276956A95A): 0
LogDevObjectVersion:   Dev-Rendering (12F88B9F-8875-4AFC-A67C-D90C383ABD29): 20
LogDevObjectVersion:   Dev-Sequencer (7B5AE74C-D270-4C10-A958-57980B212A5A): 4
LogDevObjectVersion:   Dev-VR (D7296918-1DD6-4BDD-9DE2-64A83CC13884): 0
LogDevObjectVersion:   Dev-LoadTimes (C2A15278-BFE7-4AFE-6C17-90FF531DF755): 1
LogDevObjectVersion:   Private-Geometry (6EACA3D4-40EC-4CC1-B786-8BED09428FC5): 1
LogDevObjectVersion:   Dev-AnimPhys (29E575DD-E0A3-4627-9D10-D276232CDCEA): 12
LogInit: Compiled (64-bit): Dec  8 2017 02:04:53
LogInit: Compiled with Visual C++: 19.00.24215.01
LogInit: Build Configuration: Development
LogInit: Branch Name: ++UE4+Release-4.18
LogInit: Command line: -EpicPortal 
LogInit: Base directory: C:/Program Files/Epic Games/UE_4.18/Engine/Binaries/Win64/
LogInit: Installed Engine Build: 1
LogInit: Presizing for max 8388607 objects, including 0 objects not considered by GC, pre-allocating 0 bytes for permanent pool.
LogInit: Object subsystem initialized
[2017.12.26-21.57.41:638][  0]LogInit: Selected Device Profile: [Windows]
[2017.12.26-21.57.41:638][  0]LogInit: Applying CVar settings loaded from the selected device profile: [Windows]
[2017.12.26-21.57.41:658][  0]LogInit: Computer: DESKTOP-2NSGK8G
[2017.12.26-21.57.41:658][  0]LogInit: User: iking
[2017.12.26-21.57.41:658][  0]LogInit: CPU Page size=4096, Cores=3
[2017.12.26-21.57.41:658][  0]LogInit: High frequency timer resolution =3.433586 MHz
[2017.12.26-21.57.41:658][  0]LogMemory: Memory total: Physical=16.0GB (16GB approx)
[2017.12.26-21.57.41:658][  0]LogMemory: Platform Memory Stats for Windows
[2017.12.26-21.57.41:658][  0]LogMemory: Process Physical Memory: 272.16 MB used, 272.16 MB peak
[2017.12.26-21.57.41:658][  0]LogMemory: Process Virtual Memory: 269.80 MB used, 269.80 MB peak
[2017.12.26-21.57.41:658][  0]LogMemory: Physical Memory: 4608.82 MB used,  11739.80 MB free, 16348.62 MB total
[2017.12.26-21.57.41:658][  0]LogMemory: Virtual Memory: 642.17 MB used,  11739.80 MB free, 134217728.00 MB total
[2017.12.26-21.57.41:917][  0]LogInit: Using OS detected language (en-US).
[2017.12.26-21.57.41:917][  0]LogInit: Using OS detected locale (en-US).
[2017.12.26-21.57.41:921][  0]LogTextLocalizationManager: No specific localization for 'en-US' exists, so the 'en' localization will be used.
[2017.12.26-21.57.42:451][  0]LogInit: Setting process to per monitor DPI aware
[2017.12.26-21.57.42:850][  0]LogD3D11RHI: D3D11 adapters:
[2017.12.26-21.57.42:870][  0]LogD3D11RHI:    0. 'AMD Radeon R9 200 Series' (Feature Level 11_0)
[2017.12.26-21.57.42:870][  0]LogD3D11RHI:       3052/0/8174 MB DedicatedVideo/DedicatedSystem/SharedSystem, Outputs:2, VendorId:0x1002
[2017.12.26-21.57.42:872][  0]LogD3D11RHI:    1. 'Microsoft Basic Render Driver' (Feature Level 11_0)
[2017.12.26-21.57.42:872][  0]LogD3D11RHI:       0/0/8174 MB DedicatedVideo/DedicatedSystem/SharedSystem, Outputs:0, VendorId:0x1414
[2017.12.26-21.57.42:872][  0]LogD3D11RHI: Chosen D3D11 Adapter: 0
[2017.12.26-21.57.42:879][  0]LogD3D11RHI: Creating new Direct3DDevice
[2017.12.26-21.57.42:879][  0]LogD3D11RHI:     GPU DeviceId: 0x6798 (for the marketing name, search the web for "GPU Device Id")
[2017.12.26-21.57.42:879][  0]LogWindows: EnumDisplayDevices:
[2017.12.26-21.57.42:879][  0]LogWindows:    0. 'AMD Radeon R9 200 Series' (P:1 D:1)
[2017.12.26-21.57.42:880][  0]LogWindows:    1. 'AMD Radeon R9 200 Series' (P:0 D:1)
[2017.12.26-21.57.42:880][  0]LogWindows:    2. 'AMD Radeon R9 200 Series' (P:0 D:0)
[2017.12.26-21.57.42:881][  0]LogWindows:    3. 'AMD Radeon R9 200 Series' (P:0 D:0)
[2017.12.26-21.57.42:881][  0]LogWindows:    4. 'AMD Radeon R9 200 Series' (P:0 D:0)
[2017.12.26-21.57.42:881][  0]LogWindows:    5. 'AMD Radeon R9 200 Series' (P:0 D:0)
[2017.12.26-21.57.42:881][  0]LogWindows: DebugString: FoundDriverCount:6 
[2017.12.26-21.57.42:882][  0]LogD3D11RHI:     Adapter Name: AMD Radeon R9 200 Series
[2017.12.26-21.57.42:882][  0]LogD3D11RHI:   Driver Version: Crimson ReLive 17.7.2 (internal:22.19.662.4, unified:22.19.662.4)
[2017.12.26-21.57.42:882][  0]LogD3D11RHI:      Driver Date: 7-20-2017
[2017.12.26-21.57.42:882][  0]LogRHI: Texture pool is 2136 MB (70% of 3052 MB)
[2017.12.26-21.57.42:917][  0]LogD3D11RHI: Async texture creation enabled
[2017.12.26-21.57.42:929][  0]LogD3D11RHI: GPU Timing Frequency: 27.000000 (Debug: 2 1)
[2017.12.26-21.57.42:930][  0]LogShaderCompilers: Guid format shader working directory is -45 characters bigger than the processId version (../../../../../../Users/iking/Documents/Unreal Projects/Masked Entertainment/BrickDestroyer/Intermediate/Shaders/WorkingDirectory/1380/).
[2017.12.26-21.57.42:930][  0]LogShaderCompilers: Cleaned the shader compiler working directory 'C:/Users/iking/AppData/Local/Temp/UnrealShaderWorkingDir/136E45024155620A10B2CC9D1A9FE6FF/'.
[2017.12.26-21.57.42:930][  0]LogShaderCompilers: Display: Using Local Shader Compiler.
[2017.12.26-21.57.44:376][  0]LogTemp: Display: Loaded TP AllDesktopTargetPlatform
[2017.12.26-21.57.44:466][  0]LogTemp: Display: Loaded TP MacClientTargetPlatform
[2017.12.26-21.57.44:556][  0]LogTemp: Display: Loaded TP MacNoEditorTargetPlatform
[2017.12.26-21.57.44:645][  0]LogTemp: Display: Loaded TP MacServerTargetPlatform
[2017.12.26-21.57.44:736][  0]LogTemp: Display: Loaded TP MacTargetPlatform
[2017.12.26-21.57.44:827][  0]LogTemp: Display: Loaded TP WindowsClientTargetPlatform
[2017.12.26-21.57.44:917][  0]LogTemp: Display: Loaded TP WindowsNoEditorTargetPlatform
[2017.12.26-21.57.45:012][  0]LogTemp: Display: Loaded TP WindowsServerTargetPlatform
[2017.12.26-21.57.45:103][  0]LogTemp: Display: Loaded TP WindowsTargetPlatform
[2017.12.26-21.57.45:193][  0]LogTemp: Display: Loaded TP Android_ASTCTargetPlatform
[2017.12.26-21.57.45:282][  0]LogTemp: Display: Loaded TP Android_ATCTargetPlatform
[2017.12.26-21.57.45:370][  0]LogTemp: Display: Loaded TP Android_DXTTargetPlatform
[2017.12.26-21.57.45:457][  0]LogTemp: Display: Loaded TP Android_ETC1TargetPlatform
[2017.12.26-21.57.45:545][  0]LogTemp: Display: Loaded TP Android_ETC2TargetPlatform
[2017.12.26-21.57.45:721][  0]LogTemp: Display: Loaded TP Android_MultiTargetPlatform
[2017.12.26-21.57.45:721][  0]LogTemp: Display: Loaded TP Android_PVRTCTargetPlatform
[2017.12.26-21.57.45:809][  0]LogTemp: Display: Loaded TP AndroidTargetPlatform
[2017.12.26-21.57.45:880][  0]LogTemp: Display: Loaded TP HTML5TargetPlatform
[2017.12.26-21.57.46:023][  0]LogTemp: Display: Loaded TP IOSTargetPlatform
[2017.12.26-21.57.46:071][  0]LogTemp: Display: Loaded TP TVOSTargetPlatform
[2017.12.26-21.57.46:159][  0]LogTemp: Display: Loaded TP LinuxClientTargetPlatform
[2017.12.26-21.57.46:246][  0]LogTemp: Display: Loaded TP LinuxNoEditorTargetPlatform
[2017.12.26-21.57.46:333][  0]LogTemp: Display: Loaded TP LinuxServerTargetPlatform
[2017.12.26-21.57.46:420][  0]LogTemp: Display: Loaded TP LinuxTargetPlatform
[2017.12.26-21.57.46:420][  0]LogTargetPlatformManager: Display: Building Assets For Windows
[2017.12.26-21.57.47:295][  0]LogDerivedDataCache: Display: Max Cache Size: 512 MB
[2017.12.26-21.57.47:473][  0]LogDerivedDataCache: Loaded boot cache 0.18s 92MB C:/Users/iking/AppData/Local/UnrealEngine/4.18/DerivedDataCache/Boot.ddc.
[2017.12.26-21.57.47:473][  0]LogDerivedDataCache: Display: Loaded Boot cache: C:/Users/iking/AppData/Local/UnrealEngine/4.18/DerivedDataCache/Boot.ddc
[2017.12.26-21.57.47:473][  0]LogDerivedDataCache: FDerivedDataBackendGraph:  Pak pak cache file ../../../../../../Users/iking/Documents/Unreal Projects/Masked Entertainment/BrickDestroyer/DerivedDataCache/DDC.ddp not found, will not use a pak cache.
[2017.12.26-21.57.47:473][  0]LogDerivedDataCache: Unable to find inner node Pak for hierarchical cache Hierarchy.
[2017.12.26-21.57.47:473][  0]LogDerivedDataCache: FDerivedDataBackendGraph:  CompressedPak pak cache file ../../../../../../Users/iking/Documents/Unreal Projects/Masked Entertainment/BrickDestroyer/DerivedDataCache/Compressed.ddp not found, will not use a pak cache.
[2017.12.26-21.57.47:473][  0]LogDerivedDataCache: Unable to find inner node CompressedPak for hierarchical cache Hierarchy.
[2017.12.26-21.57.47:499][  0]LogDerivedDataCache: Display: Pak cache opened for reading ../../../Engine/DerivedDataCache/Compressed.ddp.
[2017.12.26-21.57.47:511][  0]LogDerivedDataCache: Using Local data cache path C:/Users/iking/AppData/Local/UnrealEngine/Common/DerivedDataCache: Writable
[2017.12.26-21.57.47:528][  0]LogMaterial: Verifying Global Shaders for PCD3D_SM5
[2017.12.26-21.57.47:528][  0]LogSlate: Using Freetype 2.6.0
[2017.12.26-21.57.47:529][  0]LogSlate: SlateFontCache - WITH_FREETYPE: 1, WITH_HARFBUZZ: 1
[2017.12.26-21.57.47:529][  0]LogSlate: SlateFontCache - WITH_FREETYPE: 1, WITH_HARFBUZZ: 1
[2017.12.26-21.57.48:073][  0]LogInit: Selected Device Profile: [Windows]
[2017.12.26-21.57.48:620][  0]LogSimplygon: Simplygon DLL not present - disabling.
[2017.12.26-21.57.48:694][  0]LogMeshReduction: Using SimplygonSwarm for distributed automatic mesh merging
[2017.12.26-21.57.48:694][  0]LogMeshReduction: Using QuadricMeshReduction for automatic static mesh reduction
[2017.12.26-21.57.48:694][  0]LogMeshReduction: No automatic skeletal mesh reduction module available
[2017.12.26-21.57.48:694][  0]LogMeshReduction: No automatic mesh merging module available
[2017.12.26-21.57.48:694][  0]LogMeshMerging: No automatic mesh merging module available
[2017.12.26-21.57.48:749][  0]LogNetVersion: brickDestroyer , NetCL: 3709383, EngineNetVer: 2, GameNetVer: 0 (Checksum: 1742795680)
[2017.12.26-21.57.48:987][  0]LogAssetRegistry: FAssetRegistry took 0.0299 seconds to start up
[2017.12.26-21.57.49:851][  0]LogPackageLocalizationCache: Processed 7 localized package path(s) for 2 prioritized culture(s) in 0.151205 seconds
[2017.12.26-21.57.49:858][  0]LogUObjectArray: 35900 objects as part of root set at end of initial load.
[2017.12.26-21.57.49:858][  0]LogUObjectAllocator: 7372024 out of 0 bytes used by permanent object pool.
[2017.12.26-21.57.49:858][  0]LogUObjectArray: CloseDisregardForGC: 0/0 objects in disregard for GC pool
[2017.12.26-21.57.49:962][  0]LogInit: WinSock: version 1.1 (2.2), MaxSocks=32767, MaxUdp=65467
[2017.12.26-21.57.54:451][  0]LogTcpMessaging: Initializing TcpMessaging bridge
[2017.12.26-21.57.54:522][  0]LogUdpMessaging: Initializing bridge on interface 0.0.0.0:0 to multicast group 230.0.0.1:6666.
[2017.12.26-21.57.55:753][  0]LogMaterial: Uniform references updated for custom material expression Custom.
[2017.12.26-21.57.56:498][  0]SourceControl: Source control is disabled
[2017.12.26-21.57.56:498][  0]SourceControl: Source control is disabled
[2017.12.26-21.57.56:598][  0]SourceControl: Source control is disabled
[2017.12.26-21.57.56:694][  0]SourceControl: Source control is disabled
[2017.12.26-21.57.58:255][  0]LogAndroidPermission: UAndroidPermissionCallbackProxy::GetInstance
[2017.12.26-21.57.58:784][  0]LogOcInput: OculusInput pre-init called
[2017.12.26-21.57.59:304][  0]LogEngine: Initializing Engine...
[2017.12.26-21.57.59:333][  0]LogHMD: Failed to initialize OpenVR with code 126
[2017.12.26-21.57.59:673][  0]LogStats: UGameplayTagsManager::ConstructGameplayTagTree: Construct from data asset -  0.000 s
[2017.12.26-21.57.59:673][  0]LogStats: UGameplayTagsManager::ConstructGameplayTagTree: GameplayTagTreeChangedEvent.Broadcast -  0.000 s
[2017.12.26-21.57.59:943][  0]LogAIModule: Creating AISystem for world Untitled
[2017.12.26-21.57.59:985][  0]LogInit: XAudio2 using 'Speakers (Realtek High Definition Audio)' : 2 channels at 48 kHz using 32 bits per sample (channel mask 0x3)
[2017.12.26-21.58.00:042][  0]LogInit: FAudioDevice initialized.
[2017.12.26-21.58.00:252][  0]LogDerivedDataCache: Saved boot cache 0.21s 92MB C:/Users/iking/AppData/Local/UnrealEngine/4.18/DerivedDataCache/Boot.ddc.
[2017.12.26-21.58.00:285][  0]LogInit: Texture streaming: Enabled
[2017.12.26-21.58.00:481][  0]LogEngineSessionManager: EngineSessionManager initialized
[2017.12.26-21.58.00:724][  0]LogInit: Transaction tracking system initialized
[2017.12.26-21.58.01:313][  0]BlueprintLog: New page: Editor Load
[2017.12.26-21.58.03:011][  0]LocalizationService: Localization service is disabled
[2017.12.26-21.58.04:415][  0]LogConsoleResponse: Display: 
[2017.12.26-21.58.04:679][  0]LogCook: Display: Max memory allowance for cook 16384mb min free memory 0mb
[2017.12.26-21.58.04:679][  0]LogCook: Display: Mobile HDR setting 1
[2017.12.26-21.58.04:679][  0]LogGameplayTags: Display: UGameplayTagsManager::DoneAddingNativeTags. DelegateIsBound: 0
[2017.12.26-21.58.05:058][  0]LogFileCache: Scanning file cache for directory 'C:/Users/iking/Documents/Unreal Projects/Masked Entertainment/BrickDestroyer/Content/' took 0.02s
[2017.12.26-21.58.06:898][  0]SourceControl: Source control is disabled
[2017.12.26-21.58.06:898][  0]Cmd: MAP LOAD FILE="../../../../../../Users/iking/Documents/Unreal Projects/Masked Entertainment/BrickDestroyer/Content/blockBreaker.umap" TEMPLATE=0 SHOWPROGRESS=1 FEATURELEVEL=3
[2017.12.26-21.58.06:899][  0]LightingResults: New page: Lighting Build
[2017.12.26-21.58.06:975][  0]MapCheck: New page: Map Check
[2017.12.26-21.58.06:975][  0]LightingResults: New page: Lighting Build
[2017.12.26-21.58.07:661][  0]LogAIModule: Creating AISystem for world blockBreaker
[2017.12.26-21.58.07:671][  0]LogEditorServer: Finished looking for orphan Actors (0.000 secs)
[2017.12.26-21.58.07:699][  0]Cmd: MAP CHECKDEP NOCLEARLOG
[2017.12.26-21.58.07:796][  0]MapCheck: Map check complete: 0 Error(s), 0 Warning(s), took 97.028ms to complete.
[2017.12.26-21.58.07:796][  0]LogFileHelpers: Loading map 'blockBreaker' took 0.898
[2017.12.26-21.58.08:001][  0]LogCollectionManager: Loaded 0 collections in 0.002920 seconds
[2017.12.26-21.58.08:133][  0]LogFileCache: Scanning file cache for directory 'C:/Users/iking/Documents/Unreal Projects/Masked Entertainment/BrickDestroyer/Saved/Collections/' took 0.01s
[2017.12.26-21.58.08:133][  0]LogFileCache: Scanning file cache for directory 'C:/Users/iking/Documents/Unreal Projects/Masked Entertainment/BrickDestroyer/Content/Developers/iking/Collections/' took 0.01s
[2017.12.26-21.58.08:133][  0]LogFileCache: Scanning file cache for directory 'C:/Users/iking/Documents/Unreal Projects/Masked Entertainment/BrickDestroyer/Content/Collections/' took 0.01s
[2017.12.26-21.58.08:133][  0]LogCollectionManager: Rebuilt the GUID cache for 0 collections in 0.000000 seconds
[2017.12.26-21.58.08:148][  0]LogContentBrowser: Native class hierarchy populated in 0.0142 seconds. Added 2363 classes and 519 folders.
[2017.12.26-21.58.08:267][  0]LogContentBrowser: Native class hierarchy updated for 'WidgetCarousel' in 0.0003 seconds. Added 0 classes and 0 folders.
[2017.12.26-21.58.08:332][  0]LogContentBrowser: Native class hierarchy updated for 'AddContentDialog' in 0.0003 seconds. Added 0 classes and 0 folders.
[2017.12.26-21.58.08:414][  0]LogContentBrowser: Native class hierarchy updated for 'SceneOutliner' in 0.0003 seconds. Added 1 classes and 2 folders.
[2017.12.26-21.58.09:983][  0]LogSlate: Only BGRA pngs, bmps or icos are supported in by External Image Picker
[2017.12.26-21.58.10:020][  0]LogSlate: Took 0.000500 seconds to synchronously load lazily loaded font '../../../Engine/Content/Slate/Fonts/Roboto-Regular.ttf' (155K)
[2017.12.26-21.58.10:026][  0]LogSlate: Took 0.000308 seconds to synchronously load lazily loaded font '../../../Engine/Content/Slate/Fonts/Roboto-Bold.ttf' (160K)
[2017.12.26-21.58.10:030][  0]LogSlate: Took 0.000278 seconds to synchronously load lazily loaded font '../../../Engine/Content/Editor/Slate/Fonts/FontAwesome.ttf' (139K)
[2017.12.26-21.58.10:163][  0]LogTemp: Executing iPhonePackager certificates Engine -bundlename com.YourCompany.brickDestroyer
[2017.12.26-21.58.10:163][  0]LogTemp: CWD: C:\Program Files\Epic Games\UE_4.18\Engine\Binaries\DotNET\IOS
[2017.12.26-21.58.10:163][  0]LogTemp: Initial Dir: C:\Program Files\Epic Games\UE_4.18
[2017.12.26-21.58.10:164][  0]LogTemp: Env CWD: C:\Program Files\Epic Games\UE_4.18\Engine\Binaries\DotNET\IOS
[2017.12.26-21.58.10:164][  0]LogTemp: BranchPath = DESKTOP-2NSGK8G/C/Program Files/Epic Games/UE_4.18/Engine/Binaries --- GameBranchPath = DESKTOP-2NSGK8G/C/Program Files/Epic Games/UE_4.18/Engine/Binaries
[2017.12.26-21.58.10:164][  0]LogTemp: IPP ERROR: Could not find provision directory 'C:\Users\iking\AppData\Local/Apple Computer/MobileDevice/Provisioning Profiles/'.
[2017.12.26-21.58.10:164][  0]LogRenderer: Reallocating scene render targets to support 1036x376 Format 26 NumSamples 1 (Frame:1).
[2017.12.26-21.58.10:230][  0]LogSlate: Took 0.000331 seconds to synchronously load lazily loaded font '../../../Engine/Content/Slate/Fonts/Roboto-Light.ttf' (159K)
[2017.12.26-21.58.10:445][  0]LogContentBrowser: Native class hierarchy updated for 'HierarchicalLODOutliner' in 0.0003 seconds. Added 1 classes and 2 folders.
[2017.12.26-21.58.10:445][  0]LogLoad: (Engine Initialization) Total time: 32.79 seconds
[2017.12.26-21.58.10:445][  0]LogLoad: (Engine Initialization) Total Blueprint compile time: 0.00 seconds
[2017.12.26-21.58.10:445][  0]LogExternalProfiler: No external profilers were discovered.  External profiling features will not be available.
[2017.12.26-21.58.10:813][  0]LogContentStreaming: Texture pool size now 1000 MB
[2017.12.26-21.58.11:457][  2]LogAssetRegistry: Asset discovery search completed in 22.4919 seconds
[2017.12.26-21.58.11:459][  2]LogCollectionManager: Rebuilt the object cache for 0 collections in 0.000000 seconds (found 0 objects)
[2017.12.26-21.58.11:459][  2]LogCollectionManager: Fixed up redirectors for 0 collections in 0.000059 seconds (updated 0 objects)
[2017.12.26-21.58.11:797][  3]LogSlate: Took 0.000366 seconds to synchronously load lazily loaded font '../../../Engine/Content/Slate/Fonts/Roboto-Light.ttf' (159K)
[2017.12.26-21.59.05:174][322]LogTemp: Repeating last play command: Selected Viewport
[2017.12.26-21.59.05:270][322]LogBlueprintUserMessages: Early PlayInEditor Detection: Level '/Game/blockBreaker.blockBreaker:PersistentLevel' has LevelScriptBlueprint '/Game/blockBreaker.blockBreaker:PersistentLevel.blockBreaker' with GeneratedClass '/Game/blockBreaker.blockBreaker_C' with ClassGeneratedBy '/Game/blockBreaker.blockBreaker:PersistentLevel.blockBreaker'
[2017.12.26-21.59.05:270][322]LogPlayLevel: PlayLevel: No blueprints needed recompiling
[2017.12.26-21.59.05:271][322]PIE: New page: PIE session: blockBreaker (Dec 26, 2017, 7:59:05 AM)
[2017.12.26-21.59.05:271][322]LogPlayLevel: Creating play world package: /Game/UEDPIE_0_blockBreaker
[2017.12.26-21.59.05:279][322]LogPlayLevel: PIE: StaticDuplicateObject took: (0.008087s)
[2017.12.26-21.59.05:280][322]LogAIModule: Creating AISystem for world blockBreaker
[2017.12.26-21.59.05:280][322]LogPlayLevel: PIE: World Init took: (0.001347s)
[2017.12.26-21.59.05:281][322]LogPlayLevel: PIE: Created PIE world by copying editor world from /Game/blockBreaker.blockBreaker to /Game/UEDPIE_0_blockBreaker.blockBreaker (0.009895s)
[2017.12.26-21.59.05:329][322]LogInit: XAudio2 using 'Speakers (Realtek High Definition Audio)' : 2 channels at 48 kHz using 32 bits per sample (channel mask 0x3)
[2017.12.26-21.59.05:350][322]LogInit: FAudioDevice initialized.
[2017.12.26-21.59.05:396][322]LogLoad: Game class is 'BP_brickBreakerGame_C'
[2017.12.26-21.59.05:399][322]LogWorld: Bringing World /Game/UEDPIE_0_blockBreaker.blockBreaker up for play (max tick rate 0) at 2017.12.26-14.59.05
[2017.12.26-21.59.05:400][322]LogWorld: Bringing up level for play took: 0.001535
[2017.12.26-21.59.05:480][322]LogContentBrowser: Native class hierarchy updated for 'MovieSceneCapture' in 0.0004 seconds. Added 11 classes and 0 folders.
[2017.12.26-21.59.05:482][322]PIE: Play in editor start time for /Game/UEDPIE_0_blockBreaker 0.094
[2017.12.26-21.59.05:483][322]LogBlueprintUserMessages: Late PlayInEditor Detection: Level '/Game/blockBreaker.blockBreaker:PersistentLevel' has LevelScriptBlueprint '/Game/blockBreaker.blockBreaker:PersistentLevel.blockBreaker' with GeneratedClass '/Game/blockBreaker.blockBreaker_C' with ClassGeneratedBy '/Game/blockBreaker.blockBreaker:PersistentLevel.blockBreaker'
[2017.12.26-21.59.09:292][765]LogBlueprintUserMessages: [BP_breakingBrick3_345] Include decrement bricks remaining here
[2017.12.26-21.59.14:270][360]LogBlueprintUserMessages: [BP_breakingBrick5] Include decrement bricks remaining here
[2017.12.26-21.59.16:505][628]LogNet: Browse: /Game/gameOver
[2017.12.26-21.59.16:505][628]LogLoad: LoadMap: /Game/gameOver
[2017.12.26-21.59.17:292][628]LogAIModule: Creating AISystem for world gameOver
[2017.12.26-21.59.17:370][628]LogLoad: Game class is 'BP_brickBreakerGame_C'
[2017.12.26-21.59.17:372][628]LogWorld: Bringing World /Game/UEDPIE_0_gameOver.gameOver up for play (max tick rate 0) at 2017.12.26-14.59.17
[2017.12.26-21.59.17:372][628]LogWorld: Bringing up level for play took: 0.001023
[2017.12.26-21.59.17:373][628]LogGameMode: FindPlayerStart: PATHS NOT DEFINED or NO PLAYERSTART with positive rating
[2017.12.26-21.59.17:385][628]LogLoad: Took 0.880330 seconds to LoadMap(/Game/gameOver)
[2017.12.26-21.59.19:042][824]LogNet: Browse: /Game/blockBreaker
[2017.12.26-21.59.19:042][824]LogLoad: LoadMap: /Game/blockBreaker
[2017.12.26-21.59.19:064][824]LogPlayLevel: Creating play world package: /Game/UEDPIE_0_blockBreaker
[2017.12.26-21.59.19:072][824]LogPlayLevel: PIE: StaticDuplicateObject took: (0.007505s)
[2017.12.26-21.59.19:073][824]LogAIModule: Creating AISystem for world blockBreaker
[2017.12.26-21.59.19:073][824]LogPlayLevel: PIE: World Init took: (0.001213s)
[2017.12.26-21.59.19:073][824]LogPlayLevel: PIE: Created PIE world by copying editor world from /Game/blockBreaker.blockBreaker to /Game/UEDPIE_0_blockBreaker.blockBreaker (0.009216s)
[2017.12.26-21.59.19:074][824]LogLoad: Game class is 'BP_brickBreakerGame_C'
[2017.12.26-21.59.19:077][824]LogWorld: Bringing World /Game/UEDPIE_0_blockBreaker.blockBreaker up for play (max tick rate 0) at 2017.12.26-14.59.19
[2017.12.26-21.59.19:077][824]LogWorld: Bringing up level for play took: 0.002616
[2017.12.26-21.59.19:082][824]LogLoad: Took 0.039866 seconds to LoadMap(/Game/UEDPIE_0_blockBreaker)
[2017.12.26-21.59.25:488][577]LogBlueprintUserMessages: Early EndPlayMap Detection: Level '/Game/blockBreaker.blockBreaker:PersistentLevel' has LevelScriptBlueprint '/Game/blockBreaker.blockBreaker:PersistentLevel.blockBreaker' with GeneratedClass '/Game/blockBreaker.blockBreaker_C' with ClassGeneratedBy '/Game/blockBreaker.blockBreaker:PersistentLevel.blockBreaker'
[2017.12.26-21.59.25:520][577]LogBlueprintUserMessages: Late EndPlayMap Detection: Level '/Game/blockBreaker.blockBreaker:PersistentLevel' has LevelScriptBlueprint '/Game/blockBreaker.blockBreaker:PersistentLevel.blockBreaker' with GeneratedClass '/Game/blockBreaker.blockBreaker_C' with ClassGeneratedBy '/Game/blockBreaker.blockBreaker:PersistentLevel.blockBreaker'
[2017.12.26-21.59.31:772][303]LogTemp: Repeating last play command: Selected Viewport
[2017.12.26-21.59.31:801][303]LogBlueprintUserMessages: Early PlayInEditor Detection: Level '/Game/blockBreaker.blockBreaker:PersistentLevel' has LevelScriptBlueprint '/Game/blockBreaker.blockBreaker:PersistentLevel.blockBreaker' with GeneratedClass '/Game/blockBreaker.blockBreaker_C' with ClassGeneratedBy '/Game/blockBreaker.blockBreaker:PersistentLevel.blockBreaker'
[2017.12.26-21.59.31:802][303]LogPlayLevel: PlayLevel: No blueprints needed recompiling
[2017.12.26-21.59.31:802][303]PIE: New page: PIE session: blockBreaker (Dec 26, 2017, 7:59:31 AM)
[2017.12.26-21.59.31:802][303]LogPlayLevel: Creating play world package: /Game/UEDPIE_0_blockBreaker
[2017.12.26-21.59.31:809][303]LogPlayLevel: PIE: StaticDuplicateObject took: (0.007200s)
[2017.12.26-21.59.31:810][303]LogAIModule: Creating AISystem for world blockBreaker
[2017.12.26-21.59.31:810][303]LogPlayLevel: PIE: World Init took: (0.001160s)
[2017.12.26-21.59.31:811][303]LogPlayLevel: PIE: Created PIE world by copying editor world from /Game/blockBreaker.blockBreaker to /Game/UEDPIE_0_blockBreaker.blockBreaker (0.008800s)
[2017.12.26-21.59.31:861][303]LogInit: XAudio2 using 'Speakers (Realtek High Definition Audio)' : 2 channels at 48 kHz using 32 bits per sample (channel mask 0x3)
[2017.12.26-21.59.31:884][303]LogInit: FAudioDevice initialized.
[2017.12.26-21.59.31:921][303]LogLoad: Game class is 'BP_brickBreakerGame_C'
[2017.12.26-21.59.31:923][303]LogWorld: Bringing World /Game/UEDPIE_0_blockBreaker.blockBreaker up for play (max tick rate 0) at 2017.12.26-14.59.31
[2017.12.26-21.59.31:924][303]LogWorld: Bringing up level for play took: 0.001396
[2017.12.26-21.59.31:926][303]PIE: Play in editor start time for /Game/UEDPIE_0_blockBreaker 0.537
[2017.12.26-21.59.31:926][303]LogBlueprintUserMessages: Late PlayInEditor Detection: Level '/Game/blockBreaker.blockBreaker:PersistentLevel' has LevelScriptBlueprint '/Game/blockBreaker.blockBreaker:PersistentLevel.blockBreaker' with GeneratedClass '/Game/blockBreaker.blockBreaker_C' with ClassGeneratedBy '/Game/blockBreaker.blockBreaker:PersistentLevel.blockBreaker'
[2017.12.26-21.59.35:402][715]LogBlueprintUserMessages: [BP_breakingBrick3_345] Include decrement bricks remaining here
[2017.12.26-21.59.41:653][465]LogBlueprintUserMessages: Early EndPlayMap Detection: Level '/Game/blockBreaker.blockBreaker:PersistentLevel' has LevelScriptBlueprint '/Game/blockBreaker.blockBreaker:PersistentLevel.blockBreaker' with GeneratedClass '/Game/blockBreaker.blockBreaker_C' with ClassGeneratedBy '/Game/blockBreaker.blockBreaker:PersistentLevel.blockBreaker'
[2017.12.26-21.59.41:689][465]LogBlueprintUserMessages: Late EndPlayMap Detection: Level '/Game/blockBreaker.blockBreaker:PersistentLevel' has LevelScriptBlueprint '/Game/blockBreaker.blockBreaker:PersistentLevel.blockBreaker' with GeneratedClass '/Game/blockBreaker.blockBreaker_C' with ClassGeneratedBy '/Game/blockBreaker.blockBreaker:PersistentLevel.blockBreaker'
[2017.12.26-21.59.41:879][482]Cmd: SELECT NONE
[2017.12.26-21.59.44:454][730]LogSlate: Took 0.000247 seconds to synchronously load lazily loaded font '../../../Engine/Content/Slate/Fonts/Roboto-Light.ttf' (159K)
[2017.12.26-21.59.44:951][730]LogSlate: Took 0.000239 seconds to synchronously load lazily loaded font '../../../Engine/Content/Slate/Fonts/Roboto-Regular.ttf' (155K)
[2017.12.26-21.59.45:054][730]LogContentBrowser: Native class hierarchy updated for 'BlueprintGraph' in 0.0009 seconds. Added 116 classes and 0 folders.
[2017.12.26-21.59.46:192][730]LogSlate: Took 0.022471 seconds to synchronously load lazily loaded font '../../../Engine/Content/Editor/Slate/Fonts/Roboto-BoldCondensed.ttf' (158K)
[2017.12.26-22.00.47:648][953]LogTemp: Repeating last play command: Selected Viewport
[2017.12.26-22.00.47:691][953]LogBlueprintUserMessages: Early PlayInEditor Detection: Level '/Game/blockBreaker.blockBreaker:PersistentLevel' has LevelScriptBlueprint '/Game/blockBreaker.blockBreaker:PersistentLevel.blockBreaker' with GeneratedClass '/Game/blockBreaker.blockBreaker_C' with ClassGeneratedBy '/Game/blockBreaker.blockBreaker:PersistentLevel.blockBreaker'
[2017.12.26-22.00.47:691][953]LogPlayLevel: PlayLevel: No blueprints needed recompiling
[2017.12.26-22.00.47:691][953]PIE: New page: PIE session: blockBreaker (Dec 26, 2017, 8:00:47 AM)
[2017.12.26-22.00.47:691][953]LogPlayLevel: Creating play world package: /Game/UEDPIE_0_blockBreaker
[2017.12.26-22.00.47:698][953]LogPlayLevel: PIE: StaticDuplicateObject took: (0.007177s)
[2017.12.26-22.00.47:700][953]LogAIModule: Creating AISystem for world blockBreaker
[2017.12.26-22.00.47:700][953]LogPlayLevel: PIE: World Init took: (0.001629s)
[2017.12.26-22.00.47:701][953]LogPlayLevel: PIE: Created PIE world by copying editor world from /Game/blockBreaker.blockBreaker to /Game/UEDPIE_0_blockBreaker.blockBreaker (0.009413s)
[2017.12.26-22.00.47:758][953]LogInit: XAudio2 using 'Speakers (Realtek High Definition Audio)' : 2 channels at 48 kHz using 32 bits per sample (channel mask 0x3)
[2017.12.26-22.00.47:782][953]LogInit: FAudioDevice initialized.
[2017.12.26-22.00.47:819][953]LogLoad: Game class is 'BP_brickBreakerGame_C'
[2017.12.26-22.00.47:821][953]LogWorld: Bringing World /Game/UEDPIE_0_blockBreaker.blockBreaker up for play (max tick rate 0) at 2017.12.26-15.00.47
[2017.12.26-22.00.47:821][953]LogWorld: Bringing up level for play took: 0.001636
[2017.12.26-22.00.47:824][953]PIE: Play in editor start time for /Game/UEDPIE_0_blockBreaker 0.435
[2017.12.26-22.00.47:824][953]LogBlueprintUserMessages: Late PlayInEditor Detection: Level '/Game/blockBreaker.blockBreaker:PersistentLevel' has LevelScriptBlueprint '/Game/blockBreaker.blockBreaker:PersistentLevel.blockBreaker' with GeneratedClass '/Game/blockBreaker.blockBreaker_C' with ClassGeneratedBy '/Game/blockBreaker.blockBreaker:PersistentLevel.blockBreaker'
[2017.12.26-22.00.53:824][667]LogNet: Browse: /Game/gameOver
[2017.12.26-22.00.53:824][667]LogLoad: LoadMap: /Game/gameOver
[2017.12.26-22.00.53:883][667]LogAIModule: Creating AISystem for world gameOver
[2017.12.26-22.00.53:960][667]LogLoad: Game class is 'BP_brickBreakerGame_C'
[2017.12.26-22.00.53:961][667]LogWorld: Bringing World /Game/UEDPIE_0_gameOver.gameOver up for play (max tick rate 0) at 2017.12.26-15.00.53
[2017.12.26-22.00.53:962][667]LogWorld: Bringing up level for play took: 0.000769
[2017.12.26-22.00.53:962][667]LogGameMode: FindPlayerStart: PATHS NOT DEFINED or NO PLAYERSTART with positive rating
[2017.12.26-22.00.53:964][667]LogLoad: Took 0.140602 seconds to LoadMap(/Game/gameOver)
[2017.12.26-22.00.55:160][809]LogNet: Browse: /Game/blockBreaker
[2017.12.26-22.00.55:160][809]LogLoad: LoadMap: /Game/blockBreaker
[2017.12.26-22.00.55:193][809]LogPlayLevel: Creating play world package: /Game/UEDPIE_0_blockBreaker
[2017.12.26-22.00.55:200][809]LogPlayLevel: PIE: StaticDuplicateObject took: (0.006555s)
[2017.12.26-22.00.55:201][809]LogAIModule: Creating AISystem for world blockBreaker
[2017.12.26-22.00.55:201][809]LogPlayLevel: PIE: World Init took: (0.001156s)
[2017.12.26-22.00.55:202][809]LogPlayLevel: PIE: Created PIE world by copying editor world from /Game/blockBreaker.blockBreaker to /Game/UEDPIE_0_blockBreaker.blockBreaker (0.008409s)
[2017.12.26-22.00.55:202][809]LogLoad: Game class is 'BP_brickBreakerGame_C'
[2017.12.26-22.00.55:205][809]LogWorld: Bringing World /Game/UEDPIE_0_blockBreaker.blockBreaker up for play (max tick rate 0) at 2017.12.26-15.00.55
[2017.12.26-22.00.55:206][809]LogWorld: Bringing up level for play took: 0.003014
[2017.12.26-22.00.55:210][809]LogLoad: Took 0.050170 seconds to LoadMap(/Game/UEDPIE_0_blockBreaker)
[2017.12.26-22.00.57:184][ 33]LogBlueprintUserMessages: [BP_breakingBrick3_345] Include decrement bricks remaining here
[2017.12.26-22.00.57:510][ 72]LogBlueprintUserMessages: Early EndPlayMap Detection: Level '/Game/blockBreaker.blockBreaker:PersistentLevel' has LevelScriptBlueprint '/Game/blockBreaker.blockBreaker:PersistentLevel.blockBreaker' with GeneratedClass '/Game/blockBreaker.blockBreaker_C' with ClassGeneratedBy '/Game/blockBreaker.blockBreaker:PersistentLevel.blockBreaker'
[2017.12.26-22.00.57:545][ 72]LogBlueprintUserMessages: Late EndPlayMap Detection: Level '/Game/blockBreaker.blockBreaker:PersistentLevel' has LevelScriptBlueprint '/Game/blockBreaker.blockBreaker:PersistentLevel.blockBreaker' with GeneratedClass '/Game/blockBreaker.blockBreaker_C' with ClassGeneratedBy '/Game/blockBreaker.blockBreaker:PersistentLevel.blockBreaker'
[2017.12.26-22.01.05:229][970]BlueprintLog: New page: Compile BP_bouncingBall
[2017.12.26-22.01.06:403][  5]LogSavePackage: Save=100.13ms
[2017.12.26-22.01.06:403][  5]LogSavePackage: Moving '../../../../../../Users/iking/Documents/Unreal Projects/Masked Entertainment/BrickDestroyer/Saved/BP_bouncingBallBF1519DE4E4F7DA54ECC47A9BA509D5F.tmp' to '../../../../../../Users/iking/Documents/Unreal Projects/Masked Entertainment/BrickDestroyer/Content/Blueprints/BP_bouncingBall.uasset'
[2017.12.26-22.01.06:417][  5]LogSavePackage: Display: Finished SavePackage ../../../../../../Users/iking/Documents/Unreal Projects/Masked Entertainment/BrickDestroyer/Content/Blueprints/BP_bouncingBall.uasset
[2017.12.26-22.01.07:678][154]LogTemp: Repeating last play command: Selected Viewport
[2017.12.26-22.01.07:717][154]LogBlueprintUserMessages: Early PlayInEditor Detection: Level '/Game/blockBreaker.blockBreaker:PersistentLevel' has LevelScriptBlueprint '/Game/blockBreaker.blockBreaker:PersistentLevel.blockBreaker' with GeneratedClass '/Game/blockBreaker.blockBreaker_C' with ClassGeneratedBy '/Game/blockBreaker.blockBreaker:PersistentLevel.blockBreaker'
[2017.12.26-22.01.07:718][154]LogPlayLevel: PlayLevel: No blueprints needed recompiling
[2017.12.26-22.01.07:718][154]PIE: New page: PIE session: blockBreaker (Dec 26, 2017, 8:01:07 AM)
[2017.12.26-22.01.07:718][154]LogPlayLevel: Creating play world package: /Game/UEDPIE_0_blockBreaker
[2017.12.26-22.01.07:724][154]LogPlayLevel: PIE: StaticDuplicateObject took: (0.006182s)
[2017.12.26-22.01.07:725][154]LogAIModule: Creating AISystem for world blockBreaker
[2017.12.26-22.01.07:725][154]LogPlayLevel: PIE: World Init took: (0.000997s)
[2017.12.26-22.01.07:725][154]LogPlayLevel: PIE: Created PIE world by copying editor world from /Game/blockBreaker.blockBreaker to /Game/UEDPIE_0_blockBreaker.blockBreaker (0.007538s)
[2017.12.26-22.01.07:778][154]LogInit: XAudio2 using 'Speakers (Realtek High Definition Audio)' : 2 channels at 48 kHz using 32 bits per sample (channel mask 0x3)
[2017.12.26-22.01.07:799][154]LogInit: FAudioDevice initialized.
[2017.12.26-22.01.07:832][154]LogLoad: Game class is 'BP_brickBreakerGame_C'
[2017.12.26-22.01.07:833][154]LogWorld: Bringing World /Game/UEDPIE_0_blockBreaker.blockBreaker up for play (max tick rate 0) at 2017.12.26-15.01.07
[2017.12.26-22.01.07:834][154]LogWorld: Bringing up level for play took: 0.001290
[2017.12.26-22.01.07:836][154]PIE: Play in editor start time for /Game/UEDPIE_0_blockBreaker 0.447
[2017.12.26-22.01.07:836][154]LogBlueprintUserMessages: Late PlayInEditor Detection: Level '/Game/blockBreaker.blockBreaker:PersistentLevel' has LevelScriptBlueprint '/Game/blockBreaker.blockBreaker:PersistentLevel.blockBreaker' with GeneratedClass '/Game/blockBreaker.blockBreaker_C' with ClassGeneratedBy '/Game/blockBreaker.blockBreaker:PersistentLevel.blockBreaker'
[2017.12.26-22.01.28:591][631]LogNet: Browse: /Game/gameOver
[2017.12.26-22.01.28:591][631]LogLoad: LoadMap: /Game/gameOver
[2017.12.26-22.01.28:651][631]LogAIModule: Creating AISystem for world gameOver
[2017.12.26-22.01.28:728][631]LogLoad: Game class is 'BP_brickBreakerGame_C'
[2017.12.26-22.01.28:729][631]LogWorld: Bringing World /Game/UEDPIE_0_gameOver.gameOver up for play (max tick rate 0) at 2017.12.26-15.01.28
[2017.12.26-22.01.28:730][631]LogWorld: Bringing up level for play took: 0.000753
[2017.12.26-22.01.28:730][631]LogGameMode: FindPlayerStart: PATHS NOT DEFINED or NO PLAYERSTART with positive rating
[2017.12.26-22.01.28:733][631]LogLoad: Took 0.141614 seconds to LoadMap(/Game/gameOver)
[2017.12.26-22.01.29:823][760]LogBlueprintUserMessages: Early EndPlayMap Detection: Level '/Game/blockBreaker.blockBreaker:PersistentLevel' has LevelScriptBlueprint '/Game/blockBreaker.blockBreaker:PersistentLevel.blockBreaker' with GeneratedClass '/Game/blockBreaker.blockBreaker_C' with ClassGeneratedBy '/Game/blockBreaker.blockBreaker:PersistentLevel.blockBreaker'
[2017.12.26-22.01.29:858][760]LogBlueprintUserMessages: Late EndPlayMap Detection: Level '/Game/blockBreaker.blockBreaker:PersistentLevel' has LevelScriptBlueprint '/Game/blockBreaker.blockBreaker:PersistentLevel.blockBreaker' with GeneratedClass '/Game/blockBreaker.blockBreaker_C' with ClassGeneratedBy '/Game/blockBreaker.blockBreaker:PersistentLevel.blockBreaker'
[2017.12.26-22.01.32:570][ 72]LogTemp: Repeating last play command: Selected Viewport
[2017.12.26-22.01.32:605][ 72]LogBlueprintUserMessages: Early PlayInEditor Detection: Level '/Game/blockBreaker.blockBreaker:PersistentLevel' has LevelScriptBlueprint '/Game/blockBreaker.blockBreaker:PersistentLevel.blockBreaker' with GeneratedClass '/Game/blockBreaker.blockBreaker_C' with ClassGeneratedBy '/Game/blockBreaker.blockBreaker:PersistentLevel.blockBreaker'
[2017.12.26-22.01.32:605][ 72]LogPlayLevel: PlayLevel: No blueprints needed recompiling
[2017.12.26-22.01.32:605][ 72]PIE: New page: PIE session: blockBreaker (Dec 26, 2017, 8:01:32 AM)
[2017.12.26-22.01.32:605][ 72]LogPlayLevel: Creating play world package: /Game/UEDPIE_0_blockBreaker
[2017.12.26-22.01.32:612][ 72]LogPlayLevel: PIE: StaticDuplicateObject took: (0.007007s)
[2017.12.26-22.01.32:614][ 72]LogAIModule: Creating AISystem for world blockBreaker
[2017.12.26-22.01.32:614][ 72]LogPlayLevel: PIE: World Init took: (0.001349s)
[2017.12.26-22.01.32:614][ 72]LogPlayLevel: PIE: Created PIE world by copying editor world from /Game/blockBreaker.blockBreaker to /Game/UEDPIE_0_blockBreaker.blockBreaker (0.008864s)
[2017.12.26-22.01.32:700][ 72]LogInit: XAudio2 using 'Speakers (Realtek High Definition Audio)' : 2 channels at 48 kHz using 32 bits per sample (channel mask 0x3)
[2017.12.26-22.01.32:723][ 72]LogInit: FAudioDevice initialized.
[2017.12.26-22.01.32:759][ 72]LogLoad: Game class is 'BP_brickBreakerGame_C'
[2017.12.26-22.01.32:761][ 72]LogWorld: Bringing World /Game/UEDPIE_0_blockBreaker.blockBreaker up for play (max tick rate 0) at 2017.12.26-15.01.32
[2017.12.26-22.01.32:761][ 72]LogWorld: Bringing up level for play took: 0.001551
[2017.12.26-22.01.32:764][ 72]PIE: Play in editor start time for /Game/UEDPIE_0_blockBreaker -0.625
[2017.12.26-22.01.32:764][ 72]LogBlueprintUserMessages: Late PlayInEditor Detection: Level '/Game/blockBreaker.blockBreaker:PersistentLevel' has LevelScriptBlueprint '/Game/blockBreaker.blockBreaker:PersistentLevel.blockBreaker' with GeneratedClass '/Game/blockBreaker.blockBreaker_C' with ClassGeneratedBy '/Game/blockBreaker.blockBreaker:PersistentLevel.blockBreaker'
[2017.12.26-22.01.34:306][250]LogBlueprintUserMessages: Early EndPlayMap Detection: Level '/Game/blockBreaker.blockBreaker:PersistentLevel' has LevelScriptBlueprint '/Game/blockBreaker.blockBreaker:PersistentLevel.blockBreaker' with GeneratedClass '/Game/blockBreaker.blockBreaker_C' with ClassGeneratedBy '/Game/blockBreaker.blockBreaker:PersistentLevel.blockBreaker'
[2017.12.26-22.01.34:347][250]LogBlueprintUserMessages: Late EndPlayMap Detection: Level '/Game/blockBreaker.blockBreaker:PersistentLevel' has LevelScriptBlueprint '/Game/blockBreaker.blockBreaker:PersistentLevel.blockBreaker' with GeneratedClass '/Game/blockBreaker.blockBreaker_C' with ClassGeneratedBy '/Game/blockBreaker.blockBreaker:PersistentLevel.blockBreaker'
[2017.12.26-22.01.34:602][262]Cmd: SELECT NONE
[2017.12.26-22.09.15:258][794]LogSavePackage: Save=289.96ms
[2017.12.26-22.09.15:258][794]LogSavePackage: Moving '../../../../../../Users/iking/Documents/Unreal Projects/Masked Entertainment/BrickDestroyer/Saved/blockBreaker_Auto1E5B0E0EF499375E60095768A9C03B452.tmp' to '../../../../../../Users/iking/Documents/Unreal Projects/Masked Entertainment/BrickDestroyer/Saved/Autosaves/Game/blockBreaker_Auto1.umap'
[2017.12.26-22.09.15:266][794]LogSavePackage: Display: Finished SavePackage ../../../../../../Users/iking/Documents/Unreal Projects/Masked Entertainment/BrickDestroyer/Saved/Autosaves/Game/blockBreaker_Auto1.umap
[2017.12.26-22.09.15:271][794]LogFileHelpers: Editor autosave (incl. sublevels) for '/Game/blockBreaker' took 0.418
[2017.12.26-22.09.15:271][794]LogFileHelpers: Editor autosave (incl. sublevels) for all levels took 0.418
[2017.12.27-06.08.17:894][143]LogSavePackage: Save=331.03ms
[2017.12.27-06.08.17:894][143]LogSavePackage: Moving '../../../../../../Users/iking/Documents/Unreal Projects/Masked Entertainment/BrickDestroyer/Saved/blockBreaker9DFEDD07488639B58DD1C9A057EDAEA9.tmp' to '../../../../../../Users/iking/Documents/Unreal Projects/Masked Entertainment/BrickDestroyer/Content/blockBreaker.umap'
[2017.12.27-06.08.17:913][143]LogSavePackage: Display: Finished SavePackage ../../../../../../Users/iking/Documents/Unreal Projects/Masked Entertainment/BrickDestroyer/Content/blockBreaker.umap
[2017.12.27-06.08.17:990][143]LogFileHelpers: Saving map 'blockBreaker' took 0.685
[2017.12.27-06.08.18:514][144]Cmd: QUIT_EDITOR
[2017.12.27-06.08.19:505][144]LogWindowsTextInputMethodSystem: Display: IME system now deactivated.
[2017.12.27-06.08.19:537][144]LogExit: Preparing to exit.
[2017.12.27-06.08.20:493][144]LogDirectoryWatcher: A directory notification for 'C:/Users/iking/Documents/Unreal Projects/Masked Entertainment/BrickDestroyer/Content/' was aborted.
[2017.12.27-06.08.20:596][144]LogExit: Editor shut down
[2017.12.27-06.08.20:636][144]LogExit: Transaction tracking system shut down
[2017.12.27-06.08.20:845][144]LogDirectoryWatcher: A directory notification for '../../../Engine/Content/' was aborted.
[2017.12.27-06.08.20:845][144]LogDirectoryWatcher: A directory notification for '../../../../../../Users/iking/Documents/Unreal Projects/Masked Entertainment/BrickDestroyer/Content/' was aborted.
[2017.12.27-06.08.20:845][144]LogDirectoryWatcher: A directory notification for '../../../Engine/Plugins/2D/Paper2D/Content/' was aborted.
[2017.12.27-06.08.20:845][144]LogDirectoryWatcher: A directory notification for '../../../Engine/Plugins/Media/MediaCompositing/Content/' was aborted.
[2017.12.27-06.08.20:845][144]LogDirectoryWatcher: A directory notification for '../../../Engine/Plugins/Runtime/AppleARKit/Content/' was aborted.
[2017.12.27-06.08.20:845][144]LogDirectoryWatcher: A directory notification for '../../../Engine/Plugins/Runtime/Oculus/OculusVR/Content/' was aborted.
[2017.12.27-06.08.20:845][144]LogDirectoryWatcher: A directory notification for '../../../Engine/Plugins/Runtime/Steam/SteamVR/Content/' was aborted.
[2017.12.27-06.08.21:137][144]LogExit: Object subsystem successfully closed.
[2017.12.27-06.08.21:174][144]LogD3D11RHI: Shutdown
[2017.12.27-06.08.21:175][144]LogD3D11RHI: CleanupD3DDevice
[2017.12.27-06.08.21:183][144]LogD3D11RHI: ~FD3D11DynamicRHI
[2017.12.27-06.08.21:209][144]LogModuleManager: Shutting down and abandoning module BlueprintGraph (554)
[2017.12.27-06.08.21:209][144]LogModuleManager: Shutting down and abandoning module MovieSceneCapture (552)
[2017.12.27-06.08.21:209][144]LogModuleManager: Shutting down and abandoning module HierarchicalLODOutliner (550)
[2017.12.27-06.08.21:209][144]LogModuleManager: Shutting down and abandoning module ExternalImagePicker (548)
[2017.12.27-06.08.21:209][144]LogModuleManager: Shutting down and abandoning module SceneOutliner (546)
[2017.12.27-06.08.21:209][144]LogModuleManager: Shutting down and abandoning module AddContentDialog (544)
[2017.12.27-06.08.21:210][144]LogDirectoryWatcher: A directory notification for 'C:/Program Files/Epic Games/UE_4.18/FeaturePacks/' was aborted.
[2017.12.27-06.08.21:218][144]LogModuleManager: Shutting down and abandoning module WidgetCarousel (543)
[2017.12.27-06.08.21:218][144]LogModuleManager: Shutting down and abandoning module EditorWidgets (540)
[2017.12.27-06.08.21:218][144]LogModuleManager: Shutting down and abandoning module CollectionManager (538)
[2017.12.27-06.08.21:218][144]LogDirectoryWatcher: A directory notification for 'C:/Users/iking/Documents/Unreal Projects/Masked Entertainment/BrickDestroyer/Content/Collections/' was aborted.
[2017.12.27-06.08.21:218][144]LogDirectoryWatcher: A directory notification for 'C:/Users/iking/Documents/Unreal Projects/Masked Entertainment/BrickDestroyer/Content/Developers/iking/Collections/' was aborted.
[2017.12.27-06.08.21:218][144]LogDirectoryWatcher: A directory notification for 'C:/Users/iking/Documents/Unreal Projects/Masked Entertainment/BrickDestroyer/Saved/Collections/' was aborted.
[2017.12.27-06.08.21:218][144]LogModuleManager: Shutting down and abandoning module StatsViewer (536)
[2017.12.27-06.08.21:218][144]LogModuleManager: Shutting down and abandoning module FoliageEdit (534)
[2017.12.27-06.08.21:218][144]LogModuleManager: Shutting down and abandoning module LandscapeEditor (532)
[2017.12.27-06.08.21:218][144]LogModuleManager: Shutting down and abandoning module MeshPaintMode (530)
[2017.12.27-06.08.21:218][144]LogModuleManager: Shutting down and abandoning module SceneDepthPickerMode (528)
[2017.12.27-06.08.21:218][144]LogModuleManager: Shutting down and abandoning module ActorPickerMode (526)
[2017.12.27-06.08.21:218][144]LogModuleManager: Shutting down and abandoning module GeometryMode (524)
[2017.12.27-06.08.21:218][144]LogModuleManager: Shutting down and abandoning module TextureAlignMode (522)
[2017.12.27-06.08.21:219][144]LogModuleManager: Shutting down and abandoning module BspMode (520)
[2017.12.27-06.08.21:219][144]LogModuleManager: Shutting down and abandoning module PIEPreviewDeviceProfileSelector (518)
[2017.12.27-06.08.21:219][144]LogModuleManager: Shutting down and abandoning module HardwareSurvey (516)
[2017.12.27-06.08.21:219][144]LogModuleManager: Shutting down and abandoning module SequenceRecorderSections (514)
[2017.12.27-06.08.21:219][144]LogModuleManager: Shutting down and abandoning module AutomationWorker (512)
[2017.12.27-06.08.21:219][144]LogModuleManager: Shutting down and abandoning module MatineeToLevelSequence (510)
[2017.12.27-06.08.21:219][144]LogModuleManager: Shutting down and abandoning module LevelSequenceEditor (508)
[2017.12.27-06.08.21:219][144]LogModuleManager: Shutting down and abandoning module PlacementMode (507)
[2017.12.27-06.08.21:219][144]LogModuleManager: Shutting down and abandoning module WmfMediaFactory (504)
[2017.12.27-06.08.21:219][144]LogModuleManager: Shutting down and abandoning module WmfMediaEditor (502)
[2017.12.27-06.08.21:219][144]LogModuleManager: Shutting down and abandoning module OpenExrWrapper (500)
[2017.12.27-06.08.21:219][144]LogModuleManager: Shutting down and abandoning module ImgMediaFactory (498)
[2017.12.27-06.08.21:219][144]LogModuleManager: Shutting down and abandoning module ImgMediaEditor (496)
[2017.12.27-06.08.21:219][144]LogModuleManager: Shutting down and abandoning module AvfMediaFactory (494)
[2017.12.27-06.08.21:219][144]LogModuleManager: Shutting down and abandoning module AvfMediaEditor (492)
[2017.12.27-06.08.21:219][144]LogModuleManager: Shutting down and abandoning module AndroidMediaFactory (490)
[2017.12.27-06.08.21:219][144]LogModuleManager: Shutting down and abandoning module AndroidMediaEditor (488)
[2017.12.27-06.08.21:219][144]LogModuleManager: Shutting down and abandoning module CharacterAI (486)
[2017.12.27-06.08.21:219][144]LogModuleManager: Shutting down and abandoning module AudioCapture (484)
[2017.12.27-06.08.21:219][144]LogModuleManager: Shutting down and abandoning module SequenceRecorder (483)
[2017.12.27-06.08.21:219][144]LogModuleManager: Shutting down and abandoning module SmartSnapping (480)
[2017.12.27-06.08.21:219][144]LogModuleManager: Shutting down and abandoning module SessionServices (478)
[2017.12.27-06.08.21:219][144]LogModuleManager: Shutting down and abandoning module ViewportSnapping (476)
[2017.12.27-06.08.21:219][144]LogModuleManager: Shutting down and abandoning module ViewportInteraction (474)
[2017.12.27-06.08.21:219][144]LogModuleManager: Shutting down and abandoning module ClothPainter (472)
[2017.12.27-06.08.21:219][144]LogModuleManager: Shutting down and abandoning module SkeletalMeshEditor (471)
[2017.12.27-06.08.21:219][144]LogModuleManager: Shutting down and abandoning module LogVisualizer (468)
[2017.12.27-06.08.21:220][144]LogModuleManager: Shutting down and abandoning module IntroTutorials (466)
[2017.12.27-06.08.21:220][144]LogModuleManager: Shutting down and abandoning module GameProjectGeneration (465)
[2017.12.27-06.08.21:220][144]LogModuleManager: Shutting down and abandoning module IOSPlatformEditor (462)
[2017.12.27-06.08.21:220][144]LogModuleManager: Shutting down and abandoning module HTML5PlatformEditor (460)
[2017.12.27-06.08.21:220][144]LogModuleManager: Shutting down and abandoning module AndroidPlatformEditor (458)
[2017.12.27-06.08.21:220][144]LogModuleManager: Shutting down and abandoning module AndroidDeviceDetection (457)
[2017.12.27-06.08.21:875][144]LogModuleManager: Shutting down and abandoning module WindowsPlatformEditor (454)
[2017.12.27-06.08.21:875][144]LogModuleManager: Shutting down and abandoning module IOSRuntimeSettings (452)
[2017.12.27-06.08.21:875][144]LogModuleManager: Shutting down and abandoning module AndroidRuntimeSettings (450)
[2017.12.27-06.08.21:875][144]LogModuleManager: Shutting down and abandoning module InputBindingEditor (448)
[2017.12.27-06.08.21:875][144]LogModuleManager: Shutting down and abandoning module MergeActors (446)
[2017.12.27-06.08.21:875][144]LogModuleManager: Shutting down and abandoning module SizeMap (444)
[2017.12.27-06.08.21:875][144]LogModuleManager: Shutting down and abandoning module TreeMap (442)
[2017.12.27-06.08.21:875][144]LogModuleManager: Shutting down and abandoning module ReferenceViewer (440)
[2017.12.27-06.08.21:875][144]LogModuleManager: Shutting down and abandoning module LocalizationDashboard (438)
[2017.12.27-06.08.21:875][144]LogModuleManager: Shutting down and abandoning module LocalizationService (437)
[2017.12.27-06.08.21:875][144]LogModuleManager: Shutting down and abandoning module HardwareTargeting (434)
[2017.12.27-06.08.21:875][144]LogModuleManager: Shutting down and abandoning module DeviceProfileEditor (432)
[2017.12.27-06.08.21:875][144]LogModuleManager: Shutting down and abandoning module UndoHistory (430)
[2017.12.27-06.08.21:875][144]LogModuleManager: Shutting down and abandoning module XmlParser (428)
[2017.12.27-06.08.21:875][144]LogModuleManager: Shutting down and abandoning module Blutility (426)
[2017.12.27-06.08.21:875][144]LogModuleManager: Shutting down and abandoning module ProjectSettingsViewer (424)
[2017.12.27-06.08.21:876][144]LogModuleManager: Shutting down and abandoning module ProjectTargetPlatformEditor (423)
[2017.12.27-06.08.21:876][144]LogModuleManager: Shutting down and abandoning module EditorSettingsViewer (420)
[2017.12.27-06.08.21:876][144]LogModuleManager: Shutting down and abandoning module SettingsEditor (418)
[2017.12.27-06.08.21:876][144]LogModuleManager: Shutting down and abandoning module ProjectLauncher (416)
[2017.12.27-06.08.21:876][144]LogModuleManager: Shutting down and abandoning module SessionFrontend (414)
[2017.12.27-06.08.21:876][144]LogModuleManager: Shutting down and abandoning module ProfilerClient (412)
[2017.12.27-06.08.21:876][144]LogModuleManager: Shutting down and abandoning module DeviceManager (410)
[2017.12.27-06.08.21:876][144]LogModuleManager: Shutting down and abandoning module TargetDeviceServices (409)
[2017.12.27-06.08.21:929][144]LogModuleManager: Shutting down and abandoning module AutomationController (406)
[2017.12.27-06.08.21:929][144]LogModuleManager: Shutting down and abandoning module AutomationWindow (404)
[2017.12.27-06.08.21:929][144]LogModuleManager: Shutting down and abandoning module Layers (402)
[2017.12.27-06.08.21:929][144]LogModuleManager: Shutting down and abandoning module ComponentVisualizers (400)
[2017.12.27-06.08.21:929][144]LogModuleManager: Shutting down and abandoning module DetailCustomizations (398)
[2017.12.27-06.08.21:929][144]LogModuleManager: Shutting down and abandoning module PackagesDialog (396)
[2017.12.27-06.08.21:929][144]LogModuleManager: Shutting down and abandoning module Persona (394)
[2017.12.27-06.08.21:929][144]LogModuleManager: Shutting down and abandoning module AdvancedPreviewScene (393)
[2017.12.27-06.08.21:930][144]LogModuleManager: Shutting down and abandoning module AnimGraph (391)
[2017.12.27-06.08.21:930][144]LogModuleManager: Shutting down and abandoning module Kismet (388)
[2017.12.27-06.08.21:940][144]LogModuleManager: Shutting down and abandoning module ClassViewer (386)
[2017.12.27-06.08.21:941][144]LogModuleManager: Shutting down and abandoning module Toolbox (384)
[2017.12.27-06.08.21:941][144]LogModuleManager: Shutting down and abandoning module ModuleUI (382)
[2017.12.27-06.08.21:941][144]LogModuleManager: Shutting down and abandoning module MovieSceneTools (380)
[2017.12.27-06.08.21:941][144]LogModuleManager: Shutting down and abandoning module OutputLog (378)
[2017.12.27-06.08.21:941][144]LogModuleManager: Shutting down and abandoning module GammaUI (376)
[2017.12.27-06.08.21:941][144]LogModuleManager: Shutting down and abandoning module Documentation (374)
[2017.12.27-06.08.21:942][144]LogModuleManager: Shutting down and abandoning module MovieSceneTracks (372)
[2017.12.27-06.08.21:942][144]LogModuleManager: Shutting down and abandoning module MovieScene (370)
[2017.12.27-06.08.21:942][144]LogModuleManager: Shutting down and abandoning module StreamingPauseRendering (368)
[2017.12.27-06.08.21:942][144]LogModuleManager: Shutting down and abandoning module LauncherPlatform (366)
[2017.12.27-06.08.21:942][144]LogModuleManager: Shutting down and abandoning module AnalyticsET (364)
[2017.12.27-06.08.21:942][144]LogModuleManager: Shutting down and abandoning module PortalServices (362)
[2017.12.27-06.08.21:942][144]LogModuleManager: Shutting down and abandoning module PortalRpc (360)
[2017.12.27-06.08.21:942][144]LogModuleManager: Shutting down and abandoning module MessagingRpc (358)
[2017.12.27-06.08.21:942][144]LogModuleManager: Shutting down and abandoning module AIModule (356)
[2017.12.27-06.08.21:942][144]LogModuleManager: Shutting down and abandoning module GameplayDebugger (355)
[2017.12.27-06.08.21:942][144]LogModuleManager: Shutting down and abandoning module AITestSuite (353)
[2017.12.27-06.08.21:942][144]LogModuleManager: Shutting down and abandoning module DesktopPlatform (350)
[2017.12.27-06.08.21:942][144]LogModuleManager: Shutting down and abandoning module ProfilerService (348)
[2017.12.27-06.08.21:973][144]LogModuleManager: Shutting down and abandoning module TaskGraph (346)
[2017.12.27-06.08.21:973][144]LogModuleManager: Shutting down and abandoning module SteamVRController (344)
[2017.12.27-06.08.21:973][144]LogModuleManager: Shutting down and abandoning module ProceduralMeshComponentEditor (342)
[2017.12.27-06.08.21:973][144]LogModuleManager: Shutting down and abandoning module ProceduralMeshComponent (340)
[2017.12.27-06.08.21:973][144]LogModuleManager: Shutting down and abandoning module OculusInput (338)
[2017.12.27-06.08.21:973][144]LogModuleManager: Shutting down and abandoning module MobilePatchingUtils (336)
[2017.12.27-06.08.21:973][144]LogModuleManager: Shutting down and abandoning module CustomMeshComponent (334)
[2017.12.27-06.08.21:973][144]LogModuleManager: Shutting down and abandoning module CableComponent (332)
[2017.12.27-06.08.21:973][144]LogModuleManager: Shutting down and abandoning module ArchVisCharacter (330)
[2017.12.27-06.08.21:973][144]LogModuleManager: Shutting down and abandoning module AndroidPermission (328)
[2017.12.27-06.08.21:973][144]LogModuleManager: Shutting down and abandoning module ActorSequence (324)
[2017.12.27-06.08.21:973][144]LogModuleManager: Shutting down and abandoning module MediaPlayerEditor (322)
[2017.12.27-06.08.21:973][144]LogModuleManager: Shutting down and abandoning module MediaCompositingEditor (320)
[2017.12.27-06.08.21:973][144]LogModuleManager: Shutting down and abandoning module MediaCompositing (318)
[2017.12.27-06.08.21:973][144]LogModuleManager: Shutting down and abandoning module HTML5Networking (316)
[2017.12.27-06.08.21:973][144]LogModuleManager: Shutting down and abandoning module AlembicImporter (314)
[2017.12.27-06.08.21:973][144]LogModuleManager: Shutting down and abandoning module AlembicLibrary (313)
[2017.12.27-06.08.21:973][144]LogModuleManager: Shutting down and abandoning module GeometryCache (312)
[2017.12.27-06.08.21:973][144]LogModuleManager: Shutting down and abandoning module GeometryCacheEd (311)
[2017.12.27-06.08.21:973][144]LogModuleManager: Shutting down and abandoning module SpeedTreeImporter (306)
[2017.12.27-06.08.21:973][144]LogModuleManager: Shutting down and abandoning module PluginBrowser (304)
[2017.12.27-06.08.21:973][144]LogModuleManager: Shutting down and abandoning module MobileLauncherProfileWizard (302)
[2017.12.27-06.08.21:973][144]LogModuleManager: Shutting down and abandoning module VisualStudioSourceCodeAccess (300)
[2017.12.27-06.08.21:973][144]LogModuleManager: Shutting down and abandoning module VisualStudioCodeSourceCodeAccess (298)
[2017.12.27-06.08.21:973][144]LogModuleManager: Shutting down and abandoning module UObjectPlugin (296)
[2017.12.27-06.08.21:973][144]LogModuleManager: Shutting down and abandoning module SubversionSourceControl (294)
[2017.12.27-06.08.21:973][144]LogModuleManager: Shutting down and abandoning module PerforceSourceControl (292)
[2017.12.27-06.08.21:974][144]LogModuleManager: Shutting down and abandoning module GitSourceControl (290)
[2017.12.27-06.08.21:974][144]LogModuleManager: Shutting down and abandoning module SourceControl (289)
[2017.12.27-06.08.21:974][144]LogModuleManager: Shutting down and abandoning module LightPropagationVolumeEditor (286)
[2017.12.27-06.08.21:974][144]LogModuleManager: Shutting down and abandoning module PaperTiledImporter (284)
[2017.12.27-06.08.21:974][144]LogModuleManager: Shutting down and abandoning module PaperSpriteSheetImporter (282)
[2017.12.27-06.08.21:974][144]LogModuleManager: Shutting down and abandoning module Paper2DEditor (280)
[2017.12.27-06.08.21:974][144]LogModuleManager: Shutting down and abandoning module MeshPaint (279)
[2017.12.27-06.08.21:974][144]LogModuleManager: Shutting down and abandoning module LevelEditor (277)
[2017.12.27-06.08.21:976][144]LogModuleManager: Shutting down and abandoning module PixelInspectorModule (276)
[2017.12.27-06.08.21:976][144]LogModuleManager: Shutting down and abandoning module MainFrame (274)
[2017.12.27-06.08.21:976][144]LogModuleManager: Shutting down and abandoning module HotReload (273)
[2017.12.27-06.08.21:977][144]LogModuleManager: Shutting down and abandoning module RuntimePhysXCooking (268)
[2017.12.27-06.08.21:977][144]LogModuleManager: Shutting down and abandoning module PhysXVehiclesEditor (266)
[2017.12.27-06.08.21:977][144]LogModuleManager: Shutting down and abandoning module PhysXVehicles (264)
[2017.12.27-06.08.21:977][144]LogModuleManager: Shutting down and abandoning module OculusEditor (262)
[2017.12.27-06.08.21:977][144]LogModuleManager: Shutting down and abandoning module LocationServicesBPLibrary (260)
[2017.12.27-06.08.21:977][144]LogModuleManager: Shutting down and abandoning module ImmediatePhysicsEditor (258)
[2017.12.27-06.08.21:977][144]LogModuleManager: Shutting down and abandoning module ImmediatePhysics (256)
[2017.12.27-06.08.21:977][144]LogModuleManager: Shutting down and abandoning module UdpMessaging (254)
[2017.12.27-06.08.22:078][144]LogModuleManager: Shutting down and abandoning module TcpMessaging (252)
[2017.12.27-06.08.22:178][144]LogModuleManager: Shutting down and abandoning module GameplayTagsEditor (250)
[2017.12.27-06.08.22:178][144]LogModuleManager: Shutting down and abandoning module FacialAnimationEditor (248)
[2017.12.27-06.08.22:178][144]LogModuleManager: Shutting down and abandoning module FacialAnimation (246)
[2017.12.27-06.08.22:178][144]LogModuleManager: Shutting down and abandoning module AssetManagerEditor (244)
[2017.12.27-06.08.22:179][144]LogModuleManager: Shutting down and abandoning module GraphEditor (243)
[2017.12.27-06.08.22:179][144]LogModuleManager: Shutting down and abandoning module ContentBrowser (241)
[2017.12.27-06.08.22:181][144]LogModuleManager: Shutting down and abandoning module LightPropagationVolumeRuntime (238)
[2017.12.27-06.08.22:181][144]LogModuleManager: Shutting down and abandoning module Paper2D (236)
[2017.12.27-06.08.22:181][144]LogModuleManager: Shutting down and abandoning module WindowsMoviePlayer (234)
[2017.12.27-06.08.22:181][144]LogModuleManager: Shutting down and abandoning module WmfMedia (232)
[2017.12.27-06.08.22:181][144]LogModuleManager: Shutting down and abandoning module ImgMedia (230)
[2017.12.27-06.08.22:181][144]LogModuleManager: Shutting down and abandoning module PacketHandler (228)
[2017.12.27-06.08.22:181][144]LogModuleManager: Shutting down and abandoning module ClothingSystemEditor (226)
[2017.12.27-06.08.22:181][144]LogModuleManager: Shutting down and abandoning module ClothingSystemRuntime (224)
[2017.12.27-06.08.22:181][144]LogModuleManager: Shutting down and abandoning module MediaAssets (222)
[2017.12.27-06.08.22:181][144]LogModuleManager: Shutting down and abandoning module Media (221)
[2017.12.27-06.08.22:187][144]LogModuleManager: Shutting down and abandoning module Overlay (218)
[2017.12.27-06.08.22:187][144]LogModuleManager: Shutting down and abandoning module OverlayEditor (217)
[2017.12.27-06.08.22:187][144]LogModuleManager: Shutting down and abandoning module VREditor (214)
[2017.12.27-06.08.22:188][144]LogModuleManager: Shutting down and abandoning module StringTableEditor (212)
[2017.12.27-06.08.22:188][144]LogModuleManager: Shutting down and abandoning module GameplayTasksEditor (210)
[2017.12.27-06.08.22:188][144]LogModuleManager: Shutting down and abandoning module BehaviorTreeEditor (208)
[2017.12.27-06.08.22:188][144]LogModuleManager: Shutting down and abandoning module FunctionalTesting (206)
[2017.12.27-06.08.22:188][144]LogModuleManager: Shutting down and abandoning module CollisionAnalyzer (204)
[2017.12.27-06.08.22:188][144]LogModuleManager: Shutting down and abandoning module WorkspaceMenuStructure (203)
[2017.12.27-06.08.22:188][144]LogModuleManager: Shutting down and abandoning module UMG (200)
[2017.12.27-06.08.22:188][144]LogModuleManager: Shutting down and abandoning module UMGEditor (199)
[2017.12.27-06.08.22:188][144]LogModuleManager: Shutting down and abandoning module Sequencer (198)
[2017.12.27-06.08.22:188][144]LogModuleManager: Shutting down and abandoning module MessageLog (195)
[2017.12.27-06.08.22:188][144]LogModuleManager: Shutting down and abandoning module SlateReflector (190)
[2017.12.27-06.08.22:188][144]LogModuleManager: Shutting down and abandoning module Slate (188)
[2017.12.27-06.08.22:188][144]LogModuleManager: Shutting down and abandoning module EditorStyle (186)
[2017.12.27-06.08.22:192][144]LogModuleManager: Shutting down and abandoning module MRMesh (184)
[2017.12.27-06.08.22:192][144]LogModuleManager: Shutting down and abandoning module SourceCodeAccess (182)
[2017.12.27-06.08.22:192][144]LogModuleManager: Shutting down and abandoning module HeadMountedDisplay (180)
[2017.12.27-06.08.22:192][144]LogModuleManager: Shutting down and abandoning module XAudio2 (178)
[2017.12.27-06.08.22:192][144]LogModuleManager: Shutting down and abandoning module Networking (176)
[2017.12.27-06.08.22:192][144]LogModuleManager: Shutting down and abandoning module Core (172)
[2017.12.27-06.08.22:192][144]LogModuleManager: Shutting down and abandoning module LevelSequence (168)
[2017.12.27-06.08.22:192][144]LogModuleManager: Shutting down and abandoning module DirectoryWatcher (166)
[2017.12.27-06.08.22:203][144]LogModuleManager: Shutting down and abandoning module KismetCompiler (164)
[2017.12.27-06.08.22:203][144]LogModuleManager: Shutting down and abandoning module MeshUtilities (162)
[2017.12.27-06.08.22:204][144]LogModuleManager: Shutting down and abandoning module MeshMergeUtilities (161)
[2017.12.27-06.08.22:204][144]LogModuleManager: Shutting down and abandoning module MeshReductionInterface (160)
[2017.12.27-06.08.22:204][144]LogModuleManager: Shutting down and abandoning module SimplygonSwarm (159)
[2017.12.27-06.08.22:204][144]LogModuleManager: Shutting down and abandoning module SimplygonMeshReduction (157)
[2017.12.27-06.08.22:204][144]LogModuleManager: Shutting down and abandoning module QuadricMeshReduction (155)
[2017.12.27-06.08.22:204][144]LogModuleManager: Shutting down and abandoning module MaterialBaking (151)
[2017.12.27-06.08.22:204][144]LogModuleManager: Shutting down and abandoning module DerivedDataCache (148)
[2017.12.27-06.08.22:211][144]LogDerivedDataCache: Shutdown
[2017.12.27-06.08.22:211][144]LogModuleManager: Shutting down and abandoning module TargetPlatform (146)
[2017.12.27-06.08.22:211][144]LogModuleManager: Shutting down and abandoning module VulkanShaderFormat (145)
[2017.12.27-06.08.22:211][144]LogModuleManager: Shutting down and abandoning module ShaderFormatVectorVM (143)
[2017.12.27-06.08.22:211][144]LogModuleManager: Shutting down and abandoning module ShaderFormatOpenGL (141)
[2017.12.27-06.08.22:211][144]LogModuleManager: Shutting down and abandoning module ShaderFormatD3D (139)
[2017.12.27-06.08.22:211][144]LogModuleManager: Shutting down and abandoning module MetalShaderFormat (137)
[2017.12.27-06.08.22:211][144]LogModuleManager: Shutting down and abandoning module TextureFormatUncompressed (135)
[2017.12.27-06.08.22:211][144]LogModuleManager: Shutting down and abandoning module TextureFormatPVR (133)
[2017.12.27-06.08.22:211][144]LogModuleManager: Shutting down and abandoning module TextureFormatDXT (131)
[2017.12.27-06.08.22:211][144]LogModuleManager: Shutting down and abandoning module TextureFormatIntelISPCTexComp (129)
[2017.12.27-06.08.22:212][144]LogModuleManager: Shutting down and abandoning module TextureFormatASTC (127)
[2017.12.27-06.08.22:212][144]LogModuleManager: Shutting down and abandoning module ImageWrapper (126)
[2017.12.27-06.08.22:212][144]LogModuleManager: Shutting down and abandoning module TextureFormatAndroid (123)
[2017.12.27-06.08.22:212][144]LogModuleManager: Shutting down and abandoning module AudioFormatOpus (121)
[2017.12.27-06.08.22:212][144]LogModuleManager: Shutting down and abandoning module AudioFormatOgg (119)
[2017.12.27-06.08.22:212][144]LogModuleManager: Shutting down and abandoning module AudioFormatADPCM (117)
[2017.12.27-06.08.22:212][144]LogModuleManager: Shutting down and abandoning module LinuxTargetPlatform (115)
[2017.12.27-06.08.22:212][144]LogModuleManager: Shutting down and abandoning module LinuxServerTargetPlatform (113)
[2017.12.27-06.08.22:212][144]LogModuleManager: Shutting down and abandoning module LinuxNoEditorTargetPlatform (111)
[2017.12.27-06.08.22:212][144]LogModuleManager: Shutting down and abandoning module LinuxClientTargetPlatform (109)
[2017.12.27-06.08.22:212][144]LogModuleManager: Shutting down and abandoning module TVOSTargetPlatform (107)
[2017.12.27-06.08.22:212][144]LogModuleManager: Shutting down and abandoning module Messaging (105)
[2017.12.27-06.08.22:212][144]LogModuleManager: Shutting down and abandoning module IOSTargetPlatform (103)
[2017.12.27-06.08.22:212][144]LogModuleManager: Shutting down and abandoning module HTML5TargetPlatform (101)
[2017.12.27-06.08.22:212][144]LogModuleManager: Shutting down and abandoning module AndroidTargetPlatform (99)
[2017.12.27-06.08.22:212][144]LogModuleManager: Shutting down and abandoning module Android_PVRTCTargetPlatform (97)
[2017.12.27-06.08.22:212][144]LogModuleManager: Shutting down and abandoning module Android_MultiTargetPlatform (95)
[2017.12.27-06.08.22:212][144]LogModuleManager: Shutting down and abandoning module Android_ETC2TargetPlatform (93)
[2017.12.27-06.08.22:212][144]LogModuleManager: Shutting down and abandoning module Android_ETC1TargetPlatform (91)
[2017.12.27-06.08.22:212][144]LogModuleManager: Shutting down and abandoning module Android_DXTTargetPlatform (89)
[2017.12.27-06.08.22:212][144]LogModuleManager: Shutting down and abandoning module Android_ATCTargetPlatform (87)
[2017.12.27-06.08.22:213][144]LogModuleManager: Shutting down and abandoning module Android_ASTCTargetPlatform (85)
[2017.12.27-06.08.22:213][144]LogModuleManager: Shutting down and abandoning module WindowsTargetPlatform (83)
[2017.12.27-06.08.22:213][144]LogModuleManager: Shutting down and abandoning module WindowsServerTargetPlatform (81)
[2017.12.27-06.08.22:213][144]LogModuleManager: Shutting down and abandoning module WindowsNoEditorTargetPlatform (79)
[2017.12.27-06.08.22:213][144]LogModuleManager: Shutting down and abandoning module WindowsClientTargetPlatform (77)
[2017.12.27-06.08.22:213][144]LogModuleManager: Shutting down and abandoning module MacTargetPlatform (75)
[2017.12.27-06.08.22:213][144]LogModuleManager: Shutting down and abandoning module MacServerTargetPlatform (73)
[2017.12.27-06.08.22:213][144]LogModuleManager: Shutting down and abandoning module MacNoEditorTargetPlatform (71)
[2017.12.27-06.08.22:213][144]LogModuleManager: Shutting down and abandoning module MacClientTargetPlatform (69)
[2017.12.27-06.08.22:213][144]LogModuleManager: Shutting down and abandoning module AllDesktopTargetPlatform (67)
[2017.12.27-06.08.22:213][144]LogModuleManager: Shutting down and abandoning module InputCore (64)
[2017.12.27-06.08.22:213][144]LogModuleManager: Shutting down and abandoning module Settings (62)
[2017.12.27-06.08.22:213][144]LogModuleManager: Shutting down and abandoning module PhysXCooking (60)
[2017.12.27-06.08.22:213][144]LogModuleManager: Shutting down and abandoning module SteamVR (58)
[2017.12.27-06.08.22:213][144]LogModuleManager: Shutting down and abandoning module OculusHMD (56)
[2017.12.27-06.08.22:213][144]LogModuleManager: Shutting down and abandoning module ExampleDeviceProfileSelector (54)
[2017.12.27-06.08.22:213][144]LogModuleManager: Shutting down and abandoning module AppleARKit (52)
[2017.12.27-06.08.22:213][144]LogModuleManager: Shutting down and abandoning module AugmentedReality (51)
[2017.12.27-06.08.22:213][144]LogModuleManager: Shutting down and abandoning module OnlineBlueprintSupport (48)
[2017.12.27-06.08.22:213][144]LogModuleManager: Shutting down and abandoning module OnlineSubsystem (44)
[2017.12.27-06.08.22:213][144]LogModuleManager: Shutting down and abandoning module XMPP (43)
[2017.12.27-06.08.22:214][144]LogModuleManager: Shutting down and abandoning module HTTP (41)
[2017.12.27-06.08.22:214][144]LogHttp: Display: Http module shutting down, but needs to wait on 1 outstanding Http requests:
[2017.12.27-06.08.22:214][144]LogHttp: Display: 	verb=[POST] url=[https://datarouter.ol.epicgames.com/datarouter/api/v1/public/data?SessionID=%7BACE4DF6D-4D21-30DC-6196-158CABC12911%7D&AppID=UEEditor.Rocket.Release&AppVersion=4.18.2-3794801%2B%2B%2BUE4%2BRelease-4.18&UserID=9b94c48a4ccd1921eadb66a2e367a716%7Cf5c1ceb38e4843159bf96dc1c611df9e%7C00ca0ea2-5f0e-4e7d-940a-0c834724d885&AppEnvironment=datacollector-binary&UploadType=eteventstream] status=Processing
[2017.12.27-06.08.22:248][144]LogModuleManager: Shutting down and abandoning module SSL (40)
[2017.12.27-06.08.22:251][144]LogModuleManager: Shutting down and abandoning module AnimationModifiers (36)
[2017.12.27-06.08.22:251][144]LogModuleManager: Shutting down and abandoning module PropertyEditor (35)
[2017.12.27-06.08.22:251][144]LogModuleManager: Shutting down and abandoning module AudioEditor (32)
[2017.12.27-06.08.22:251][144]LogModuleManager: Shutting down and abandoning module TextureCompressor (30)
[2017.12.27-06.08.22:252][144]LogModuleManager: Shutting down and abandoning module ShaderCore (28)
[2017.12.27-06.08.22:252][144]LogModuleManager: Shutting down and abandoning module Landscape (26)
[2017.12.27-06.08.22:252][144]LogModuleManager: Shutting down and abandoning module SlateRHIRenderer (24)
[2017.12.27-06.08.22:258][144]LogModuleManager: Shutting down and abandoning module OpenGLDrv (22)
[2017.12.27-06.08.22:258][144]LogModuleManager: Shutting down and abandoning module D3D11RHI (20)
[2017.12.27-06.08.22:258][144]LogModuleManager: Shutting down and abandoning module AnimGraphRuntime (18)
[2017.12.27-06.08.22:258][144]LogModuleManager: Shutting down and abandoning module Renderer (16)
[2017.12.27-06.08.22:258][144]LogModuleManager: Shutting down and abandoning module Engine (14)
[2017.12.27-06.08.22:258][144]LogModuleManager: Shutting down and abandoning module CoreUObject (12)
[2017.12.27-06.08.22:258][144]LogModuleManager: Shutting down and abandoning module NetworkFile (10)
[2017.12.27-06.08.22:258][144]LogModuleManager: Shutting down and abandoning module CookedIterativeFile (8)
[2017.12.27-06.08.22:258][144]LogModuleManager: Shutting down and abandoning module StreamingFile (6)
[2017.12.27-06.08.22:258][144]LogModuleManager: Shutting down and abandoning module SandboxFile (4)
[2017.12.27-06.08.22:258][144]LogModuleManager: Shutting down and abandoning module PakFile (2)
[2017.12.27-06.08.22:262][144]LogExit: Exiting.
[2017.12.27-06.08.22:290][144]Log file closed, 12/26/17 23:08:22
