Log file open, 12/26/17 12:34:18
LogWindows: Failed to load 'aqProf.dll' (GetLastError=126)
LogWindows: File 'aqProf.dll' does not exist
LogWindows: Failed to load 'VSPerf140.dll' (GetLastError=126)
LogWindows: File 'VSPerf140.dll' does not exist
LogWindows: Failed to load 'VtuneApi.dll' (GetLastError=126)
LogWindows: File 'VtuneApi.dll' does not exist
LogWindows: Failed to load 'VtuneApi32e.dll' (GetLastError=126)
LogWindows: File 'VtuneApi32e.dll' does not exist
LogInit: Display: Running engine for game: brickDestroyer
LogPlatformFile: Not using cached read wrapper
LogInit: Display: RandInit(-416384487) SRandInit(-416384487).
LogInit: Read version file with build ID '3709383'
LogInit: Overriding engine version to CL 3794801, compatible CL 3709383
LogInit: Registered custom module enumerator with build ID '3709383'
LogTaskGraph: Started task graph with 5 named threads and 11 total threads with 3 sets of task threads.
LogStats: Stats thread started at 0.174958
LogD3D11RHI: Aftermath initialized
LogModuleManager: Display: Found up-to-date module file ../../../Engine/Plugins/2D/Paper2D/Binaries/Win64/UE4Editor-Paper2D.dll (API version 3709383).
LogModuleManager: Display: Found up-to-date module file ../../../Engine/Plugins/2D/Paper2D/Binaries/Win64/UE4Editor-Paper2DEditor.dll (API version 3709383).
LogModuleManager: Display: Found up-to-date module file ../../../Engine/Plugins/2D/Paper2D/Binaries/Win64/UE4Editor-PaperSpriteSheetImporter.dll (API version 3709383).
LogModuleManager: Display: Found up-to-date module file ../../../Engine/Plugins/2D/Paper2D/Binaries/Win64/UE4Editor-PaperTiledImporter.dll (API version 3709383).
LogModuleManager: Display: Found up-to-date module file ../../../Engine/Plugins/2D/Paper2D/Binaries/Win64/UE4Editor-SmartSnapping.dll (API version 3709383).
LogModuleManager: Display: Found up-to-date module file ../../../Engine/Plugins/Blendables/LightPropagationVolume/Binaries/Win64/UE4Editor-LightPropagationVolumeRuntime.dll (API version 3709383).
LogModuleManager: Display: Found up-to-date module file ../../../Engine/Plugins/Blendables/LightPropagationVolume/Binaries/Win64/UE4Editor-LightPropagationVolumeEditor.dll (API version 3709383).
LogModuleManager: Display: Found up-to-date module file ../../../Engine/Plugins/Developer/GitSourceControl/Binaries/Win64/UE4Editor-GitSourceControl.dll (API version 3709383).
LogModuleManager: Display: Found up-to-date module file ../../../Engine/Plugins/Developer/PerforceSourceControl/Binaries/Win64/UE4Editor-PerforceSourceControl.dll (API version 3709383).
LogModuleManager: Display: Found up-to-date module file ../../../Engine/Plugins/Developer/SubversionSourceControl/Binaries/Win64/UE4Editor-SubversionSourceControl.dll (API version 3709383).
LogModuleManager: Display: Found up-to-date module file ../../../Engine/Plugins/Developer/UObjectPlugin/Binaries/Win64/UE4Editor-UObjectPlugin.dll (API version 3709383).
LogModuleManager: Display: Found up-to-date module file ../../../Engine/Plugins/Developer/VisualStudioCodeSourceCodeAccess/Binaries/Win64/UE4Editor-VisualStudioCodeSourceCodeAccess.dll (API version 3709383).
LogModuleManager: Display: Found up-to-date module file ../../../Engine/Plugins/Developer/VisualStudioSourceCodeAccess/Binaries/Win64/UE4Editor-VisualStudioSourceCodeAccess.dll (API version 3709383).
LogModuleManager: Display: Found up-to-date module file ../../../Engine/Plugins/Editor/AssetManagerEditor/Binaries/Win64/UE4Editor-AssetManagerEditor.dll (API version 3709383).
LogModuleManager: Display: Found up-to-date module file ../../../Engine/Plugins/Editor/AudioCapture/Binaries/Win64/UE4Editor-AudioCapture.dll (API version 3709383).
LogModuleManager: Display: Found up-to-date module file ../../../Engine/Plugins/Editor/FacialAnimation/Binaries/Win64/UE4Editor-FacialAnimation.dll (API version 3709383).
LogModuleManager: Display: Found up-to-date module file ../../../Engine/Plugins/Editor/FacialAnimation/Binaries/Win64/UE4Editor-FacialAnimationEditor.dll (API version 3709383).
LogModuleManager: Display: Found up-to-date module file ../../../Engine/Plugins/Editor/GameplayTagsEditor/Binaries/Win64/UE4Editor-GameplayTagsEditor.dll (API version 3709383).
LogModuleManager: Display: Found up-to-date module file ../../../Engine/Plugins/Editor/MobileLauncherProfileWizard/Binaries/Win64/UE4Editor-MobileLauncherProfileWizard.dll (API version 3709383).
LogModuleManager: Display: Found up-to-date module file ../../../Engine/Plugins/Editor/PluginBrowser/Binaries/Win64/UE4Editor-PluginBrowser.dll (API version 3709383).
LogModuleManager: Display: Found up-to-date module file ../../../Engine/Plugins/Editor/SpeedTreeImporter/Binaries/Win64/UE4Editor-SpeedTreeImporter.dll (API version 3709383).
LogModuleManager: Display: Found up-to-date module file ../../../Engine/Plugins/Experimental/AlembicImporter/Binaries/Win64/UE4Editor-AlembicImporter.dll (API version 3709383).
LogModuleManager: Display: Found up-to-date module file ../../../Engine/Plugins/Experimental/AlembicImporter/Binaries/Win64/UE4Editor-AlembicLibrary.dll (API version 3709383).
LogModuleManager: Display: Found up-to-date module file ../../../Engine/Plugins/Experimental/CharacterAI/Binaries/Win64/UE4Editor-CharacterAI.dll (API version 3709383).
LogModuleManager: Display: Found up-to-date module file ../../../Engine/Plugins/Experimental/HTML5Networking/Binaries/Win64/UE4Editor-HTML5Networking.dll (API version 3709383).
LogModuleManager: Display: Found up-to-date module file ../../../Engine/Plugins/Media/AndroidMedia/Binaries/Win64/UE4Editor-AndroidMediaEditor.dll (API version 3709383).
LogModuleManager: Display: Found up-to-date module file ../../../Engine/Plugins/Media/AndroidMedia/Binaries/Win64/UE4Editor-AndroidMediaFactory.dll (API version 3709383).
LogModuleManager: Display: Found up-to-date module file ../../../Engine/Plugins/Media/AvfMedia/Binaries/Win64/UE4Editor-AvfMediaEditor.dll (API version 3709383).
LogModuleManager: Display: Found up-to-date module file ../../../Engine/Plugins/Media/AvfMedia/Binaries/Win64/UE4Editor-AvfMediaFactory.dll (API version 3709383).
LogModuleManager: Display: Found up-to-date module file ../../../Engine/Plugins/Media/AvfMedia/Binaries/Win64/UE4Editor-AvfMediaFactory.dll (API version 3709383).
LogModuleManager: Display: Found up-to-date module file ../../../Engine/Plugins/Media/ImgMedia/Binaries/Win64/UE4Editor-ImgMedia.dll (API version 3709383).
LogModuleManager: Display: Found up-to-date module file ../../../Engine/Plugins/Media/ImgMedia/Binaries/Win64/UE4Editor-ImgMediaEditor.dll (API version 3709383).
LogModuleManager: Display: Found up-to-date module file ../../../Engine/Plugins/Media/ImgMedia/Binaries/Win64/UE4Editor-ImgMediaFactory.dll (API version 3709383).
LogModuleManager: Display: Found up-to-date module file ../../../Engine/Plugins/Media/ImgMedia/Binaries/Win64/UE4Editor-ImgMediaFactory.dll (API version 3709383).
LogModuleManager: Display: Found up-to-date module file ../../../Engine/Plugins/Media/ImgMedia/Binaries/Win64/UE4Editor-OpenExrWrapper.dll (API version 3709383).
LogModuleManager: Display: Found up-to-date module file ../../../Engine/Plugins/Media/MediaCompositing/Binaries/Win64/UE4Editor-MediaCompositing.dll (API version 3709383).
LogModuleManager: Display: Found up-to-date module file ../../../Engine/Plugins/Media/MediaCompositing/Binaries/Win64/UE4Editor-MediaCompositingEditor.dll (API version 3709383).
LogModuleManager: Display: Found up-to-date module file ../../../Engine/Plugins/Media/MediaPlayerEditor/Binaries/Win64/UE4Editor-MediaPlayerEditor.dll (API version 3709383).
LogModuleManager: Display: Found up-to-date module file ../../../Engine/Plugins/Media/WmfMedia/Binaries/Win64/UE4Editor-WmfMedia.dll (API version 3709383).
LogModuleManager: Display: Found up-to-date module file ../../../Engine/Plugins/Media/WmfMedia/Binaries/Win64/UE4Editor-WmfMediaEditor.dll (API version 3709383).
LogModuleManager: Display: Found up-to-date module file ../../../Engine/Plugins/Media/WmfMedia/Binaries/Win64/UE4Editor-WmfMediaFactory.dll (API version 3709383).
LogModuleManager: Display: Found up-to-date module file ../../../Engine/Plugins/Media/WmfMedia/Binaries/Win64/UE4Editor-WmfMediaFactory.dll (API version 3709383).
LogModuleManager: Display: Found up-to-date module file ../../../Engine/Plugins/Messaging/TcpMessaging/Binaries/Win64/UE4Editor-TcpMessaging.dll (API version 3709383).
LogModuleManager: Display: Found up-to-date module file ../../../Engine/Plugins/Messaging/UdpMessaging/Binaries/Win64/UE4Editor-UdpMessaging.dll (API version 3709383).
LogModuleManager: Display: Found up-to-date module file ../../../Engine/Plugins/MovieScene/ActorSequence/Binaries/Win64/UE4Editor-ActorSequence.dll (API version 3709383).
LogModuleManager: Display: Found up-to-date module file ../../../Engine/Plugins/MovieScene/LevelSequenceEditor/Binaries/Win64/UE4Editor-LevelSequenceEditor.dll (API version 3709383).
LogModuleManager: Display: Found up-to-date module file ../../../Engine/Plugins/MovieScene/MatineeToLevelSequence/Binaries/Win64/UE4Editor-MatineeToLevelSequence.dll (API version 3709383).
LogModuleManager: Display: Found up-to-date module file ../../../Engine/Plugins/Online/OnlineSubsystem/Binaries/Win64/UE4Editor-OnlineSubsystem.dll (API version 3709383).
LogModuleManager: Display: Found up-to-date module file ../../../Engine/Plugins/Runtime/AndroidPermission/Binaries/Win64/UE4Editor-AndroidPermission.dll (API version 3709383).
LogModuleManager: Display: Found up-to-date module file ../../../Engine/Plugins/Online/OnlineSubsystemNull/Binaries/Win64/UE4Editor-OnlineSubsystemNull.dll (API version 3709383).
LogModuleManager: Display: Found up-to-date module file ../../../Engine/Plugins/Online/OnlineSubsystemUtils/Binaries/Win64/UE4Editor-OnlineSubsystemUtils.dll (API version 3709383).
LogModuleManager: Display: Found up-to-date module file ../../../Engine/Plugins/Online/OnlineSubsystemUtils/Binaries/Win64/UE4Editor-OnlineBlueprintSupport.dll (API version 3709383).
LogModuleManager: Display: Found up-to-date module file ../../../Engine/Plugins/Runtime/AndroidDeviceProfileSelector/Binaries/Win64/UE4Editor-AndroidDeviceProfileSelector.dll (API version 3709383).
LogModuleManager: Display: Found up-to-date module file ../../../Engine/Plugins/Runtime/AppleARKit/Binaries/Win64/UE4Editor-AppleARKit.dll (API version 3709383).
LogModuleManager: Display: Found up-to-date module file ../../../Engine/Plugins/Runtime/ArchVisCharacter/Binaries/Win64/UE4Editor-ArchVisCharacter.dll (API version 3709383).
LogModuleManager: Display: Found up-to-date module file ../../../Engine/Plugins/Runtime/CableComponent/Binaries/Win64/UE4Editor-CableComponent.dll (API version 3709383).
LogModuleManager: Display: Found up-to-date module file ../../../Engine/Plugins/Runtime/CustomMeshComponent/Binaries/Win64/UE4Editor-CustomMeshComponent.dll (API version 3709383).
LogModuleManager: Display: Found up-to-date module file ../../../Engine/Plugins/Runtime/ExampleDeviceProfileSelector/Binaries/Win64/UE4Editor-ExampleDeviceProfileSelector.dll (API version 3709383).
LogModuleManager: Display: Found up-to-date module file ../../../Engine/Plugins/Runtime/ImmediatePhysics/Binaries/Win64/UE4Editor-ImmediatePhysics.dll (API version 3709383).
LogModuleManager: Display: Found up-to-date module file ../../../Engine/Plugins/Runtime/ImmediatePhysics/Binaries/Win64/UE4Editor-ImmediatePhysicsEditor.dll (API version 3709383).
LogModuleManager: Display: Found up-to-date module file ../../../Engine/Plugins/Runtime/LocationServicesBPLibrary/Binaries/Win64/UE4Editor-LocationServicesBPLibrary.dll (API version 3709383).
LogModuleManager: Display: Found up-to-date module file ../../../Engine/Plugins/Runtime/MobilePatchingUtils/Binaries/Win64/UE4Editor-MobilePatchingUtils.dll (API version 3709383).
LogModuleManager: Display: Found up-to-date module file ../../../Engine/Plugins/Runtime/Oculus/OculusVR/Binaries/Win64/UE4Editor-OculusHMD.dll (API version 3709383).
LogModuleManager: Display: Found up-to-date module file ../../../Engine/Plugins/Runtime/Oculus/OculusVR/Binaries/Win64/UE4Editor-OculusInput.dll (API version 3709383).
LogModuleManager: Display: Found up-to-date module file ../../../Engine/Plugins/Runtime/Oculus/OculusVR/Binaries/Win64/UE4Editor-OculusEditor.dll (API version 3709383).
LogModuleManager: Display: Found up-to-date module file ../../../Engine/Plugins/Runtime/PhysXVehicles/Binaries/Win64/UE4Editor-PhysXVehicles.dll (API version 3709383).
LogModuleManager: Display: Found up-to-date module file ../../../Engine/Plugins/Runtime/PhysXVehicles/Binaries/Win64/UE4Editor-PhysXVehiclesEditor.dll (API version 3709383).
LogModuleManager: Display: Found up-to-date module file ../../../Engine/Plugins/Runtime/ProceduralMeshComponent/Binaries/Win64/UE4Editor-ProceduralMeshComponent.dll (API version 3709383).
LogModuleManager: Display: Found up-to-date module file ../../../Engine/Plugins/Runtime/ProceduralMeshComponent/Binaries/Win64/UE4Editor-ProceduralMeshComponentEditor.dll (API version 3709383).
LogModuleManager: Display: Found up-to-date module file ../../../Engine/Plugins/Runtime/RuntimePhysXCooking/Binaries/Win64/UE4Editor-RuntimePhysXCooking.dll (API version 3709383).
LogModuleManager: Display: Found up-to-date module file ../../../Engine/Plugins/Runtime/Steam/SteamVR/Binaries/Win64/UE4Editor-SteamVR.dll (API version 3709383).
LogModuleManager: Display: Found up-to-date module file ../../../Engine/Plugins/Runtime/Steam/SteamVR/Binaries/Win64/UE4Editor-SteamVRController.dll (API version 3709383).
LogModuleManager: Display: Found up-to-date module file ../../../Engine/Plugins/Runtime/WindowsMoviePlayer/Binaries/Win64/UE4Editor-WindowsMoviePlayer.dll (API version 3709383).
LogPluginManager: Mounting plugin Paper2D
LogPluginManager: Mounting plugin LightPropagationVolume
LogPluginManager: Mounting plugin CodeLiteSourceCodeAccess
LogPluginManager: Mounting plugin GitSourceControl
LogPluginManager: Mounting plugin KDevelopSourceCodeAccess
LogPluginManager: Mounting plugin NullSourceCodeAccess
LogPluginManager: Mounting plugin PerforceSourceControl
LogPluginManager: Mounting plugin SubversionSourceControl
LogPluginManager: Mounting plugin UObjectPlugin
LogPluginManager: Mounting plugin VisualStudioCodeSourceCodeAccess
LogPluginManager: Mounting plugin VisualStudioSourceCodeAccess
LogPluginManager: Mounting plugin XCodeSourceCodeAccess
LogPluginManager: Mounting plugin AssetManagerEditor
LogPluginManager: Mounting plugin AudioCapture
LogPluginManager: Mounting plugin FacialAnimation
LogPluginManager: Mounting plugin GameplayTagsEditor
LogPluginManager: Mounting plugin MobileLauncherProfileWizard
LogPluginManager: Mounting plugin PluginBrowser
LogPluginManager: Mounting plugin SpeedTreeImporter
LogPluginManager: Mounting plugin AlembicImporter
LogPluginManager: Mounting plugin CharacterAI
LogPluginManager: Mounting plugin HTML5Networking
LogPluginManager: Mounting plugin AndroidMedia
LogPluginManager: Mounting plugin AvfMedia
LogPluginManager: Mounting plugin ImgMedia
LogPluginManager: Mounting plugin MediaCompositing
LogPluginManager: Mounting plugin MediaPlayerEditor
LogPluginManager: Mounting plugin WmfMedia
LogPluginManager: Mounting plugin TcpMessaging
LogPluginManager: Mounting plugin UdpMessaging
LogPluginManager: Mounting plugin ActorSequence
LogPluginManager: Mounting plugin LevelSequenceEditor
LogPluginManager: Mounting plugin MatineeToLevelSequence
LogPluginManager: Mounting plugin OnlineSubsystemGooglePlay
LogPluginManager: Mounting plugin OnlineSubsystemIOS
LogPluginManager: Mounting plugin OnlineSubsystem
LogPluginManager: Mounting plugin OnlineSubsystemNull
LogPluginManager: Mounting plugin OnlineSubsystemUtils
LogPluginManager: Mounting plugin AndroidDeviceProfileSelector
LogPluginManager: Mounting plugin AndroidMoviePlayer
LogPluginManager: Mounting plugin AndroidPermission
LogPluginManager: Mounting plugin AppleARKit
LogPluginManager: Mounting plugin AppleMoviePlayer
LogPluginManager: Mounting plugin ArchVisCharacter
LogPluginManager: Mounting plugin CableComponent
LogPluginManager: Mounting plugin CustomMeshComponent
LogPluginManager: Mounting plugin ExampleDeviceProfileSelector
LogPluginManager: Mounting plugin GoogleCloudMessaging
LogPluginManager: Mounting plugin ImmediatePhysics
LogPluginManager: Mounting plugin IOSDeviceProfileSelector
LogPluginManager: Mounting plugin LinuxDeviceProfileSelector
LogPluginManager: Mounting plugin LocationServicesBPLibrary
LogPluginManager: Mounting plugin MobilePatchingUtils
LogPluginManager: Mounting plugin OculusVR
LogPluginManager: Plugin shader directory ../../../Engine/Plugins/Runtime/Oculus/OculusVR/Shaders found
LogPluginManager: Mapping shader source directory ../../../Engine/Plugins/Runtime/Oculus/OculusVR/Shaders to virtual directory /Plugin/OculusVR
LogPluginManager: Mounting plugin PhysXVehicles
LogPluginManager: Mounting plugin ProceduralMeshComponent
LogPluginManager: Mounting plugin RuntimePhysXCooking
LogPluginManager: Mounting plugin SteamVR
LogPluginManager: Mounting plugin WindowsMoviePlayer
LogInit: Using libcurl 7.47.1
LogInit:  - built for x86_64-pc-win32
LogInit:  - supports SSL with OpenSSL/1.0.2g
LogInit:  - supports HTTP deflate (compression) using libz 1.2.8
LogInit:  - other features:
LogInit:      CURL_VERSION_SSL
LogInit:      CURL_VERSION_LIBZ
LogInit:      CURL_VERSION_IPV6
LogInit:      CURL_VERSION_ASYNCHDNS
LogInit:      CURL_VERSION_LARGEFILE
LogInit:      CURL_VERSION_IDN
LogInit:  CurlRequestOptions (configurable via config and command line):
LogInit:  - bVerifyPeer = false  - Libcurl will NOT verify peer certificate
LogInit:  - bUseHttpProxy = false  - Libcurl will NOT use HTTP proxy
LogInit:  - bDontReuseConnections = false  - Libcurl will reuse connections
LogInit:  - CertBundlePath = nullptr  - Libcurl will use whatever was configured at build time.
LogInit: Build: ++UE4+Release-4.18-CL-3794801
LogInit: Engine Version: 4.18.2-3794801+++UE4+Release-4.18
LogInit: Compatible Engine Version: 4.18.0-3709383+++UE4+Release-4.18
LogInit: Net CL: 3709383
LogDevObjectVersion: Number of dev versions registered: 16
LogDevObjectVersion:   Dev-Blueprints (B0D832E4-1F89-4F0D-ACCF-7EB736FD4AA2): 10
LogDevObjectVersion:   Dev-Build (E1C64328-A22C-4D53-A36C-8E866417BD8C): 0
LogDevObjectVersion:   Dev-Core (375EC13C-06E4-48FB-B500-84F0262A717E): 2
LogDevObjectVersion:   Dev-Editor (E4B068ED-F494-42E9-A231-DA0B2E46BB41): 20
LogDevObjectVersion:   Dev-Framework (CFFC743F-43B0-4480-9391-14DF171D2073): 30
LogDevObjectVersion:   Dev-Mobile (B02B49B5-BB20-44E9-A304-32B752E40360): 0
LogDevObjectVersion:   Dev-Networking (A4E4105C-59A1-49B5-A7C5-40C4547EDFEE): 0
LogDevObjectVersion:   Dev-Online (39C831C9-5AE6-47DC-9A44-9C173E1C8E7C): 0
LogDevObjectVersion:   Dev-Physics (78F01B33-EBEA-4F98-B9B4-84EACCB95AA2): 0
LogDevObjectVersion:   Dev-Platform (6631380F-2D4D-43E0-8009-CF276956A95A): 0
LogDevObjectVersion:   Dev-Rendering (12F88B9F-8875-4AFC-A67C-D90C383ABD29): 20
LogDevObjectVersion:   Dev-Sequencer (7B5AE74C-D270-4C10-A958-57980B212A5A): 4
LogDevObjectVersion:   Dev-VR (D7296918-1DD6-4BDD-9DE2-64A83CC13884): 0
LogDevObjectVersion:   Dev-LoadTimes (C2A15278-BFE7-4AFE-6C17-90FF531DF755): 1
LogDevObjectVersion:   Private-Geometry (6EACA3D4-40EC-4CC1-B786-8BED09428FC5): 1
LogDevObjectVersion:   Dev-AnimPhys (29E575DD-E0A3-4627-9D10-D276232CDCEA): 12
LogInit: Compiled (64-bit): Dec  8 2017 02:04:53
LogInit: Compiled with Visual C++: 19.00.24215.01
LogInit: Build Configuration: Development
LogInit: Branch Name: ++UE4+Release-4.18
LogInit: Command line: -EpicPortal 
LogInit: Base directory: C:/Program Files/Epic Games/UE_4.18/Engine/Binaries/Win64/
LogInit: Installed Engine Build: 1
LogInit: Presizing for max 8388607 objects, including 0 objects not considered by GC, pre-allocating 0 bytes for permanent pool.
LogInit: Object subsystem initialized
[2017.12.26-19.34.20:924][  0]LogInit: Selected Device Profile: [Windows]
[2017.12.26-19.34.20:924][  0]LogInit: Applying CVar settings loaded from the selected device profile: [Windows]
[2017.12.26-19.34.20:951][  0]LogInit: Computer: DESKTOP-2NSGK8G
[2017.12.26-19.34.20:951][  0]LogInit: User: iking
[2017.12.26-19.34.20:951][  0]LogInit: CPU Page size=4096, Cores=3
[2017.12.26-19.34.20:951][  0]LogInit: High frequency timer resolution =3.433586 MHz
[2017.12.26-19.34.20:951][  0]LogMemory: Memory total: Physical=16.0GB (16GB approx)
[2017.12.26-19.34.20:951][  0]LogMemory: Platform Memory Stats for Windows
[2017.12.26-19.34.20:951][  0]LogMemory: Process Physical Memory: 272.05 MB used, 272.05 MB peak
[2017.12.26-19.34.20:951][  0]LogMemory: Process Virtual Memory: 269.44 MB used, 269.44 MB peak
[2017.12.26-19.34.20:951][  0]LogMemory: Physical Memory: 4641.60 MB used,  11707.02 MB free, 16348.62 MB total
[2017.12.26-19.34.20:951][  0]LogMemory: Virtual Memory: 642.17 MB used,  11707.02 MB free, 134217728.00 MB total
[2017.12.26-19.34.21:215][  0]LogInit: Using OS detected language (en-US).
[2017.12.26-19.34.21:215][  0]LogInit: Using OS detected locale (en-US).
[2017.12.26-19.34.21:219][  0]LogTextLocalizationManager: No specific localization for 'en-US' exists, so the 'en' localization will be used.
[2017.12.26-19.34.21:750][  0]LogInit: Setting process to per monitor DPI aware
[2017.12.26-19.34.22:137][  0]LogD3D11RHI: D3D11 adapters:
[2017.12.26-19.34.22:157][  0]LogD3D11RHI:    0. 'AMD Radeon R9 200 Series' (Feature Level 11_0)
[2017.12.26-19.34.22:157][  0]LogD3D11RHI:       3052/0/8174 MB DedicatedVideo/DedicatedSystem/SharedSystem, Outputs:2, VendorId:0x1002
[2017.12.26-19.34.22:159][  0]LogD3D11RHI:    1. 'Microsoft Basic Render Driver' (Feature Level 11_0)
[2017.12.26-19.34.22:159][  0]LogD3D11RHI:       0/0/8174 MB DedicatedVideo/DedicatedSystem/SharedSystem, Outputs:0, VendorId:0x1414
[2017.12.26-19.34.22:159][  0]LogD3D11RHI: Chosen D3D11 Adapter: 0
[2017.12.26-19.34.22:165][  0]LogD3D11RHI: Creating new Direct3DDevice
[2017.12.26-19.34.22:165][  0]LogD3D11RHI:     GPU DeviceId: 0x6798 (for the marketing name, search the web for "GPU Device Id")
[2017.12.26-19.34.22:166][  0]LogWindows: EnumDisplayDevices:
[2017.12.26-19.34.22:166][  0]LogWindows:    0. 'AMD Radeon R9 200 Series' (P:1 D:1)
[2017.12.26-19.34.22:166][  0]LogWindows:    1. 'AMD Radeon R9 200 Series' (P:0 D:1)
[2017.12.26-19.34.22:166][  0]LogWindows:    2. 'AMD Radeon R9 200 Series' (P:0 D:0)
[2017.12.26-19.34.22:167][  0]LogWindows:    3. 'AMD Radeon R9 200 Series' (P:0 D:0)
[2017.12.26-19.34.22:167][  0]LogWindows:    4. 'AMD Radeon R9 200 Series' (P:0 D:0)
[2017.12.26-19.34.22:167][  0]LogWindows:    5. 'AMD Radeon R9 200 Series' (P:0 D:0)
[2017.12.26-19.34.22:168][  0]LogWindows: DebugString: FoundDriverCount:6 
[2017.12.26-19.34.22:168][  0]LogD3D11RHI:     Adapter Name: AMD Radeon R9 200 Series
[2017.12.26-19.34.22:168][  0]LogD3D11RHI:   Driver Version: Crimson ReLive 17.7.2 (internal:22.19.662.4, unified:22.19.662.4)
[2017.12.26-19.34.22:168][  0]LogD3D11RHI:      Driver Date: 7-20-2017
[2017.12.26-19.34.22:168][  0]LogRHI: Texture pool is 2136 MB (70% of 3052 MB)
[2017.12.26-19.34.22:200][  0]LogD3D11RHI: Async texture creation enabled
[2017.12.26-19.34.22:212][  0]LogD3D11RHI: GPU Timing Frequency: 27.000000 (Debug: 2 1)
[2017.12.26-19.34.22:213][  0]LogShaderCompilers: Guid format shader working directory is -45 characters bigger than the processId version (../../../../../../Users/iking/Documents/Unreal Projects/Masked Entertainment/BrickDestroyer/Intermediate/Shaders/WorkingDirectory/9540/).
[2017.12.26-19.34.22:213][  0]LogShaderCompilers: Cleaned the shader compiler working directory 'C:/Users/iking/AppData/Local/Temp/UnrealShaderWorkingDir/F14585D14A4C395520577E8CF39CC0F9/'.
[2017.12.26-19.34.22:213][  0]LogShaderCompilers: Display: Using Local Shader Compiler.
[2017.12.26-19.34.23:663][  0]LogTemp: Display: Loaded TP AllDesktopTargetPlatform
[2017.12.26-19.34.23:755][  0]LogTemp: Display: Loaded TP MacClientTargetPlatform
[2017.12.26-19.34.23:847][  0]LogTemp: Display: Loaded TP MacNoEditorTargetPlatform
[2017.12.26-19.34.23:938][  0]LogTemp: Display: Loaded TP MacServerTargetPlatform
[2017.12.26-19.34.24:030][  0]LogTemp: Display: Loaded TP MacTargetPlatform
[2017.12.26-19.34.24:121][  0]LogTemp: Display: Loaded TP WindowsClientTargetPlatform
[2017.12.26-19.34.24:214][  0]LogTemp: Display: Loaded TP WindowsNoEditorTargetPlatform
[2017.12.26-19.34.24:305][  0]LogTemp: Display: Loaded TP WindowsServerTargetPlatform
[2017.12.26-19.34.24:384][  0]LogTemp: Display: Loaded TP WindowsTargetPlatform
[2017.12.26-19.34.24:474][  0]LogTemp: Display: Loaded TP Android_ASTCTargetPlatform
[2017.12.26-19.34.24:563][  0]LogTemp: Display: Loaded TP Android_ATCTargetPlatform
[2017.12.26-19.34.24:652][  0]LogTemp: Display: Loaded TP Android_DXTTargetPlatform
[2017.12.26-19.34.24:744][  0]LogTemp: Display: Loaded TP Android_ETC1TargetPlatform
[2017.12.26-19.34.24:833][  0]LogTemp: Display: Loaded TP Android_ETC2TargetPlatform
[2017.12.26-19.34.25:010][  0]LogTemp: Display: Loaded TP Android_MultiTargetPlatform
[2017.12.26-19.34.25:010][  0]LogTemp: Display: Loaded TP Android_PVRTCTargetPlatform
[2017.12.26-19.34.25:099][  0]LogTemp: Display: Loaded TP AndroidTargetPlatform
[2017.12.26-19.34.25:171][  0]LogTemp: Display: Loaded TP HTML5TargetPlatform
[2017.12.26-19.34.25:328][  0]LogTemp: Display: Loaded TP IOSTargetPlatform
[2017.12.26-19.34.25:378][  0]LogTemp: Display: Loaded TP TVOSTargetPlatform
[2017.12.26-19.34.25:468][  0]LogTemp: Display: Loaded TP LinuxClientTargetPlatform
[2017.12.26-19.34.25:557][  0]LogTemp: Display: Loaded TP LinuxNoEditorTargetPlatform
[2017.12.26-19.34.25:646][  0]LogTemp: Display: Loaded TP LinuxServerTargetPlatform
[2017.12.26-19.34.25:736][  0]LogTemp: Display: Loaded TP LinuxTargetPlatform
[2017.12.26-19.34.25:736][  0]LogTargetPlatformManager: Display: Building Assets For Windows
[2017.12.26-19.34.26:603][  0]LogDerivedDataCache: Display: Max Cache Size: 512 MB
[2017.12.26-19.34.26:793][  0]LogDerivedDataCache: Loaded boot cache 0.19s 92MB C:/Users/iking/AppData/Local/UnrealEngine/4.18/DerivedDataCache/Boot.ddc.
[2017.12.26-19.34.26:793][  0]LogDerivedDataCache: Display: Loaded Boot cache: C:/Users/iking/AppData/Local/UnrealEngine/4.18/DerivedDataCache/Boot.ddc
[2017.12.26-19.34.26:793][  0]LogDerivedDataCache: FDerivedDataBackendGraph:  Pak pak cache file ../../../../../../Users/iking/Documents/Unreal Projects/Masked Entertainment/BrickDestroyer/DerivedDataCache/DDC.ddp not found, will not use a pak cache.
[2017.12.26-19.34.26:793][  0]LogDerivedDataCache: Unable to find inner node Pak for hierarchical cache Hierarchy.
[2017.12.26-19.34.26:793][  0]LogDerivedDataCache: FDerivedDataBackendGraph:  CompressedPak pak cache file ../../../../../../Users/iking/Documents/Unreal Projects/Masked Entertainment/BrickDestroyer/DerivedDataCache/Compressed.ddp not found, will not use a pak cache.
[2017.12.26-19.34.26:793][  0]LogDerivedDataCache: Unable to find inner node CompressedPak for hierarchical cache Hierarchy.
[2017.12.26-19.34.26:817][  0]LogDerivedDataCache: Display: Pak cache opened for reading ../../../Engine/DerivedDataCache/Compressed.ddp.
[2017.12.26-19.34.26:829][  0]LogDerivedDataCache: Using Local data cache path C:/Users/iking/AppData/Local/UnrealEngine/Common/DerivedDataCache: Writable
[2017.12.26-19.34.26:846][  0]LogMaterial: Verifying Global Shaders for PCD3D_SM5
[2017.12.26-19.34.26:846][  0]LogSlate: Using Freetype 2.6.0
[2017.12.26-19.34.26:847][  0]LogSlate: SlateFontCache - WITH_FREETYPE: 1, WITH_HARFBUZZ: 1
[2017.12.26-19.34.26:847][  0]LogSlate: SlateFontCache - WITH_FREETYPE: 1, WITH_HARFBUZZ: 1
[2017.12.26-19.34.27:400][  0]LogInit: Selected Device Profile: [Windows]
[2017.12.26-19.34.27:953][  0]LogSimplygon: Simplygon DLL not present - disabling.
[2017.12.26-19.34.28:029][  0]LogMeshReduction: Using SimplygonSwarm for distributed automatic mesh merging
[2017.12.26-19.34.28:030][  0]LogMeshReduction: Using QuadricMeshReduction for automatic static mesh reduction
[2017.12.26-19.34.28:030][  0]LogMeshReduction: No automatic skeletal mesh reduction module available
[2017.12.26-19.34.28:030][  0]LogMeshReduction: No automatic mesh merging module available
[2017.12.26-19.34.28:030][  0]LogMeshMerging: No automatic mesh merging module available
[2017.12.26-19.34.28:080][  0]LogNetVersion: brickDestroyer , NetCL: 3709383, EngineNetVer: 2, GameNetVer: 0 (Checksum: 1742795680)
[2017.12.26-19.34.28:315][  0]LogAssetRegistry: FAssetRegistry took 0.0277 seconds to start up
[2017.12.26-19.34.29:343][  0]LogPackageLocalizationCache: Processed 7 localized package path(s) for 2 prioritized culture(s) in 0.340868 seconds
[2017.12.26-19.34.29:352][  0]LogUObjectArray: 35900 objects as part of root set at end of initial load.
[2017.12.26-19.34.29:352][  0]LogUObjectAllocator: 7372016 out of 0 bytes used by permanent object pool.
[2017.12.26-19.34.29:352][  0]LogUObjectArray: CloseDisregardForGC: 0/0 objects in disregard for GC pool
[2017.12.26-19.34.29:452][  0]LogInit: WinSock: version 1.1 (2.2), MaxSocks=32767, MaxUdp=65467
[2017.12.26-19.34.33:788][  0]LogTcpMessaging: Initializing TcpMessaging bridge
[2017.12.26-19.34.33:855][  0]LogUdpMessaging: Initializing bridge on interface 0.0.0.0:0 to multicast group 230.0.0.1:6666.
[2017.12.26-19.34.34:999][  0]LogMaterial: Uniform references updated for custom material expression Custom.
[2017.12.26-19.34.35:720][  0]SourceControl: Source control is disabled
[2017.12.26-19.34.35:720][  0]SourceControl: Source control is disabled
[2017.12.26-19.34.35:823][  0]SourceControl: Source control is disabled
[2017.12.26-19.34.35:918][  0]SourceControl: Source control is disabled
[2017.12.26-19.34.37:453][  0]LogAndroidPermission: UAndroidPermissionCallbackProxy::GetInstance
[2017.12.26-19.34.37:971][  0]LogOcInput: OculusInput pre-init called
[2017.12.26-19.34.38:480][  0]LogEngine: Initializing Engine...
[2017.12.26-19.34.38:517][  0]LogHMD: Failed to initialize OpenVR with code 126
[2017.12.26-19.34.38:877][  0]LogStats: UGameplayTagsManager::ConstructGameplayTagTree: Construct from data asset -  0.000 s
[2017.12.26-19.34.38:877][  0]LogStats: UGameplayTagsManager::ConstructGameplayTagTree: GameplayTagTreeChangedEvent.Broadcast -  0.000 s
[2017.12.26-19.34.39:255][  0]LogAIModule: Creating AISystem for world Untitled
[2017.12.26-19.34.39:298][  0]LogInit: XAudio2 using 'Speakers (Realtek High Definition Audio)' : 2 channels at 48 kHz using 32 bits per sample (channel mask 0x3)
[2017.12.26-19.34.39:346][  0]LogInit: FAudioDevice initialized.
[2017.12.26-19.34.39:525][  0]LogDerivedDataCache: Saved boot cache 0.18s 92MB C:/Users/iking/AppData/Local/UnrealEngine/4.18/DerivedDataCache/Boot.ddc.
[2017.12.26-19.34.39:559][  0]LogInit: Texture streaming: Enabled
[2017.12.26-19.34.39:768][  0]LogEngineSessionManager: EngineSessionManager initialized
[2017.12.26-19.34.40:004][  0]LogInit: Transaction tracking system initialized
[2017.12.26-19.34.40:579][  0]BlueprintLog: New page: Editor Load
[2017.12.26-19.34.42:185][  0]LocalizationService: Localization service is disabled
[2017.12.26-19.34.43:514][  0]LogConsoleResponse: Display: 
[2017.12.26-19.34.44:695][  0]LogCook: Display: Max memory allowance for cook 16384mb min free memory 0mb
[2017.12.26-19.34.44:695][  0]LogCook: Display: Mobile HDR setting 1
[2017.12.26-19.34.44:695][  0]LogGameplayTags: Display: UGameplayTagsManager::DoneAddingNativeTags. DelegateIsBound: 0
[2017.12.26-19.34.45:183][  0]LogFileCache: Scanning file cache for directory 'C:/Users/iking/Documents/Unreal Projects/Masked Entertainment/BrickDestroyer/Content/' took 0.02s
[2017.12.26-19.34.46:831][  0]SourceControl: Source control is disabled
[2017.12.26-19.34.46:831][  0]Cmd: MAP LOAD FILE="../../../../../../Users/iking/Documents/Unreal Projects/Masked Entertainment/BrickDestroyer/Content/blockBreaker.umap" TEMPLATE=0 SHOWPROGRESS=1 FEATURELEVEL=3
[2017.12.26-19.34.46:832][  0]LightingResults: New page: Lighting Build
[2017.12.26-19.34.46:907][  0]MapCheck: New page: Map Check
[2017.12.26-19.34.46:907][  0]LightingResults: New page: Lighting Build
[2017.12.26-19.34.50:472][  0]LogAIModule: Creating AISystem for world blockBreaker
[2017.12.26-19.34.50:481][  0]LogEditorServer: Finished looking for orphan Actors (0.000 secs)
[2017.12.26-19.34.50:525][  0]Cmd: MAP CHECKDEP NOCLEARLOG
[2017.12.26-19.34.50:613][  0]MapCheck: Map check complete: 0 Error(s), 0 Warning(s), took 87.502ms to complete.
[2017.12.26-19.34.50:613][  0]LogFileHelpers: Loading map 'blockBreaker' took 3.782
[2017.12.26-19.34.50:919][  0]LogCollectionManager: Loaded 0 collections in 0.002650 seconds
[2017.12.26-19.34.51:050][  0]LogFileCache: Scanning file cache for directory 'C:/Users/iking/Documents/Unreal Projects/Masked Entertainment/BrickDestroyer/Saved/Collections/' took 0.01s
[2017.12.26-19.34.51:050][  0]LogFileCache: Scanning file cache for directory 'C:/Users/iking/Documents/Unreal Projects/Masked Entertainment/BrickDestroyer/Content/Developers/iking/Collections/' took 0.01s
[2017.12.26-19.34.51:050][  0]LogFileCache: Scanning file cache for directory 'C:/Users/iking/Documents/Unreal Projects/Masked Entertainment/BrickDestroyer/Content/Collections/' took 0.01s
[2017.12.26-19.34.51:050][  0]LogCollectionManager: Rebuilt the GUID cache for 0 collections in 0.000000 seconds
[2017.12.26-19.34.51:064][  0]LogContentBrowser: Native class hierarchy populated in 0.0140 seconds. Added 2363 classes and 519 folders.
[2017.12.26-19.34.51:181][  0]LogContentBrowser: Native class hierarchy updated for 'WidgetCarousel' in 0.0003 seconds. Added 0 classes and 0 folders.
[2017.12.26-19.34.52:122][  0]LogContentBrowser: Native class hierarchy updated for 'AddContentDialog' in 0.0003 seconds. Added 0 classes and 0 folders.
[2017.12.26-19.34.52:264][  0]LogContentBrowser: Native class hierarchy updated for 'SceneOutliner' in 0.0003 seconds. Added 1 classes and 2 folders.
[2017.12.26-19.34.55:180][  0]LogSlate: Only BGRA pngs, bmps or icos are supported in by External Image Picker
[2017.12.26-19.34.55:306][  0]LogSlate: Took 0.000326 seconds to synchronously load lazily loaded font '../../../Engine/Content/Slate/Fonts/Roboto-Regular.ttf' (155K)
[2017.12.26-19.34.55:311][  0]LogSlate: Took 0.000274 seconds to synchronously load lazily loaded font '../../../Engine/Content/Slate/Fonts/Roboto-Bold.ttf' (160K)
[2017.12.26-19.34.55:345][  0]LogSlate: Took 0.030433 seconds to synchronously load lazily loaded font '../../../Engine/Content/Editor/Slate/Fonts/FontAwesome.ttf' (139K)
[2017.12.26-19.34.55:578][  0]LogTemp: Executing iPhonePackager certificates Engine -bundlename com.YourCompany.brickDestroyer
[2017.12.26-19.34.55:578][  0]LogTemp: CWD: C:\Program Files\Epic Games\UE_4.18\Engine\Binaries\DotNET\IOS
[2017.12.26-19.34.55:578][  0]LogTemp: Initial Dir: C:\Program Files\Epic Games\UE_4.18
[2017.12.26-19.34.55:578][  0]LogTemp: Env CWD: C:\Program Files\Epic Games\UE_4.18\Engine\Binaries\DotNET\IOS
[2017.12.26-19.34.55:578][  0]LogTemp: BranchPath = DESKTOP-2NSGK8G/C/Program Files/Epic Games/UE_4.18/Engine/Binaries --- GameBranchPath = DESKTOP-2NSGK8G/C/Program Files/Epic Games/UE_4.18/Engine/Binaries
[2017.12.26-19.34.55:578][  0]LogTemp: IPP ERROR: Could not find provision directory 'C:\Users\iking\AppData\Local/Apple Computer/MobileDevice/Provisioning Profiles/'.
[2017.12.26-19.34.55:578][  0]LogRenderer: Reallocating scene render targets to support 1036x376 Format 26 NumSamples 1 (Frame:1).
[2017.12.26-19.34.55:668][  0]LogSlate: Took 0.018799 seconds to synchronously load lazily loaded font '../../../Engine/Content/Slate/Fonts/Roboto-Light.ttf' (159K)
[2017.12.26-19.34.55:919][  0]LogContentBrowser: Native class hierarchy updated for 'HierarchicalLODOutliner' in 0.0003 seconds. Added 1 classes and 2 folders.
[2017.12.26-19.34.55:920][  0]LogLoad: (Engine Initialization) Total time: 39.60 seconds
[2017.12.26-19.34.55:920][  0]LogLoad: (Engine Initialization) Total Blueprint compile time: 0.00 seconds
[2017.12.26-19.34.55:920][  0]LogExternalProfiler: No external profilers were discovered.  External profiling features will not be available.
[2017.12.26-19.34.56:289][  0]LogContentStreaming: Texture pool size now 1000 MB
[2017.12.26-19.34.56:932][  2]LogAssetRegistry: Asset discovery search completed in 28.6380 seconds
[2017.12.26-19.34.56:934][  2]LogCollectionManager: Rebuilt the object cache for 0 collections in 0.000000 seconds (found 0 objects)
[2017.12.26-19.34.56:934][  2]LogCollectionManager: Fixed up redirectors for 0 collections in 0.000060 seconds (updated 0 objects)
[2017.12.26-19.34.57:272][  3]LogSlate: Took 0.000400 seconds to synchronously load lazily loaded font '../../../Engine/Content/Slate/Fonts/Roboto-Light.ttf' (159K)
[2017.12.26-19.42.06:205][550]LogTemp: Repeating last play command: Selected Viewport
[2017.12.26-19.42.06:347][550]LogBlueprintUserMessages: Early PlayInEditor Detection: Level '/Game/blockBreaker.blockBreaker:PersistentLevel' has LevelScriptBlueprint '/Game/blockBreaker.blockBreaker:PersistentLevel.blockBreaker' with GeneratedClass '/Game/blockBreaker.blockBreaker_C' with ClassGeneratedBy '/Game/blockBreaker.blockBreaker:PersistentLevel.blockBreaker'
[2017.12.26-19.42.06:347][550]LogPlayLevel: PlayLevel: No blueprints needed recompiling
[2017.12.26-19.42.06:348][550]PIE: New page: PIE session: blockBreaker (Dec 26, 2017, 5:42:06 AM)
[2017.12.26-19.42.06:348][550]LogPlayLevel: Creating play world package: /Game/UEDPIE_0_blockBreaker
[2017.12.26-19.42.06:356][550]LogPlayLevel: PIE: StaticDuplicateObject took: (0.008177s)
[2017.12.26-19.42.06:357][550]LogAIModule: Creating AISystem for world blockBreaker
[2017.12.26-19.42.06:358][550]LogPlayLevel: PIE: World Init took: (0.001349s)
[2017.12.26-19.42.06:358][550]LogPlayLevel: PIE: Created PIE world by copying editor world from /Game/blockBreaker.blockBreaker to /Game/UEDPIE_0_blockBreaker.blockBreaker (0.009992s)
[2017.12.26-19.42.06:405][550]LogInit: XAudio2 using 'Speakers (Realtek High Definition Audio)' : 2 channels at 48 kHz using 32 bits per sample (channel mask 0x3)
[2017.12.26-19.42.06:427][550]LogInit: FAudioDevice initialized.
[2017.12.26-19.42.06:471][550]LogLoad: Game class is 'BP_brickBreakerGame_C'
[2017.12.26-19.42.06:474][550]LogWorld: Bringing World /Game/UEDPIE_0_blockBreaker.blockBreaker up for play (max tick rate 0) at 2017.12.26-12.42.06
[2017.12.26-19.42.06:474][550]LogWorld: Bringing up level for play took: 0.001491
[2017.12.26-19.42.06:549][550]LogContentBrowser: Native class hierarchy updated for 'MovieSceneCapture' in 0.0004 seconds. Added 11 classes and 0 folders.
[2017.12.26-19.42.06:551][550]PIE: Play in editor start time for /Game/UEDPIE_0_blockBreaker 1.161
[2017.12.26-19.42.06:552][550]LogBlueprintUserMessages: Late PlayInEditor Detection: Level '/Game/blockBreaker.blockBreaker:PersistentLevel' has LevelScriptBlueprint '/Game/blockBreaker.blockBreaker:PersistentLevel.blockBreaker' with GeneratedClass '/Game/blockBreaker.blockBreaker_C' with ClassGeneratedBy '/Game/blockBreaker.blockBreaker:PersistentLevel.blockBreaker'
[2017.12.26-19.42.38:167][338]LogBlueprintUserMessages: Early EndPlayMap Detection: Level '/Game/blockBreaker.blockBreaker:PersistentLevel' has LevelScriptBlueprint '/Game/blockBreaker.blockBreaker:PersistentLevel.blockBreaker' with GeneratedClass '/Game/blockBreaker.blockBreaker_C' with ClassGeneratedBy '/Game/blockBreaker.blockBreaker:PersistentLevel.blockBreaker'
[2017.12.26-19.42.38:199][338]LogBlueprintUserMessages: Late EndPlayMap Detection: Level '/Game/blockBreaker.blockBreaker:PersistentLevel' has LevelScriptBlueprint '/Game/blockBreaker.blockBreaker:PersistentLevel.blockBreaker' with GeneratedClass '/Game/blockBreaker.blockBreaker_C' with ClassGeneratedBy '/Game/blockBreaker.blockBreaker:PersistentLevel.blockBreaker'
