Log file open, 12/13/17 13:54:23
LogWindows: Failed to load 'aqProf.dll' (GetLastError=126)
LogWindows: File 'aqProf.dll' does not exist
LogWindows: Failed to load 'VSPerf140.dll' (GetLastError=126)
LogWindows: File 'VSPerf140.dll' does not exist
LogWindows: Failed to load 'VtuneApi.dll' (GetLastError=126)
LogWindows: File 'VtuneApi.dll' does not exist
LogWindows: Failed to load 'VtuneApi32e.dll' (GetLastError=126)
LogWindows: File 'VtuneApi32e.dll' does not exist
LogInit: Display: Running engine for game: brickDestroyer
LogPlatformFile: Not using cached read wrapper
LogInit: Display: RandInit(-465779018) SRandInit(-465779018).
LogInit: Read version file with build ID '3709383'
LogInit: Overriding engine version to CL 3754814, compatible CL 3709383
LogInit: Registered custom module enumerator with build ID '3709383'
LogTaskGraph: Started task graph with 5 named threads and 14 total threads with 3 sets of task threads.
LogStats: Stats thread started at 0.200691
LogD3D11RHI: Aftermath initialized
LogModuleManager: Display: Found up-to-date module file ../../../Engine/Plugins/2D/Paper2D/Binaries/Win64/UE4Editor-Paper2D.dll (API version 3709383).
LogModuleManager: Display: Found up-to-date module file ../../../Engine/Plugins/2D/Paper2D/Binaries/Win64/UE4Editor-Paper2DEditor.dll (API version 3709383).
LogModuleManager: Display: Found up-to-date module file ../../../Engine/Plugins/2D/Paper2D/Binaries/Win64/UE4Editor-PaperSpriteSheetImporter.dll (API version 3709383).
LogModuleManager: Display: Found up-to-date module file ../../../Engine/Plugins/2D/Paper2D/Binaries/Win64/UE4Editor-PaperTiledImporter.dll (API version 3709383).
LogModuleManager: Display: Found up-to-date module file ../../../Engine/Plugins/2D/Paper2D/Binaries/Win64/UE4Editor-SmartSnapping.dll (API version 3709383).
LogModuleManager: Display: Found up-to-date module file ../../../Engine/Plugins/Blendables/LightPropagationVolume/Binaries/Win64/UE4Editor-LightPropagationVolumeRuntime.dll (API version 3709383).
LogModuleManager: Display: Found up-to-date module file ../../../Engine/Plugins/Blendables/LightPropagationVolume/Binaries/Win64/UE4Editor-LightPropagationVolumeEditor.dll (API version 3709383).
LogModuleManager: Display: Found up-to-date module file ../../../Engine/Plugins/Developer/GitSourceControl/Binaries/Win64/UE4Editor-GitSourceControl.dll (API version 3709383).
LogModuleManager: Display: Found up-to-date module file ../../../Engine/Plugins/Developer/PerforceSourceControl/Binaries/Win64/UE4Editor-PerforceSourceControl.dll (API version 3709383).
LogModuleManager: Display: Found up-to-date module file ../../../Engine/Plugins/Developer/SubversionSourceControl/Binaries/Win64/UE4Editor-SubversionSourceControl.dll (API version 3709383).
LogModuleManager: Display: Found up-to-date module file ../../../Engine/Plugins/Developer/UObjectPlugin/Binaries/Win64/UE4Editor-UObjectPlugin.dll (API version 3709383).
LogModuleManager: Display: Found up-to-date module file ../../../Engine/Plugins/Developer/VisualStudioCodeSourceCodeAccess/Binaries/Win64/UE4Editor-VisualStudioCodeSourceCodeAccess.dll (API version 3709383).
LogModuleManager: Display: Found up-to-date module file ../../../Engine/Plugins/Developer/VisualStudioSourceCodeAccess/Binaries/Win64/UE4Editor-VisualStudioSourceCodeAccess.dll (API version 3709383).
LogModuleManager: Display: Found up-to-date module file ../../../Engine/Plugins/Editor/AssetManagerEditor/Binaries/Win64/UE4Editor-AssetManagerEditor.dll (API version 3709383).
LogModuleManager: Display: Found up-to-date module file ../../../Engine/Plugins/Editor/AudioCapture/Binaries/Win64/UE4Editor-AudioCapture.dll (API version 3709383).
LogModuleManager: Display: Found up-to-date module file ../../../Engine/Plugins/Editor/FacialAnimation/Binaries/Win64/UE4Editor-FacialAnimation.dll (API version 3709383).
LogModuleManager: Display: Found up-to-date module file ../../../Engine/Plugins/Editor/FacialAnimation/Binaries/Win64/UE4Editor-FacialAnimationEditor.dll (API version 3709383).
LogModuleManager: Display: Found up-to-date module file ../../../Engine/Plugins/Editor/GameplayTagsEditor/Binaries/Win64/UE4Editor-GameplayTagsEditor.dll (API version 3709383).
LogModuleManager: Display: Found up-to-date module file ../../../Engine/Plugins/Editor/MobileLauncherProfileWizard/Binaries/Win64/UE4Editor-MobileLauncherProfileWizard.dll (API version 3709383).
LogModuleManager: Display: Found up-to-date module file ../../../Engine/Plugins/Editor/PluginBrowser/Binaries/Win64/UE4Editor-PluginBrowser.dll (API version 3709383).
LogModuleManager: Display: Found up-to-date module file ../../../Engine/Plugins/Editor/SpeedTreeImporter/Binaries/Win64/UE4Editor-SpeedTreeImporter.dll (API version 3709383).
LogModuleManager: Display: Found up-to-date module file ../../../Engine/Plugins/Experimental/AlembicImporter/Binaries/Win64/UE4Editor-AlembicImporter.dll (API version 3709383).
LogModuleManager: Display: Found up-to-date module file ../../../Engine/Plugins/Experimental/AlembicImporter/Binaries/Win64/UE4Editor-AlembicLibrary.dll (API version 3709383).
LogModuleManager: Display: Found up-to-date module file ../../../Engine/Plugins/Experimental/CharacterAI/Binaries/Win64/UE4Editor-CharacterAI.dll (API version 3709383).
LogModuleManager: Display: Found up-to-date module file ../../../Engine/Plugins/Experimental/HTML5Networking/Binaries/Win64/UE4Editor-HTML5Networking.dll (API version 3709383).
LogModuleManager: Display: Found up-to-date module file ../../../Engine/Plugins/Media/AndroidMedia/Binaries/Win64/UE4Editor-AndroidMediaEditor.dll (API version 3709383).
LogModuleManager: Display: Found up-to-date module file ../../../Engine/Plugins/Media/AndroidMedia/Binaries/Win64/UE4Editor-AndroidMediaFactory.dll (API version 3709383).
LogModuleManager: Display: Found up-to-date module file ../../../Engine/Plugins/Media/AvfMedia/Binaries/Win64/UE4Editor-AvfMediaEditor.dll (API version 3709383).
LogModuleManager: Display: Found up-to-date module file ../../../Engine/Plugins/Media/AvfMedia/Binaries/Win64/UE4Editor-AvfMediaFactory.dll (API version 3709383).
LogModuleManager: Display: Found up-to-date module file ../../../Engine/Plugins/Media/AvfMedia/Binaries/Win64/UE4Editor-AvfMediaFactory.dll (API version 3709383).
LogModuleManager: Display: Found up-to-date module file ../../../Engine/Plugins/Media/ImgMedia/Binaries/Win64/UE4Editor-ImgMedia.dll (API version 3709383).
LogModuleManager: Display: Found up-to-date module file ../../../Engine/Plugins/Media/ImgMedia/Binaries/Win64/UE4Editor-ImgMediaEditor.dll (API version 3709383).
LogModuleManager: Display: Found up-to-date module file ../../../Engine/Plugins/Media/ImgMedia/Binaries/Win64/UE4Editor-ImgMediaFactory.dll (API version 3709383).
LogModuleManager: Display: Found up-to-date module file ../../../Engine/Plugins/Media/ImgMedia/Binaries/Win64/UE4Editor-ImgMediaFactory.dll (API version 3709383).
LogModuleManager: Display: Found up-to-date module file ../../../Engine/Plugins/Media/ImgMedia/Binaries/Win64/UE4Editor-OpenExrWrapper.dll (API version 3709383).
LogModuleManager: Display: Found up-to-date module file ../../../Engine/Plugins/Media/MediaCompositing/Binaries/Win64/UE4Editor-MediaCompositing.dll (API version 3709383).
LogModuleManager: Display: Found up-to-date module file ../../../Engine/Plugins/Media/MediaCompositing/Binaries/Win64/UE4Editor-MediaCompositingEditor.dll (API version 3709383).
LogModuleManager: Display: Found up-to-date module file ../../../Engine/Plugins/Media/MediaPlayerEditor/Binaries/Win64/UE4Editor-MediaPlayerEditor.dll (API version 3709383).
LogModuleManager: Display: Found up-to-date module file ../../../Engine/Plugins/Media/WmfMedia/Binaries/Win64/UE4Editor-WmfMedia.dll (API version 3709383).
LogModuleManager: Display: Found up-to-date module file ../../../Engine/Plugins/Media/WmfMedia/Binaries/Win64/UE4Editor-WmfMediaEditor.dll (API version 3709383).
LogModuleManager: Display: Found up-to-date module file ../../../Engine/Plugins/Media/WmfMedia/Binaries/Win64/UE4Editor-WmfMediaFactory.dll (API version 3709383).
LogModuleManager: Display: Found up-to-date module file ../../../Engine/Plugins/Media/WmfMedia/Binaries/Win64/UE4Editor-WmfMediaFactory.dll (API version 3709383).
LogModuleManager: Display: Found up-to-date module file ../../../Engine/Plugins/Messaging/TcpMessaging/Binaries/Win64/UE4Editor-TcpMessaging.dll (API version 3709383).
LogModuleManager: Display: Found up-to-date module file ../../../Engine/Plugins/Messaging/UdpMessaging/Binaries/Win64/UE4Editor-UdpMessaging.dll (API version 3709383).
LogModuleManager: Display: Found up-to-date module file ../../../Engine/Plugins/MovieScene/ActorSequence/Binaries/Win64/UE4Editor-ActorSequence.dll (API version 3709383).
LogModuleManager: Display: Found up-to-date module file ../../../Engine/Plugins/MovieScene/LevelSequenceEditor/Binaries/Win64/UE4Editor-LevelSequenceEditor.dll (API version 3709383).
LogModuleManager: Display: Found up-to-date module file ../../../Engine/Plugins/MovieScene/MatineeToLevelSequence/Binaries/Win64/UE4Editor-MatineeToLevelSequence.dll (API version 3709383).
LogModuleManager: Display: Found up-to-date module file ../../../Engine/Plugins/Online/OnlineSubsystem/Binaries/Win64/UE4Editor-OnlineSubsystem.dll (API version 3709383).
LogModuleManager: Display: Found up-to-date module file ../../../Engine/Plugins/Runtime/AndroidPermission/Binaries/Win64/UE4Editor-AndroidPermission.dll (API version 3709383).
LogModuleManager: Display: Found up-to-date module file ../../../Engine/Plugins/Online/OnlineSubsystemNull/Binaries/Win64/UE4Editor-OnlineSubsystemNull.dll (API version 3709383).
LogModuleManager: Display: Found up-to-date module file ../../../Engine/Plugins/Online/OnlineSubsystemUtils/Binaries/Win64/UE4Editor-OnlineSubsystemUtils.dll (API version 3709383).
LogModuleManager: Display: Found up-to-date module file ../../../Engine/Plugins/Online/OnlineSubsystemUtils/Binaries/Win64/UE4Editor-OnlineBlueprintSupport.dll (API version 3709383).
LogModuleManager: Display: Found up-to-date module file ../../../Engine/Plugins/Runtime/AndroidDeviceProfileSelector/Binaries/Win64/UE4Editor-AndroidDeviceProfileSelector.dll (API version 3709383).
LogModuleManager: Display: Found up-to-date module file ../../../Engine/Plugins/Runtime/AppleARKit/Binaries/Win64/UE4Editor-AppleARKit.dll (API version 3709383).
LogModuleManager: Display: Found up-to-date module file ../../../Engine/Plugins/Runtime/ArchVisCharacter/Binaries/Win64/UE4Editor-ArchVisCharacter.dll (API version 3709383).
LogModuleManager: Display: Found up-to-date module file ../../../Engine/Plugins/Runtime/CableComponent/Binaries/Win64/UE4Editor-CableComponent.dll (API version 3709383).
LogModuleManager: Display: Found up-to-date module file ../../../Engine/Plugins/Runtime/CustomMeshComponent/Binaries/Win64/UE4Editor-CustomMeshComponent.dll (API version 3709383).
LogModuleManager: Display: Found up-to-date module file ../../../Engine/Plugins/Runtime/ExampleDeviceProfileSelector/Binaries/Win64/UE4Editor-ExampleDeviceProfileSelector.dll (API version 3709383).
LogModuleManager: Display: Found up-to-date module file ../../../Engine/Plugins/Runtime/ImmediatePhysics/Binaries/Win64/UE4Editor-ImmediatePhysics.dll (API version 3709383).
LogModuleManager: Display: Found up-to-date module file ../../../Engine/Plugins/Runtime/ImmediatePhysics/Binaries/Win64/UE4Editor-ImmediatePhysicsEditor.dll (API version 3709383).
LogModuleManager: Display: Found up-to-date module file ../../../Engine/Plugins/Runtime/LocationServicesBPLibrary/Binaries/Win64/UE4Editor-LocationServicesBPLibrary.dll (API version 3709383).
LogModuleManager: Display: Found up-to-date module file ../../../Engine/Plugins/Runtime/MobilePatchingUtils/Binaries/Win64/UE4Editor-MobilePatchingUtils.dll (API version 3709383).
LogModuleManager: Display: Found up-to-date module file ../../../Engine/Plugins/Runtime/Oculus/OculusVR/Binaries/Win64/UE4Editor-OculusHMD.dll (API version 3709383).
LogModuleManager: Display: Found up-to-date module file ../../../Engine/Plugins/Runtime/Oculus/OculusVR/Binaries/Win64/UE4Editor-OculusInput.dll (API version 3709383).
LogModuleManager: Display: Found up-to-date module file ../../../Engine/Plugins/Runtime/Oculus/OculusVR/Binaries/Win64/UE4Editor-OculusEditor.dll (API version 3709383).
LogModuleManager: Display: Found up-to-date module file ../../../Engine/Plugins/Runtime/PhysXVehicles/Binaries/Win64/UE4Editor-PhysXVehicles.dll (API version 3709383).
LogModuleManager: Display: Found up-to-date module file ../../../Engine/Plugins/Runtime/PhysXVehicles/Binaries/Win64/UE4Editor-PhysXVehiclesEditor.dll (API version 3709383).
LogModuleManager: Display: Found up-to-date module file ../../../Engine/Plugins/Runtime/ProceduralMeshComponent/Binaries/Win64/UE4Editor-ProceduralMeshComponent.dll (API version 3709383).
LogModuleManager: Display: Found up-to-date module file ../../../Engine/Plugins/Runtime/ProceduralMeshComponent/Binaries/Win64/UE4Editor-ProceduralMeshComponentEditor.dll (API version 3709383).
LogModuleManager: Display: Found up-to-date module file ../../../Engine/Plugins/Runtime/RuntimePhysXCooking/Binaries/Win64/UE4Editor-RuntimePhysXCooking.dll (API version 3709383).
LogModuleManager: Display: Found up-to-date module file ../../../Engine/Plugins/Runtime/Steam/SteamVR/Binaries/Win64/UE4Editor-SteamVR.dll (API version 3709383).
LogModuleManager: Display: Found up-to-date module file ../../../Engine/Plugins/Runtime/Steam/SteamVR/Binaries/Win64/UE4Editor-SteamVRController.dll (API version 3709383).
LogModuleManager: Display: Found up-to-date module file ../../../Engine/Plugins/Runtime/WindowsMoviePlayer/Binaries/Win64/UE4Editor-WindowsMoviePlayer.dll (API version 3709383).
LogPluginManager: Mounting plugin Paper2D
LogPluginManager: Mounting plugin LightPropagationVolume
LogPluginManager: Mounting plugin CodeLiteSourceCodeAccess
LogPluginManager: Mounting plugin GitSourceControl
LogPluginManager: Mounting plugin KDevelopSourceCodeAccess
LogPluginManager: Mounting plugin NullSourceCodeAccess
LogPluginManager: Mounting plugin PerforceSourceControl
LogPluginManager: Mounting plugin SubversionSourceControl
LogPluginManager: Mounting plugin UObjectPlugin
LogPluginManager: Mounting plugin VisualStudioCodeSourceCodeAccess
LogPluginManager: Mounting plugin VisualStudioSourceCodeAccess
LogPluginManager: Mounting plugin XCodeSourceCodeAccess
LogPluginManager: Mounting plugin AssetManagerEditor
LogPluginManager: Mounting plugin AudioCapture
LogPluginManager: Mounting plugin FacialAnimation
LogPluginManager: Mounting plugin GameplayTagsEditor
LogPluginManager: Mounting plugin MobileLauncherProfileWizard
LogPluginManager: Mounting plugin PluginBrowser
LogPluginManager: Mounting plugin SpeedTreeImporter
LogPluginManager: Mounting plugin AlembicImporter
LogPluginManager: Mounting plugin CharacterAI
LogPluginManager: Mounting plugin HTML5Networking
LogPluginManager: Mounting plugin AndroidMedia
LogPluginManager: Mounting plugin AvfMedia
LogPluginManager: Mounting plugin ImgMedia
LogPluginManager: Mounting plugin MediaCompositing
LogPluginManager: Mounting plugin MediaPlayerEditor
LogPluginManager: Mounting plugin WmfMedia
LogPluginManager: Mounting plugin TcpMessaging
LogPluginManager: Mounting plugin UdpMessaging
LogPluginManager: Mounting plugin ActorSequence
LogPluginManager: Mounting plugin LevelSequenceEditor
LogPluginManager: Mounting plugin MatineeToLevelSequence
LogPluginManager: Mounting plugin OnlineSubsystemGooglePlay
LogPluginManager: Mounting plugin OnlineSubsystemIOS
LogPluginManager: Mounting plugin OnlineSubsystem
LogPluginManager: Mounting plugin OnlineSubsystemNull
LogPluginManager: Mounting plugin OnlineSubsystemUtils
LogPluginManager: Mounting plugin AndroidDeviceProfileSelector
LogPluginManager: Mounting plugin AndroidMoviePlayer
LogPluginManager: Mounting plugin AndroidPermission
LogPluginManager: Mounting plugin AppleARKit
LogPluginManager: Mounting plugin AppleMoviePlayer
LogPluginManager: Mounting plugin ArchVisCharacter
LogPluginManager: Mounting plugin CableComponent
LogPluginManager: Mounting plugin CustomMeshComponent
LogPluginManager: Mounting plugin ExampleDeviceProfileSelector
LogPluginManager: Mounting plugin GoogleCloudMessaging
LogPluginManager: Mounting plugin ImmediatePhysics
LogPluginManager: Mounting plugin IOSDeviceProfileSelector
LogPluginManager: Mounting plugin LinuxDeviceProfileSelector
LogPluginManager: Mounting plugin LocationServicesBPLibrary
LogPluginManager: Mounting plugin MobilePatchingUtils
LogPluginManager: Mounting plugin OculusVR
LogPluginManager: Plugin shader directory ../../../Engine/Plugins/Runtime/Oculus/OculusVR/Shaders found
LogPluginManager: Mapping shader source directory ../../../Engine/Plugins/Runtime/Oculus/OculusVR/Shaders to virtual directory /Plugin/OculusVR
LogPluginManager: Mounting plugin PhysXVehicles
LogPluginManager: Mounting plugin ProceduralMeshComponent
LogPluginManager: Mounting plugin RuntimePhysXCooking
LogPluginManager: Mounting plugin SteamVR
LogPluginManager: Mounting plugin WindowsMoviePlayer
LogInit: Using libcurl 7.47.1
LogInit:  - built for x86_64-pc-win32
LogInit:  - supports SSL with OpenSSL/1.0.2g
LogInit:  - supports HTTP deflate (compression) using libz 1.2.8
LogInit:  - other features:
LogInit:      CURL_VERSION_SSL
LogInit:      CURL_VERSION_LIBZ
LogInit:      CURL_VERSION_IPV6
LogInit:      CURL_VERSION_ASYNCHDNS
LogInit:      CURL_VERSION_LARGEFILE
LogInit:      CURL_VERSION_IDN
LogInit:  CurlRequestOptions (configurable via config and command line):
LogInit:  - bVerifyPeer = false  - Libcurl will NOT verify peer certificate
LogInit:  - bUseHttpProxy = false  - Libcurl will NOT use HTTP proxy
LogInit:  - bDontReuseConnections = false  - Libcurl will reuse connections
LogInit:  - CertBundlePath = nullptr  - Libcurl will use whatever was configured at build time.
LogInit: Build: ++UE4+Release-4.18-CL-3754814
LogInit: Engine Version: 4.18.1-3754814+++UE4+Release-4.18
LogInit: Compatible Engine Version: 4.18.0-3709383+++UE4+Release-4.18
LogInit: Net CL: 3709383
LogDevObjectVersion: Number of dev versions registered: 16
LogDevObjectVersion:   Dev-Blueprints (B0D832E4-1F89-4F0D-ACCF-7EB736FD4AA2): 10
LogDevObjectVersion:   Dev-Build (E1C64328-A22C-4D53-A36C-8E866417BD8C): 0
LogDevObjectVersion:   Dev-Core (375EC13C-06E4-48FB-B500-84F0262A717E): 2
LogDevObjectVersion:   Dev-Editor (E4B068ED-F494-42E9-A231-DA0B2E46BB41): 20
LogDevObjectVersion:   Dev-Framework (CFFC743F-43B0-4480-9391-14DF171D2073): 30
LogDevObjectVersion:   Dev-Mobile (B02B49B5-BB20-44E9-A304-32B752E40360): 0
LogDevObjectVersion:   Dev-Networking (A4E4105C-59A1-49B5-A7C5-40C4547EDFEE): 0
LogDevObjectVersion:   Dev-Online (39C831C9-5AE6-47DC-9A44-9C173E1C8E7C): 0
LogDevObjectVersion:   Dev-Physics (78F01B33-EBEA-4F98-B9B4-84EACCB95AA2): 0
LogDevObjectVersion:   Dev-Platform (6631380F-2D4D-43E0-8009-CF276956A95A): 0
LogDevObjectVersion:   Dev-Rendering (12F88B9F-8875-4AFC-A67C-D90C383ABD29): 20
LogDevObjectVersion:   Dev-Sequencer (7B5AE74C-D270-4C10-A958-57980B212A5A): 4
LogDevObjectVersion:   Dev-VR (D7296918-1DD6-4BDD-9DE2-64A83CC13884): 0
LogDevObjectVersion:   Dev-LoadTimes (C2A15278-BFE7-4AFE-6C17-90FF531DF755): 1
LogDevObjectVersion:   Private-Geometry (6EACA3D4-40EC-4CC1-B786-8BED09428FC5): 1
LogDevObjectVersion:   Dev-AnimPhys (29E575DD-E0A3-4627-9D10-D276232CDCEA): 12
LogInit: Compiled (64-bit): Nov 14 2017 02:05:55
LogInit: Compiled with Visual C++: 19.00.24215.01
LogInit: Build Configuration: Development
LogInit: Branch Name: ++UE4+Release-4.18
LogInit: Command line: -EpicPortal 
LogInit: Base directory: C:/Program Files/Epic Games/UE_4.18/Engine/Binaries/Win64/
LogInit: Installed Engine Build: 1
LogInit: Presizing for max 8388607 objects, including 0 objects not considered by GC, pre-allocating 0 bytes for permanent pool.
LogInit: Object subsystem initialized
[2017.12.13-20.54.25:927][  0]LogInit: Selected Device Profile: [Windows]
[2017.12.13-20.54.25:927][  0]LogInit: Applying CVar settings loaded from the selected device profile: [Windows]
[2017.12.13-20.54.25:949][  0]LogInit: Computer: DESKTOP-PHUVTA3
[2017.12.13-20.54.25:949][  0]LogInit: User: iking
[2017.12.13-20.54.25:949][  0]LogInit: CPU Page size=4096, Cores=4
[2017.12.13-20.54.25:949][  0]LogInit: High frequency timer resolution =3.342713 MHz
[2017.12.13-20.54.25:950][  0]LogMemory: Memory total: Physical=16.0GB (16GB approx)
[2017.12.13-20.54.25:950][  0]LogMemory: Platform Memory Stats for Windows
[2017.12.13-20.54.25:950][  0]LogMemory: Process Physical Memory: 272.76 MB used, 272.76 MB peak
[2017.12.13-20.54.25:950][  0]LogMemory: Process Virtual Memory: 271.55 MB used, 271.55 MB peak
[2017.12.13-20.54.25:950][  0]LogMemory: Physical Memory: 3857.58 MB used,  12523.66 MB free, 16381.24 MB total
[2017.12.13-20.54.25:950][  0]LogMemory: Virtual Memory: 645.17 MB used,  12523.66 MB free, 134217728.00 MB total
[2017.12.13-20.54.26:172][  0]LogInit: Using OS detected language (en-US).
[2017.12.13-20.54.26:172][  0]LogInit: Using OS detected locale (en-US).
[2017.12.13-20.54.26:177][  0]LogTextLocalizationManager: No specific localization for 'en-US' exists, so the 'en' localization will be used.
[2017.12.13-20.54.26:730][  0]LogInit: Setting process to per monitor DPI aware
[2017.12.13-20.54.27:097][  0]LogD3D11RHI: D3D11 adapters:
[2017.12.13-20.54.27:116][  0]LogD3D11RHI:    0. 'AMD Radeon R9 200 Series' (Feature Level 11_0)
[2017.12.13-20.54.27:116][  0]LogD3D11RHI:       3053/0/8190 MB DedicatedVideo/DedicatedSystem/SharedSystem, Outputs:2, VendorId:0x1002
[2017.12.13-20.54.27:118][  0]LogD3D11RHI:    1. 'Microsoft Basic Render Driver' (Feature Level 11_0)
[2017.12.13-20.54.27:118][  0]LogD3D11RHI:       0/0/8190 MB DedicatedVideo/DedicatedSystem/SharedSystem, Outputs:0, VendorId:0x1414
[2017.12.13-20.54.27:118][  0]LogD3D11RHI: Chosen D3D11 Adapter: 0
[2017.12.13-20.54.27:124][  0]LogD3D11RHI: Creating new Direct3DDevice
[2017.12.13-20.54.27:124][  0]LogD3D11RHI:     GPU DeviceId: 0x6798 (for the marketing name, search the web for "GPU Device Id")
[2017.12.13-20.54.27:124][  0]LogWindows: EnumDisplayDevices:
[2017.12.13-20.54.27:124][  0]LogWindows:    0. 'AMD Radeon R9 200 Series' (P:0 D:1)
[2017.12.13-20.54.27:125][  0]LogWindows:    1. 'AMD Radeon R9 200 Series' (P:1 D:1)
[2017.12.13-20.54.27:125][  0]LogWindows:    2. 'AMD Radeon R9 200 Series' (P:0 D:0)
[2017.12.13-20.54.27:125][  0]LogWindows:    3. 'AMD Radeon R9 200 Series' (P:0 D:0)
[2017.12.13-20.54.27:126][  0]LogWindows:    4. 'AMD Radeon R9 200 Series' (P:0 D:0)
[2017.12.13-20.54.27:126][  0]LogWindows:    5. 'AMD Radeon R9 200 Series' (P:0 D:0)
[2017.12.13-20.54.27:126][  0]LogWindows: DebugString: FoundDriverCount:6 
[2017.12.13-20.54.27:126][  0]LogD3D11RHI:     Adapter Name: AMD Radeon R9 200 Series
[2017.12.13-20.54.27:126][  0]LogD3D11RHI:   Driver Version: Crimson ReLive 17.1.1 (internal:22.19.162.4, unified:22.19.162.4)
[2017.12.13-20.54.27:126][  0]LogD3D11RHI:      Driver Date: 4-24-2017
[2017.12.13-20.54.27:126][  0]LogRHI: Texture pool is 2137 MB (70% of 3053 MB)
[2017.12.13-20.54.27:183][  0]LogD3D11RHI: Async texture creation enabled
[2017.12.13-20.54.27:195][  0]LogD3D11RHI: GPU Timing Frequency: 27.000000 (Debug: 2 1)
[2017.12.13-20.54.27:196][  0]LogShaderCompilers: Guid format shader working directory is -35 characters bigger than the processId version (../../../../../../Users/iking/Documents/Unreal Projects/brickDestoryerGettingDeep/Intermediate/Shaders/WorkingDirectory/1056/).
[2017.12.13-20.54.27:196][  0]LogShaderCompilers: Cleaned the shader compiler working directory 'C:/Users/iking/AppData/Local/Temp/UnrealShaderWorkingDir/6684B62249026BA70BD722BB99421D9B/'.
[2017.12.13-20.54.27:196][  0]LogShaderCompilers: Display: Using Local Shader Compiler.
[2017.12.13-20.54.28:862][  0]LogTemp: Display: Loaded TP AllDesktopTargetPlatform
[2017.12.13-20.54.28:940][  0]LogTemp: Display: Loaded TP MacClientTargetPlatform
[2017.12.13-20.54.29:020][  0]LogTemp: Display: Loaded TP MacNoEditorTargetPlatform
[2017.12.13-20.54.29:099][  0]LogTemp: Display: Loaded TP MacServerTargetPlatform
[2017.12.13-20.54.29:179][  0]LogTemp: Display: Loaded TP MacTargetPlatform
[2017.12.13-20.54.29:260][  0]LogTemp: Display: Loaded TP WindowsClientTargetPlatform
[2017.12.13-20.54.29:340][  0]LogTemp: Display: Loaded TP WindowsNoEditorTargetPlatform
[2017.12.13-20.54.29:428][  0]LogTemp: Display: Loaded TP WindowsServerTargetPlatform
[2017.12.13-20.54.29:499][  0]LogTemp: Display: Loaded TP WindowsTargetPlatform
[2017.12.13-20.54.29:577][  0]LogTemp: Display: Loaded TP Android_ASTCTargetPlatform
[2017.12.13-20.54.29:653][  0]LogTemp: Display: Loaded TP Android_ATCTargetPlatform
[2017.12.13-20.54.29:729][  0]LogTemp: Display: Loaded TP Android_DXTTargetPlatform
[2017.12.13-20.54.29:806][  0]LogTemp: Display: Loaded TP Android_ETC1TargetPlatform
[2017.12.13-20.54.29:883][  0]LogTemp: Display: Loaded TP Android_ETC2TargetPlatform
[2017.12.13-20.54.30:037][  0]LogTemp: Display: Loaded TP Android_MultiTargetPlatform
[2017.12.13-20.54.30:037][  0]LogTemp: Display: Loaded TP Android_PVRTCTargetPlatform
[2017.12.13-20.54.30:115][  0]LogTemp: Display: Loaded TP AndroidTargetPlatform
[2017.12.13-20.54.30:176][  0]LogTemp: Display: Loaded TP HTML5TargetPlatform
[2017.12.13-20.54.30:307][  0]LogTemp: Display: Loaded TP IOSTargetPlatform
[2017.12.13-20.54.30:351][  0]LogTemp: Display: Loaded TP TVOSTargetPlatform
[2017.12.13-20.54.30:430][  0]LogTemp: Display: Loaded TP LinuxClientTargetPlatform
[2017.12.13-20.54.30:507][  0]LogTemp: Display: Loaded TP LinuxNoEditorTargetPlatform
[2017.12.13-20.54.30:585][  0]LogTemp: Display: Loaded TP LinuxServerTargetPlatform
[2017.12.13-20.54.30:661][  0]LogTemp: Display: Loaded TP LinuxTargetPlatform
[2017.12.13-20.54.30:662][  0]LogTargetPlatformManager: Display: Building Assets For Windows
[2017.12.13-20.54.31:402][  0]LogDerivedDataCache: Display: Max Cache Size: 512 MB
[2017.12.13-20.54.31:573][  0]LogDerivedDataCache: Loaded boot cache 0.17s 92MB C:/Users/iking/AppData/Local/UnrealEngine/4.18/DerivedDataCache/Boot.ddc.
[2017.12.13-20.54.31:573][  0]LogDerivedDataCache: Display: Loaded Boot cache: C:/Users/iking/AppData/Local/UnrealEngine/4.18/DerivedDataCache/Boot.ddc
[2017.12.13-20.54.31:573][  0]LogDerivedDataCache: FDerivedDataBackendGraph:  Pak pak cache file ../../../../../../Users/iking/Documents/Unreal Projects/brickDestoryerGettingDeep/DerivedDataCache/DDC.ddp not found, will not use a pak cache.
[2017.12.13-20.54.31:573][  0]LogDerivedDataCache: Unable to find inner node Pak for hierarchical cache Hierarchy.
[2017.12.13-20.54.31:573][  0]LogDerivedDataCache: FDerivedDataBackendGraph:  CompressedPak pak cache file ../../../../../../Users/iking/Documents/Unreal Projects/brickDestoryerGettingDeep/DerivedDataCache/Compressed.ddp not found, will not use a pak cache.
[2017.12.13-20.54.31:574][  0]LogDerivedDataCache: Unable to find inner node CompressedPak for hierarchical cache Hierarchy.
[2017.12.13-20.54.31:599][  0]LogDerivedDataCache: Display: Pak cache opened for reading ../../../Engine/DerivedDataCache/Compressed.ddp.
[2017.12.13-20.54.31:611][  0]LogDerivedDataCache: Using Local data cache path C:/Users/iking/AppData/Local/UnrealEngine/Common/DerivedDataCache: Writable
[2017.12.13-20.54.31:628][  0]LogMaterial: Verifying Global Shaders for PCD3D_SM5
[2017.12.13-20.54.31:628][  0]LogSlate: Using Freetype 2.6.0
[2017.12.13-20.54.31:629][  0]LogSlate: SlateFontCache - WITH_FREETYPE: 1, WITH_HARFBUZZ: 1
[2017.12.13-20.54.31:629][  0]LogSlate: SlateFontCache - WITH_FREETYPE: 1, WITH_HARFBUZZ: 1
[2017.12.13-20.54.32:192][  0]LogInit: Selected Device Profile: [Windows]
[2017.12.13-20.54.32:689][  0]LogSimplygon: Simplygon DLL not present - disabling.
[2017.12.13-20.54.32:752][  0]LogMeshReduction: Using SimplygonSwarm for distributed automatic mesh merging
[2017.12.13-20.54.32:752][  0]LogMeshReduction: Using QuadricMeshReduction for automatic static mesh reduction
[2017.12.13-20.54.32:752][  0]LogMeshReduction: No automatic skeletal mesh reduction module available
[2017.12.13-20.54.32:752][  0]LogMeshReduction: No automatic mesh merging module available
[2017.12.13-20.54.32:752][  0]LogMeshMerging: No automatic mesh merging module available
[2017.12.13-20.54.32:800][  0]LogNetVersion: brickDestroyer , NetCL: 3709383, EngineNetVer: 2, GameNetVer: 0 (Checksum: 1742795680)
[2017.12.13-20.54.33:028][  0]LogAssetRegistry: FAssetRegistry took 0.0286 seconds to start up
[2017.12.13-20.54.33:898][  0]LogPackageLocalizationCache: Processed 7 localized package path(s) for 2 prioritized culture(s) in 0.197548 seconds
[2017.12.13-20.54.33:908][  0]LogUObjectArray: 35900 objects as part of root set at end of initial load.
[2017.12.13-20.54.33:909][  0]LogUObjectAllocator: 7372016 out of 0 bytes used by permanent object pool.
[2017.12.13-20.54.33:909][  0]LogUObjectArray: CloseDisregardForGC: 0/0 objects in disregard for GC pool
[2017.12.13-20.54.33:992][  0]LogInit: WinSock: version 1.1 (2.2), MaxSocks=32767, MaxUdp=65467
[2017.12.13-20.54.38:071][  0]LogTcpMessaging: Initializing TcpMessaging bridge
[2017.12.13-20.54.38:133][  0]LogUdpMessaging: Initializing bridge on interface 0.0.0.0:0 to multicast group 230.0.0.1:6666.
[2017.12.13-20.54.39:211][  0]LogMaterial: Uniform references updated for custom material expression Custom.
[2017.12.13-20.54.39:850][  0]SourceControl: Source control is disabled
[2017.12.13-20.54.39:850][  0]SourceControl: Source control is disabled
[2017.12.13-20.54.39:932][  0]SourceControl: Source control is disabled
[2017.12.13-20.54.40:014][  0]SourceControl: Source control is disabled
[2017.12.13-20.54.41:316][  0]LogAndroidPermission: UAndroidPermissionCallbackProxy::GetInstance
[2017.12.13-20.54.41:742][  0]LogOcInput: OculusInput pre-init called
[2017.12.13-20.54.42:185][  0]LogEngine: Initializing Engine...
[2017.12.13-20.54.42:188][  0]LogHMD: Failed to initialize OpenVR with code 110
[2017.12.13-20.54.42:513][  0]LogStats: UGameplayTagsManager::ConstructGameplayTagTree: Construct from data asset -  0.000 s
[2017.12.13-20.54.42:520][  0]LogStats: UGameplayTagsManager::ConstructGameplayTagTree: GameplayTagTreeChangedEvent.Broadcast -  0.000 s
[2017.12.13-20.54.42:713][  0]LogAIModule: Creating AISystem for world Untitled
[2017.12.13-20.54.42:731][  0]LogInit: XAudio2 using 'Headphone (VIA HD Audio)' : 2 channels at 48 kHz using 32 bits per sample (channel mask 0x3)
[2017.12.13-20.54.42:769][  0]LogInit: FAudioDevice initialized.
[2017.12.13-20.54.42:969][  0]LogDerivedDataCache: Saved boot cache 0.20s 92MB C:/Users/iking/AppData/Local/UnrealEngine/4.18/DerivedDataCache/Boot.ddc.
[2017.12.13-20.54.43:002][  0]LogInit: Texture streaming: Enabled
[2017.12.13-20.54.43:172][  0]LogEngineSessionManager: EngineSessionManager initialized
[2017.12.13-20.54.43:382][  0]LogInit: Transaction tracking system initialized
[2017.12.13-20.54.43:864][  0]BlueprintLog: New page: Editor Load
[2017.12.13-20.54.45:246][  0]LocalizationService: Localization service is disabled
[2017.12.13-20.54.46:374][  0]LogConsoleResponse: Display: 
[2017.12.13-20.54.47:128][  0]LogCook: Display: Max memory allowance for cook 16384mb min free memory 0mb
[2017.12.13-20.54.47:128][  0]LogCook: Display: Mobile HDR setting 1
[2017.12.13-20.54.47:128][  0]LogGameplayTags: Display: UGameplayTagsManager::DoneAddingNativeTags. DelegateIsBound: 0
[2017.12.13-20.54.47:228][  0]LogFileCache: Scanning file cache for directory 'C:/Users/iking/Documents/Unreal Projects/brickDestoryerGettingDeep/Content/' took 0.02s
[2017.12.13-20.54.48:999][  0]SourceControl: Source control is disabled
[2017.12.13-20.54.48:999][  0]Cmd: MAP LOAD FILE="../../../../../../Users/iking/Documents/Unreal Projects/brickDestoryerGettingDeep/Content/blockBreaker.umap" TEMPLATE=0 SHOWPROGRESS=1 FEATURELEVEL=3
[2017.12.13-20.54.49:000][  0]LightingResults: New page: Lighting Build
[2017.12.13-20.54.49:063][  0]MapCheck: New page: Map Check
[2017.12.13-20.54.49:063][  0]LightingResults: New page: Lighting Build
[2017.12.13-20.54.49:282][  0]LogBlueprint: Warning: [Compiler BP_boardPawn] Input Axis Event references unknown Axis 'camera_horizontalMovement' for  InputAxis camera_horizontalMovement
[2017.12.13-20.54.49:282][  0]LogBlueprint: Warning: [Compiler BP_boardPawn] Input Axis Event references unknown Axis 'camera_verticalMovement' for  InputAxis camera_verticalMovement
[2017.12.13-20.54.49:285][  0]LogBlueprint: Warning: [Compiler BP_boardPawn] [0027.10] Compile of BP_boardPawn successful, but with 2 Warning(s) [in 25 ms] (/Game/Blueprints/BP_boardPawn.BP_boardPawn)
[2017.12.13-20.54.50:339][  0]LogAIModule: Creating AISystem for world blockBreaker
[2017.12.13-20.54.50:376][  0]LogEditorServer: Finished looking for orphan Actors (0.000 secs)
[2017.12.13-20.54.50:407][  0]Cmd: MAP CHECKDEP NOCLEARLOG
[2017.12.13-20.54.50:489][  0]MapCheck: Map check complete: 0 Error(s), 0 Warning(s), took 82.374ms to complete.
[2017.12.13-20.54.50:489][  0]LogFileHelpers: Loading map 'blockBreaker' took 1.490
[2017.12.13-20.54.51:052][  0]LogCollectionManager: Loaded 0 collections in 0.002569 seconds
[2017.12.13-20.54.51:287][  0]LogFileCache: Scanning file cache for directory 'C:/Users/iking/Documents/Unreal Projects/brickDestoryerGettingDeep/Saved/Collections/' took 0.01s
[2017.12.13-20.54.51:287][  0]LogFileCache: Scanning file cache for directory 'C:/Users/iking/Documents/Unreal Projects/brickDestoryerGettingDeep/Content/Developers/iking/Collections/' took 0.01s
[2017.12.13-20.54.51:287][  0]LogFileCache: Scanning file cache for directory 'C:/Users/iking/Documents/Unreal Projects/brickDestoryerGettingDeep/Content/Collections/' took 0.01s
[2017.12.13-20.54.51:287][  0]LogCollectionManager: Rebuilt the GUID cache for 0 collections in 0.000000 seconds
[2017.12.13-20.54.51:303][  0]LogContentBrowser: Native class hierarchy populated in 0.0141 seconds. Added 2363 classes and 519 folders.
[2017.12.13-20.54.51:429][  0]LogContentBrowser: Native class hierarchy updated for 'WidgetCarousel' in 0.0004 seconds. Added 0 classes and 0 folders.
[2017.12.13-20.54.52:305][  0]LogContentBrowser: Native class hierarchy updated for 'AddContentDialog' in 0.0003 seconds. Added 0 classes and 0 folders.
[2017.12.13-20.54.52:441][  0]LogContentBrowser: Native class hierarchy updated for 'SceneOutliner' in 0.0004 seconds. Added 1 classes and 2 folders.
[2017.12.13-20.54.55:515][  0]LogSlate: Only BGRA pngs, bmps or icos are supported in by External Image Picker
[2017.12.13-20.54.55:558][  0]LogSlate: Took 0.000308 seconds to synchronously load lazily loaded font '../../../Engine/Content/Slate/Fonts/Roboto-Regular.ttf' (155K)
[2017.12.13-20.54.55:570][  0]LogSlate: Took 0.000323 seconds to synchronously load lazily loaded font '../../../Engine/Content/Slate/Fonts/Roboto-Bold.ttf' (160K)
[2017.12.13-20.54.55:660][  0]LogSlate: Took 0.020835 seconds to synchronously load lazily loaded font '../../../Engine/Content/Editor/Slate/Fonts/FontAwesome.ttf' (139K)
[2017.12.13-20.54.56:110][  0]LogTemp: Executing iPhonePackager certificates Engine -bundlename com.YourCompany.brickDestroyer
[2017.12.13-20.54.56:110][  0]LogTemp: CWD: C:\Program Files\Epic Games\UE_4.18\Engine\Binaries\DotNET\IOS
[2017.12.13-20.54.56:110][  0]LogTemp: Initial Dir: C:\Program Files\Epic Games\UE_4.18
[2017.12.13-20.54.56:110][  0]LogTemp: Env CWD: C:\Program Files\Epic Games\UE_4.18\Engine\Binaries\DotNET\IOS
[2017.12.13-20.54.56:110][  0]LogTemp: BranchPath = DESKTOP-PHUVTA3/C/Program Files/Epic Games/UE_4.18/Engine/Binaries --- GameBranchPath = DESKTOP-PHUVTA3/C/Program Files/Epic Games/UE_4.18/Engine/Binaries
[2017.12.13-20.54.56:110][  0]LogTemp: IPP ERROR: Could not find provision directory 'C:\Users\iking\AppData\Local/Apple Computer/MobileDevice/Provisioning Profiles/'.
[2017.12.13-20.54.56:110][  0]LogRenderer: Reallocating scene render targets to support 1072x576 Format 26 NumSamples 1 (Frame:1).
[2017.12.13-20.54.56:359][  0]LogSlate: Took 0.031089 seconds to synchronously load lazily loaded font '../../../Engine/Content/Slate/Fonts/Roboto-Light.ttf' (159K)
[2017.12.13-20.54.56:595][  0]LogContentBrowser: Native class hierarchy updated for 'HierarchicalLODOutliner' in 0.0004 seconds. Added 1 classes and 2 folders.
[2017.12.13-20.54.56:595][  0]LogLoad: (Engine Initialization) Total time: 34.41 seconds
[2017.12.13-20.54.56:596][  0]LogLoad: (Engine Initialization) Total Blueprint compile time: 0.00 seconds
[2017.12.13-20.54.56:596][  0]LogExternalProfiler: No external profilers were discovered.  External profiling features will not be available.
[2017.12.13-20.54.56:606][  0]LogWindowsTextInputMethodSystem: Display: IME system now deactivated.
[2017.12.13-20.54.56:639][  0]LogContentStreaming: Texture pool size now 1000 MB
[2017.12.13-20.54.56:885][  1]LogAssetRegistry: Asset discovery search completed in 23.8791 seconds
[2017.12.13-20.54.56:888][  1]LogCollectionManager: Rebuilt the object cache for 0 collections in 0.000000 seconds (found 0 objects)
[2017.12.13-20.54.56:888][  1]LogCollectionManager: Fixed up redirectors for 0 collections in 0.000092 seconds (updated 0 objects)
[2017.12.13-20.54.57:663][ 59]LogSlate: Took 0.000346 seconds to synchronously load lazily loaded font '../../../Engine/Content/Slate/Fonts/Roboto-Light.ttf' (159K)
[2017.12.13-20.58.34:828][477]LogSlate: Took 0.000246 seconds to synchronously load lazily loaded font '../../../Engine/Content/Slate/Fonts/Roboto-Light.ttf' (159K)
[2017.12.13-20.58.35:569][477]LogContentBrowser: Native class hierarchy updated for 'BlueprintGraph' in 0.0010 seconds. Added 116 classes and 0 folders.
[2017.12.13-20.58.37:775][477]LogLinker: Warning: Can't resolve asset name
[2017.12.13-20.58.37:818][477]LogSlate: Took 0.014798 seconds to synchronously load lazily loaded font '../../../Engine/Content/Editor/Slate/Fonts/Roboto-BoldCondensed.ttf' (158K)
[2017.12.13-20.58.42:670][987]LogSlate: Took 0.024849 seconds to synchronously load lazily loaded font '../../../Engine/Content/Editor/Slate/Fonts/Roboto-Italic.ttf' (157K)
[2017.12.13-20.58.45:122][201]LogActorComponent: UnregisterComponent: (/Engine/Transient.EditorFloorComp) Not registered. Aborting.
[2017.12.13-20.58.45:611][246]LogActorComponent: UnregisterComponent: (/Engine/Transient.EditorFloorComp) Not registered. Aborting.
[2017.12.13-20.59.25:585][686]LogMetaData: Removing '/Game/Blueprints/BP_breakingBrick_Parent.BP_breakingBrick_Parent_C' ref from Metadata '/Game/Blueprints/BP_breakingBrick.PackageMetaData'
[2017.12.13-20.59.25:585][686]LogMetaData: Removing '/Game/Blueprints/BP_breakingBrick_Parent.BP_breakingBrick_Parent:EventGraph.K2Node_Event_0' ref from Metadata '/Game/Blueprints/BP_breakingBrick.PackageMetaData'
[2017.12.13-20.59.25:585][686]LogMetaData: Removing '/Game/Blueprints/BP_breakingBrick_Parent.BP_breakingBrick_Parent:EventGraph.K2Node_Event_1' ref from Metadata '/Game/Blueprints/BP_breakingBrick.PackageMetaData'
[2017.12.13-20.59.25:585][686]LogMetaData: Removing '/Game/Blueprints/BP_breakingBrick_Parent.BP_breakingBrick_Parent:EventGraph.K2Node_Event_2' ref from Metadata '/Game/Blueprints/BP_breakingBrick.PackageMetaData'
[2017.12.13-20.59.25:585][686]LogMetaData: Removing '/Game/Blueprints/BP_breakingBrick_Parent.BP_breakingBrick_Parent:UserConstructionScript.K2Node_FunctionEntry_0' ref from Metadata '/Game/Blueprints/BP_breakingBrick.PackageMetaData'
[2017.12.13-20.59.25:585][686]LogMetaData: Removing '/Game/Blueprints/BP_breakingBrick_Parent.BP_breakingBrick_Parent:DestroyBrick.K2Node_FunctionEntry_64' ref from Metadata '/Game/Blueprints/BP_breakingBrick.PackageMetaData'
[2017.12.13-20.59.25:585][686]LogMetaData: Removing '/Game/Blueprints/BP_breakingBrick_Parent.SKEL_BP_breakingBrick_Parent_C' ref from Metadata '/Game/Blueprints/BP_breakingBrick.PackageMetaData'
[2017.12.13-20.59.25:856][686]LogSavePackage: Save=96.83ms
[2017.12.13-20.59.25:856][686]LogSavePackage: Moving '../../../../../../Users/iking/Documents/Unreal Projects/brickDestoryerGettingDeep/Saved/BP_breakingBrick_Parent1EA71F5E4447D348C9B66ABF445BBE48.tmp' to '../../../../../../Users/iking/Documents/Unreal Projects/brickDestoryerGettingDeep/Content/Blueprints/BP_breakingBrick_Parent.uasset'
[2017.12.13-20.59.25:873][686]LogSavePackage: Display: Finished SavePackage ../../../../../../Users/iking/Documents/Unreal Projects/brickDestoryerGettingDeep/Content/Blueprints/BP_breakingBrick_Parent.uasset
[2017.12.13-20.59.25:945][686]LogSavePackage: Save=8.62ms
[2017.12.13-20.59.25:945][686]LogSavePackage: Moving '../../../../../../Users/iking/Documents/Unreal Projects/brickDestoryerGettingDeep/Saved/BP_breakingBrick62DB547A48742169FED57AA9B737F5AE.tmp' to '../../../../../../Users/iking/Documents/Unreal Projects/brickDestoryerGettingDeep/Content/Blueprints/BP_breakingBrick.uasset'
[2017.12.13-20.59.25:955][686]LogSavePackage: Display: Finished SavePackage ../../../../../../Users/iking/Documents/Unreal Projects/brickDestoryerGettingDeep/Content/Blueprints/BP_breakingBrick.uasset
[2017.12.13-20.59.29:881][ 39]LogTemp: Repeating last play command: Selected Viewport
[2017.12.13-20.59.30:021][ 39]LogBlueprintUserMessages: Early PlayInEditor Detection: Level '/Game/blockBreaker.blockBreaker:PersistentLevel' has LevelScriptBlueprint '/Game/blockBreaker.blockBreaker:PersistentLevel.blockBreaker' with GeneratedClass '/Game/blockBreaker.blockBreaker_C' with ClassGeneratedBy '/Game/blockBreaker.blockBreaker:PersistentLevel.blockBreaker'
[2017.12.13-20.59.30:038][ 39]BlueprintLog: New page: Pre-Play auto-recompile
[2017.12.13-20.59.30:046][ 39]LogPlayLevel: [PlayLevel] Compiling blockBreaker before play...
[2017.12.13-20.59.30:217][ 39]LogPlayLevel: PlayLevel: Blueprint regeneration took 178 ms (1 blueprints)
[2017.12.13-20.59.30:220][ 39]PIE: New page: PIE session: blockBreaker (Dec 13, 2017, 6:59:30 AM)
[2017.12.13-20.59.30:220][ 39]LogPlayLevel: Creating play world package: /Game/UEDPIE_0_blockBreaker
[2017.12.13-20.59.30:243][ 39]LogPlayLevel: PIE: StaticDuplicateObject took: (0.023682s)
[2017.12.13-20.59.30:245][ 39]LogAIModule: Creating AISystem for world blockBreaker
[2017.12.13-20.59.30:245][ 39]LogPlayLevel: PIE: World Init took: (0.001367s)
[2017.12.13-20.59.30:245][ 39]LogPlayLevel: PIE: Created PIE world by copying editor world from /Game/blockBreaker.blockBreaker to /Game/UEDPIE_0_blockBreaker.blockBreaker (0.025446s)
[2017.12.13-20.59.30:287][ 39]LogInit: XAudio2 using 'Headphone (VIA HD Audio)' : 2 channels at 48 kHz using 32 bits per sample (channel mask 0x3)
[2017.12.13-20.59.30:309][ 39]LogInit: FAudioDevice initialized.
[2017.12.13-20.59.30:352][ 39]LogLoad: Game class is 'BP_brickBreakerGame_C'
[2017.12.13-20.59.30:400][ 39]LogWorld: Bringing World /Game/UEDPIE_0_blockBreaker.blockBreaker up for play (max tick rate 0) at 2017.12.13-13.59.30
[2017.12.13-20.59.30:409][ 39]LogWorld: Bringing up level for play took: 0.014031
[2017.12.13-20.59.30:563][ 39]LogContentBrowser: Native class hierarchy updated for 'MovieSceneCapture' in 0.0004 seconds. Added 11 classes and 0 folders.
[2017.12.13-20.59.30:591][ 39]LogScriptCore: Error: Script Msg: A null object was passed as a world context object to UEngine::GetWorldFromContextObject().
[2017.12.13-20.59.30:591][ 39]LogScriptCore: Error: Script call stack:
	PowerupParent_C.ExecuteUbergraph_PowerupParent
	PowerupParent_C.ReceiveBeginPlay

[2017.12.13-20.59.30:592][ 39]PIE: Play in editor start time for /Game/UEDPIE_0_blockBreaker 0.477
[2017.12.13-20.59.30:592][ 39]LogBlueprintUserMessages: Late PlayInEditor Detection: Level '/Game/blockBreaker.blockBreaker:PersistentLevel' has LevelScriptBlueprint '/Game/blockBreaker.blockBreaker:PersistentLevel.blockBreaker' with GeneratedClass '/Game/blockBreaker.blockBreaker_C' with ClassGeneratedBy '/Game/blockBreaker.blockBreaker:PersistentLevel.blockBreaker'
[2017.12.13-20.59.32:526][219]LogBlueprintUserMessages: [BP_bouncingBall_332] is it working?
[2017.12.13-20.59.33:681][332]LogBlueprintUserMessages: [BP_bouncingBall_332] 1
[2017.12.13-20.59.34:802][436]LogNet: Browse: /Game/gameOver
[2017.12.13-20.59.34:802][436]LogLoad: LoadMap: /Game/gameOver
[2017.12.13-20.59.35:631][436]LogAIModule: Creating AISystem for world gameOver
[2017.12.13-20.59.35:682][436]LogLoad: Game class is 'BP_brickBreakerGame_C'
[2017.12.13-20.59.35:684][436]LogWorld: Bringing World /Game/UEDPIE_0_gameOver.gameOver up for play (max tick rate 0) at 2017.12.13-13.59.35
[2017.12.13-20.59.35:684][436]LogWorld: Bringing up level for play took: 0.000883
[2017.12.13-20.59.35:684][436]LogGameMode: FindPlayerStart: PATHS NOT DEFINED or NO PLAYERSTART with positive rating
[2017.12.13-20.59.35:710][436]LogLoad: Took 0.907601 seconds to LoadMap(/Game/gameOver)
[2017.12.13-20.59.37:239][602]LogNet: Browse: /Game/blockBreaker
[2017.12.13-20.59.37:240][602]LogLoad: LoadMap: /Game/blockBreaker
[2017.12.13-20.59.37:267][602]LogPlayLevel: Creating play world package: /Game/UEDPIE_0_blockBreaker
[2017.12.13-20.59.37:275][602]LogPlayLevel: PIE: StaticDuplicateObject took: (0.008006s)
[2017.12.13-20.59.37:276][602]LogAIModule: Creating AISystem for world blockBreaker
[2017.12.13-20.59.37:277][602]LogPlayLevel: PIE: World Init took: (0.001517s)
[2017.12.13-20.59.37:277][602]LogPlayLevel: PIE: Created PIE world by copying editor world from /Game/blockBreaker.blockBreaker to /Game/UEDPIE_0_blockBreaker.blockBreaker (0.010084s)
[2017.12.13-20.59.37:277][602]LogLoad: Game class is 'BP_brickBreakerGame_C'
[2017.12.13-20.59.37:281][602]LogWorld: Bringing World /Game/UEDPIE_0_blockBreaker.blockBreaker up for play (max tick rate 0) at 2017.12.13-13.59.37
[2017.12.13-20.59.37:282][602]LogWorld: Bringing up level for play took: 0.003060
[2017.12.13-20.59.37:287][602]LogScriptCore: Error: Script Msg: A null object was passed as a world context object to UEngine::GetWorldFromContextObject().
[2017.12.13-20.59.37:287][602]LogScriptCore: Error: Script call stack:
	PowerupParent_C.ExecuteUbergraph_PowerupParent
	PowerupParent_C.ReceiveBeginPlay

[2017.12.13-20.59.37:287][602]LogLoad: Took 0.047265 seconds to LoadMap(/Game/UEDPIE_0_blockBreaker)
[2017.12.13-20.59.39:718][849]LogBlueprintUserMessages: [BP_bouncingBall_332] is it working?
[2017.12.13-20.59.40:869][968]LogBlueprintUserMessages: [BP_bouncingBall_332] 1
[2017.12.13-20.59.42:001][ 81]LogNet: Browse: /Game/gameOver
[2017.12.13-20.59.42:002][ 81]LogLoad: LoadMap: /Game/gameOver
[2017.12.13-20.59.42:050][ 81]LogAIModule: Creating AISystem for world gameOver
[2017.12.13-20.59.42:086][ 81]LogLoad: Game class is 'BP_brickBreakerGame_C'
[2017.12.13-20.59.42:087][ 81]LogWorld: Bringing World /Game/UEDPIE_0_gameOver.gameOver up for play (max tick rate 0) at 2017.12.13-13.59.42
[2017.12.13-20.59.42:088][ 81]LogWorld: Bringing up level for play took: 0.000888
[2017.12.13-20.59.42:088][ 81]LogGameMode: FindPlayerStart: PATHS NOT DEFINED or NO PLAYERSTART with positive rating
[2017.12.13-20.59.42:091][ 81]LogLoad: Took 0.088975 seconds to LoadMap(/Game/gameOver)
[2017.12.13-20.59.44:553][357]LogNet: Browse: /Game/blockBreaker
[2017.12.13-20.59.44:553][357]LogLoad: LoadMap: /Game/blockBreaker
[2017.12.13-20.59.44:580][357]LogPlayLevel: Creating play world package: /Game/UEDPIE_0_blockBreaker
[2017.12.13-20.59.44:588][357]LogPlayLevel: PIE: StaticDuplicateObject took: (0.007434s)
[2017.12.13-20.59.44:589][357]LogAIModule: Creating AISystem for world blockBreaker
[2017.12.13-20.59.44:589][357]LogPlayLevel: PIE: World Init took: (0.001512s)
[2017.12.13-20.59.44:590][357]LogPlayLevel: PIE: Created PIE world by copying editor world from /Game/blockBreaker.blockBreaker to /Game/UEDPIE_0_blockBreaker.blockBreaker (0.009476s)
[2017.12.13-20.59.44:590][357]LogLoad: Game class is 'BP_brickBreakerGame_C'
[2017.12.13-20.59.44:594][357]LogWorld: Bringing World /Game/UEDPIE_0_blockBreaker.blockBreaker up for play (max tick rate 0) at 2017.12.13-13.59.44
[2017.12.13-20.59.44:594][357]LogWorld: Bringing up level for play took: 0.002881
[2017.12.13-20.59.44:596][357]LogScriptCore: Error: Script Msg: A null object was passed as a world context object to UEngine::GetWorldFromContextObject().
[2017.12.13-20.59.44:596][357]LogScriptCore: Error: Script call stack:
	PowerupParent_C.ExecuteUbergraph_PowerupParent
	PowerupParent_C.ReceiveBeginPlay

[2017.12.13-20.59.44:596][357]LogLoad: Took 0.043469 seconds to LoadMap(/Game/UEDPIE_0_blockBreaker)
[2017.12.13-20.59.47:018][613]LogBlueprintUserMessages: [BP_bouncingBall_332] is it working?
[2017.12.13-20.59.48:171][733]LogBlueprintUserMessages: [BP_bouncingBall_332] 1
[2017.12.13-20.59.49:300][847]LogNet: Browse: /Game/gameOver
[2017.12.13-20.59.49:300][847]LogLoad: LoadMap: /Game/gameOver
[2017.12.13-20.59.49:351][847]LogAIModule: Creating AISystem for world gameOver
[2017.12.13-20.59.49:386][847]LogLoad: Game class is 'BP_brickBreakerGame_C'
[2017.12.13-20.59.49:388][847]LogWorld: Bringing World /Game/UEDPIE_0_gameOver.gameOver up for play (max tick rate 0) at 2017.12.13-13.59.49
[2017.12.13-20.59.49:388][847]LogWorld: Bringing up level for play took: 0.000886
[2017.12.13-20.59.49:388][847]LogGameMode: FindPlayerStart: PATHS NOT DEFINED or NO PLAYERSTART with positive rating
[2017.12.13-20.59.49:391][847]LogLoad: Took 0.091219 seconds to LoadMap(/Game/gameOver)
[2017.12.13-20.59.50:755][  1]LogNet: Browse: /Game/blockBreaker
[2017.12.13-20.59.50:755][  1]LogLoad: LoadMap: /Game/blockBreaker
[2017.12.13-20.59.50:783][  1]LogPlayLevel: Creating play world package: /Game/UEDPIE_0_blockBreaker
[2017.12.13-20.59.50:791][  1]LogPlayLevel: PIE: StaticDuplicateObject took: (0.007643s)
[2017.12.13-20.59.50:792][  1]LogAIModule: Creating AISystem for world blockBreaker
[2017.12.13-20.59.50:792][  1]LogPlayLevel: PIE: World Init took: (0.001207s)
[2017.12.13-20.59.50:792][  1]LogPlayLevel: PIE: Created PIE world by copying editor world from /Game/blockBreaker.blockBreaker to /Game/UEDPIE_0_blockBreaker.blockBreaker (0.009354s)
[2017.12.13-20.59.50:792][  1]LogLoad: Game class is 'BP_brickBreakerGame_C'
[2017.12.13-20.59.50:796][  1]LogWorld: Bringing World /Game/UEDPIE_0_blockBreaker.blockBreaker up for play (max tick rate 0) at 2017.12.13-13.59.50
[2017.12.13-20.59.50:797][  1]LogWorld: Bringing up level for play took: 0.002727
[2017.12.13-20.59.50:799][  1]LogScriptCore: Error: Script Msg: A null object was passed as a world context object to UEngine::GetWorldFromContextObject().
[2017.12.13-20.59.50:799][  1]LogScriptCore: Error: Script call stack:
	PowerupParent_C.ExecuteUbergraph_PowerupParent
	PowerupParent_C.ReceiveBeginPlay

[2017.12.13-20.59.50:799][  1]LogLoad: Took 0.043462 seconds to LoadMap(/Game/UEDPIE_0_blockBreaker)
[2017.12.13-20.59.55:941][539]LogBlueprintUserMessages: Early EndPlayMap Detection: Level '/Game/blockBreaker.blockBreaker:PersistentLevel' has LevelScriptBlueprint '/Game/blockBreaker.blockBreaker:PersistentLevel.blockBreaker' with GeneratedClass '/Game/blockBreaker.blockBreaker_C' with ClassGeneratedBy '/Game/blockBreaker.blockBreaker:PersistentLevel.blockBreaker'
[2017.12.13-20.59.55:987][539]LogBlueprintUserMessages: Late EndPlayMap Detection: Level '/Game/blockBreaker.blockBreaker:PersistentLevel' has LevelScriptBlueprint '/Game/blockBreaker.blockBreaker:PersistentLevel.blockBreaker' with GeneratedClass '/Game/blockBreaker.blockBreaker_C' with ClassGeneratedBy '/Game/blockBreaker.blockBreaker:PersistentLevel.blockBreaker'
[2017.12.13-21.00.11:289][852]BlueprintLog: New page: Compile BP_bouncingBall
[2017.12.13-21.00.12:558][884]LogSavePackage: Save=124.11ms
[2017.12.13-21.00.12:558][884]LogSavePackage: Moving '../../../../../../Users/iking/Documents/Unreal Projects/brickDestoryerGettingDeep/Saved/BP_bouncingBall7B1551B04DE9DCDC54B6AEB6B850E0B6.tmp' to '../../../../../../Users/iking/Documents/Unreal Projects/brickDestoryerGettingDeep/Content/Blueprints/BP_bouncingBall.uasset'
[2017.12.13-21.00.12:573][884]LogSavePackage: Display: Finished SavePackage ../../../../../../Users/iking/Documents/Unreal Projects/brickDestoryerGettingDeep/Content/Blueprints/BP_bouncingBall.uasset
[2017.12.13-21.00.14:369][ 36]LogTemp: Repeating last play command: Selected Viewport
[2017.12.13-21.00.14:418][ 36]LogBlueprintUserMessages: Early PlayInEditor Detection: Level '/Game/blockBreaker.blockBreaker:PersistentLevel' has LevelScriptBlueprint '/Game/blockBreaker.blockBreaker:PersistentLevel.blockBreaker' with GeneratedClass '/Game/blockBreaker.blockBreaker_C' with ClassGeneratedBy '/Game/blockBreaker.blockBreaker:PersistentLevel.blockBreaker'
[2017.12.13-21.00.14:419][ 36]LogPlayLevel: PlayLevel: No blueprints needed recompiling
[2017.12.13-21.00.14:419][ 36]PIE: New page: PIE session: blockBreaker (Dec 13, 2017, 7:00:14 AM)
[2017.12.13-21.00.14:419][ 36]LogPlayLevel: Creating play world package: /Game/UEDPIE_0_blockBreaker
[2017.12.13-21.00.14:428][ 36]LogPlayLevel: PIE: StaticDuplicateObject took: (0.008789s)
[2017.12.13-21.00.14:429][ 36]LogAIModule: Creating AISystem for world blockBreaker
[2017.12.13-21.00.14:430][ 36]LogPlayLevel: PIE: World Init took: (0.002113s)
[2017.12.13-21.00.14:430][ 36]LogPlayLevel: PIE: Created PIE world by copying editor world from /Game/blockBreaker.blockBreaker to /Game/UEDPIE_0_blockBreaker.blockBreaker (0.011304s)
[2017.12.13-21.00.14:472][ 36]LogInit: XAudio2 using 'Headphone (VIA HD Audio)' : 2 channels at 48 kHz using 32 bits per sample (channel mask 0x3)
[2017.12.13-21.00.14:493][ 36]LogInit: FAudioDevice initialized.
[2017.12.13-21.00.14:531][ 36]LogLoad: Game class is 'BP_brickBreakerGame_C'
[2017.12.13-21.00.14:534][ 36]LogWorld: Bringing World /Game/UEDPIE_0_blockBreaker.blockBreaker up for play (max tick rate 0) at 2017.12.13-14.00.14
[2017.12.13-21.00.14:534][ 36]LogWorld: Bringing up level for play took: 0.001724
[2017.12.13-21.00.14:536][ 36]LogScriptCore: Error: Script Msg: A null object was passed as a world context object to UEngine::GetWorldFromContextObject().
[2017.12.13-21.00.14:536][ 36]LogScriptCore: Error: Script call stack:
	PowerupParent_C.ExecuteUbergraph_PowerupParent
	PowerupParent_C.ReceiveBeginPlay

[2017.12.13-21.00.14:536][ 36]PIE: Play in editor start time for /Game/UEDPIE_0_blockBreaker 0.422
[2017.12.13-21.00.14:537][ 36]LogBlueprintUserMessages: Late PlayInEditor Detection: Level '/Game/blockBreaker.blockBreaker:PersistentLevel' has LevelScriptBlueprint '/Game/blockBreaker.blockBreaker:PersistentLevel.blockBreaker' with GeneratedClass '/Game/blockBreaker.blockBreaker_C' with ClassGeneratedBy '/Game/blockBreaker.blockBreaker:PersistentLevel.blockBreaker'
[2017.12.13-21.00.16:902][268]LogBlueprintUserMessages: [BP_bouncingBall_332] is it working?
[2017.12.13-21.00.18:051][381]LogBlueprintUserMessages: [BP_bouncingBall_332] 1
[2017.12.13-21.00.19:186][492]LogNet: Browse: /Game/gameOver
[2017.12.13-21.00.19:186][492]LogLoad: LoadMap: /Game/gameOver
[2017.12.13-21.00.19:238][492]LogAIModule: Creating AISystem for world gameOver
[2017.12.13-21.00.19:273][492]LogLoad: Game class is 'BP_brickBreakerGame_C'
[2017.12.13-21.00.19:275][492]LogWorld: Bringing World /Game/UEDPIE_0_gameOver.gameOver up for play (max tick rate 0) at 2017.12.13-14.00.19
[2017.12.13-21.00.19:275][492]LogWorld: Bringing up level for play took: 0.000910
[2017.12.13-21.00.19:275][492]LogGameMode: FindPlayerStart: PATHS NOT DEFINED or NO PLAYERSTART with positive rating
[2017.12.13-21.00.19:278][492]LogLoad: Took 0.091520 seconds to LoadMap(/Game/gameOver)
[2017.12.13-21.00.20:546][628]LogBlueprintUserMessages: Early EndPlayMap Detection: Level '/Game/blockBreaker.blockBreaker:PersistentLevel' has LevelScriptBlueprint '/Game/blockBreaker.blockBreaker:PersistentLevel.blockBreaker' with GeneratedClass '/Game/blockBreaker.blockBreaker_C' with ClassGeneratedBy '/Game/blockBreaker.blockBreaker:PersistentLevel.blockBreaker'
[2017.12.13-21.00.20:583][628]LogBlueprintUserMessages: Late EndPlayMap Detection: Level '/Game/blockBreaker.blockBreaker:PersistentLevel' has LevelScriptBlueprint '/Game/blockBreaker.blockBreaker:PersistentLevel.blockBreaker' with GeneratedClass '/Game/blockBreaker.blockBreaker_C' with ClassGeneratedBy '/Game/blockBreaker.blockBreaker:PersistentLevel.blockBreaker'
[2017.12.13-21.00.43:366][672]LogSlate: Only BGRA pngs, bmps or icos are supported in by External Image Picker
[2017.12.13-21.00.43:441][673]LogTemp: Executing iPhonePackager certificates Engine -bundlename com.YourCompany.brickDestroyer
[2017.12.13-21.00.43:441][673]LogTemp: CWD: C:\Program Files\Epic Games\UE_4.18\Engine\Binaries\DotNET\IOS
[2017.12.13-21.00.43:441][673]LogTemp: Initial Dir: C:\Program Files\Epic Games\UE_4.18
[2017.12.13-21.00.43:441][673]LogTemp: Env CWD: C:\Program Files\Epic Games\UE_4.18\Engine\Binaries\DotNET\IOS
[2017.12.13-21.00.43:441][673]LogTemp: BranchPath = DESKTOP-PHUVTA3/C/Program Files/Epic Games/UE_4.18/Engine/Binaries --- GameBranchPath = DESKTOP-PHUVTA3/C/Program Files/Epic Games/UE_4.18/Engine/Binaries
[2017.12.13-21.00.43:465][674]LogTemp: IPP ERROR: Could not find provision directory 'C:\Users\iking\AppData\Local/Apple Computer/MobileDevice/Provisioning Profiles/'.
[2017.12.13-21.01.10:895][817]BlueprintLog: New page: Compile BP_boardPawn
[2017.12.13-21.01.10:913][817]LogBlueprint: Warning: [Compiler BP_boardPawn] Input Axis Event references unknown Axis 'camera_horizontalMovement' for  InputAxis camera_horizontalMovement
[2017.12.13-21.01.10:914][817]LogBlueprint: Warning: [Compiler BP_boardPawn] Input Axis Event references unknown Axis 'camera_verticalMovement' for  InputAxis camera_verticalMovement
[2017.12.13-21.01.11:372][817]LogBlueprint: Warning: [Compiler BP_boardPawn] [0409.19] Compile of BP_boardPawn successful, but with 2 Warning(s) [in 477 ms] (/Game/Blueprints/BP_boardPawn.BP_boardPawn)
[2017.12.13-21.01.12:194][890]Cmd: OBJ SAVEPACKAGE PACKAGE="/Game/Blueprints/BP_boardPawn" FILE="../../../../../../Users/iking/Documents/Unreal Projects/brickDestoryerGettingDeep/Content/Blueprints/BP_boardPawn.uasset" SILENT=true
[2017.12.13-21.01.12:309][890]LogSavePackage: Save=62.28ms
[2017.12.13-21.01.12:309][890]LogSavePackage: Moving '../../../../../../Users/iking/Documents/Unreal Projects/brickDestoryerGettingDeep/Saved/BP_boardPawn5FF8CEC74E606639C18FC09DD027CD0F.tmp' to '../../../../../../Users/iking/Documents/Unreal Projects/brickDestoryerGettingDeep/Content/Blueprints/BP_boardPawn.uasset'
[2017.12.13-21.01.12:317][890]LogSavePackage: Display: Finished SavePackage ../../../../../../Users/iking/Documents/Unreal Projects/brickDestoryerGettingDeep/Content/Blueprints/BP_boardPawn.uasset
[2017.12.13-21.01.47:242][620]BlueprintLog: New page: Compile BP_boardPawn
[2017.12.13-21.01.47:259][620]LogBlueprint: Warning: [Compiler BP_boardPawn] Input Axis Event references unknown Axis 'camera_horizontalMovement' for  InputAxis camera_horizontalMovement
[2017.12.13-21.01.47:259][620]LogBlueprint: Warning: [Compiler BP_boardPawn] Input Axis Event references unknown Axis 'camera_verticalMovement' for  InputAxis camera_verticalMovement
[2017.12.13-21.01.47:718][620]LogBlueprint: Warning: [Compiler BP_boardPawn] [0445.54] Compile of BP_boardPawn successful, but with 2 Warning(s) [in 476 ms] (/Game/Blueprints/BP_boardPawn.BP_boardPawn)
[2017.12.13-21.01.48:183][667]Cmd: OBJ SAVEPACKAGE PACKAGE="/Game/Blueprints/BP_boardPawn" FILE="../../../../../../Users/iking/Documents/Unreal Projects/brickDestoryerGettingDeep/Content/Blueprints/BP_boardPawn.uasset" SILENT=true
[2017.12.13-21.01.48:269][667]LogSavePackage: Save=58.47ms
[2017.12.13-21.01.48:270][667]LogSavePackage: Moving '../../../../../../Users/iking/Documents/Unreal Projects/brickDestoryerGettingDeep/Saved/BP_boardPawn41A274CC4395DB1CA46912932B950D56.tmp' to '../../../../../../Users/iking/Documents/Unreal Projects/brickDestoryerGettingDeep/Content/Blueprints/BP_boardPawn.uasset'
[2017.12.13-21.01.48:283][667]LogSavePackage: Display: Finished SavePackage ../../../../../../Users/iking/Documents/Unreal Projects/brickDestoryerGettingDeep/Content/Blueprints/BP_boardPawn.uasset
[2017.12.13-21.01.50:409][878]LogTemp: Repeating last play command: Selected Viewport
[2017.12.13-21.01.50:446][878]LogBlueprintUserMessages: Early PlayInEditor Detection: Level '/Game/blockBreaker.blockBreaker:PersistentLevel' has LevelScriptBlueprint '/Game/blockBreaker.blockBreaker:PersistentLevel.blockBreaker' with GeneratedClass '/Game/blockBreaker.blockBreaker_C' with ClassGeneratedBy '/Game/blockBreaker.blockBreaker:PersistentLevel.blockBreaker'
[2017.12.13-21.01.50:446][878]LogPlayLevel: PlayLevel: No blueprints needed recompiling
[2017.12.13-21.01.50:447][878]PIE: New page: PIE session: blockBreaker (Dec 13, 2017, 7:01:50 AM)
[2017.12.13-21.01.50:447][878]LogPlayLevel: Creating play world package: /Game/UEDPIE_0_blockBreaker
[2017.12.13-21.01.50:454][878]LogPlayLevel: PIE: StaticDuplicateObject took: (0.007749s)
[2017.12.13-21.01.50:455][878]LogAIModule: Creating AISystem for world blockBreaker
[2017.12.13-21.01.50:456][878]LogPlayLevel: PIE: World Init took: (0.001256s)
[2017.12.13-21.01.50:456][878]LogPlayLevel: PIE: Created PIE world by copying editor world from /Game/blockBreaker.blockBreaker to /Game/UEDPIE_0_blockBreaker.blockBreaker (0.009362s)
[2017.12.13-21.01.50:499][878]LogInit: XAudio2 using 'Headphone (VIA HD Audio)' : 2 channels at 48 kHz using 32 bits per sample (channel mask 0x3)
[2017.12.13-21.01.50:522][878]LogInit: FAudioDevice initialized.
[2017.12.13-21.01.50:561][878]LogLoad: Game class is 'BP_brickBreakerGame_C'
[2017.12.13-21.01.50:563][878]LogWorld: Bringing World /Game/UEDPIE_0_blockBreaker.blockBreaker up for play (max tick rate 0) at 2017.12.13-14.01.50
[2017.12.13-21.01.50:563][878]LogWorld: Bringing up level for play took: 0.001432
[2017.12.13-21.01.50:565][878]LogScriptCore: Error: Script Msg: A null object was passed as a world context object to UEngine::GetWorldFromContextObject().
[2017.12.13-21.01.50:565][878]LogScriptCore: Error: Script call stack:
	PowerupParent_C.ExecuteUbergraph_PowerupParent
	PowerupParent_C.ReceiveBeginPlay

[2017.12.13-21.01.50:565][878]PIE: Play in editor start time for /Game/UEDPIE_0_blockBreaker 0.45
[2017.12.13-21.01.50:565][878]LogBlueprintUserMessages: Late PlayInEditor Detection: Level '/Game/blockBreaker.blockBreaker:PersistentLevel' has LevelScriptBlueprint '/Game/blockBreaker.blockBreaker:PersistentLevel.blockBreaker' with GeneratedClass '/Game/blockBreaker.blockBreaker_C' with ClassGeneratedBy '/Game/blockBreaker.blockBreaker:PersistentLevel.blockBreaker'
[2017.12.13-21.01.52:944][102]LogBlueprintUserMessages: [BP_bouncingBall_332] is it working?
[2017.12.13-21.01.54:100][213]LogBlueprintUserMessages: [BP_bouncingBall_332] 1
[2017.12.13-21.01.55:902][385]LogBlueprintUserMessages: [BP_bouncingBall_332] 0
[2017.12.13-21.01.56:405][431]LogNet: Browse: /Game/winMenu
[2017.12.13-21.01.56:405][431]LogLoad: LoadMap: /Game/winMenu
[2017.12.13-21.01.56:513][431]LogAIModule: Creating AISystem for world winMenu
[2017.12.13-21.01.56:549][431]LogLoad: Game class is 'BP_brickBreakerGame_C'
[2017.12.13-21.01.56:551][431]LogWorld: Bringing World /Game/UEDPIE_0_winMenu.winMenu up for play (max tick rate 0) at 2017.12.13-14.01.56
[2017.12.13-21.01.56:551][431]LogWorld: Bringing up level for play took: 0.001254
[2017.12.13-21.01.56:552][431]LogGameMode: FindPlayerStart: PATHS NOT DEFINED or NO PLAYERSTART with positive rating
[2017.12.13-21.01.56:554][431]LogLoad: Took 0.148556 seconds to LoadMap(/Game/winMenu)
[2017.12.13-21.01.58:042][588]LogBlueprintUserMessages: Early EndPlayMap Detection: Level '/Game/blockBreaker.blockBreaker:PersistentLevel' has LevelScriptBlueprint '/Game/blockBreaker.blockBreaker:PersistentLevel.blockBreaker' with GeneratedClass '/Game/blockBreaker.blockBreaker_C' with ClassGeneratedBy '/Game/blockBreaker.blockBreaker:PersistentLevel.blockBreaker'
[2017.12.13-21.01.58:081][588]LogBlueprintUserMessages: Late EndPlayMap Detection: Level '/Game/blockBreaker.blockBreaker:PersistentLevel' has LevelScriptBlueprint '/Game/blockBreaker.blockBreaker:PersistentLevel.blockBreaker' with GeneratedClass '/Game/blockBreaker.blockBreaker_C' with ClassGeneratedBy '/Game/blockBreaker.blockBreaker:PersistentLevel.blockBreaker'
[2017.12.13-21.04.16:555][ 42]LogTemp: Repeating last play command: Selected Viewport
[2017.12.13-21.04.16:599][ 42]LogBlueprintUserMessages: Early PlayInEditor Detection: Level '/Game/blockBreaker.blockBreaker:PersistentLevel' has LevelScriptBlueprint '/Game/blockBreaker.blockBreaker:PersistentLevel.blockBreaker' with GeneratedClass '/Game/blockBreaker.blockBreaker_C' with ClassGeneratedBy '/Game/blockBreaker.blockBreaker:PersistentLevel.blockBreaker'
[2017.12.13-21.04.16:599][ 42]LogPlayLevel: PlayLevel: No blueprints needed recompiling
[2017.12.13-21.04.16:599][ 42]PIE: New page: PIE session: blockBreaker (Dec 13, 2017, 7:04:16 AM)
[2017.12.13-21.04.16:599][ 42]LogPlayLevel: Creating play world package: /Game/UEDPIE_0_blockBreaker
[2017.12.13-21.04.16:607][ 42]LogPlayLevel: PIE: StaticDuplicateObject took: (0.007575s)
[2017.12.13-21.04.16:608][ 42]LogAIModule: Creating AISystem for world blockBreaker
[2017.12.13-21.04.16:608][ 42]LogPlayLevel: PIE: World Init took: (0.001249s)
[2017.12.13-21.04.16:609][ 42]LogPlayLevel: PIE: Created PIE world by copying editor world from /Game/blockBreaker.blockBreaker to /Game/UEDPIE_0_blockBreaker.blockBreaker (0.009189s)
[2017.12.13-21.04.16:657][ 42]LogInit: XAudio2 using 'Headphone (VIA HD Audio)' : 2 channels at 48 kHz using 32 bits per sample (channel mask 0x3)
[2017.12.13-21.04.16:678][ 42]LogInit: FAudioDevice initialized.
[2017.12.13-21.04.16:714][ 42]LogLoad: Game class is 'BP_brickBreakerGame_C'
[2017.12.13-21.04.16:716][ 42]LogWorld: Bringing World /Game/UEDPIE_0_blockBreaker.blockBreaker up for play (max tick rate 0) at 2017.12.13-14.04.16
[2017.12.13-21.04.16:716][ 42]LogWorld: Bringing up level for play took: 0.001585
[2017.12.13-21.04.16:718][ 42]LogScriptCore: Error: Script Msg: A null object was passed as a world context object to UEngine::GetWorldFromContextObject().
[2017.12.13-21.04.16:719][ 42]LogScriptCore: Error: Script call stack:
	PowerupParent_C.ExecuteUbergraph_PowerupParent
	PowerupParent_C.ReceiveBeginPlay

[2017.12.13-21.04.16:719][ 42]LogScript: Warning: Accessed None trying to read property BouncingBallRef
	BP_unbreakableBrick_child_C /Game/UEDPIE_0_blockBreaker.blockBreaker:PersistentLevel.BP_unbreakableBrick_child_406
	Function /Game/Blueprints/BP_breakingBrick_Parent.BP_breakingBrick_Parent_C:ExecuteUbergraph_BP_breakingBrick_Parent:0015
[2017.12.13-21.04.16:719][ 42]PIE: Error: Blueprint Runtime Error: Accessed None trying to read property BouncingBallRef from function: 'ExecuteUbergraph_BP_breakingBrick_Parent' from node: Increment Bricks Remaining in graph: EventGraph in object: BP_breakingBrick_Parent with description: Accessed None trying to read property BouncingBallRef
[2017.12.13-21.04.16:719][ 42]PIE: Play in editor start time for /Game/UEDPIE_0_blockBreaker 0.605
[2017.12.13-21.04.16:720][ 42]LogBlueprintUserMessages: Late PlayInEditor Detection: Level '/Game/blockBreaker.blockBreaker:PersistentLevel' has LevelScriptBlueprint '/Game/blockBreaker.blockBreaker:PersistentLevel.blockBreaker' with GeneratedClass '/Game/blockBreaker.blockBreaker_C' with ClassGeneratedBy '/Game/blockBreaker.blockBreaker:PersistentLevel.blockBreaker'
[2017.12.13-21.04.17:826][145]LogBlueprintUserMessages: [BP_bouncingBall_332] is it working?
[2017.12.13-21.04.18:979][256]LogBlueprintUserMessages: [BP_bouncingBall_332] 1
[2017.12.13-21.04.20:109][362]LogNet: Browse: /Game/gameOver
[2017.12.13-21.04.20:109][362]LogLoad: LoadMap: /Game/gameOver
[2017.12.13-21.04.20:163][362]LogAIModule: Creating AISystem for world gameOver
[2017.12.13-21.04.20:198][362]LogLoad: Game class is 'BP_brickBreakerGame_C'
[2017.12.13-21.04.20:200][362]LogWorld: Bringing World /Game/UEDPIE_0_gameOver.gameOver up for play (max tick rate 0) at 2017.12.13-14.04.20
[2017.12.13-21.04.20:200][362]LogWorld: Bringing up level for play took: 0.001304
[2017.12.13-21.04.20:201][362]LogGameMode: FindPlayerStart: PATHS NOT DEFINED or NO PLAYERSTART with positive rating
[2017.12.13-21.04.20:204][362]LogLoad: Took 0.094587 seconds to LoadMap(/Game/gameOver)
[2017.12.13-21.04.21:128][455]LogNet: Browse: /Game/blockBreaker
[2017.12.13-21.04.21:128][455]LogLoad: LoadMap: /Game/blockBreaker
[2017.12.13-21.04.21:159][455]LogPlayLevel: Creating play world package: /Game/UEDPIE_0_blockBreaker
[2017.12.13-21.04.21:167][455]LogPlayLevel: PIE: StaticDuplicateObject took: (0.007710s)
[2017.12.13-21.04.21:168][455]LogAIModule: Creating AISystem for world blockBreaker
[2017.12.13-21.04.21:168][455]LogPlayLevel: PIE: World Init took: (0.001319s)
[2017.12.13-21.04.21:169][455]LogPlayLevel: PIE: Created PIE world by copying editor world from /Game/blockBreaker.blockBreaker to /Game/UEDPIE_0_blockBreaker.blockBreaker (0.009451s)
[2017.12.13-21.04.21:169][455]LogLoad: Game class is 'BP_brickBreakerGame_C'
[2017.12.13-21.04.21:173][455]LogWorld: Bringing World /Game/UEDPIE_0_blockBreaker.blockBreaker up for play (max tick rate 0) at 2017.12.13-14.04.21
[2017.12.13-21.04.21:174][455]LogWorld: Bringing up level for play took: 0.003228
[2017.12.13-21.04.21:178][455]LogScriptCore: Error: Script Msg: A null object was passed as a world context object to UEngine::GetWorldFromContextObject().
[2017.12.13-21.04.21:178][455]LogScriptCore: Error: Script call stack:
	PowerupParent_C.ExecuteUbergraph_PowerupParent
	PowerupParent_C.ReceiveBeginPlay

[2017.12.13-21.04.21:178][455]LogScript: Warning: Accessed None trying to read property BouncingBallRef
	BP_unbreakableBrick_child_C /Game/UEDPIE_0_blockBreaker.blockBreaker:PersistentLevel.BP_unbreakableBrick_child_406
	Function /Game/Blueprints/BP_breakingBrick_Parent.BP_breakingBrick_Parent_C:ExecuteUbergraph_BP_breakingBrick_Parent:0015
[2017.12.13-21.04.21:179][455]PIE: Error: Blueprint Runtime Error: Accessed None trying to read property BouncingBallRef from function: 'ExecuteUbergraph_BP_breakingBrick_Parent' from node: Increment Bricks Remaining in graph: EventGraph in object: BP_breakingBrick_Parent with description: Accessed None trying to read property BouncingBallRef
[2017.12.13-21.04.21:179][455]LogLoad: Took 0.050688 seconds to LoadMap(/Game/UEDPIE_0_blockBreaker)
[2017.12.13-21.04.22:147][544]LogBlueprintUserMessages: [BP_bouncingBall_332] is it working?
[2017.12.13-21.04.23:302][651]LogBlueprintUserMessages: [BP_bouncingBall_332] 1
[2017.12.13-21.04.25:103][818]LogBlueprintUserMessages: [BP_bouncingBall_332] 0
[2017.12.13-21.04.25:610][865]LogNet: Browse: /Game/winMenu
[2017.12.13-21.04.25:611][865]LogLoad: LoadMap: /Game/winMenu
[2017.12.13-21.04.25:667][865]LogAIModule: Creating AISystem for world winMenu
[2017.12.13-21.04.25:703][865]LogLoad: Game class is 'BP_brickBreakerGame_C'
[2017.12.13-21.04.25:705][865]LogWorld: Bringing World /Game/UEDPIE_0_winMenu.winMenu up for play (max tick rate 0) at 2017.12.13-14.04.25
[2017.12.13-21.04.25:705][865]LogWorld: Bringing up level for play took: 0.001254
[2017.12.13-21.04.25:706][865]LogGameMode: FindPlayerStart: PATHS NOT DEFINED or NO PLAYERSTART with positive rating
[2017.12.13-21.04.25:708][865]LogLoad: Took 0.097388 seconds to LoadMap(/Game/winMenu)
[2017.12.13-21.04.27:385][ 35]LogBlueprintUserMessages: Early EndPlayMap Detection: Level '/Game/blockBreaker.blockBreaker:PersistentLevel' has LevelScriptBlueprint '/Game/blockBreaker.blockBreaker:PersistentLevel.blockBreaker' with GeneratedClass '/Game/blockBreaker.blockBreaker_C' with ClassGeneratedBy '/Game/blockBreaker.blockBreaker:PersistentLevel.blockBreaker'
[2017.12.13-21.04.27:424][ 35]LogBlueprintUserMessages: Late EndPlayMap Detection: Level '/Game/blockBreaker.blockBreaker:PersistentLevel' has LevelScriptBlueprint '/Game/blockBreaker.blockBreaker:PersistentLevel.blockBreaker' with GeneratedClass '/Game/blockBreaker.blockBreaker_C' with ClassGeneratedBy '/Game/blockBreaker.blockBreaker:PersistentLevel.blockBreaker'
[2017.12.13-21.04.31:335][350]LogEditorViewport: Clicking on Actor (LMB): BP_unbreakableBrick_child_C (BP_unbreakableBrick_child)
[2017.12.13-21.04.46:343][472]LogTemp: Repeating last play command: Selected Viewport
[2017.12.13-21.04.46:386][472]LogBlueprintUserMessages: Early PlayInEditor Detection: Level '/Game/blockBreaker.blockBreaker:PersistentLevel' has LevelScriptBlueprint '/Game/blockBreaker.blockBreaker:PersistentLevel.blockBreaker' with GeneratedClass '/Game/blockBreaker.blockBreaker_C' with ClassGeneratedBy '/Game/blockBreaker.blockBreaker:PersistentLevel.blockBreaker'
[2017.12.13-21.04.46:386][472]LogPlayLevel: PlayLevel: No blueprints needed recompiling
[2017.12.13-21.04.46:386][472]PIE: New page: PIE session: blockBreaker (Dec 13, 2017, 7:04:46 AM)
[2017.12.13-21.04.46:386][472]LogPlayLevel: Creating play world package: /Game/UEDPIE_0_blockBreaker
[2017.12.13-21.04.46:396][472]LogPlayLevel: PIE: StaticDuplicateObject took: (0.009418s)
[2017.12.13-21.04.46:397][472]LogAIModule: Creating AISystem for world blockBreaker
[2017.12.13-21.04.46:398][472]LogPlayLevel: PIE: World Init took: (0.001977s)
[2017.12.13-21.04.46:398][472]LogPlayLevel: PIE: Created PIE world by copying editor world from /Game/blockBreaker.blockBreaker to /Game/UEDPIE_0_blockBreaker.blockBreaker (0.011805s)
[2017.12.13-21.04.46:441][472]LogInit: XAudio2 using 'Headphone (VIA HD Audio)' : 2 channels at 48 kHz using 32 bits per sample (channel mask 0x3)
[2017.12.13-21.04.46:462][472]LogInit: FAudioDevice initialized.
[2017.12.13-21.04.46:498][472]LogLoad: Game class is 'BP_brickBreakerGame_C'
[2017.12.13-21.04.46:501][472]LogWorld: Bringing World /Game/UEDPIE_0_blockBreaker.blockBreaker up for play (max tick rate 0) at 2017.12.13-14.04.46
[2017.12.13-21.04.46:501][472]LogWorld: Bringing up level for play took: 0.001793
[2017.12.13-21.04.46:503][472]LogScriptCore: Error: Script Msg: A null object was passed as a world context object to UEngine::GetWorldFromContextObject().
[2017.12.13-21.04.46:503][472]LogScriptCore: Error: Script call stack:
	PowerupParent_C.ExecuteUbergraph_PowerupParent
	PowerupParent_C.ReceiveBeginPlay

[2017.12.13-21.04.46:503][472]PIE: Play in editor start time for /Game/UEDPIE_0_blockBreaker 0.389
[2017.12.13-21.04.46:504][472]LogBlueprintUserMessages: Late PlayInEditor Detection: Level '/Game/blockBreaker.blockBreaker:PersistentLevel' has LevelScriptBlueprint '/Game/blockBreaker.blockBreaker:PersistentLevel.blockBreaker' with GeneratedClass '/Game/blockBreaker.blockBreaker_C' with ClassGeneratedBy '/Game/blockBreaker.blockBreaker:PersistentLevel.blockBreaker'
[2017.12.13-21.04.47:779][591]LogBlueprintUserMessages: [BP_bouncingBall_332] is it working?
[2017.12.13-21.04.48:933][700]LogBlueprintUserMessages: [BP_bouncingBall_332] 2
[2017.12.13-21.04.50:742][867]LogBlueprintUserMessages: [BP_bouncingBall_332] 1
[2017.12.13-21.05.38:400][405]LogBlueprintUserMessages: [BP_bouncingBall_332] 0
[2017.12.13-21.05.38:904][453]LogNet: Browse: /Game/winMenu
[2017.12.13-21.05.38:905][453]LogLoad: LoadMap: /Game/winMenu
[2017.12.13-21.05.38:957][453]LogAIModule: Creating AISystem for world winMenu
[2017.12.13-21.05.38:992][453]LogLoad: Game class is 'BP_brickBreakerGame_C'
[2017.12.13-21.05.38:994][453]LogWorld: Bringing World /Game/UEDPIE_0_winMenu.winMenu up for play (max tick rate 0) at 2017.12.13-14.05.38
[2017.12.13-21.05.38:994][453]LogWorld: Bringing up level for play took: 0.001272
[2017.12.13-21.05.38:995][453]LogGameMode: FindPlayerStart: PATHS NOT DEFINED or NO PLAYERSTART with positive rating
[2017.12.13-21.05.38:997][453]LogLoad: Took 0.092614 seconds to LoadMap(/Game/winMenu)
[2017.12.13-21.05.40:631][622]LogBlueprintUserMessages: Early EndPlayMap Detection: Level '/Game/blockBreaker.blockBreaker:PersistentLevel' has LevelScriptBlueprint '/Game/blockBreaker.blockBreaker:PersistentLevel.blockBreaker' with GeneratedClass '/Game/blockBreaker.blockBreaker_C' with ClassGeneratedBy '/Game/blockBreaker.blockBreaker:PersistentLevel.blockBreaker'
[2017.12.13-21.05.40:670][622]LogBlueprintUserMessages: Late EndPlayMap Detection: Level '/Game/blockBreaker.blockBreaker:PersistentLevel' has LevelScriptBlueprint '/Game/blockBreaker.blockBreaker:PersistentLevel.blockBreaker' with GeneratedClass '/Game/blockBreaker.blockBreaker_C' with ClassGeneratedBy '/Game/blockBreaker.blockBreaker:PersistentLevel.blockBreaker'
[2017.12.13-21.06.22:020][588]LogRenderer: Reallocating scene render targets to support 1144x712 Format 26 NumSamples 1 (Frame:1).
[2017.12.13-21.06.42:578][614]LogSavePackage: Save=34.83ms
[2017.12.13-21.06.42:578][614]LogSavePackage: Moving '../../../../../../Users/iking/Documents/Unreal Projects/brickDestoryerGettingDeep/Saved/BP_unbreakableBrick_child075649A14E1E4079F5892C865B7FAF19.tmp' to '../../../../../../Users/iking/Documents/Unreal Projects/brickDestoryerGettingDeep/Content/Blueprints/BP_unbreakableBrick_child.uasset'
[2017.12.13-21.06.42:587][614]LogSavePackage: Display: Finished SavePackage ../../../../../../Users/iking/Documents/Unreal Projects/brickDestoryerGettingDeep/Content/Blueprints/BP_unbreakableBrick_child.uasset
[2017.12.13-21.06.47:095][ 45]LogTemp: Repeating last play command: Selected Viewport
[2017.12.13-21.06.47:140][ 45]LogBlueprintUserMessages: Early PlayInEditor Detection: Level '/Game/blockBreaker.blockBreaker:PersistentLevel' has LevelScriptBlueprint '/Game/blockBreaker.blockBreaker:PersistentLevel.blockBreaker' with GeneratedClass '/Game/blockBreaker.blockBreaker_C' with ClassGeneratedBy '/Game/blockBreaker.blockBreaker:PersistentLevel.blockBreaker'
[2017.12.13-21.06.47:140][ 45]LogPlayLevel: PlayLevel: No blueprints needed recompiling
[2017.12.13-21.06.47:140][ 45]PIE: New page: PIE session: blockBreaker (Dec 13, 2017, 7:06:47 AM)
[2017.12.13-21.06.47:140][ 45]LogPlayLevel: Creating play world package: /Game/UEDPIE_0_blockBreaker
[2017.12.13-21.06.47:148][ 45]LogPlayLevel: PIE: StaticDuplicateObject took: (0.007635s)
[2017.12.13-21.06.47:149][ 45]LogAIModule: Creating AISystem for world blockBreaker
[2017.12.13-21.06.47:150][ 45]LogPlayLevel: PIE: World Init took: (0.001269s)
[2017.12.13-21.06.47:150][ 45]LogPlayLevel: PIE: Created PIE world by copying editor world from /Game/blockBreaker.blockBreaker to /Game/UEDPIE_0_blockBreaker.blockBreaker (0.009270s)
[2017.12.13-21.06.47:198][ 45]LogInit: XAudio2 using 'Headphone (VIA HD Audio)' : 2 channels at 48 kHz using 32 bits per sample (channel mask 0x3)
[2017.12.13-21.06.47:219][ 45]LogInit: FAudioDevice initialized.
[2017.12.13-21.06.47:254][ 45]LogLoad: Game class is 'BP_brickBreakerGame_C'
[2017.12.13-21.06.47:256][ 45]LogWorld: Bringing World /Game/UEDPIE_0_blockBreaker.blockBreaker up for play (max tick rate 0) at 2017.12.13-14.06.47
[2017.12.13-21.06.47:257][ 45]LogWorld: Bringing up level for play took: 0.001666
[2017.12.13-21.06.47:259][ 45]LogScriptCore: Error: Script Msg: A null object was passed as a world context object to UEngine::GetWorldFromContextObject().
[2017.12.13-21.06.47:259][ 45]LogScriptCore: Error: Script call stack:
	PowerupParent_C.ExecuteUbergraph_PowerupParent
	PowerupParent_C.ReceiveBeginPlay

[2017.12.13-21.06.47:259][ 45]PIE: Play in editor start time for /Game/UEDPIE_0_blockBreaker -0.856
[2017.12.13-21.06.47:259][ 45]LogBlueprintUserMessages: Late PlayInEditor Detection: Level '/Game/blockBreaker.blockBreaker:PersistentLevel' has LevelScriptBlueprint '/Game/blockBreaker.blockBreaker:PersistentLevel.blockBreaker' with GeneratedClass '/Game/blockBreaker.blockBreaker_C' with ClassGeneratedBy '/Game/blockBreaker.blockBreaker:PersistentLevel.blockBreaker'
[2017.12.13-21.06.48:222][131]LogBlueprintUserMessages: [BP_bouncingBall_332] is it working?
[2017.12.13-21.06.49:379][240]LogBlueprintUserMessages: [BP_bouncingBall_332] 2
[2017.12.13-21.06.51:183][406]LogBlueprintUserMessages: [BP_bouncingBall_332] 1
[2017.12.13-21.06.52:322][510]LogNet: Browse: /Game/gameOver
[2017.12.13-21.06.52:322][510]LogLoad: LoadMap: /Game/gameOver
[2017.12.13-21.06.52:379][510]LogAIModule: Creating AISystem for world gameOver
[2017.12.13-21.06.52:415][510]LogLoad: Game class is 'BP_brickBreakerGame_C'
[2017.12.13-21.06.52:417][510]LogWorld: Bringing World /Game/UEDPIE_0_gameOver.gameOver up for play (max tick rate 0) at 2017.12.13-14.06.52
[2017.12.13-21.06.52:417][510]LogWorld: Bringing up level for play took: 0.001309
[2017.12.13-21.06.52:418][510]LogGameMode: FindPlayerStart: PATHS NOT DEFINED or NO PLAYERSTART with positive rating
[2017.12.13-21.06.52:420][510]LogLoad: Took 0.098049 seconds to LoadMap(/Game/gameOver)
[2017.12.13-21.06.53:334][601]LogNet: Browse: /Game/blockBreaker
[2017.12.13-21.06.53:334][601]LogLoad: LoadMap: /Game/blockBreaker
[2017.12.13-21.06.53:368][601]LogPlayLevel: Creating play world package: /Game/UEDPIE_0_blockBreaker
[2017.12.13-21.06.53:376][601]LogPlayLevel: PIE: StaticDuplicateObject took: (0.007892s)
[2017.12.13-21.06.53:377][601]LogAIModule: Creating AISystem for world blockBreaker
[2017.12.13-21.06.53:378][601]LogPlayLevel: PIE: World Init took: (0.001335s)
[2017.12.13-21.06.53:378][601]LogPlayLevel: PIE: Created PIE world by copying editor world from /Game/blockBreaker.blockBreaker to /Game/UEDPIE_0_blockBreaker.blockBreaker (0.009809s)
[2017.12.13-21.06.53:378][601]LogLoad: Game class is 'BP_brickBreakerGame_C'
[2017.12.13-21.06.53:382][601]LogWorld: Bringing World /Game/UEDPIE_0_blockBreaker.blockBreaker up for play (max tick rate 0) at 2017.12.13-14.06.53
[2017.12.13-21.06.53:383][601]LogWorld: Bringing up level for play took: 0.003511
[2017.12.13-21.06.53:387][601]LogScriptCore: Error: Script Msg: A null object was passed as a world context object to UEngine::GetWorldFromContextObject().
[2017.12.13-21.06.53:388][601]LogScriptCore: Error: Script call stack:
	PowerupParent_C.ExecuteUbergraph_PowerupParent
	PowerupParent_C.ReceiveBeginPlay

[2017.12.13-21.06.53:388][601]LogLoad: Took 0.053322 seconds to LoadMap(/Game/UEDPIE_0_blockBreaker)
[2017.12.13-21.06.54:365][687]LogBlueprintUserMessages: [BP_bouncingBall_332] is it working?
[2017.12.13-21.06.55:520][792]LogBlueprintUserMessages: [BP_bouncingBall_332] 2
[2017.12.13-21.07.02:924][490]LogBlueprintUserMessages: [BP_bouncingBall_332] 1
[2017.12.13-21.07.03:438][539]LogBlueprintUserMessages: [BP_bouncingBall_332] 0
[2017.12.13-21.07.03:941][586]LogNet: Browse: /Game/winMenu
[2017.12.13-21.07.03:941][586]LogLoad: LoadMap: /Game/winMenu
[2017.12.13-21.07.03:999][586]LogAIModule: Creating AISystem for world winMenu
[2017.12.13-21.07.04:035][586]LogLoad: Game class is 'BP_brickBreakerGame_C'
[2017.12.13-21.07.04:036][586]LogWorld: Bringing World /Game/UEDPIE_0_winMenu.winMenu up for play (max tick rate 0) at 2017.12.13-14.07.04
[2017.12.13-21.07.04:037][586]LogWorld: Bringing up level for play took: 0.001346
[2017.12.13-21.07.04:037][586]LogGameMode: FindPlayerStart: PATHS NOT DEFINED or NO PLAYERSTART with positive rating
[2017.12.13-21.07.04:040][586]LogLoad: Took 0.098472 seconds to LoadMap(/Game/winMenu)
[2017.12.13-21.07.05:266][709]LogBlueprintUserMessages: Early EndPlayMap Detection: Level '/Game/blockBreaker.blockBreaker:PersistentLevel' has LevelScriptBlueprint '/Game/blockBreaker.blockBreaker:PersistentLevel.blockBreaker' with GeneratedClass '/Game/blockBreaker.blockBreaker_C' with ClassGeneratedBy '/Game/blockBreaker.blockBreaker:PersistentLevel.blockBreaker'
[2017.12.13-21.07.05:303][709]LogBlueprintUserMessages: Late EndPlayMap Detection: Level '/Game/blockBreaker.blockBreaker:PersistentLevel' has LevelScriptBlueprint '/Game/blockBreaker.blockBreaker:PersistentLevel.blockBreaker' with GeneratedClass '/Game/blockBreaker.blockBreaker_C' with ClassGeneratedBy '/Game/blockBreaker.blockBreaker:PersistentLevel.blockBreaker'
[2017.12.13-21.07.18:139][702]LogActorComponent: UnregisterComponent: (/Engine/Transient.EditorFloorComp) Not registered. Aborting.
[2017.12.13-21.07.18:237][702]LogActorComponent: UnregisterComponent: (/Engine/Transient.EditorFloorComp) Not registered. Aborting.
[2017.12.13-21.07.46:375][270]LogSavePackage: Save=242.56ms
[2017.12.13-21.07.46:375][270]LogSavePackage: Moving '../../../../../../Users/iking/Documents/Unreal Projects/brickDestoryerGettingDeep/Saved/blockBreaker_Auto1F78ED66E4BBE53A5894C7C90DB15A2E8.tmp' to '../../../../../../Users/iking/Documents/Unreal Projects/brickDestoryerGettingDeep/Saved/Autosaves/Game/blockBreaker_Auto1.umap'
[2017.12.13-21.07.46:383][270]LogSavePackage: Display: Finished SavePackage ../../../../../../Users/iking/Documents/Unreal Projects/brickDestoryerGettingDeep/Saved/Autosaves/Game/blockBreaker_Auto1.umap
[2017.12.13-21.07.46:389][270]LogFileHelpers: Editor autosave (incl. sublevels) for '/Game/blockBreaker' took 0.346
[2017.12.13-21.07.46:389][270]LogFileHelpers: Editor autosave (incl. sublevels) for all levels took 0.346
