Log file open, 12/26/17 23:47:29
LogWindows: Failed to load 'aqProf.dll' (GetLastError=126)
LogWindows: File 'aqProf.dll' does not exist
LogWindows: Failed to load 'VSPerf140.dll' (GetLastError=126)
LogWindows: File 'VSPerf140.dll' does not exist
LogWindows: Failed to load 'VtuneApi.dll' (GetLastError=126)
LogWindows: File 'VtuneApi.dll' does not exist
LogWindows: Failed to load 'VtuneApi32e.dll' (GetLastError=126)
LogWindows: File 'VtuneApi32e.dll' does not exist
LogInit: Display: Running engine for game: brickDestroyer
LogPlatformFile: Not using cached read wrapper
LogInit: Display: RandInit(842517111) SRandInit(842517112).
LogInit: Read version file with build ID '3709383'
LogInit: Overriding engine version to CL 3794801, compatible CL 3709383
LogInit: Registered custom module enumerator with build ID '3709383'
LogTaskGraph: Started task graph with 5 named threads and 11 total threads with 3 sets of task threads.
LogStats: Stats thread started at 0.188229
LogD3D11RHI: Aftermath initialized
LogModuleManager: Display: Found up-to-date module file ../../../Engine/Plugins/2D/Paper2D/Binaries/Win64/UE4Editor-Paper2D.dll (API version 3709383).
LogModuleManager: Display: Found up-to-date module file ../../../Engine/Plugins/2D/Paper2D/Binaries/Win64/UE4Editor-Paper2DEditor.dll (API version 3709383).
LogModuleManager: Display: Found up-to-date module file ../../../Engine/Plugins/2D/Paper2D/Binaries/Win64/UE4Editor-PaperSpriteSheetImporter.dll (API version 3709383).
LogModuleManager: Display: Found up-to-date module file ../../../Engine/Plugins/2D/Paper2D/Binaries/Win64/UE4Editor-PaperTiledImporter.dll (API version 3709383).
LogModuleManager: Display: Found up-to-date module file ../../../Engine/Plugins/2D/Paper2D/Binaries/Win64/UE4Editor-SmartSnapping.dll (API version 3709383).
LogModuleManager: Display: Found up-to-date module file ../../../Engine/Plugins/Blendables/LightPropagationVolume/Binaries/Win64/UE4Editor-LightPropagationVolumeRuntime.dll (API version 3709383).
LogModuleManager: Display: Found up-to-date module file ../../../Engine/Plugins/Blendables/LightPropagationVolume/Binaries/Win64/UE4Editor-LightPropagationVolumeEditor.dll (API version 3709383).
LogModuleManager: Display: Found up-to-date module file ../../../Engine/Plugins/Developer/GitSourceControl/Binaries/Win64/UE4Editor-GitSourceControl.dll (API version 3709383).
LogModuleManager: Display: Found up-to-date module file ../../../Engine/Plugins/Developer/PerforceSourceControl/Binaries/Win64/UE4Editor-PerforceSourceControl.dll (API version 3709383).
LogModuleManager: Display: Found up-to-date module file ../../../Engine/Plugins/Developer/SubversionSourceControl/Binaries/Win64/UE4Editor-SubversionSourceControl.dll (API version 3709383).
LogModuleManager: Display: Found up-to-date module file ../../../Engine/Plugins/Developer/UObjectPlugin/Binaries/Win64/UE4Editor-UObjectPlugin.dll (API version 3709383).
LogModuleManager: Display: Found up-to-date module file ../../../Engine/Plugins/Developer/VisualStudioCodeSourceCodeAccess/Binaries/Win64/UE4Editor-VisualStudioCodeSourceCodeAccess.dll (API version 3709383).
LogModuleManager: Display: Found up-to-date module file ../../../Engine/Plugins/Developer/VisualStudioSourceCodeAccess/Binaries/Win64/UE4Editor-VisualStudioSourceCodeAccess.dll (API version 3709383).
LogModuleManager: Display: Found up-to-date module file ../../../Engine/Plugins/Editor/AssetManagerEditor/Binaries/Win64/UE4Editor-AssetManagerEditor.dll (API version 3709383).
LogModuleManager: Display: Found up-to-date module file ../../../Engine/Plugins/Editor/AudioCapture/Binaries/Win64/UE4Editor-AudioCapture.dll (API version 3709383).
LogModuleManager: Display: Found up-to-date module file ../../../Engine/Plugins/Editor/FacialAnimation/Binaries/Win64/UE4Editor-FacialAnimation.dll (API version 3709383).
LogModuleManager: Display: Found up-to-date module file ../../../Engine/Plugins/Editor/FacialAnimation/Binaries/Win64/UE4Editor-FacialAnimationEditor.dll (API version 3709383).
LogModuleManager: Display: Found up-to-date module file ../../../Engine/Plugins/Editor/GameplayTagsEditor/Binaries/Win64/UE4Editor-GameplayTagsEditor.dll (API version 3709383).
LogModuleManager: Display: Found up-to-date module file ../../../Engine/Plugins/Editor/MobileLauncherProfileWizard/Binaries/Win64/UE4Editor-MobileLauncherProfileWizard.dll (API version 3709383).
LogModuleManager: Display: Found up-to-date module file ../../../Engine/Plugins/Editor/PluginBrowser/Binaries/Win64/UE4Editor-PluginBrowser.dll (API version 3709383).
LogModuleManager: Display: Found up-to-date module file ../../../Engine/Plugins/Editor/SpeedTreeImporter/Binaries/Win64/UE4Editor-SpeedTreeImporter.dll (API version 3709383).
LogModuleManager: Display: Found up-to-date module file ../../../Engine/Plugins/Experimental/AlembicImporter/Binaries/Win64/UE4Editor-AlembicImporter.dll (API version 3709383).
LogModuleManager: Display: Found up-to-date module file ../../../Engine/Plugins/Experimental/AlembicImporter/Binaries/Win64/UE4Editor-AlembicLibrary.dll (API version 3709383).
LogModuleManager: Display: Found up-to-date module file ../../../Engine/Plugins/Experimental/CharacterAI/Binaries/Win64/UE4Editor-CharacterAI.dll (API version 3709383).
LogModuleManager: Display: Found up-to-date module file ../../../Engine/Plugins/Experimental/HTML5Networking/Binaries/Win64/UE4Editor-HTML5Networking.dll (API version 3709383).
LogModuleManager: Display: Found up-to-date module file ../../../Engine/Plugins/Media/AndroidMedia/Binaries/Win64/UE4Editor-AndroidMediaEditor.dll (API version 3709383).
LogModuleManager: Display: Found up-to-date module file ../../../Engine/Plugins/Media/AndroidMedia/Binaries/Win64/UE4Editor-AndroidMediaFactory.dll (API version 3709383).
LogModuleManager: Display: Found up-to-date module file ../../../Engine/Plugins/Media/AvfMedia/Binaries/Win64/UE4Editor-AvfMediaEditor.dll (API version 3709383).
LogModuleManager: Display: Found up-to-date module file ../../../Engine/Plugins/Media/AvfMedia/Binaries/Win64/UE4Editor-AvfMediaFactory.dll (API version 3709383).
LogModuleManager: Display: Found up-to-date module file ../../../Engine/Plugins/Media/AvfMedia/Binaries/Win64/UE4Editor-AvfMediaFactory.dll (API version 3709383).
LogModuleManager: Display: Found up-to-date module file ../../../Engine/Plugins/Media/ImgMedia/Binaries/Win64/UE4Editor-ImgMedia.dll (API version 3709383).
LogModuleManager: Display: Found up-to-date module file ../../../Engine/Plugins/Media/ImgMedia/Binaries/Win64/UE4Editor-ImgMediaEditor.dll (API version 3709383).
LogModuleManager: Display: Found up-to-date module file ../../../Engine/Plugins/Media/ImgMedia/Binaries/Win64/UE4Editor-ImgMediaFactory.dll (API version 3709383).
LogModuleManager: Display: Found up-to-date module file ../../../Engine/Plugins/Media/ImgMedia/Binaries/Win64/UE4Editor-ImgMediaFactory.dll (API version 3709383).
LogModuleManager: Display: Found up-to-date module file ../../../Engine/Plugins/Media/ImgMedia/Binaries/Win64/UE4Editor-OpenExrWrapper.dll (API version 3709383).
LogModuleManager: Display: Found up-to-date module file ../../../Engine/Plugins/Media/MediaCompositing/Binaries/Win64/UE4Editor-MediaCompositing.dll (API version 3709383).
LogModuleManager: Display: Found up-to-date module file ../../../Engine/Plugins/Media/MediaCompositing/Binaries/Win64/UE4Editor-MediaCompositingEditor.dll (API version 3709383).
LogModuleManager: Display: Found up-to-date module file ../../../Engine/Plugins/Media/MediaPlayerEditor/Binaries/Win64/UE4Editor-MediaPlayerEditor.dll (API version 3709383).
LogModuleManager: Display: Found up-to-date module file ../../../Engine/Plugins/Media/WmfMedia/Binaries/Win64/UE4Editor-WmfMedia.dll (API version 3709383).
LogModuleManager: Display: Found up-to-date module file ../../../Engine/Plugins/Media/WmfMedia/Binaries/Win64/UE4Editor-WmfMediaEditor.dll (API version 3709383).
LogModuleManager: Display: Found up-to-date module file ../../../Engine/Plugins/Media/WmfMedia/Binaries/Win64/UE4Editor-WmfMediaFactory.dll (API version 3709383).
LogModuleManager: Display: Found up-to-date module file ../../../Engine/Plugins/Media/WmfMedia/Binaries/Win64/UE4Editor-WmfMediaFactory.dll (API version 3709383).
LogModuleManager: Display: Found up-to-date module file ../../../Engine/Plugins/Messaging/TcpMessaging/Binaries/Win64/UE4Editor-TcpMessaging.dll (API version 3709383).
LogModuleManager: Display: Found up-to-date module file ../../../Engine/Plugins/Messaging/UdpMessaging/Binaries/Win64/UE4Editor-UdpMessaging.dll (API version 3709383).
LogModuleManager: Display: Found up-to-date module file ../../../Engine/Plugins/MovieScene/ActorSequence/Binaries/Win64/UE4Editor-ActorSequence.dll (API version 3709383).
LogModuleManager: Display: Found up-to-date module file ../../../Engine/Plugins/MovieScene/LevelSequenceEditor/Binaries/Win64/UE4Editor-LevelSequenceEditor.dll (API version 3709383).
LogModuleManager: Display: Found up-to-date module file ../../../Engine/Plugins/MovieScene/MatineeToLevelSequence/Binaries/Win64/UE4Editor-MatineeToLevelSequence.dll (API version 3709383).
LogModuleManager: Display: Found up-to-date module file ../../../Engine/Plugins/Online/OnlineSubsystem/Binaries/Win64/UE4Editor-OnlineSubsystem.dll (API version 3709383).
LogModuleManager: Display: Found up-to-date module file ../../../Engine/Plugins/Runtime/AndroidPermission/Binaries/Win64/UE4Editor-AndroidPermission.dll (API version 3709383).
LogModuleManager: Display: Found up-to-date module file ../../../Engine/Plugins/Online/OnlineSubsystemNull/Binaries/Win64/UE4Editor-OnlineSubsystemNull.dll (API version 3709383).
LogModuleManager: Display: Found up-to-date module file ../../../Engine/Plugins/Online/OnlineSubsystemUtils/Binaries/Win64/UE4Editor-OnlineSubsystemUtils.dll (API version 3709383).
LogModuleManager: Display: Found up-to-date module file ../../../Engine/Plugins/Online/OnlineSubsystemUtils/Binaries/Win64/UE4Editor-OnlineBlueprintSupport.dll (API version 3709383).
LogModuleManager: Display: Found up-to-date module file ../../../Engine/Plugins/Runtime/AndroidDeviceProfileSelector/Binaries/Win64/UE4Editor-AndroidDeviceProfileSelector.dll (API version 3709383).
LogModuleManager: Display: Found up-to-date module file ../../../Engine/Plugins/Runtime/AppleARKit/Binaries/Win64/UE4Editor-AppleARKit.dll (API version 3709383).
LogModuleManager: Display: Found up-to-date module file ../../../Engine/Plugins/Runtime/ArchVisCharacter/Binaries/Win64/UE4Editor-ArchVisCharacter.dll (API version 3709383).
LogModuleManager: Display: Found up-to-date module file ../../../Engine/Plugins/Runtime/CableComponent/Binaries/Win64/UE4Editor-CableComponent.dll (API version 3709383).
LogModuleManager: Display: Found up-to-date module file ../../../Engine/Plugins/Runtime/CustomMeshComponent/Binaries/Win64/UE4Editor-CustomMeshComponent.dll (API version 3709383).
LogModuleManager: Display: Found up-to-date module file ../../../Engine/Plugins/Runtime/ExampleDeviceProfileSelector/Binaries/Win64/UE4Editor-ExampleDeviceProfileSelector.dll (API version 3709383).
LogModuleManager: Display: Found up-to-date module file ../../../Engine/Plugins/Runtime/ImmediatePhysics/Binaries/Win64/UE4Editor-ImmediatePhysics.dll (API version 3709383).
LogModuleManager: Display: Found up-to-date module file ../../../Engine/Plugins/Runtime/ImmediatePhysics/Binaries/Win64/UE4Editor-ImmediatePhysicsEditor.dll (API version 3709383).
LogModuleManager: Display: Found up-to-date module file ../../../Engine/Plugins/Runtime/LocationServicesBPLibrary/Binaries/Win64/UE4Editor-LocationServicesBPLibrary.dll (API version 3709383).
LogModuleManager: Display: Found up-to-date module file ../../../Engine/Plugins/Runtime/MobilePatchingUtils/Binaries/Win64/UE4Editor-MobilePatchingUtils.dll (API version 3709383).
LogModuleManager: Display: Found up-to-date module file ../../../Engine/Plugins/Runtime/Oculus/OculusVR/Binaries/Win64/UE4Editor-OculusHMD.dll (API version 3709383).
LogModuleManager: Display: Found up-to-date module file ../../../Engine/Plugins/Runtime/Oculus/OculusVR/Binaries/Win64/UE4Editor-OculusInput.dll (API version 3709383).
LogModuleManager: Display: Found up-to-date module file ../../../Engine/Plugins/Runtime/Oculus/OculusVR/Binaries/Win64/UE4Editor-OculusEditor.dll (API version 3709383).
LogModuleManager: Display: Found up-to-date module file ../../../Engine/Plugins/Runtime/PhysXVehicles/Binaries/Win64/UE4Editor-PhysXVehicles.dll (API version 3709383).
LogModuleManager: Display: Found up-to-date module file ../../../Engine/Plugins/Runtime/PhysXVehicles/Binaries/Win64/UE4Editor-PhysXVehiclesEditor.dll (API version 3709383).
LogModuleManager: Display: Found up-to-date module file ../../../Engine/Plugins/Runtime/ProceduralMeshComponent/Binaries/Win64/UE4Editor-ProceduralMeshComponent.dll (API version 3709383).
LogModuleManager: Display: Found up-to-date module file ../../../Engine/Plugins/Runtime/ProceduralMeshComponent/Binaries/Win64/UE4Editor-ProceduralMeshComponentEditor.dll (API version 3709383).
LogModuleManager: Display: Found up-to-date module file ../../../Engine/Plugins/Runtime/RuntimePhysXCooking/Binaries/Win64/UE4Editor-RuntimePhysXCooking.dll (API version 3709383).
LogModuleManager: Display: Found up-to-date module file ../../../Engine/Plugins/Runtime/Steam/SteamVR/Binaries/Win64/UE4Editor-SteamVR.dll (API version 3709383).
LogModuleManager: Display: Found up-to-date module file ../../../Engine/Plugins/Runtime/Steam/SteamVR/Binaries/Win64/UE4Editor-SteamVRController.dll (API version 3709383).
LogModuleManager: Display: Found up-to-date module file ../../../Engine/Plugins/Runtime/WindowsMoviePlayer/Binaries/Win64/UE4Editor-WindowsMoviePlayer.dll (API version 3709383).
LogPluginManager: Mounting plugin Paper2D
LogPluginManager: Mounting plugin LightPropagationVolume
LogPluginManager: Mounting plugin CodeLiteSourceCodeAccess
LogPluginManager: Mounting plugin GitSourceControl
LogPluginManager: Mounting plugin KDevelopSourceCodeAccess
LogPluginManager: Mounting plugin NullSourceCodeAccess
LogPluginManager: Mounting plugin PerforceSourceControl
LogPluginManager: Mounting plugin SubversionSourceControl
LogPluginManager: Mounting plugin UObjectPlugin
LogPluginManager: Mounting plugin VisualStudioCodeSourceCodeAccess
LogPluginManager: Mounting plugin VisualStudioSourceCodeAccess
LogPluginManager: Mounting plugin XCodeSourceCodeAccess
LogPluginManager: Mounting plugin AssetManagerEditor
LogPluginManager: Mounting plugin AudioCapture
LogPluginManager: Mounting plugin FacialAnimation
LogPluginManager: Mounting plugin GameplayTagsEditor
LogPluginManager: Mounting plugin MobileLauncherProfileWizard
LogPluginManager: Mounting plugin PluginBrowser
LogPluginManager: Mounting plugin SpeedTreeImporter
LogPluginManager: Mounting plugin AlembicImporter
LogPluginManager: Mounting plugin CharacterAI
LogPluginManager: Mounting plugin HTML5Networking
LogPluginManager: Mounting plugin AndroidMedia
LogPluginManager: Mounting plugin AvfMedia
LogPluginManager: Mounting plugin ImgMedia
LogPluginManager: Mounting plugin MediaCompositing
LogPluginManager: Mounting plugin MediaPlayerEditor
LogPluginManager: Mounting plugin WmfMedia
LogPluginManager: Mounting plugin TcpMessaging
LogPluginManager: Mounting plugin UdpMessaging
LogPluginManager: Mounting plugin ActorSequence
LogPluginManager: Mounting plugin LevelSequenceEditor
LogPluginManager: Mounting plugin MatineeToLevelSequence
LogPluginManager: Mounting plugin OnlineSubsystemGooglePlay
LogPluginManager: Mounting plugin OnlineSubsystemIOS
LogPluginManager: Mounting plugin OnlineSubsystem
LogPluginManager: Mounting plugin OnlineSubsystemNull
LogPluginManager: Mounting plugin OnlineSubsystemUtils
LogPluginManager: Mounting plugin AndroidDeviceProfileSelector
LogPluginManager: Mounting plugin AndroidMoviePlayer
LogPluginManager: Mounting plugin AndroidPermission
LogPluginManager: Mounting plugin AppleARKit
LogPluginManager: Mounting plugin AppleMoviePlayer
LogPluginManager: Mounting plugin ArchVisCharacter
LogPluginManager: Mounting plugin CableComponent
LogPluginManager: Mounting plugin CustomMeshComponent
LogPluginManager: Mounting plugin ExampleDeviceProfileSelector
LogPluginManager: Mounting plugin GoogleCloudMessaging
LogPluginManager: Mounting plugin ImmediatePhysics
LogPluginManager: Mounting plugin IOSDeviceProfileSelector
LogPluginManager: Mounting plugin LinuxDeviceProfileSelector
LogPluginManager: Mounting plugin LocationServicesBPLibrary
LogPluginManager: Mounting plugin MobilePatchingUtils
LogPluginManager: Mounting plugin OculusVR
LogPluginManager: Plugin shader directory ../../../Engine/Plugins/Runtime/Oculus/OculusVR/Shaders found
LogPluginManager: Mapping shader source directory ../../../Engine/Plugins/Runtime/Oculus/OculusVR/Shaders to virtual directory /Plugin/OculusVR
LogPluginManager: Mounting plugin PhysXVehicles
LogPluginManager: Mounting plugin ProceduralMeshComponent
LogPluginManager: Mounting plugin RuntimePhysXCooking
LogPluginManager: Mounting plugin SteamVR
LogPluginManager: Mounting plugin WindowsMoviePlayer
LogInit: Using libcurl 7.47.1
LogInit:  - built for x86_64-pc-win32
LogInit:  - supports SSL with OpenSSL/1.0.2g
LogInit:  - supports HTTP deflate (compression) using libz 1.2.8
LogInit:  - other features:
LogInit:      CURL_VERSION_SSL
LogInit:      CURL_VERSION_LIBZ
LogInit:      CURL_VERSION_IPV6
LogInit:      CURL_VERSION_ASYNCHDNS
LogInit:      CURL_VERSION_LARGEFILE
LogInit:      CURL_VERSION_IDN
LogInit:  CurlRequestOptions (configurable via config and command line):
LogInit:  - bVerifyPeer = false  - Libcurl will NOT verify peer certificate
LogInit:  - bUseHttpProxy = false  - Libcurl will NOT use HTTP proxy
LogInit:  - bDontReuseConnections = false  - Libcurl will reuse connections
LogInit:  - CertBundlePath = nullptr  - Libcurl will use whatever was configured at build time.
LogInit: Build: ++UE4+Release-4.18-CL-3794801
LogInit: Engine Version: 4.18.2-3794801+++UE4+Release-4.18
LogInit: Compatible Engine Version: 4.18.0-3709383+++UE4+Release-4.18
LogInit: Net CL: 3709383
LogDevObjectVersion: Number of dev versions registered: 16
LogDevObjectVersion:   Dev-Blueprints (B0D832E4-1F89-4F0D-ACCF-7EB736FD4AA2): 10
LogDevObjectVersion:   Dev-Build (E1C64328-A22C-4D53-A36C-8E866417BD8C): 0
LogDevObjectVersion:   Dev-Core (375EC13C-06E4-48FB-B500-84F0262A717E): 2
LogDevObjectVersion:   Dev-Editor (E4B068ED-F494-42E9-A231-DA0B2E46BB41): 20
LogDevObjectVersion:   Dev-Framework (CFFC743F-43B0-4480-9391-14DF171D2073): 30
LogDevObjectVersion:   Dev-Mobile (B02B49B5-BB20-44E9-A304-32B752E40360): 0
LogDevObjectVersion:   Dev-Networking (A4E4105C-59A1-49B5-A7C5-40C4547EDFEE): 0
LogDevObjectVersion:   Dev-Online (39C831C9-5AE6-47DC-9A44-9C173E1C8E7C): 0
LogDevObjectVersion:   Dev-Physics (78F01B33-EBEA-4F98-B9B4-84EACCB95AA2): 0
LogDevObjectVersion:   Dev-Platform (6631380F-2D4D-43E0-8009-CF276956A95A): 0
LogDevObjectVersion:   Dev-Rendering (12F88B9F-8875-4AFC-A67C-D90C383ABD29): 20
LogDevObjectVersion:   Dev-Sequencer (7B5AE74C-D270-4C10-A958-57980B212A5A): 4
LogDevObjectVersion:   Dev-VR (D7296918-1DD6-4BDD-9DE2-64A83CC13884): 0
LogDevObjectVersion:   Dev-LoadTimes (C2A15278-BFE7-4AFE-6C17-90FF531DF755): 1
LogDevObjectVersion:   Private-Geometry (6EACA3D4-40EC-4CC1-B786-8BED09428FC5): 1
LogDevObjectVersion:   Dev-AnimPhys (29E575DD-E0A3-4627-9D10-D276232CDCEA): 12
LogInit: Compiled (64-bit): Dec  8 2017 02:04:53
LogInit: Compiled with Visual C++: 19.00.24215.01
LogInit: Build Configuration: Development
LogInit: Branch Name: ++UE4+Release-4.18
LogInit: Command line: -EpicPortal 
LogInit: Base directory: C:/Program Files/Epic Games/UE_4.18/Engine/Binaries/Win64/
LogInit: Installed Engine Build: 1
LogInit: Presizing for max 8388607 objects, including 0 objects not considered by GC, pre-allocating 0 bytes for permanent pool.
LogInit: Object subsystem initialized
[2017.12.27-06.47.31:723][  0]LogInit: Selected Device Profile: [Windows]
[2017.12.27-06.47.31:723][  0]LogInit: Applying CVar settings loaded from the selected device profile: [Windows]
[2017.12.27-06.47.31:776][  0]LogInit: Computer: DESKTOP-2NSGK8G
[2017.12.27-06.47.31:776][  0]LogInit: User: iking
[2017.12.27-06.47.31:776][  0]LogInit: CPU Page size=4096, Cores=3
[2017.12.27-06.47.31:776][  0]LogInit: High frequency timer resolution =3.433586 MHz
[2017.12.27-06.47.31:776][  0]LogMemory: Memory total: Physical=16.0GB (16GB approx)
[2017.12.27-06.47.31:776][  0]LogMemory: Platform Memory Stats for Windows
[2017.12.27-06.47.31:776][  0]LogMemory: Process Physical Memory: 271.80 MB used, 271.80 MB peak
[2017.12.27-06.47.31:776][  0]LogMemory: Process Virtual Memory: 269.32 MB used, 269.32 MB peak
[2017.12.27-06.47.31:776][  0]LogMemory: Physical Memory: 3420.12 MB used,  12928.50 MB free, 16348.62 MB total
[2017.12.27-06.47.31:777][  0]LogMemory: Virtual Memory: 642.17 MB used,  12928.50 MB free, 134217728.00 MB total
[2017.12.27-06.47.32:043][  0]LogInit: Using OS detected language (en-US).
[2017.12.27-06.47.32:043][  0]LogInit: Using OS detected locale (en-US).
[2017.12.27-06.47.32:047][  0]LogTextLocalizationManager: No specific localization for 'en-US' exists, so the 'en' localization will be used.
[2017.12.27-06.47.32:581][  0]LogInit: Setting process to per monitor DPI aware
[2017.12.27-06.47.32:972][  0]LogD3D11RHI: D3D11 adapters:
[2017.12.27-06.47.32:992][  0]LogD3D11RHI:    0. 'AMD Radeon R9 200 Series' (Feature Level 11_0)
[2017.12.27-06.47.32:992][  0]LogD3D11RHI:       3052/0/8174 MB DedicatedVideo/DedicatedSystem/SharedSystem, Outputs:2, VendorId:0x1002
[2017.12.27-06.47.32:993][  0]LogD3D11RHI:    1. 'Microsoft Basic Render Driver' (Feature Level 11_0)
[2017.12.27-06.47.32:994][  0]LogD3D11RHI:       0/0/8174 MB DedicatedVideo/DedicatedSystem/SharedSystem, Outputs:0, VendorId:0x1414
[2017.12.27-06.47.32:994][  0]LogD3D11RHI: Chosen D3D11 Adapter: 0
[2017.12.27-06.47.33:000][  0]LogD3D11RHI: Creating new Direct3DDevice
[2017.12.27-06.47.33:000][  0]LogD3D11RHI:     GPU DeviceId: 0x6798 (for the marketing name, search the web for "GPU Device Id")
[2017.12.27-06.47.33:000][  0]LogWindows: EnumDisplayDevices:
[2017.12.27-06.47.33:001][  0]LogWindows:    0. 'AMD Radeon R9 200 Series' (P:1 D:1)
[2017.12.27-06.47.33:001][  0]LogWindows:    1. 'AMD Radeon R9 200 Series' (P:0 D:1)
[2017.12.27-06.47.33:001][  0]LogWindows:    2. 'AMD Radeon R9 200 Series' (P:0 D:0)
[2017.12.27-06.47.33:002][  0]LogWindows:    3. 'AMD Radeon R9 200 Series' (P:0 D:0)
[2017.12.27-06.47.33:002][  0]LogWindows:    4. 'AMD Radeon R9 200 Series' (P:0 D:0)
[2017.12.27-06.47.33:002][  0]LogWindows:    5. 'AMD Radeon R9 200 Series' (P:0 D:0)
[2017.12.27-06.47.33:003][  0]LogWindows: DebugString: FoundDriverCount:6 
[2017.12.27-06.47.33:003][  0]LogD3D11RHI:     Adapter Name: AMD Radeon R9 200 Series
[2017.12.27-06.47.33:003][  0]LogD3D11RHI:   Driver Version: Crimson ReLive 17.7.2 (internal:22.19.662.4, unified:22.19.662.4)
[2017.12.27-06.47.33:003][  0]LogD3D11RHI:      Driver Date: 7-20-2017
[2017.12.27-06.47.33:003][  0]LogRHI: Texture pool is 2136 MB (70% of 3052 MB)
[2017.12.27-06.47.33:035][  0]LogD3D11RHI: Async texture creation enabled
[2017.12.27-06.47.33:048][  0]LogD3D11RHI: GPU Timing Frequency: 27.000000 (Debug: 2 1)
[2017.12.27-06.47.33:049][  0]LogShaderCompilers: Guid format shader working directory is -45 characters bigger than the processId version (../../../../../../Users/iking/Documents/Unreal Projects/Masked Entertainment/BrickDestroyer/Intermediate/Shaders/WorkingDirectory/6316/).
[2017.12.27-06.47.33:049][  0]LogShaderCompilers: Cleaned the shader compiler working directory 'C:/Users/iking/AppData/Local/Temp/UnrealShaderWorkingDir/E4C639854F2F1D1ADE0F3EB64751068C/'.
[2017.12.27-06.47.33:049][  0]LogShaderCompilers: Display: Using Local Shader Compiler.
[2017.12.27-06.47.34:640][  0]LogTemp: Display: Loaded TP AllDesktopTargetPlatform
[2017.12.27-06.47.34:731][  0]LogTemp: Display: Loaded TP MacClientTargetPlatform
[2017.12.27-06.47.34:823][  0]LogTemp: Display: Loaded TP MacNoEditorTargetPlatform
[2017.12.27-06.47.34:914][  0]LogTemp: Display: Loaded TP MacServerTargetPlatform
[2017.12.27-06.47.35:006][  0]LogTemp: Display: Loaded TP MacTargetPlatform
[2017.12.27-06.47.35:098][  0]LogTemp: Display: Loaded TP WindowsClientTargetPlatform
[2017.12.27-06.47.35:191][  0]LogTemp: Display: Loaded TP WindowsNoEditorTargetPlatform
[2017.12.27-06.47.35:283][  0]LogTemp: Display: Loaded TP WindowsServerTargetPlatform
[2017.12.27-06.47.35:365][  0]LogTemp: Display: Loaded TP WindowsTargetPlatform
[2017.12.27-06.47.35:455][  0]LogTemp: Display: Loaded TP Android_ASTCTargetPlatform
[2017.12.27-06.47.35:547][  0]LogTemp: Display: Loaded TP Android_ATCTargetPlatform
[2017.12.27-06.47.35:636][  0]LogTemp: Display: Loaded TP Android_DXTTargetPlatform
[2017.12.27-06.47.35:727][  0]LogTemp: Display: Loaded TP Android_ETC1TargetPlatform
[2017.12.27-06.47.35:817][  0]LogTemp: Display: Loaded TP Android_ETC2TargetPlatform
[2017.12.27-06.47.35:998][  0]LogTemp: Display: Loaded TP Android_MultiTargetPlatform
[2017.12.27-06.47.35:998][  0]LogTemp: Display: Loaded TP Android_PVRTCTargetPlatform
[2017.12.27-06.47.36:089][  0]LogTemp: Display: Loaded TP AndroidTargetPlatform
[2017.12.27-06.47.36:162][  0]LogTemp: Display: Loaded TP HTML5TargetPlatform
[2017.12.27-06.47.36:307][  0]LogTemp: Display: Loaded TP IOSTargetPlatform
[2017.12.27-06.47.36:356][  0]LogTemp: Display: Loaded TP TVOSTargetPlatform
[2017.12.27-06.47.36:446][  0]LogTemp: Display: Loaded TP LinuxClientTargetPlatform
[2017.12.27-06.47.36:536][  0]LogTemp: Display: Loaded TP LinuxNoEditorTargetPlatform
[2017.12.27-06.47.36:626][  0]LogTemp: Display: Loaded TP LinuxServerTargetPlatform
[2017.12.27-06.47.36:716][  0]LogTemp: Display: Loaded TP LinuxTargetPlatform
[2017.12.27-06.47.36:716][  0]LogTargetPlatformManager: Display: Building Assets For Windows
[2017.12.27-06.47.37:589][  0]LogDerivedDataCache: Display: Max Cache Size: 512 MB
[2017.12.27-06.47.37:776][  0]LogDerivedDataCache: Loaded boot cache 0.19s 92MB C:/Users/iking/AppData/Local/UnrealEngine/4.18/DerivedDataCache/Boot.ddc.
[2017.12.27-06.47.37:776][  0]LogDerivedDataCache: Display: Loaded Boot cache: C:/Users/iking/AppData/Local/UnrealEngine/4.18/DerivedDataCache/Boot.ddc
[2017.12.27-06.47.37:777][  0]LogDerivedDataCache: FDerivedDataBackendGraph:  Pak pak cache file ../../../../../../Users/iking/Documents/Unreal Projects/Masked Entertainment/BrickDestroyer/DerivedDataCache/DDC.ddp not found, will not use a pak cache.
[2017.12.27-06.47.37:777][  0]LogDerivedDataCache: Unable to find inner node Pak for hierarchical cache Hierarchy.
[2017.12.27-06.47.37:777][  0]LogDerivedDataCache: FDerivedDataBackendGraph:  CompressedPak pak cache file ../../../../../../Users/iking/Documents/Unreal Projects/Masked Entertainment/BrickDestroyer/DerivedDataCache/Compressed.ddp not found, will not use a pak cache.
[2017.12.27-06.47.37:777][  0]LogDerivedDataCache: Unable to find inner node CompressedPak for hierarchical cache Hierarchy.
[2017.12.27-06.47.37:800][  0]LogDerivedDataCache: Display: Pak cache opened for reading ../../../Engine/DerivedDataCache/Compressed.ddp.
[2017.12.27-06.47.37:812][  0]LogDerivedDataCache: Using Local data cache path C:/Users/iking/AppData/Local/UnrealEngine/Common/DerivedDataCache: Writable
[2017.12.27-06.47.37:829][  0]LogMaterial: Verifying Global Shaders for PCD3D_SM5
[2017.12.27-06.47.37:830][  0]LogSlate: Using Freetype 2.6.0
[2017.12.27-06.47.37:830][  0]LogSlate: SlateFontCache - WITH_FREETYPE: 1, WITH_HARFBUZZ: 1
[2017.12.27-06.47.37:830][  0]LogSlate: SlateFontCache - WITH_FREETYPE: 1, WITH_HARFBUZZ: 1
[2017.12.27-06.47.38:392][  0]LogInit: Selected Device Profile: [Windows]
[2017.12.27-06.47.38:943][  0]LogSimplygon: Simplygon DLL not present - disabling.
[2017.12.27-06.47.39:016][  0]LogMeshReduction: Using SimplygonSwarm for distributed automatic mesh merging
[2017.12.27-06.47.39:016][  0]LogMeshReduction: Using QuadricMeshReduction for automatic static mesh reduction
[2017.12.27-06.47.39:016][  0]LogMeshReduction: No automatic skeletal mesh reduction module available
[2017.12.27-06.47.39:016][  0]LogMeshReduction: No automatic mesh merging module available
[2017.12.27-06.47.39:016][  0]LogMeshMerging: No automatic mesh merging module available
[2017.12.27-06.47.39:065][  0]LogNetVersion: brickDestroyer , NetCL: 3709383, EngineNetVer: 2, GameNetVer: 0 (Checksum: 1742795680)
[2017.12.27-06.47.39:339][  0]LogAssetRegistry: FAssetRegistry took 0.0289 seconds to start up
[2017.12.27-06.47.40:233][  0]LogPackageLocalizationCache: Processed 7 localized package path(s) for 2 prioritized culture(s) in 0.157503 seconds
[2017.12.27-06.47.40:241][  0]LogUObjectArray: 35900 objects as part of root set at end of initial load.
[2017.12.27-06.47.40:241][  0]LogUObjectAllocator: 7372024 out of 0 bytes used by permanent object pool.
[2017.12.27-06.47.40:241][  0]LogUObjectArray: CloseDisregardForGC: 0/0 objects in disregard for GC pool
[2017.12.27-06.47.40:352][  0]LogInit: WinSock: version 1.1 (2.2), MaxSocks=32767, MaxUdp=65467
[2017.12.27-06.47.44:912][  0]LogTcpMessaging: Initializing TcpMessaging bridge
[2017.12.27-06.47.44:981][  0]LogUdpMessaging: Initializing bridge on interface 0.0.0.0:0 to multicast group 230.0.0.1:6666.
[2017.12.27-06.47.46:145][  0]LogMaterial: Uniform references updated for custom material expression Custom.
[2017.12.27-06.47.46:871][  0]SourceControl: Source control is disabled
[2017.12.27-06.47.46:871][  0]SourceControl: Source control is disabled
[2017.12.27-06.47.46:968][  0]SourceControl: Source control is disabled
[2017.12.27-06.47.47:067][  0]SourceControl: Source control is disabled
[2017.12.27-06.47.48:562][  0]LogAndroidPermission: UAndroidPermissionCallbackProxy::GetInstance
[2017.12.27-06.47.49:057][  0]LogOcInput: OculusInput pre-init called
[2017.12.27-06.47.49:563][  0]LogEngine: Initializing Engine...
[2017.12.27-06.47.49:593][  0]LogHMD: Failed to initialize OpenVR with code 126
[2017.12.27-06.47.49:929][  0]LogStats: UGameplayTagsManager::ConstructGameplayTagTree: Construct from data asset -  0.000 s
[2017.12.27-06.47.49:929][  0]LogStats: UGameplayTagsManager::ConstructGameplayTagTree: GameplayTagTreeChangedEvent.Broadcast -  0.000 s
[2017.12.27-06.47.50:168][  0]LogAIModule: Creating AISystem for world Untitled
[2017.12.27-06.47.50:203][  0]LogInit: XAudio2 using 'Speakers (Realtek High Definition Audio)' : 2 channels at 48 kHz using 32 bits per sample (channel mask 0x3)
[2017.12.27-06.47.50:230][  0]LogInit: FAudioDevice initialized.
[2017.12.27-06.47.50:395][  0]LogDerivedDataCache: Saved boot cache 0.16s 92MB C:/Users/iking/AppData/Local/UnrealEngine/4.18/DerivedDataCache/Boot.ddc.
[2017.12.27-06.47.50:434][  0]LogInit: Texture streaming: Enabled
[2017.12.27-06.47.50:627][  0]LogEngineSessionManager: EngineSessionManager initialized
[2017.12.27-06.47.50:896][  0]LogInit: Transaction tracking system initialized
[2017.12.27-06.47.51:531][  0]BlueprintLog: New page: Editor Load
[2017.12.27-06.47.53:190][  0]LocalizationService: Localization service is disabled
[2017.12.27-06.47.54:554][  0]LogConsoleResponse: Display: 
[2017.12.27-06.47.56:090][  0]LogCook: Display: Max memory allowance for cook 16384mb min free memory 0mb
[2017.12.27-06.47.56:090][  0]LogCook: Display: Mobile HDR setting 1
[2017.12.27-06.47.56:090][  0]LogGameplayTags: Display: UGameplayTagsManager::DoneAddingNativeTags. DelegateIsBound: 0
[2017.12.27-06.47.56:923][  0]LogFileCache: Scanning file cache for directory 'C:/Users/iking/Documents/Unreal Projects/Masked Entertainment/BrickDestroyer/Content/' took 0.02s
[2017.12.27-06.47.58:493][  0]SourceControl: Source control is disabled
[2017.12.27-06.47.58:493][  0]Cmd: MAP LOAD FILE="../../../../../../Users/iking/Documents/Unreal Projects/Masked Entertainment/BrickDestroyer/Content/blockBreaker.umap" TEMPLATE=0 SHOWPROGRESS=1 FEATURELEVEL=3
[2017.12.27-06.47.58:494][  0]LightingResults: New page: Lighting Build
[2017.12.27-06.47.58:572][  0]MapCheck: New page: Map Check
[2017.12.27-06.47.58:572][  0]LightingResults: New page: Lighting Build
[2017.12.27-06.48.01:048][  0]LogAIModule: Creating AISystem for world blockBreaker
[2017.12.27-06.48.01:094][  0]LogEditorServer: Finished looking for orphan Actors (0.000 secs)
[2017.12.27-06.48.01:134][  0]Cmd: MAP CHECKDEP NOCLEARLOG
[2017.12.27-06.48.01:240][  0]MapCheck: Map check complete: 0 Error(s), 0 Warning(s), took 105.028ms to complete.
[2017.12.27-06.48.01:240][  0]LogFileHelpers: Loading map 'blockBreaker' took 2.747
[2017.12.27-06.48.01:857][  0]LogCollectionManager: Loaded 0 collections in 0.002673 seconds
[2017.12.27-06.48.02:081][  0]LogFileCache: Scanning file cache for directory 'C:/Users/iking/Documents/Unreal Projects/Masked Entertainment/BrickDestroyer/Saved/Collections/' took 0.01s
[2017.12.27-06.48.02:081][  0]LogFileCache: Scanning file cache for directory 'C:/Users/iking/Documents/Unreal Projects/Masked Entertainment/BrickDestroyer/Content/Developers/iking/Collections/' took 0.01s
[2017.12.27-06.48.02:081][  0]LogFileCache: Scanning file cache for directory 'C:/Users/iking/Documents/Unreal Projects/Masked Entertainment/BrickDestroyer/Content/Collections/' took 0.01s
[2017.12.27-06.48.02:081][  0]LogCollectionManager: Rebuilt the GUID cache for 0 collections in 0.000000 seconds
[2017.12.27-06.48.02:105][  0]LogContentBrowser: Native class hierarchy populated in 0.0229 seconds. Added 2363 classes and 519 folders.
[2017.12.27-06.48.02:240][  0]LogContentBrowser: Native class hierarchy updated for 'WidgetCarousel' in 0.0003 seconds. Added 0 classes and 0 folders.
[2017.12.27-06.48.03:658][  0]LogContentBrowser: Native class hierarchy updated for 'AddContentDialog' in 0.0003 seconds. Added 0 classes and 0 folders.
[2017.12.27-06.48.03:870][  0]LogContentBrowser: Native class hierarchy updated for 'SceneOutliner' in 0.0003 seconds. Added 1 classes and 2 folders.
[2017.12.27-06.48.04:068][  0]LogSlate: Took 0.000319 seconds to synchronously load lazily loaded font '../../../Engine/Content/Slate/Fonts/Roboto-Regular.ttf' (155K)
[2017.12.27-06.48.04:074][  0]LogSlate: Took 0.000377 seconds to synchronously load lazily loaded font '../../../Engine/Content/Slate/Fonts/Roboto-Bold.ttf' (160K)
[2017.12.27-06.48.04:106][  0]LogSlate: Took 0.028965 seconds to synchronously load lazily loaded font '../../../Engine/Content/Editor/Slate/Fonts/FontAwesome.ttf' (139K)
[2017.12.27-06.48.04:332][  0]LogRenderer: Reallocating scene render targets to support 1036x376 Format 26 NumSamples 1 (Frame:1).
[2017.12.27-06.48.04:445][  0]LogSlate: Took 0.024422 seconds to synchronously load lazily loaded font '../../../Engine/Content/Slate/Fonts/Roboto-Light.ttf' (159K)
[2017.12.27-06.48.04:798][  0]LogContentBrowser: Native class hierarchy updated for 'HierarchicalLODOutliner' in 0.0004 seconds. Added 1 classes and 2 folders.
[2017.12.27-06.48.04:799][  0]LogLoad: (Engine Initialization) Total time: 38.40 seconds
[2017.12.27-06.48.04:799][  0]LogLoad: (Engine Initialization) Total Blueprint compile time: 0.00 seconds
[2017.12.27-06.48.04:799][  0]LogExternalProfiler: No external profilers were discovered.  External profiling features will not be available.
[2017.12.27-06.48.04:809][  0]LogWindowsTextInputMethodSystem: Display: IME system now deactivated.
[2017.12.27-06.48.04:832][  0]LogContentStreaming: Texture pool size now 1000 MB
[2017.12.27-06.48.05:060][  2]LogAssetRegistry: Asset discovery search completed in 25.7429 seconds
[2017.12.27-06.48.05:063][  2]LogCollectionManager: Rebuilt the object cache for 0 collections in 0.000001 seconds (found 0 objects)
[2017.12.27-06.48.05:063][  2]LogCollectionManager: Fixed up redirectors for 0 collections in 0.000126 seconds (updated 0 objects)
[2017.12.27-06.48.05:845][ 78]LogSlate: Took 0.000359 seconds to synchronously load lazily loaded font '../../../Engine/Content/Slate/Fonts/Roboto-Light.ttf' (159K)
[2017.12.27-07.05.24:833][411]LogTemp: Repeating last play command: Selected Viewport
[2017.12.27-07.05.25:085][411]LogBlueprintUserMessages: Early PlayInEditor Detection: Level '/Game/blockBreaker.blockBreaker:PersistentLevel' has LevelScriptBlueprint '/Game/blockBreaker.blockBreaker:PersistentLevel.blockBreaker' with GeneratedClass '/Game/blockBreaker.blockBreaker_C' with ClassGeneratedBy '/Game/blockBreaker.blockBreaker:PersistentLevel.blockBreaker'
[2017.12.27-07.05.25:085][411]LogPlayLevel: PlayLevel: No blueprints needed recompiling
[2017.12.27-07.05.25:085][411]PIE: New page: PIE session: blockBreaker (Dec 26, 2017, 5:05:25 PM)
[2017.12.27-07.05.25:085][411]LogPlayLevel: Creating play world package: /Game/UEDPIE_0_blockBreaker
[2017.12.27-07.05.25:093][411]LogPlayLevel: PIE: StaticDuplicateObject took: (0.007880s)
[2017.12.27-07.05.25:094][411]LogAIModule: Creating AISystem for world blockBreaker
[2017.12.27-07.05.25:095][411]LogPlayLevel: PIE: World Init took: (0.001343s)
[2017.12.27-07.05.25:095][411]LogPlayLevel: PIE: Created PIE world by copying editor world from /Game/blockBreaker.blockBreaker to /Game/UEDPIE_0_blockBreaker.blockBreaker (0.009652s)
[2017.12.27-07.05.25:140][411]LogInit: XAudio2 using 'Speakers (Realtek High Definition Audio)' : 2 channels at 48 kHz using 32 bits per sample (channel mask 0x3)
[2017.12.27-07.05.25:160][411]LogInit: FAudioDevice initialized.
[2017.12.27-07.05.25:207][411]LogLoad: Game class is 'BP_brickBreakerGame_C'
[2017.12.27-07.05.25:210][411]LogWorld: Bringing World /Game/UEDPIE_0_blockBreaker.blockBreaker up for play (max tick rate 0) at 2017.12.27-00.05.25
[2017.12.27-07.05.25:211][411]LogWorld: Bringing up level for play took: 0.001574
[2017.12.27-07.05.25:286][411]LogContentBrowser: Native class hierarchy updated for 'MovieSceneCapture' in 0.0004 seconds. Added 11 classes and 0 folders.
[2017.12.27-07.05.25:288][411]PIE: Play in editor start time for /Game/UEDPIE_0_blockBreaker 0.27
[2017.12.27-07.05.25:289][411]LogBlueprintUserMessages: Late PlayInEditor Detection: Level '/Game/blockBreaker.blockBreaker:PersistentLevel' has LevelScriptBlueprint '/Game/blockBreaker.blockBreaker:PersistentLevel.blockBreaker' with GeneratedClass '/Game/blockBreaker.blockBreaker_C' with ClassGeneratedBy '/Game/blockBreaker.blockBreaker:PersistentLevel.blockBreaker'
[2017.12.27-07.05.28:548][791]Cmd: PROFILEGPU
[2017.12.27-07.05.28:569][791]Profiling the next GPU frame
[2017.12.27-07.05.28:599][795]LogD3D11RHI: Warning: 
[2017.12.27-07.05.28:599][795]LogD3D11RHI: Warning: 
[2017.12.27-07.05.28:687][795]LogRHI: Perf marker hierarchy, total GPU time 2.71ms
[2017.12.27-07.05.28:687][795]LogRHI: Warning: Profiled range was continuous.
[2017.12.27-07.05.28:695][795]LogRHI: 100.0% 2.71ms   FRAME 222 draws 35964 prims 84876 verts
[2017.12.27-07.05.28:695][795]LogRHI: 49.0% 1.33ms   Scene 81 draws 35964 prims 84876 verts
[2017.12.27-07.05.28:695][795]LogRHI:     1.2% 0.03ms   PrePass DDM_AllOpaque (Forced by DBuffer) 10 draws 11128 prims 22436 verts
[2017.12.27-07.05.28:695][795]LogRHI:        0.1% 0.00ms   BeginRenderingPrePass 1 draws 0 prims 0 verts
[2017.12.27-07.05.28:695][795]LogRHI:        1.1% 0.03ms   PosOnlyOpaque 9 draws 11128 prims 22436 verts
[2017.12.27-07.05.28:695][795]LogRHI:     0.5% 0.01ms   ComputeLightGrid 5 draws 5 prims 0 verts
[2017.12.27-07.05.28:695][795]LogRHI:        0.0% 0.00ms   CullLights 17x6x32 NumLights 0 NumCaptures 1 4 draws 4 prims 0 verts
[2017.12.27-07.05.28:695][795]LogRHI:        0.5% 0.01ms   Compact 1 draws 1 prims 0 verts
[2017.12.27-07.05.28:695][795]LogRHI:     0.0% 0.00ms   BeginOcclusionTests 3 draws 36 prims 24 verts
[2017.12.27-07.05.28:695][795]LogRHI:        0.0% 0.00ms   ViewOcclusionTests 0 3 draws 36 prims 24 verts
[2017.12.27-07.05.28:695][795]LogRHI:           0.0% 0.00ms   ShadowFrustumQueries 3 draws 36 prims 24 verts
[2017.12.27-07.05.28:695][795]LogRHI:     1.1% 0.03ms   ShadowDepths 5 draws 6692 prims 19802 verts
[2017.12.27-07.05.28:695][795]LogRHI:        1.1% 0.03ms   Atlas0 2048x2048 5 draws 6692 prims 19802 verts
[2017.12.27-07.05.28:695][795]LogRHI:           0.0% 0.00ms   Clear 1 draws 0 prims 0 verts
[2017.12.27-07.05.28:695][795]LogRHI:           1.1% 0.03ms   UEDPIE_0_blockBreaker.LightSource 4 draws 6692 prims 19802 verts
[2017.12.27-07.05.28:695][795]LogRHI:              1.1% 0.03ms   PerObject BP_bouncingBall_332 2040x1804 1 draws 6656 prims 19730 verts
[2017.12.27-07.05.28:695][795]LogRHI:              0.0% 0.00ms   PerObject BP_boardPawn_C_0 256x226 1 draws 12 prims 24 verts
[2017.12.27-07.05.28:695][795]LogRHI:              0.0% 0.00ms   PerObject BP_breakingBrick5 64x56 1 draws 12 prims 24 verts
[2017.12.27-07.05.28:695][795]LogRHI:              0.0% 0.00ms   PerObject BP_breakingBrick4 32x28 1 draws 12 prims 24 verts
[2017.12.27-07.05.28:695][795]LogRHI:     0.0% 0.00ms   CompositionBeforeBasePass 0 draws 0 prims 0 verts
[2017.12.27-07.05.28:695][795]LogRHI:     1.6% 0.04ms   BeginRenderingSceneColor 1 draws 0 prims 0 verts
[2017.12.27-07.05.28:695][795]LogRHI:     6.1% 0.17ms   BasePass 9 draws 11128 prims 22436 verts
[2017.12.27-07.05.28:695][795]LogRHI:        6.1% 0.17ms   Static EBasePassDrawListType=0 9 draws 11128 prims 22436 verts 67186 prims/ms 135459 verts/ms
[2017.12.27-07.05.28:695][795]LogRHI:     0.0% 0.00ms   RenderVelocities 1 draws 0 prims 0 verts
[2017.12.27-07.05.28:695][795]LogRHI:     0.0% 0.00ms   LightCompositionTasks_PreLighting 0 draws 0 prims 0 verts
[2017.12.27-07.05.28:696][795]LogRHI:     0.0% 0.00ms   ClearStencilFromBasePass 1 draws 0 prims 0 verts
[2017.12.27-07.05.28:696][795]LogRHI:     0.1% 0.00ms   ClearTranslucentVolumeLighting 1 draws 8 prims 16 verts
[2017.12.27-07.05.28:696][795]LogRHI:    10.7% 0.29ms   Lights 18 draws 6829 prims 19901 verts
[2017.12.27-07.05.28:696][795]LogRHI:       10.7% 0.29ms   DirectLighting 18 draws 6829 prims 19901 verts
[2017.12.27-07.05.28:696][795]LogRHI:           0.0% 0.00ms   NonShadowedLights 0 draws 0 prims 0 verts
[2017.12.27-07.05.28:696][795]LogRHI:              0.0% 0.00ms   StandardDeferredLighting 0 draws 0 prims 0 verts
[2017.12.27-07.05.28:696][795]LogRHI:           0.0% 0.00ms   IndirectLighting 0 draws 0 prims 0 verts
[2017.12.27-07.05.28:696][795]LogRHI:          10.7% 0.29ms   ShadowedLights 18 draws 6829 prims 19901 verts
[2017.12.27-07.05.28:696][795]LogRHI:             10.7% 0.29ms   UEDPIE_0_blockBreaker.LightSource 18 draws 6829 prims 19901 verts
[2017.12.27-07.05.28:696][795]LogRHI:                 4.9% 0.13ms   ShadowProjectionOnOpaque 14 draws 6812 prims 19866 verts
[2017.12.27-07.05.28:696][795]LogRHI:                    2.9% 0.08ms   PerObject BP_bouncingBall_332 2 draws 24 prims 16 verts
[2017.12.27-07.05.28:696][795]LogRHI:                    0.9% 0.03ms   PreShadow BP_bouncingBall_332 2 draws 6668 prims 19738 verts
[2017.12.27-07.05.28:696][795]LogRHI:                       0.8% 0.02ms   Stencil Mask Subjects 1 draws 6656 prims 19730 verts
[2017.12.27-07.05.28:696][795]LogRHI:                    0.2% 0.00ms   PerObject BP_boardPawn_C_0 2 draws 24 prims 16 verts
[2017.12.27-07.05.28:696][795]LogRHI:                    0.4% 0.01ms   PreShadow BP_breakingBrick5 2 draws 24 prims 32 verts
[2017.12.27-07.05.28:696][795]LogRHI:                       0.0% 0.00ms   Stencil Mask Subjects 1 draws 12 prims 24 verts
[2017.12.27-07.05.28:696][795]LogRHI:                    0.2% 0.01ms   PerObject BP_breakingBrick5 2 draws 24 prims 16 verts
[2017.12.27-07.05.28:696][795]LogRHI:                    0.2% 0.00ms   PreShadow BP_breakingBrick4 2 draws 24 prims 32 verts
[2017.12.27-07.05.28:696][795]LogRHI:                       0.0% 0.00ms   Stencil Mask Subjects 1 draws 12 prims 24 verts
[2017.12.27-07.05.28:696][795]LogRHI:                    0.2% 0.01ms   PerObject BP_breakingBrick4 2 draws 24 prims 16 verts
[2017.12.27-07.05.28:696][795]LogRHI:                 0.4% 0.01ms   InjectTranslucentVolume 2 draws 16 prims 32 verts
[2017.12.27-07.05.28:696][795]LogRHI:                 5.1% 0.14ms   StandardDeferredLighting 1 draws 1 prims 3 verts
[2017.12.27-07.05.28:696][795]LogRHI:     3.8% 0.10ms   ReflectionEnvironment PixelShader 1 draws 2 prims 4 verts
[2017.12.27-07.05.28:696][795]LogRHI:     2.9% 0.08ms   Atmosphere 1035x376 1 draws 2 prims 4 verts
[2017.12.27-07.05.28:696][795]LogRHI:     1.5% 0.04ms   Translucency 2 draws 20 prims 34 verts
[2017.12.27-07.05.28:696][795]LogRHI:    19.5% 0.53ms   PostProcessing 23 draws 114 prims 219 verts
[2017.12.27-07.05.28:696][795]LogRHI:        4.8% 0.13ms   TemporalAA 1035x376 3 draws 10 prims 16 verts
[2017.12.27-07.05.28:696][795]LogRHI:        1.1% 0.03ms   Downsample 518x188 1 draws 1 prims 3 verts
[2017.12.27-07.05.28:696][795]LogRHI:        3.3% 0.09ms   PostProcessHistogram 1 draws 1 prims 0 verts
[2017.12.27-07.05.28:696][795]LogRHI:        1.1% 0.03ms   PostProcessHistogramReduce 1 draws 1 prims 3 verts
[2017.12.27-07.05.28:696][795]LogRHI:        1.2% 0.03ms   PostProcessEyeAdaptation 1 draws 1 prims 3 verts
[2017.12.27-07.05.28:696][795]LogRHI:        0.0% 0.00ms   Downsample 259x94 1 draws 1 prims 3 verts
[2017.12.27-07.05.28:696][795]LogRHI:        0.3% 0.01ms   Downsample 129x47 2 draws 9 prims 13 verts
[2017.12.27-07.05.28:697][795]LogRHI:        0.3% 0.01ms   Downsample 65x24 1 draws 1 prims 3 verts
[2017.12.27-07.05.28:697][795]LogRHI:        0.3% 0.01ms   Downsample 32x12 2 draws 9 prims 13 verts
[2017.12.27-07.05.28:697][795]LogRHI:        0.2% 0.01ms   Downsample 16x6 2 draws 9 prims 13 verts
[2017.12.27-07.05.28:697][795]LogRHI:        0.7% 0.02ms   PostProcessWeightedSampleSum#23 9x6 in 9x6 1 draws 1 prims 3 verts
[2017.12.27-07.05.28:697][795]LogRHI:        1.0% 0.03ms   PostProcessWeightedSampleSum#24 18x6 in 18x6 1 draws 1 prims 3 verts
[2017.12.27-07.05.28:697][795]LogRHI:        0.0% 0.00ms   PostProcessWeightedSampleSum#21 17x12 in 17x12 1 draws 1 prims 3 verts
[2017.12.27-07.05.28:697][795]LogRHI:        0.7% 0.02ms   PostProcessWeightedSampleSum#22 34x12 in 34x12 1 draws 1 prims 3 verts
[2017.12.27-07.05.28:697][795]LogRHI:        0.0% 0.00ms   PostProcessWeightedSampleSum#14 33x24 in 33x24 1 draws 1 prims 3 verts
[2017.12.27-07.05.28:697][795]LogRHI:        0.5% 0.01ms   PostProcessWeightedSampleSum#14 65x24 in 66x24 1 draws 1 prims 3 verts
[2017.12.27-07.05.28:697][795]LogRHI:        2.1% 0.06ms   PostProcessCombineLUTs [1] 32x32x32 1 draws 64 prims 128 verts
[2017.12.27-07.05.28:697][795]LogRHI:        2.0% 0.05ms   Tonemapper#4 GammaOnly=0 HandleScreenPercentage=0  1035x376 1 draws 1 prims 3 verts
[2017.12.27-07.05.28:697][795]LogRHI: 15.3% 0.41ms   SlateUI 141 draws 0 prims 0 verts
[2017.12.27-07.05.28:697][795]LogRHI:    35.7% 0.97ms   Other Children
[2017.12.27-07.05.28:697][795]LogRHI: Total Nodes 100 Draws 222
[2017.12.27-07.05.28:697][795]LogRHI: 
[2017.12.27-07.05.28:697][795]LogRHI: 
[2017.12.27-07.05.28:711][795]LogTabManager: Warning: Unable to insert tab 'VisualizerSpawnPoint'.
[2017.12.27-07.05.28:728][795]LogRendererCore: Warning: FlushRenderingCommands called recursively! 2 calls on the stack.
[2017.12.27-07.05.28:728][795]LogRendererCore: Warning: FlushRenderingCommands called recursively! 2 calls on the stack.
[2017.12.27-07.05.59:739][493]LogBlueprintUserMessages: Early EndPlayMap Detection: Level '/Game/blockBreaker.blockBreaker:PersistentLevel' has LevelScriptBlueprint '/Game/blockBreaker.blockBreaker:PersistentLevel.blockBreaker' with GeneratedClass '/Game/blockBreaker.blockBreaker_C' with ClassGeneratedBy '/Game/blockBreaker.blockBreaker:PersistentLevel.blockBreaker'
[2017.12.27-07.05.59:772][493]LogBlueprintUserMessages: Late EndPlayMap Detection: Level '/Game/blockBreaker.blockBreaker:PersistentLevel' has LevelScriptBlueprint '/Game/blockBreaker.blockBreaker:PersistentLevel.blockBreaker' with GeneratedClass '/Game/blockBreaker.blockBreaker_C' with ClassGeneratedBy '/Game/blockBreaker.blockBreaker:PersistentLevel.blockBreaker'
[2017.12.27-07.08.35:881][184]LogSlate: Took 0.000273 seconds to synchronously load lazily loaded font '../../../Engine/Content/Slate/Fonts/Roboto-Light.ttf' (159K)
[2017.12.27-07.08.36:404][184]LogSlate: Took 0.000247 seconds to synchronously load lazily loaded font '../../../Engine/Content/Slate/Fonts/Roboto-Regular.ttf' (155K)
[2017.12.27-07.08.36:538][184]LogContentBrowser: Native class hierarchy updated for 'BlueprintGraph' in 0.0009 seconds. Added 116 classes and 0 folders.
[2017.12.27-07.08.37:835][184]LogSlate: Took 0.020980 seconds to synchronously load lazily loaded font '../../../Engine/Content/Editor/Slate/Fonts/Roboto-BoldCondensed.ttf' (158K)
[2017.12.27-07.08.38:310][185]LogSlate: Took 0.043335 seconds to synchronously load lazily loaded font '../../../Engine/Content/Editor/Slate/Fonts/Roboto-Italic.ttf' (157K)
[2017.12.27-07.16.53:663][567]LogMetaData: Removing '/Game/Blueprints/VR_Stuffs/VR_GameMode.VR_GameMode:UserConstructionScript.K2Node_FunctionEntry_0' ref from Metadata '/Game/Blueprints/VR_Stuffs/VR_GameModce.PackageMetaData'
[2017.12.27-07.16.53:663][567]LogMetaData: Removing '/Game/Blueprints/VR_Stuffs/VR_GameMode.SKEL_VR_GameMode_C' ref from Metadata '/Game/Blueprints/VR_Stuffs/VR_GameModce.PackageMetaData'
[2017.12.27-07.16.53:663][567]LogMetaData: Removing '/Game/Blueprints/VR_Stuffs/VR_GameMode.VR_GameMode_C' ref from Metadata '/Game/Blueprints/VR_Stuffs/VR_GameModce.PackageMetaData'
[2017.12.27-07.16.53:663][567]LogMetaData: Removing '/Game/Blueprints/VR_Stuffs/VR_GameMode.VR_GameMode:EventGraph.K2Node_Event_0' ref from Metadata '/Game/Blueprints/VR_Stuffs/VR_GameModce.PackageMetaData'
[2017.12.27-07.16.53:663][567]LogMetaData: Removing '/Game/Blueprints/VR_Stuffs/VR_GameMode.VR_GameMode:EventGraph.K2Node_Event_1' ref from Metadata '/Game/Blueprints/VR_Stuffs/VR_GameModce.PackageMetaData'
[2017.12.27-07.16.53:720][567]LogSavePackage: Save=17.72ms
[2017.12.27-07.16.53:720][567]LogSavePackage: Moving '../../../../../../Users/iking/Documents/Unreal Projects/Masked Entertainment/BrickDestroyer/Saved/VR_GameMode7052E6864C7A5A3C0244D49099F08BAC.tmp' to '../../../../../../Users/iking/Documents/Unreal Projects/Masked Entertainment/BrickDestroyer/Content/Blueprints/VR_Stuffs/VR_GameMode.uasset'
[2017.12.27-07.16.53:732][567]LogSavePackage: Display: Finished SavePackage ../../../../../../Users/iking/Documents/Unreal Projects/Masked Entertainment/BrickDestroyer/Content/Blueprints/VR_Stuffs/VR_GameMode.uasset
[2017.12.27-07.17.23:103][255]LogFileHelpers: Editor autosave (incl. sublevels) for '/Game/blockBreaker' took 0.035
[2017.12.27-07.17.23:105][255]OBJ SavePackage: Generating thumbnails for [0] asset(s) in package [/Game/Blueprints/VR_Stuffs/VR_PlayerController] ([1] browsable assets)...
[2017.12.27-07.17.23:105][255]OBJ SavePackage: Finished generating thumbnails for package [/Game/Blueprints/VR_Stuffs/VR_PlayerController]
[2017.12.27-07.17.23:124][255]LogSavePackage: Save=15.83ms
[2017.12.27-07.17.23:125][255]LogSavePackage: Moving '../../../../../../Users/iking/Documents/Unreal Projects/Masked Entertainment/BrickDestroyer/Saved/VR_PlayerController_Auto11E155EAD48AF48D22C569D8698500FF7.tmp' to '../../../../../../Users/iking/Documents/Unreal Projects/Masked Entertainment/BrickDestroyer/Saved/Autosaves/Game/Blueprints/VR_Stuffs/VR_PlayerController_Auto1.uasset'
[2017.12.27-07.17.23:127][255]LogSavePackage: Display: Finished SavePackage ../../../../../../Users/iking/Documents/Unreal Projects/Masked Entertainment/BrickDestroyer/Saved/Autosaves/Game/Blueprints/VR_Stuffs/VR_PlayerController_Auto1.uasset
[2017.12.27-07.17.23:127][255]LogFileHelpers: Auto-saving content packages took 0.023
[2017.12.27-07.17.37:562][419]LogSavePackage: Save=15.03ms
[2017.12.27-07.17.37:562][419]LogSavePackage: Moving '../../../../../../Users/iking/Documents/Unreal Projects/Masked Entertainment/BrickDestroyer/Saved/VR_GameModeD14B34894DDEC8A6E6878D803A0A7B2A.tmp' to '../../../../../../Users/iking/Documents/Unreal Projects/Masked Entertainment/BrickDestroyer/Content/Blueprints/VR_Stuffs/VR_GameMode.uasset'
[2017.12.27-07.17.37:567][419]LogSavePackage: Display: Finished SavePackage ../../../../../../Users/iking/Documents/Unreal Projects/Masked Entertainment/BrickDestroyer/Content/Blueprints/VR_Stuffs/VR_GameMode.uasset
[2017.12.27-07.17.37:589][419]LogSavePackage: Save=16.42ms
[2017.12.27-07.17.37:589][419]LogSavePackage: Moving '../../../../../../Users/iking/Documents/Unreal Projects/Masked Entertainment/BrickDestroyer/Saved/VR_PlayerController5EF17C62472D88D931B163B603F203B6.tmp' to '../../../../../../Users/iking/Documents/Unreal Projects/Masked Entertainment/BrickDestroyer/Content/Blueprints/VR_Stuffs/VR_PlayerController.uasset'
[2017.12.27-07.17.37:594][419]LogSavePackage: Display: Finished SavePackage ../../../../../../Users/iking/Documents/Unreal Projects/Masked Entertainment/BrickDestroyer/Content/Blueprints/VR_Stuffs/VR_PlayerController.uasset
[2017.12.27-07.18.21:771][671]LogRenderer: Reallocating scene render targets to support 1036x568 Format 26 NumSamples 1 (Frame:256).
[2017.12.27-07.19.35:012][391]LogEditorTransaction: Undo Modify Component(s)
[2017.12.27-07.19.52:591][396]BlueprintLog: New page: Compile VR_Pawn
[2017.12.27-07.19.53:416][444]LogSavePackage: Save=58.48ms
[2017.12.27-07.19.53:416][444]LogSavePackage: Moving '../../../../../../Users/iking/Documents/Unreal Projects/Masked Entertainment/BrickDestroyer/Saved/VR_Pawn366E4C67474168108B074A971AB668AF.tmp' to '../../../../../../Users/iking/Documents/Unreal Projects/Masked Entertainment/BrickDestroyer/Content/Blueprints/VR_Stuffs/VR_Pawn.uasset'
[2017.12.27-07.19.53:422][444]LogSavePackage: Display: Finished SavePackage ../../../../../../Users/iking/Documents/Unreal Projects/Masked Entertainment/BrickDestroyer/Content/Blueprints/VR_Stuffs/VR_Pawn.uasset
[2017.12.27-07.20.06:784][990]LogTabManager: Warning: Cannot spawn tab because no spawner is registered for 'CompilerResults'
[2017.12.27-07.20.16:183][111]LogSlate: Warning: Prevented a slow task dialog from being summoned while a context menu was open
[2017.12.27-07.22.48:561][105]BlueprintLog: New page: Compile VR_GameMode
[2017.12.27-07.22.49:384][155]LogSavePackage: Save=15.78ms
[2017.12.27-07.22.49:384][155]LogSavePackage: Moving '../../../../../../Users/iking/Documents/Unreal Projects/Masked Entertainment/BrickDestroyer/Saved/VR_GameMode7EE9D33E4AC1215D7031F994ADC72A78.tmp' to '../../../../../../Users/iking/Documents/Unreal Projects/Masked Entertainment/BrickDestroyer/Content/Blueprints/VR_Stuffs/VR_GameMode.uasset'
[2017.12.27-07.22.49:389][155]LogSavePackage: Display: Finished SavePackage ../../../../../../Users/iking/Documents/Unreal Projects/Masked Entertainment/BrickDestroyer/Content/Blueprints/VR_Stuffs/VR_GameMode.uasset
[2017.12.27-07.36.00:606][132]LogInit: XAudio2 using 'Speakers (5- USB Audio Device)' : 2 channels at 48 kHz using 16 bits per sample (channel mask 0x3)
[2017.12.27-07.36.00:861][133]LogInit: XAudio2 using 'Speakers (5- USB Audio Device)' : 2 channels at 48 kHz using 16 bits per sample (channel mask 0x3)
[2017.12.27-07.38.49:369][534]LogEditorViewport: Clicking on Actor (LMB): PlayerStart (PlayerStart)
[2017.12.27-07.38.55:499][ 54]LogNavigationPoint: PostEditMove Clear paths rebuilt
[2017.12.27-07.39.15:437][445]LogSlate: Only BGRA pngs, bmps or icos are supported in by External Image Picker
[2017.12.27-07.39.15:832][447]LogTemp: Executing iPhonePackager certificates Engine -bundlename com.YourCompany.brickDestroyer
[2017.12.27-07.39.15:832][447]LogTemp: CWD: C:\Program Files\Epic Games\UE_4.18\Engine\Binaries\DotNET\IOS
[2017.12.27-07.39.15:832][447]LogTemp: Initial Dir: C:\Program Files\Epic Games\UE_4.18
[2017.12.27-07.39.15:832][447]LogTemp: Env CWD: C:\Program Files\Epic Games\UE_4.18\Engine\Binaries\DotNET\IOS
[2017.12.27-07.39.15:838][447]LogTemp: BranchPath = DESKTOP-2NSGK8G/C/Program Files/Epic Games/UE_4.18/Engine/Binaries --- GameBranchPath = DESKTOP-2NSGK8G/C/Program Files/Epic Games/UE_4.18/Engine/Binaries
[2017.12.27-07.39.15:881][448]LogTemp: IPP ERROR: Could not find provision directory 'C:\Users\iking\AppData\Local/Apple Computer/MobileDevice/Provisioning Profiles/'.
[2017.12.27-07.39.22:714][257]LogSlate: Warning: Prevented a slow task dialog from being summoned while a context menu was open
[2017.12.27-07.39.59:815][243]LogSavePackage: Save=314.17ms
[2017.12.27-07.39.59:815][243]LogSavePackage: Moving '../../../../../../Users/iking/Documents/Unreal Projects/Masked Entertainment/BrickDestroyer/Saved/blockBreaker88D505D34E153C59A4AA9B8FBEEC69FD.tmp' to '../../../../../../Users/iking/Documents/Unreal Projects/Masked Entertainment/BrickDestroyer/Content/blockBreaker.umap'
[2017.12.27-07.39.59:823][243]LogSavePackage: Display: Finished SavePackage ../../../../../../Users/iking/Documents/Unreal Projects/Masked Entertainment/BrickDestroyer/Content/blockBreaker.umap
[2017.12.27-07.40.00:043][243]LogSavePackage: Save=69.54ms
[2017.12.27-07.40.00:043][243]LogSavePackage: Moving '../../../../../../Users/iking/Documents/Unreal Projects/Masked Entertainment/BrickDestroyer/Saved/blockBreaker_BuiltDataCC873FEA459239E218A7C1B71539CDD7.tmp' to '../../../../../../Users/iking/Documents/Unreal Projects/Masked Entertainment/BrickDestroyer/Content/blockBreaker_BuiltData.uasset'
[2017.12.27-07.40.00:046][243]LogSavePackage: Display: Finished SavePackage ../../../../../../Users/iking/Documents/Unreal Projects/Masked Entertainment/BrickDestroyer/Content/blockBreaker_BuiltData.uasset
[2017.12.27-07.40.02:839][426]LogActorComponent: UnregisterComponent: (/Engine/Transient.EditorFloorComp) Not registered. Aborting.
[2017.12.27-07.40.02:916][426]LogActorComponent: UnregisterComponent: (/Engine/Transient.EditorFloorComp) Not registered. Aborting.
[2017.12.27-07.40.03:325][427]Cmd: QUIT_EDITOR
[2017.12.27-07.40.03:864][427]LogWindowsTextInputMethodSystem: Display: IME system now deactivated.
[2017.12.27-07.40.03:893][427]LogExit: Preparing to exit.
[2017.12.27-07.40.05:103][427]LogDirectoryWatcher: A directory notification for 'C:/Users/iking/Documents/Unreal Projects/Masked Entertainment/BrickDestroyer/Content/' was aborted.
[2017.12.27-07.40.05:160][427]LogExit: Editor shut down
[2017.12.27-07.40.05:182][427]LogExit: Transaction tracking system shut down
[2017.12.27-07.40.05:326][427]LogDirectoryWatcher: A directory notification for '../../../Engine/Content/' was aborted.
[2017.12.27-07.40.05:326][427]LogDirectoryWatcher: A directory notification for '../../../../../../Users/iking/Documents/Unreal Projects/Masked Entertainment/BrickDestroyer/Content/' was aborted.
[2017.12.27-07.40.05:326][427]LogDirectoryWatcher: A directory notification for '../../../Engine/Plugins/2D/Paper2D/Content/' was aborted.
[2017.12.27-07.40.05:326][427]LogDirectoryWatcher: A directory notification for '../../../Engine/Plugins/Media/MediaCompositing/Content/' was aborted.
[2017.12.27-07.40.05:326][427]LogDirectoryWatcher: A directory notification for '../../../Engine/Plugins/Runtime/AppleARKit/Content/' was aborted.
[2017.12.27-07.40.05:327][427]LogDirectoryWatcher: A directory notification for '../../../Engine/Plugins/Runtime/Oculus/OculusVR/Content/' was aborted.
[2017.12.27-07.40.05:327][427]LogDirectoryWatcher: A directory notification for '../../../Engine/Plugins/Runtime/Steam/SteamVR/Content/' was aborted.
[2017.12.27-07.40.05:484][427]LogExit: Object subsystem successfully closed.
[2017.12.27-07.40.05:507][427]LogD3D11RHI: Shutdown
[2017.12.27-07.40.05:507][427]LogD3D11RHI: CleanupD3DDevice
[2017.12.27-07.40.05:516][427]LogD3D11RHI: ~FD3D11DynamicRHI
[2017.12.27-07.40.05:554][427]LogModuleManager: Shutting down and abandoning module ExternalImagePicker (554)
[2017.12.27-07.40.05:554][427]LogModuleManager: Shutting down and abandoning module BlueprintGraph (552)
[2017.12.27-07.40.05:554][427]LogModuleManager: Shutting down and abandoning module MovieSceneCapture (550)
[2017.12.27-07.40.05:554][427]LogModuleManager: Shutting down and abandoning module HierarchicalLODOutliner (548)
[2017.12.27-07.40.05:554][427]LogModuleManager: Shutting down and abandoning module SceneOutliner (546)
[2017.12.27-07.40.05:555][427]LogModuleManager: Shutting down and abandoning module AddContentDialog (544)
[2017.12.27-07.40.05:555][427]LogDirectoryWatcher: A directory notification for 'C:/Program Files/Epic Games/UE_4.18/FeaturePacks/' was aborted.
[2017.12.27-07.40.05:557][427]LogModuleManager: Shutting down and abandoning module WidgetCarousel (543)
[2017.12.27-07.40.05:557][427]LogModuleManager: Shutting down and abandoning module EditorWidgets (540)
[2017.12.27-07.40.05:557][427]LogModuleManager: Shutting down and abandoning module CollectionManager (538)
[2017.12.27-07.40.05:557][427]LogDirectoryWatcher: A directory notification for 'C:/Users/iking/Documents/Unreal Projects/Masked Entertainment/BrickDestroyer/Content/Collections/' was aborted.
[2017.12.27-07.40.05:557][427]LogDirectoryWatcher: A directory notification for 'C:/Users/iking/Documents/Unreal Projects/Masked Entertainment/BrickDestroyer/Content/Developers/iking/Collections/' was aborted.
[2017.12.27-07.40.05:557][427]LogDirectoryWatcher: A directory notification for 'C:/Users/iking/Documents/Unreal Projects/Masked Entertainment/BrickDestroyer/Saved/Collections/' was aborted.
[2017.12.27-07.40.05:557][427]LogModuleManager: Shutting down and abandoning module StatsViewer (536)
[2017.12.27-07.40.05:557][427]LogModuleManager: Shutting down and abandoning module FoliageEdit (534)
[2017.12.27-07.40.05:557][427]LogModuleManager: Shutting down and abandoning module LandscapeEditor (532)
[2017.12.27-07.40.05:558][427]LogModuleManager: Shutting down and abandoning module MeshPaintMode (530)
[2017.12.27-07.40.05:558][427]LogModuleManager: Shutting down and abandoning module SceneDepthPickerMode (528)
[2017.12.27-07.40.05:558][427]LogModuleManager: Shutting down and abandoning module ActorPickerMode (526)
[2017.12.27-07.40.05:558][427]LogModuleManager: Shutting down and abandoning module GeometryMode (524)
[2017.12.27-07.40.05:558][427]LogModuleManager: Shutting down and abandoning module TextureAlignMode (522)
[2017.12.27-07.40.05:558][427]LogModuleManager: Shutting down and abandoning module BspMode (520)
[2017.12.27-07.40.05:558][427]LogModuleManager: Shutting down and abandoning module PIEPreviewDeviceProfileSelector (518)
[2017.12.27-07.40.05:558][427]LogModuleManager: Shutting down and abandoning module HardwareSurvey (516)
[2017.12.27-07.40.05:558][427]LogModuleManager: Shutting down and abandoning module SequenceRecorderSections (514)
[2017.12.27-07.40.05:558][427]LogModuleManager: Shutting down and abandoning module AutomationWorker (512)
[2017.12.27-07.40.05:558][427]LogModuleManager: Shutting down and abandoning module MatineeToLevelSequence (510)
[2017.12.27-07.40.05:558][427]LogModuleManager: Shutting down and abandoning module LevelSequenceEditor (508)
[2017.12.27-07.40.05:558][427]LogModuleManager: Shutting down and abandoning module PlacementMode (507)
[2017.12.27-07.40.05:558][427]LogModuleManager: Shutting down and abandoning module WmfMediaFactory (504)
[2017.12.27-07.40.05:558][427]LogModuleManager: Shutting down and abandoning module WmfMediaEditor (502)
[2017.12.27-07.40.05:558][427]LogModuleManager: Shutting down and abandoning module OpenExrWrapper (500)
[2017.12.27-07.40.05:558][427]LogModuleManager: Shutting down and abandoning module ImgMediaFactory (498)
[2017.12.27-07.40.05:558][427]LogModuleManager: Shutting down and abandoning module ImgMediaEditor (496)
[2017.12.27-07.40.05:558][427]LogModuleManager: Shutting down and abandoning module AvfMediaFactory (494)
[2017.12.27-07.40.05:558][427]LogModuleManager: Shutting down and abandoning module AvfMediaEditor (492)
[2017.12.27-07.40.05:559][427]LogModuleManager: Shutting down and abandoning module AndroidMediaFactory (490)
[2017.12.27-07.40.05:559][427]LogModuleManager: Shutting down and abandoning module AndroidMediaEditor (488)
[2017.12.27-07.40.05:559][427]LogModuleManager: Shutting down and abandoning module CharacterAI (486)
[2017.12.27-07.40.05:559][427]LogModuleManager: Shutting down and abandoning module AudioCapture (484)
[2017.12.27-07.40.05:559][427]LogModuleManager: Shutting down and abandoning module SequenceRecorder (483)
[2017.12.27-07.40.05:559][427]LogModuleManager: Shutting down and abandoning module SmartSnapping (480)
[2017.12.27-07.40.05:559][427]LogModuleManager: Shutting down and abandoning module SessionServices (478)
[2017.12.27-07.40.05:559][427]LogModuleManager: Shutting down and abandoning module ViewportSnapping (476)
[2017.12.27-07.40.05:559][427]LogModuleManager: Shutting down and abandoning module ViewportInteraction (474)
[2017.12.27-07.40.05:559][427]LogModuleManager: Shutting down and abandoning module ClothPainter (472)
[2017.12.27-07.40.05:559][427]LogModuleManager: Shutting down and abandoning module SkeletalMeshEditor (471)
[2017.12.27-07.40.05:559][427]LogModuleManager: Shutting down and abandoning module LogVisualizer (468)
[2017.12.27-07.40.05:559][427]LogModuleManager: Shutting down and abandoning module IntroTutorials (466)
[2017.12.27-07.40.05:559][427]LogModuleManager: Shutting down and abandoning module GameProjectGeneration (465)
[2017.12.27-07.40.05:559][427]LogModuleManager: Shutting down and abandoning module IOSPlatformEditor (462)
[2017.12.27-07.40.05:559][427]LogModuleManager: Shutting down and abandoning module HTML5PlatformEditor (460)
[2017.12.27-07.40.05:559][427]LogModuleManager: Shutting down and abandoning module AndroidPlatformEditor (458)
[2017.12.27-07.40.05:559][427]LogModuleManager: Shutting down and abandoning module AndroidDeviceDetection (457)
[2017.12.27-07.40.06:009][427]LogModuleManager: Shutting down and abandoning module WindowsPlatformEditor (454)
[2017.12.27-07.40.06:009][427]LogModuleManager: Shutting down and abandoning module IOSRuntimeSettings (452)
[2017.12.27-07.40.06:009][427]LogModuleManager: Shutting down and abandoning module AndroidRuntimeSettings (450)
[2017.12.27-07.40.06:009][427]LogModuleManager: Shutting down and abandoning module InputBindingEditor (448)
[2017.12.27-07.40.06:009][427]LogModuleManager: Shutting down and abandoning module MergeActors (446)
[2017.12.27-07.40.06:009][427]LogModuleManager: Shutting down and abandoning module SizeMap (444)
[2017.12.27-07.40.06:009][427]LogModuleManager: Shutting down and abandoning module TreeMap (442)
[2017.12.27-07.40.06:009][427]LogModuleManager: Shutting down and abandoning module ReferenceViewer (440)
[2017.12.27-07.40.06:009][427]LogModuleManager: Shutting down and abandoning module LocalizationDashboard (438)
[2017.12.27-07.40.06:010][427]LogModuleManager: Shutting down and abandoning module LocalizationService (437)
[2017.12.27-07.40.06:010][427]LogModuleManager: Shutting down and abandoning module HardwareTargeting (434)
[2017.12.27-07.40.06:010][427]LogModuleManager: Shutting down and abandoning module DeviceProfileEditor (432)
[2017.12.27-07.40.06:010][427]LogModuleManager: Shutting down and abandoning module UndoHistory (430)
[2017.12.27-07.40.06:010][427]LogModuleManager: Shutting down and abandoning module XmlParser (428)
[2017.12.27-07.40.06:010][427]LogModuleManager: Shutting down and abandoning module Blutility (426)
[2017.12.27-07.40.06:010][427]LogModuleManager: Shutting down and abandoning module ProjectSettingsViewer (424)
[2017.12.27-07.40.06:010][427]LogModuleManager: Shutting down and abandoning module ProjectTargetPlatformEditor (423)
[2017.12.27-07.40.06:010][427]LogModuleManager: Shutting down and abandoning module EditorSettingsViewer (420)
[2017.12.27-07.40.06:011][427]LogModuleManager: Shutting down and abandoning module SettingsEditor (418)
[2017.12.27-07.40.06:011][427]LogModuleManager: Shutting down and abandoning module ProjectLauncher (416)
[2017.12.27-07.40.06:011][427]LogModuleManager: Shutting down and abandoning module SessionFrontend (414)
[2017.12.27-07.40.06:011][427]LogModuleManager: Shutting down and abandoning module ProfilerClient (412)
[2017.12.27-07.40.06:011][427]LogModuleManager: Shutting down and abandoning module DeviceManager (410)
[2017.12.27-07.40.06:011][427]LogModuleManager: Shutting down and abandoning module TargetDeviceServices (409)
[2017.12.27-07.40.06:066][427]LogModuleManager: Shutting down and abandoning module AutomationController (406)
[2017.12.27-07.40.06:066][427]LogModuleManager: Shutting down and abandoning module AutomationWindow (404)
[2017.12.27-07.40.06:066][427]LogModuleManager: Shutting down and abandoning module Layers (402)
[2017.12.27-07.40.06:066][427]LogModuleManager: Shutting down and abandoning module ComponentVisualizers (400)
[2017.12.27-07.40.06:066][427]LogModuleManager: Shutting down and abandoning module DetailCustomizations (398)
[2017.12.27-07.40.06:066][427]LogModuleManager: Shutting down and abandoning module PackagesDialog (396)
[2017.12.27-07.40.06:066][427]LogModuleManager: Shutting down and abandoning module Persona (394)
[2017.12.27-07.40.06:066][427]LogModuleManager: Shutting down and abandoning module AdvancedPreviewScene (393)
[2017.12.27-07.40.06:066][427]LogModuleManager: Shutting down and abandoning module AnimGraph (391)
[2017.12.27-07.40.06:066][427]LogModuleManager: Shutting down and abandoning module Kismet (388)
[2017.12.27-07.40.06:078][427]LogModuleManager: Shutting down and abandoning module ClassViewer (386)
[2017.12.27-07.40.06:081][427]LogModuleManager: Shutting down and abandoning module Toolbox (384)
[2017.12.27-07.40.06:081][427]LogModuleManager: Shutting down and abandoning module ModuleUI (382)
[2017.12.27-07.40.06:081][427]LogModuleManager: Shutting down and abandoning module MovieSceneTools (380)
[2017.12.27-07.40.06:081][427]LogModuleManager: Shutting down and abandoning module OutputLog (378)
[2017.12.27-07.40.06:081][427]LogModuleManager: Shutting down and abandoning module GammaUI (376)
[2017.12.27-07.40.06:081][427]LogModuleManager: Shutting down and abandoning module Documentation (374)
[2017.12.27-07.40.06:081][427]LogModuleManager: Shutting down and abandoning module MovieSceneTracks (372)
[2017.12.27-07.40.06:081][427]LogModuleManager: Shutting down and abandoning module MovieScene (370)
[2017.12.27-07.40.06:081][427]LogModuleManager: Shutting down and abandoning module StreamingPauseRendering (368)
[2017.12.27-07.40.06:081][427]LogModuleManager: Shutting down and abandoning module LauncherPlatform (366)
[2017.12.27-07.40.06:081][427]LogModuleManager: Shutting down and abandoning module AnalyticsET (364)
[2017.12.27-07.40.06:081][427]LogModuleManager: Shutting down and abandoning module PortalServices (362)
[2017.12.27-07.40.06:081][427]LogModuleManager: Shutting down and abandoning module PortalRpc (360)
[2017.12.27-07.40.06:081][427]LogModuleManager: Shutting down and abandoning module MessagingRpc (358)
[2017.12.27-07.40.06:082][427]LogModuleManager: Shutting down and abandoning module AIModule (356)
[2017.12.27-07.40.06:082][427]LogModuleManager: Shutting down and abandoning module GameplayDebugger (355)
[2017.12.27-07.40.06:082][427]LogModuleManager: Shutting down and abandoning module AITestSuite (353)
[2017.12.27-07.40.06:082][427]LogModuleManager: Shutting down and abandoning module DesktopPlatform (350)
[2017.12.27-07.40.06:082][427]LogModuleManager: Shutting down and abandoning module ProfilerService (348)
[2017.12.27-07.40.06:234][427]LogModuleManager: Shutting down and abandoning module TaskGraph (346)
[2017.12.27-07.40.06:234][427]LogModuleManager: Shutting down and abandoning module SteamVRController (344)
[2017.12.27-07.40.06:234][427]LogModuleManager: Shutting down and abandoning module ProceduralMeshComponentEditor (342)
[2017.12.27-07.40.06:234][427]LogModuleManager: Shutting down and abandoning module ProceduralMeshComponent (340)
[2017.12.27-07.40.06:234][427]LogModuleManager: Shutting down and abandoning module OculusInput (338)
[2017.12.27-07.40.06:234][427]LogModuleManager: Shutting down and abandoning module MobilePatchingUtils (336)
[2017.12.27-07.40.06:234][427]LogModuleManager: Shutting down and abandoning module CustomMeshComponent (334)
[2017.12.27-07.40.06:234][427]LogModuleManager: Shutting down and abandoning module CableComponent (332)
[2017.12.27-07.40.06:234][427]LogModuleManager: Shutting down and abandoning module ArchVisCharacter (330)
[2017.12.27-07.40.06:234][427]LogModuleManager: Shutting down and abandoning module AndroidPermission (328)
[2017.12.27-07.40.06:234][427]LogModuleManager: Shutting down and abandoning module ActorSequence (324)
[2017.12.27-07.40.06:234][427]LogModuleManager: Shutting down and abandoning module MediaPlayerEditor (322)
[2017.12.27-07.40.06:234][427]LogModuleManager: Shutting down and abandoning module MediaCompositingEditor (320)
[2017.12.27-07.40.06:234][427]LogModuleManager: Shutting down and abandoning module MediaCompositing (318)
[2017.12.27-07.40.06:234][427]LogModuleManager: Shutting down and abandoning module HTML5Networking (316)
[2017.12.27-07.40.06:234][427]LogModuleManager: Shutting down and abandoning module AlembicImporter (314)
[2017.12.27-07.40.06:234][427]LogModuleManager: Shutting down and abandoning module AlembicLibrary (313)
[2017.12.27-07.40.06:234][427]LogModuleManager: Shutting down and abandoning module GeometryCache (312)
[2017.12.27-07.40.06:234][427]LogModuleManager: Shutting down and abandoning module GeometryCacheEd (311)
[2017.12.27-07.40.06:234][427]LogModuleManager: Shutting down and abandoning module SpeedTreeImporter (306)
[2017.12.27-07.40.06:234][427]LogModuleManager: Shutting down and abandoning module PluginBrowser (304)
[2017.12.27-07.40.06:235][427]LogModuleManager: Shutting down and abandoning module MobileLauncherProfileWizard (302)
[2017.12.27-07.40.06:235][427]LogModuleManager: Shutting down and abandoning module VisualStudioSourceCodeAccess (300)
[2017.12.27-07.40.06:235][427]LogModuleManager: Shutting down and abandoning module VisualStudioCodeSourceCodeAccess (298)
[2017.12.27-07.40.06:235][427]LogModuleManager: Shutting down and abandoning module UObjectPlugin (296)
[2017.12.27-07.40.06:235][427]LogModuleManager: Shutting down and abandoning module SubversionSourceControl (294)
[2017.12.27-07.40.06:235][427]LogModuleManager: Shutting down and abandoning module PerforceSourceControl (292)
[2017.12.27-07.40.06:235][427]LogModuleManager: Shutting down and abandoning module GitSourceControl (290)
[2017.12.27-07.40.06:235][427]LogModuleManager: Shutting down and abandoning module SourceControl (289)
[2017.12.27-07.40.06:235][427]LogModuleManager: Shutting down and abandoning module LightPropagationVolumeEditor (286)
[2017.12.27-07.40.06:235][427]LogModuleManager: Shutting down and abandoning module PaperTiledImporter (284)
[2017.12.27-07.40.06:235][427]LogModuleManager: Shutting down and abandoning module PaperSpriteSheetImporter (282)
[2017.12.27-07.40.06:235][427]LogModuleManager: Shutting down and abandoning module Paper2DEditor (280)
[2017.12.27-07.40.06:235][427]LogModuleManager: Shutting down and abandoning module MeshPaint (279)
[2017.12.27-07.40.06:235][427]LogModuleManager: Shutting down and abandoning module LevelEditor (277)
[2017.12.27-07.40.06:237][427]LogModuleManager: Shutting down and abandoning module PixelInspectorModule (276)
[2017.12.27-07.40.06:237][427]LogModuleManager: Shutting down and abandoning module MainFrame (274)
[2017.12.27-07.40.06:237][427]LogModuleManager: Shutting down and abandoning module HotReload (273)
[2017.12.27-07.40.06:238][427]LogModuleManager: Shutting down and abandoning module RuntimePhysXCooking (268)
[2017.12.27-07.40.06:238][427]LogModuleManager: Shutting down and abandoning module PhysXVehiclesEditor (266)
[2017.12.27-07.40.06:238][427]LogModuleManager: Shutting down and abandoning module PhysXVehicles (264)
[2017.12.27-07.40.06:238][427]LogModuleManager: Shutting down and abandoning module OculusEditor (262)
[2017.12.27-07.40.06:238][427]LogModuleManager: Shutting down and abandoning module LocationServicesBPLibrary (260)
[2017.12.27-07.40.06:238][427]LogModuleManager: Shutting down and abandoning module ImmediatePhysicsEditor (258)
[2017.12.27-07.40.06:238][427]LogModuleManager: Shutting down and abandoning module ImmediatePhysics (256)
[2017.12.27-07.40.06:238][427]LogModuleManager: Shutting down and abandoning module UdpMessaging (254)
[2017.12.27-07.40.06:339][427]LogModuleManager: Shutting down and abandoning module TcpMessaging (252)
[2017.12.27-07.40.06:440][427]LogModuleManager: Shutting down and abandoning module GameplayTagsEditor (250)
[2017.12.27-07.40.06:440][427]LogModuleManager: Shutting down and abandoning module FacialAnimationEditor (248)
[2017.12.27-07.40.06:440][427]LogModuleManager: Shutting down and abandoning module FacialAnimation (246)
[2017.12.27-07.40.06:440][427]LogModuleManager: Shutting down and abandoning module AssetManagerEditor (244)
[2017.12.27-07.40.06:440][427]LogModuleManager: Shutting down and abandoning module GraphEditor (243)
[2017.12.27-07.40.06:440][427]LogModuleManager: Shutting down and abandoning module ContentBrowser (241)
[2017.12.27-07.40.06:442][427]LogModuleManager: Shutting down and abandoning module LightPropagationVolumeRuntime (238)
[2017.12.27-07.40.06:442][427]LogModuleManager: Shutting down and abandoning module Paper2D (236)
[2017.12.27-07.40.06:442][427]LogModuleManager: Shutting down and abandoning module WindowsMoviePlayer (234)
[2017.12.27-07.40.06:442][427]LogModuleManager: Shutting down and abandoning module WmfMedia (232)
[2017.12.27-07.40.06:442][427]LogModuleManager: Shutting down and abandoning module ImgMedia (230)
[2017.12.27-07.40.06:442][427]LogModuleManager: Shutting down and abandoning module PacketHandler (228)
[2017.12.27-07.40.06:442][427]LogModuleManager: Shutting down and abandoning module ClothingSystemEditor (226)
[2017.12.27-07.40.06:442][427]LogModuleManager: Shutting down and abandoning module ClothingSystemRuntime (224)
[2017.12.27-07.40.06:442][427]LogModuleManager: Shutting down and abandoning module MediaAssets (222)
[2017.12.27-07.40.06:442][427]LogModuleManager: Shutting down and abandoning module Media (221)
[2017.12.27-07.40.06:448][427]LogModuleManager: Shutting down and abandoning module Overlay (218)
[2017.12.27-07.40.06:448][427]LogModuleManager: Shutting down and abandoning module OverlayEditor (217)
[2017.12.27-07.40.06:448][427]LogModuleManager: Shutting down and abandoning module VREditor (214)
[2017.12.27-07.40.06:448][427]LogModuleManager: Shutting down and abandoning module StringTableEditor (212)
[2017.12.27-07.40.06:448][427]LogModuleManager: Shutting down and abandoning module GameplayTasksEditor (210)
[2017.12.27-07.40.06:448][427]LogModuleManager: Shutting down and abandoning module BehaviorTreeEditor (208)
[2017.12.27-07.40.06:448][427]LogModuleManager: Shutting down and abandoning module FunctionalTesting (206)
[2017.12.27-07.40.06:448][427]LogModuleManager: Shutting down and abandoning module CollisionAnalyzer (204)
[2017.12.27-07.40.06:448][427]LogModuleManager: Shutting down and abandoning module WorkspaceMenuStructure (203)
[2017.12.27-07.40.06:448][427]LogModuleManager: Shutting down and abandoning module UMG (200)
[2017.12.27-07.40.06:448][427]LogModuleManager: Shutting down and abandoning module UMGEditor (199)
[2017.12.27-07.40.06:448][427]LogModuleManager: Shutting down and abandoning module Sequencer (198)
[2017.12.27-07.40.06:449][427]LogModuleManager: Shutting down and abandoning module MessageLog (195)
[2017.12.27-07.40.06:449][427]LogModuleManager: Shutting down and abandoning module SlateReflector (190)
[2017.12.27-07.40.06:449][427]LogModuleManager: Shutting down and abandoning module Slate (188)
[2017.12.27-07.40.06:449][427]LogModuleManager: Shutting down and abandoning module EditorStyle (186)
[2017.12.27-07.40.06:453][427]LogModuleManager: Shutting down and abandoning module MRMesh (184)
[2017.12.27-07.40.06:453][427]LogModuleManager: Shutting down and abandoning module SourceCodeAccess (182)
[2017.12.27-07.40.06:453][427]LogModuleManager: Shutting down and abandoning module HeadMountedDisplay (180)
[2017.12.27-07.40.06:453][427]LogModuleManager: Shutting down and abandoning module XAudio2 (178)
[2017.12.27-07.40.06:454][427]LogModuleManager: Shutting down and abandoning module Networking (176)
[2017.12.27-07.40.06:454][427]LogModuleManager: Shutting down and abandoning module Core (172)
[2017.12.27-07.40.06:454][427]LogModuleManager: Shutting down and abandoning module LevelSequence (168)
[2017.12.27-07.40.06:454][427]LogModuleManager: Shutting down and abandoning module DirectoryWatcher (166)
[2017.12.27-07.40.06:458][427]LogModuleManager: Shutting down and abandoning module KismetCompiler (164)
[2017.12.27-07.40.06:458][427]LogModuleManager: Shutting down and abandoning module MeshUtilities (162)
[2017.12.27-07.40.06:458][427]LogModuleManager: Shutting down and abandoning module MeshMergeUtilities (161)
[2017.12.27-07.40.06:458][427]LogModuleManager: Shutting down and abandoning module MeshReductionInterface (160)
[2017.12.27-07.40.06:458][427]LogModuleManager: Shutting down and abandoning module SimplygonSwarm (159)
[2017.12.27-07.40.06:458][427]LogModuleManager: Shutting down and abandoning module SimplygonMeshReduction (157)
[2017.12.27-07.40.06:458][427]LogModuleManager: Shutting down and abandoning module QuadricMeshReduction (155)
[2017.12.27-07.40.06:458][427]LogModuleManager: Shutting down and abandoning module MaterialBaking (151)
[2017.12.27-07.40.06:458][427]LogModuleManager: Shutting down and abandoning module DerivedDataCache (148)
[2017.12.27-07.40.06:462][427]LogDerivedDataCache: Shutdown
[2017.12.27-07.40.06:462][427]LogModuleManager: Shutting down and abandoning module TargetPlatform (146)
[2017.12.27-07.40.06:462][427]LogModuleManager: Shutting down and abandoning module VulkanShaderFormat (145)
[2017.12.27-07.40.06:462][427]LogModuleManager: Shutting down and abandoning module ShaderFormatVectorVM (143)
[2017.12.27-07.40.06:462][427]LogModuleManager: Shutting down and abandoning module ShaderFormatOpenGL (141)
[2017.12.27-07.40.06:462][427]LogModuleManager: Shutting down and abandoning module ShaderFormatD3D (139)
[2017.12.27-07.40.06:462][427]LogModuleManager: Shutting down and abandoning module MetalShaderFormat (137)
[2017.12.27-07.40.06:462][427]LogModuleManager: Shutting down and abandoning module TextureFormatUncompressed (135)
[2017.12.27-07.40.06:462][427]LogModuleManager: Shutting down and abandoning module TextureFormatPVR (133)
[2017.12.27-07.40.06:462][427]LogModuleManager: Shutting down and abandoning module TextureFormatDXT (131)
[2017.12.27-07.40.06:462][427]LogModuleManager: Shutting down and abandoning module TextureFormatIntelISPCTexComp (129)
[2017.12.27-07.40.06:462][427]LogModuleManager: Shutting down and abandoning module TextureFormatASTC (127)
[2017.12.27-07.40.06:462][427]LogModuleManager: Shutting down and abandoning module ImageWrapper (126)
[2017.12.27-07.40.06:462][427]LogModuleManager: Shutting down and abandoning module TextureFormatAndroid (123)
[2017.12.27-07.40.06:462][427]LogModuleManager: Shutting down and abandoning module AudioFormatOpus (121)
[2017.12.27-07.40.06:462][427]LogModuleManager: Shutting down and abandoning module AudioFormatOgg (119)
[2017.12.27-07.40.06:462][427]LogModuleManager: Shutting down and abandoning module AudioFormatADPCM (117)
[2017.12.27-07.40.06:462][427]LogModuleManager: Shutting down and abandoning module LinuxTargetPlatform (115)
[2017.12.27-07.40.06:462][427]LogModuleManager: Shutting down and abandoning module LinuxServerTargetPlatform (113)
[2017.12.27-07.40.06:462][427]LogModuleManager: Shutting down and abandoning module LinuxNoEditorTargetPlatform (111)
[2017.12.27-07.40.06:462][427]LogModuleManager: Shutting down and abandoning module LinuxClientTargetPlatform (109)
[2017.12.27-07.40.06:462][427]LogModuleManager: Shutting down and abandoning module TVOSTargetPlatform (107)
[2017.12.27-07.40.06:462][427]LogModuleManager: Shutting down and abandoning module Messaging (105)
[2017.12.27-07.40.06:462][427]LogModuleManager: Shutting down and abandoning module IOSTargetPlatform (103)
[2017.12.27-07.40.06:463][427]LogModuleManager: Shutting down and abandoning module HTML5TargetPlatform (101)
[2017.12.27-07.40.06:463][427]LogModuleManager: Shutting down and abandoning module AndroidTargetPlatform (99)
[2017.12.27-07.40.06:463][427]LogModuleManager: Shutting down and abandoning module Android_PVRTCTargetPlatform (97)
[2017.12.27-07.40.06:463][427]LogModuleManager: Shutting down and abandoning module Android_MultiTargetPlatform (95)
[2017.12.27-07.40.06:463][427]LogModuleManager: Shutting down and abandoning module Android_ETC2TargetPlatform (93)
[2017.12.27-07.40.06:463][427]LogModuleManager: Shutting down and abandoning module Android_ETC1TargetPlatform (91)
[2017.12.27-07.40.06:463][427]LogModuleManager: Shutting down and abandoning module Android_DXTTargetPlatform (89)
[2017.12.27-07.40.06:463][427]LogModuleManager: Shutting down and abandoning module Android_ATCTargetPlatform (87)
[2017.12.27-07.40.06:463][427]LogModuleManager: Shutting down and abandoning module Android_ASTCTargetPlatform (85)
[2017.12.27-07.40.06:463][427]LogModuleManager: Shutting down and abandoning module WindowsTargetPlatform (83)
[2017.12.27-07.40.06:463][427]LogModuleManager: Shutting down and abandoning module WindowsServerTargetPlatform (81)
[2017.12.27-07.40.06:463][427]LogModuleManager: Shutting down and abandoning module WindowsNoEditorTargetPlatform (79)
[2017.12.27-07.40.06:463][427]LogModuleManager: Shutting down and abandoning module WindowsClientTargetPlatform (77)
[2017.12.27-07.40.06:463][427]LogModuleManager: Shutting down and abandoning module MacTargetPlatform (75)
[2017.12.27-07.40.06:463][427]LogModuleManager: Shutting down and abandoning module MacServerTargetPlatform (73)
[2017.12.27-07.40.06:463][427]LogModuleManager: Shutting down and abandoning module MacNoEditorTargetPlatform (71)
[2017.12.27-07.40.06:463][427]LogModuleManager: Shutting down and abandoning module MacClientTargetPlatform (69)
[2017.12.27-07.40.06:463][427]LogModuleManager: Shutting down and abandoning module AllDesktopTargetPlatform (67)
[2017.12.27-07.40.06:463][427]LogModuleManager: Shutting down and abandoning module InputCore (64)
[2017.12.27-07.40.06:463][427]LogModuleManager: Shutting down and abandoning module Settings (62)
[2017.12.27-07.40.06:463][427]LogModuleManager: Shutting down and abandoning module PhysXCooking (60)
[2017.12.27-07.40.06:463][427]LogModuleManager: Shutting down and abandoning module SteamVR (58)
[2017.12.27-07.40.06:463][427]LogModuleManager: Shutting down and abandoning module OculusHMD (56)
[2017.12.27-07.40.06:463][427]LogModuleManager: Shutting down and abandoning module ExampleDeviceProfileSelector (54)
[2017.12.27-07.40.06:463][427]LogModuleManager: Shutting down and abandoning module AppleARKit (52)
[2017.12.27-07.40.06:463][427]LogModuleManager: Shutting down and abandoning module AugmentedReality (51)
[2017.12.27-07.40.06:463][427]LogModuleManager: Shutting down and abandoning module OnlineBlueprintSupport (48)
[2017.12.27-07.40.06:463][427]LogModuleManager: Shutting down and abandoning module OnlineSubsystem (44)
[2017.12.27-07.40.06:463][427]LogModuleManager: Shutting down and abandoning module XMPP (43)
[2017.12.27-07.40.06:463][427]LogModuleManager: Shutting down and abandoning module HTTP (41)
[2017.12.27-07.40.06:463][427]LogHttp: Display: Http module shutting down, but needs to wait on 1 outstanding Http requests:
[2017.12.27-07.40.06:463][427]LogHttp: Display: 	verb=[POST] url=[https://datarouter.ol.epicgames.com/datarouter/api/v1/public/data?SessionID=%7BDE89A970-4F24-6B9F-FD3B-D9A51686A30C%7D&AppID=UEEditor.Rocket.Release&AppVersion=4.18.2-3794801%2B%2B%2BUE4%2BRelease-4.18&UserID=9b94c48a4ccd1921eadb66a2e367a716%7Cf5c1ceb38e4843159bf96dc1c611df9e%7C00ca0ea2-5f0e-4e7d-940a-0c834724d885&AppEnvironment=datacollector-binary&UploadType=eteventstream] status=Processing
[2017.12.27-07.40.06:472][427]LogModuleManager: Shutting down and abandoning module SSL (40)
[2017.12.27-07.40.06:475][427]LogModuleManager: Shutting down and abandoning module AnimationModifiers (36)
[2017.12.27-07.40.06:475][427]LogModuleManager: Shutting down and abandoning module PropertyEditor (35)
[2017.12.27-07.40.06:475][427]LogModuleManager: Shutting down and abandoning module AudioEditor (32)
[2017.12.27-07.40.06:475][427]LogModuleManager: Shutting down and abandoning module TextureCompressor (30)
[2017.12.27-07.40.06:475][427]LogModuleManager: Shutting down and abandoning module ShaderCore (28)
[2017.12.27-07.40.06:475][427]LogModuleManager: Shutting down and abandoning module Landscape (26)
[2017.12.27-07.40.06:475][427]LogModuleManager: Shutting down and abandoning module SlateRHIRenderer (24)
[2017.12.27-07.40.06:478][427]LogModuleManager: Shutting down and abandoning module OpenGLDrv (22)
[2017.12.27-07.40.06:479][427]LogModuleManager: Shutting down and abandoning module D3D11RHI (20)
[2017.12.27-07.40.06:479][427]LogModuleManager: Shutting down and abandoning module AnimGraphRuntime (18)
[2017.12.27-07.40.06:479][427]LogModuleManager: Shutting down and abandoning module Renderer (16)
[2017.12.27-07.40.06:479][427]LogModuleManager: Shutting down and abandoning module Engine (14)
[2017.12.27-07.40.06:479][427]LogModuleManager: Shutting down and abandoning module CoreUObject (12)
[2017.12.27-07.40.06:479][427]LogModuleManager: Shutting down and abandoning module NetworkFile (10)
[2017.12.27-07.40.06:479][427]LogModuleManager: Shutting down and abandoning module CookedIterativeFile (8)
[2017.12.27-07.40.06:479][427]LogModuleManager: Shutting down and abandoning module StreamingFile (6)
[2017.12.27-07.40.06:479][427]LogModuleManager: Shutting down and abandoning module SandboxFile (4)
[2017.12.27-07.40.06:479][427]LogModuleManager: Shutting down and abandoning module PakFile (2)
[2017.12.27-07.40.06:483][427]LogExit: Exiting.
[2017.12.27-07.40.06:514][427]Log file closed, 12/27/17 00:40:06
